<?xml version="1.0" encoding="UTF-8" ?>
<testsuites errors="34"
            failures="5"
            tests="6">

  <testsuite name="3-shopping-cart"
    errors="34" failures="5" hostname="" id="" package="3-shopping-cart" skipped="0"
    tests="6" time="59.08" timestamp="">
  
    <testcase name="Aucun produit dans le panier" classname="3-shopping-cart" time="0.4850" assertions="3">

    

    

    
    </testcase>
  
    <testcase name="Un ou plusieurs produits dans le panier" classname="3-shopping-cart" time="16.28" assertions="1">  <failure message="Le nombre de produits dans le panier doit pas être visible in 5000ms - expected &#34;is visible&#34; but got: &#34;not visible&#34; (5266ms)">    at validateShoppingCartTable (/Users/paulclas/Github/Automne 2020/LOG4420/tp3/tp3/OnlineShop/tests/e2e/3-shopping-cart.js:93:19)
    at Object.Un ou plusieurs produits dans le panier (/Users/paulclas/Github/Automne 2020/LOG4420/tp3/tp3/OnlineShop/tests/e2e/3-shopping-cart.js:169:9)</failure>

    
    <error message="Error while running &#34;visible&#34; command: Le nombre de produits dans le panier doit pas être visible in 5000ms - expected [0;32m&#34;is visible&#34;[0m but got: [0;31m&#34;not visible&#34;[0m [0;90m(5266ms)[0m" type="error"><![CDATA[
        at validateShoppingCartTable (/Users/paulclas/Github/Automne 2020/LOG4420/tp3/tp3/OnlineShop/tests/e2e/3-shopping-cart.js:93:19)
    at Object.Un ou plusieurs produits dans le panier (/Users/paulclas/Github/Automne 2020/LOG4420/tp3/tp3/OnlineShop/tests/e2e/3-shopping-cart.js:169:9)
    ]]></error>
    
    </testcase>
  
    <testcase name="Suppression d&#39;un item dans le panier" classname="3-shopping-cart" time="10.60" assertions="1">  <failure message="Le nombre de produits dans le panier doit pas être visible in 5000ms - expected &#34;is visible&#34; but got: &#34;not visible&#34; (5262ms)">    at validateShoppingCartTable (/Users/paulclas/Github/Automne 2020/LOG4420/tp3/tp3/OnlineShop/tests/e2e/3-shopping-cart.js:93:19)
    at NightwatchAPI.&lt;anonymous&gt; (/Users/paulclas/Github/Automne 2020/LOG4420/tp3/tp3/OnlineShop/tests/e2e/3-shopping-cart.js:184:13)
    at processTicksAndRejections (internal/process/task_queues.js:93:5)</failure>

    
    <error message="Error while running &#34;visible&#34; command: Le nombre de produits dans le panier doit pas être visible in 5000ms - expected [0;32m&#34;is visible&#34;[0m but got: [0;31m&#34;not visible&#34;[0m [0;90m(5262ms)[0m" type="error"><![CDATA[
        at validateShoppingCartTable (/Users/paulclas/Github/Automne 2020/LOG4420/tp3/tp3/OnlineShop/tests/e2e/3-shopping-cart.js:93:19)
    at NightwatchAPI.&lt;anonymous&gt; (/Users/paulclas/Github/Automne 2020/LOG4420/tp3/tp3/OnlineShop/tests/e2e/3-shopping-cart.js:184:13)
    at processTicksAndRejections (internal/process/task_queues.js:93:5)
    ]]></error>
    
    </testcase>
  
    <testcase name="Augmentation de la quantite associee a un item dans le panier" classname="3-shopping-cart" time="10.58" assertions="1">  <failure message="Le nombre de produits dans le panier doit pas être visible in 5000ms - expected &#34;is visible&#34; but got: &#34;not visible&#34; (5260ms)">    at validateShoppingCartTable (/Users/paulclas/Github/Automne 2020/LOG4420/tp3/tp3/OnlineShop/tests/e2e/3-shopping-cart.js:93:19)
    at NightwatchAPI.&lt;anonymous&gt; (/Users/paulclas/Github/Automne 2020/LOG4420/tp3/tp3/OnlineShop/tests/e2e/3-shopping-cart.js:203:13)
    at processTicksAndRejections (internal/process/task_queues.js:93:5)</failure>

    
    <error message="Error while running &#34;visible&#34; command: Le nombre de produits dans le panier doit pas être visible in 5000ms - expected [0;32m&#34;is visible&#34;[0m but got: [0;31m&#34;not visible&#34;[0m [0;90m(5260ms)[0m" type="error"><![CDATA[
        at validateShoppingCartTable (/Users/paulclas/Github/Automne 2020/LOG4420/tp3/tp3/OnlineShop/tests/e2e/3-shopping-cart.js:93:19)
    at NightwatchAPI.&lt;anonymous&gt; (/Users/paulclas/Github/Automne 2020/LOG4420/tp3/tp3/OnlineShop/tests/e2e/3-shopping-cart.js:203:13)
    at processTicksAndRejections (internal/process/task_queues.js:93:5)
    ]]></error>
    
    </testcase>
  
    <testcase name="Diminution de la quantite associee a un item dans le panier" classname="3-shopping-cart" time="10.56" assertions="1">  <failure message="Le nombre de produits dans le panier doit pas être visible in 5000ms - expected &#34;is visible&#34; but got: &#34;not visible&#34; (5256ms)">    at validateShoppingCartTable (/Users/paulclas/Github/Automne 2020/LOG4420/tp3/tp3/OnlineShop/tests/e2e/3-shopping-cart.js:93:19)
    at NightwatchAPI.&lt;anonymous&gt; (/Users/paulclas/Github/Automne 2020/LOG4420/tp3/tp3/OnlineShop/tests/e2e/3-shopping-cart.js:212:13)
    at processTicksAndRejections (internal/process/task_queues.js:93:5)</failure>

    
    <error message="Error while running &#34;visible&#34; command: Le nombre de produits dans le panier doit pas être visible in 5000ms - expected [0;32m&#34;is visible&#34;[0m but got: [0;31m&#34;not visible&#34;[0m [0;90m(5256ms)[0m" type="error"><![CDATA[
        at validateShoppingCartTable (/Users/paulclas/Github/Automne 2020/LOG4420/tp3/tp3/OnlineShop/tests/e2e/3-shopping-cart.js:93:19)
    at NightwatchAPI.&lt;anonymous&gt; (/Users/paulclas/Github/Automne 2020/LOG4420/tp3/tp3/OnlineShop/tests/e2e/3-shopping-cart.js:212:13)
    at processTicksAndRejections (internal/process/task_queues.js:93:5)
    ]]></error>
    
    </testcase>
  
    <testcase name="Suppression de tous les produits dans le panier" classname="3-shopping-cart" time="10.58" assertions="1">  <failure message="Le nombre de produits dans le panier doit pas être visible in 5000ms - expected &#34;is visible&#34; but got: &#34;not visible&#34; (5263ms)">    at validateShoppingCartTable (/Users/paulclas/Github/Automne 2020/LOG4420/tp3/tp3/OnlineShop/tests/e2e/3-shopping-cart.js:93:19)
    at NightwatchAPI.&lt;anonymous&gt; (/Users/paulclas/Github/Automne 2020/LOG4420/tp3/tp3/OnlineShop/tests/e2e/3-shopping-cart.js:226:13)
    at processTicksAndRejections (internal/process/task_queues.js:93:5)</failure>

    
    <error message="Error while running &#34;visible&#34; command: Le nombre de produits dans le panier doit pas être visible in 5000ms - expected [0;32m&#34;is visible&#34;[0m but got: [0;31m&#34;not visible&#34;[0m [0;90m(5263ms)[0m" type="error"><![CDATA[
        at validateShoppingCartTable (/Users/paulclas/Github/Automne 2020/LOG4420/tp3/tp3/OnlineShop/tests/e2e/3-shopping-cart.js:93:19)
    at NightwatchAPI.&lt;anonymous&gt; (/Users/paulclas/Github/Automne 2020/LOG4420/tp3/tp3/OnlineShop/tests/e2e/3-shopping-cart.js:226:13)
    at processTicksAndRejections (internal/process/task_queues.js:93:5)
    ]]></error>
    
    </testcase>
  

  
    <system-err>
        TimeoutError: An error occurred while running .clearValue() command on &lt;#add-to-cart-form input&gt;:   (Session info: chrome=86.0.4240.183),  (Driver info: chromedriver=2.32.498537 (cb2f855cbc7b82e20387eaf9a43f6b99b6105061),platform=Mac OS X 10.15.4 x86_64) (WARNING: The server did not provide any stacktrace information),Command duration or timeout: 20 milliseconds,Build info: version: &#39;3.4.0&#39;, revision: &#39;unknown&#39;, time: &#39;unknown&#39;,System info: host: &#39;MacBook-Pro-de-Paul.local&#39;, ip: &#39;fe80:0:0:0:1854:68a:9f2c:78b9%en0&#39;, os.name: &#39;Mac OS X&#39;, os.arch: &#39;x86_64&#39;, os.version: &#39;10.15.4&#39;, java.version: &#39;13.0.1&#39;,Driver info: org.openqa.selenium.chrome.ChromeDriver,Capabilities [{applicationCacheEnabled=false, rotatable=false, mobileEmulationEnabled=false, networkConnectionEnabled=false, chrome={chromedriverVersion=2.32.498537 (cb2f855cbc7b82e20387eaf9a43f6b99b6105061), userDataDir=/var/folders/mg/5v6c75rx19s2l9klbl5h3sl80000gn/T/.org.chromium.Chromium.bGBllp}, takesHeapSnapshot=true, pageLoadStrategy=normal, databaseEnabled=false, handlesAlerts=true, hasTouchScreen=false, version=86.0.4240.183, platform=MAC, browserConnectionEnabled=false, nativeEvents=true, acceptSslCerts=true, locationContextEnabled=true, webStorageEnabled=true, browserName=chrome, takesScreenshot=true, javascriptEnabled=true, cssSelectorsEnabled=true, setWindowRect=true, unexpectedAlertBehaviour=}],Session ID: 45256ff8b2ba71ff34d4d49ed80bf08e; unknown error: call function result missing &#39;value&#39;
   {&#34;status&#34;:-1,&#34;state&#34;:&#34;unknown error&#34;,&#34;code&#34;:&#34;&#34;,&#34;value&#34;:{&#34;systemInformation&#34;:&#34;System info: host: &#39;MacBook-Pro-de-Paul.local&#39;, ip: &#39;fe80:0:0:0:1854:68a:9f2c:78b9%en0&#39;, os.name: &#39;Mac OS X&#39;, os.arch: &#39;x86_64&#39;, os.version: &#39;10.15.4&#39;, java.version: &#39;13.0.1&#39;&#34;,&#34;message&#34;:&#34;unknown error: call function result missing &#39;value&#39;&#34;,&#34;error&#34;:[&#34;  (Session info: chrome=86.0.4240.183)&#34;,&#34;  (Driver info: chromedriver=2.32.498537 (cb2f855cbc7b82e20387eaf9a43f6b99b6105061),platform=Mac OS X 10.15.4 x86_64) (WARNING: The server did not provide any stacktrace information)&#34;,&#34;Command duration or timeout: 20 milliseconds&#34;,&#34;Build info: version: &#39;3.4.0&#39;, revision: &#39;unknown&#39;, time: &#39;unknown&#39;&#34;,&#34;System info: host: &#39;MacBook-Pro-de-Paul.local&#39;, ip: &#39;fe80:0:0:0:1854:68a:9f2c:78b9%en0&#39;, os.name: &#39;Mac OS X&#39;, os.arch: &#39;x86_64&#39;, os.version: &#39;10.15.4&#39;, java.version: &#39;13.0.1&#39;&#34;,&#34;Driver info: org.openqa.selenium.chrome.ChromeDriver&#34;,&#34;Capabilities [{applicationCacheEnabled=false, rotatable=false, mobileEmulationEnabled=false, networkConnectionEnabled=false, chrome={chromedriverVersion=2.32.498537 (cb2f855cbc7b82e20387eaf9a43f6b99b6105061), userDataDir=/var/folders/mg/5v6c75rx19s2l9klbl5h3sl80000gn/T/.org.chromium.Chromium.bGBllp}, takesHeapSnapshot=true, pageLoadStrategy=normal, databaseEnabled=false, handlesAlerts=true, hasTouchScreen=false, version=86.0.4240.183, platform=MAC, browserConnectionEnabled=false, nativeEvents=true, acceptSslCerts=true, locationContextEnabled=true, webStorageEnabled=true, browserName=chrome, takesScreenshot=true, javascriptEnabled=true, cssSelectorsEnabled=true, setWindowRect=true, unexpectedAlertBehaviour=}]&#34;,&#34;Session ID: 45256ff8b2ba71ff34d4d49ed80bf08e&#34;]},&#34;errorStatus&#34;:13,&#34;error&#34;:&#34;An unknown server-side error occurred while processing the command. – unknown error: call function result missing &#39;value...&#34;,&#34;httpStatusCode&#34;:500}
       at runMicrotasks (&lt;anonymous&gt;)
       at processTicksAndRejections (internal/process/task_queues.js:93:5)
  TimeoutError: An error occurred while running .setValue() command on &lt;#add-to-cart-form input&gt;:   (Session info: chrome=86.0.4240.183),  (Driver info: chromedriver=2.32.498537 (cb2f855cbc7b82e20387eaf9a43f6b99b6105061),platform=Mac OS X 10.15.4 x86_64) (WARNING: The server did not provide any stacktrace information),Command duration or timeout: 20 milliseconds,Build info: version: &#39;3.4.0&#39;, revision: &#39;unknown&#39;, time: &#39;unknown&#39;,System info: host: &#39;MacBook-Pro-de-Paul.local&#39;, ip: &#39;fe80:0:0:0:1854:68a:9f2c:78b9%en0&#39;, os.name: &#39;Mac OS X&#39;, os.arch: &#39;x86_64&#39;, os.version: &#39;10.15.4&#39;, java.version: &#39;13.0.1&#39;,Driver info: org.openqa.selenium.chrome.ChromeDriver,Capabilities [{applicationCacheEnabled=false, rotatable=false, mobileEmulationEnabled=false, networkConnectionEnabled=false, chrome={chromedriverVersion=2.32.498537 (cb2f855cbc7b82e20387eaf9a43f6b99b6105061), userDataDir=/var/folders/mg/5v6c75rx19s2l9klbl5h3sl80000gn/T/.org.chromium.Chromium.bGBllp}, takesHeapSnapshot=true, pageLoadStrategy=normal, databaseEnabled=false, handlesAlerts=true, hasTouchScreen=false, version=86.0.4240.183, platform=MAC, browserConnectionEnabled=false, nativeEvents=true, acceptSslCerts=true, locationContextEnabled=true, webStorageEnabled=true, browserName=chrome, takesScreenshot=true, javascriptEnabled=true, cssSelectorsEnabled=true, setWindowRect=true, unexpectedAlertBehaviour=}],Session ID: 45256ff8b2ba71ff34d4d49ed80bf08e; unknown error: call function result missing &#39;value&#39;
   {&#34;status&#34;:-1,&#34;state&#34;:&#34;unknown error&#34;,&#34;code&#34;:&#34;&#34;,&#34;value&#34;:{&#34;systemInformation&#34;:&#34;System info: host: &#39;MacBook-Pro-de-Paul.local&#39;, ip: &#39;fe80:0:0:0:1854:68a:9f2c:78b9%en0&#39;, os.name: &#39;Mac OS X&#39;, os.arch: &#39;x86_64&#39;, os.version: &#39;10.15.4&#39;, java.version: &#39;13.0.1&#39;&#34;,&#34;message&#34;:&#34;unknown error: call function result missing &#39;value&#39;&#34;,&#34;error&#34;:[&#34;  (Session info: chrome=86.0.4240.183)&#34;,&#34;  (Driver info: chromedriver=2.32.498537 (cb2f855cbc7b82e20387eaf9a43f6b99b6105061),platform=Mac OS X 10.15.4 x86_64) (WARNING: The server did not provide any stacktrace information)&#34;,&#34;Command duration or timeout: 20 milliseconds&#34;,&#34;Build info: version: &#39;3.4.0&#39;, revision: &#39;unknown&#39;, time: &#39;unknown&#39;&#34;,&#34;System info: host: &#39;MacBook-Pro-de-Paul.local&#39;, ip: &#39;fe80:0:0:0:1854:68a:9f2c:78b9%en0&#39;, os.name: &#39;Mac OS X&#39;, os.arch: &#39;x86_64&#39;, os.version: &#39;10.15.4&#39;, java.version: &#39;13.0.1&#39;&#34;,&#34;Driver info: org.openqa.selenium.chrome.ChromeDriver&#34;,&#34;Capabilities [{applicationCacheEnabled=false, rotatable=false, mobileEmulationEnabled=false, networkConnectionEnabled=false, chrome={chromedriverVersion=2.32.498537 (cb2f855cbc7b82e20387eaf9a43f6b99b6105061), userDataDir=/var/folders/mg/5v6c75rx19s2l9klbl5h3sl80000gn/T/.org.chromium.Chromium.bGBllp}, takesHeapSnapshot=true, pageLoadStrategy=normal, databaseEnabled=false, handlesAlerts=true, hasTouchScreen=false, version=86.0.4240.183, platform=MAC, browserConnectionEnabled=false, nativeEvents=true, acceptSslCerts=true, locationContextEnabled=true, webStorageEnabled=true, browserName=chrome, takesScreenshot=true, javascriptEnabled=true, cssSelectorsEnabled=true, setWindowRect=true, unexpectedAlertBehaviour=}]&#34;,&#34;Session ID: 45256ff8b2ba71ff34d4d49ed80bf08e&#34;]},&#34;errorStatus&#34;:13,&#34;error&#34;:&#34;An unknown server-side error occurred while processing the command. – unknown error: call function result missing &#39;value...&#34;,&#34;httpStatusCode&#34;:500}
       at runMicrotasks (&lt;anonymous&gt;)
       at processTicksAndRejections (internal/process/task_queues.js:93:5)
  TimeoutError: An error occurred while running .submitForm() command on &lt;#add-to-cart-form&gt;:   (Session info: chrome=86.0.4240.183),  (Driver info: chromedriver=2.32.498537 (cb2f855cbc7b82e20387eaf9a43f6b99b6105061),platform=Mac OS X 10.15.4 x86_64) (WARNING: The server did not provide any stacktrace information),Command duration or timeout: 12 milliseconds,Build info: version: &#39;3.4.0&#39;, revision: &#39;unknown&#39;, time: &#39;unknown&#39;,System info: host: &#39;MacBook-Pro-de-Paul.local&#39;, ip: &#39;fe80:0:0:0:1854:68a:9f2c:78b9%en0&#39;, os.name: &#39;Mac OS X&#39;, os.arch: &#39;x86_64&#39;, os.version: &#39;10.15.4&#39;, java.version: &#39;13.0.1&#39;,Driver info: org.openqa.selenium.chrome.ChromeDriver,Capabilities [{applicationCacheEnabled=false, rotatable=false, mobileEmulationEnabled=false, networkConnectionEnabled=false, chrome={chromedriverVersion=2.32.498537 (cb2f855cbc7b82e20387eaf9a43f6b99b6105061), userDataDir=/var/folders/mg/5v6c75rx19s2l9klbl5h3sl80000gn/T/.org.chromium.Chromium.bGBllp}, takesHeapSnapshot=true, pageLoadStrategy=normal, databaseEnabled=false, handlesAlerts=true, hasTouchScreen=false, version=86.0.4240.183, platform=MAC, browserConnectionEnabled=false, nativeEvents=true, acceptSslCerts=true, locationContextEnabled=true, webStorageEnabled=true, browserName=chrome, takesScreenshot=true, javascriptEnabled=true, cssSelectorsEnabled=true, setWindowRect=true, unexpectedAlertBehaviour=}],Session ID: 45256ff8b2ba71ff34d4d49ed80bf08e; unknown error: call function result missing &#39;value&#39;
   {&#34;status&#34;:-1,&#34;state&#34;:&#34;unknown error&#34;,&#34;code&#34;:&#34;&#34;,&#34;value&#34;:{&#34;systemInformation&#34;:&#34;System info: host: &#39;MacBook-Pro-de-Paul.local&#39;, ip: &#39;fe80:0:0:0:1854:68a:9f2c:78b9%en0&#39;, os.name: &#39;Mac OS X&#39;, os.arch: &#39;x86_64&#39;, os.version: &#39;10.15.4&#39;, java.version: &#39;13.0.1&#39;&#34;,&#34;message&#34;:&#34;unknown error: call function result missing &#39;value&#39;&#34;,&#34;error&#34;:[&#34;  (Session info: chrome=86.0.4240.183)&#34;,&#34;  (Driver info: chromedriver=2.32.498537 (cb2f855cbc7b82e20387eaf9a43f6b99b6105061),platform=Mac OS X 10.15.4 x86_64) (WARNING: The server did not provide any stacktrace information)&#34;,&#34;Command duration or timeout: 12 milliseconds&#34;,&#34;Build info: version: &#39;3.4.0&#39;, revision: &#39;unknown&#39;, time: &#39;unknown&#39;&#34;,&#34;System info: host: &#39;MacBook-Pro-de-Paul.local&#39;, ip: &#39;fe80:0:0:0:1854:68a:9f2c:78b9%en0&#39;, os.name: &#39;Mac OS X&#39;, os.arch: &#39;x86_64&#39;, os.version: &#39;10.15.4&#39;, java.version: &#39;13.0.1&#39;&#34;,&#34;Driver info: org.openqa.selenium.chrome.ChromeDriver&#34;,&#34;Capabilities [{applicationCacheEnabled=false, rotatable=false, mobileEmulationEnabled=false, networkConnectionEnabled=false, chrome={chromedriverVersion=2.32.498537 (cb2f855cbc7b82e20387eaf9a43f6b99b6105061), userDataDir=/var/folders/mg/5v6c75rx19s2l9klbl5h3sl80000gn/T/.org.chromium.Chromium.bGBllp}, takesHeapSnapshot=true, pageLoadStrategy=normal, databaseEnabled=false, handlesAlerts=true, hasTouchScreen=false, version=86.0.4240.183, platform=MAC, browserConnectionEnabled=false, nativeEvents=true, acceptSslCerts=true, locationContextEnabled=true, webStorageEnabled=true, browserName=chrome, takesScreenshot=true, javascriptEnabled=true, cssSelectorsEnabled=true, setWindowRect=true, unexpectedAlertBehaviour=}]&#34;,&#34;Session ID: 45256ff8b2ba71ff34d4d49ed80bf08e&#34;]},&#34;errorStatus&#34;:13,&#34;error&#34;:&#34;An unknown server-side error occurred while processing the command. – unknown error: call function result missing &#39;value...&#34;,&#34;httpStatusCode&#34;:500}
       at runMicrotasks (&lt;anonymous&gt;)
       at processTicksAndRejections (internal/process/task_queues.js:93:5)
  TimeoutError: An error occurred while running .clearValue() command on &lt;#add-to-cart-form input&gt;:   (Session info: chrome=86.0.4240.183),  (Driver info: chromedriver=2.32.498537 (cb2f855cbc7b82e20387eaf9a43f6b99b6105061),platform=Mac OS X 10.15.4 x86_64) (WARNING: The server did not provide any stacktrace information),Command duration or timeout: 17 milliseconds,Build info: version: &#39;3.4.0&#39;, revision: &#39;unknown&#39;, time: &#39;unknown&#39;,System info: host: &#39;MacBook-Pro-de-Paul.local&#39;, ip: &#39;fe80:0:0:0:1854:68a:9f2c:78b9%en0&#39;, os.name: &#39;Mac OS X&#39;, os.arch: &#39;x86_64&#39;, os.version: &#39;10.15.4&#39;, java.version: &#39;13.0.1&#39;,Driver info: org.openqa.selenium.chrome.ChromeDriver,Capabilities [{applicationCacheEnabled=false, rotatable=false, mobileEmulationEnabled=false, networkConnectionEnabled=false, chrome={chromedriverVersion=2.32.498537 (cb2f855cbc7b82e20387eaf9a43f6b99b6105061), userDataDir=/var/folders/mg/5v6c75rx19s2l9klbl5h3sl80000gn/T/.org.chromium.Chromium.bpgFJs}, takesHeapSnapshot=true, pageLoadStrategy=normal, databaseEnabled=false, handlesAlerts=true, hasTouchScreen=false, version=86.0.4240.183, platform=MAC, browserConnectionEnabled=false, nativeEvents=true, acceptSslCerts=true, locationContextEnabled=true, webStorageEnabled=true, browserName=chrome, takesScreenshot=true, javascriptEnabled=true, cssSelectorsEnabled=true, setWindowRect=true, unexpectedAlertBehaviour=}],Session ID: d1ae4d5d2752a841d941404ddbfb7607; unknown error: call function result missing &#39;value&#39;
   {&#34;status&#34;:-1,&#34;state&#34;:&#34;unknown error&#34;,&#34;code&#34;:&#34;&#34;,&#34;value&#34;:{&#34;systemInformation&#34;:&#34;System info: host: &#39;MacBook-Pro-de-Paul.local&#39;, ip: &#39;fe80:0:0:0:1854:68a:9f2c:78b9%en0&#39;, os.name: &#39;Mac OS X&#39;, os.arch: &#39;x86_64&#39;, os.version: &#39;10.15.4&#39;, java.version: &#39;13.0.1&#39;&#34;,&#34;message&#34;:&#34;unknown error: call function result missing &#39;value&#39;&#34;,&#34;error&#34;:[&#34;  (Session info: chrome=86.0.4240.183)&#34;,&#34;  (Driver info: chromedriver=2.32.498537 (cb2f855cbc7b82e20387eaf9a43f6b99b6105061),platform=Mac OS X 10.15.4 x86_64) (WARNING: The server did not provide any stacktrace information)&#34;,&#34;Command duration or timeout: 17 milliseconds&#34;,&#34;Build info: version: &#39;3.4.0&#39;, revision: &#39;unknown&#39;, time: &#39;unknown&#39;&#34;,&#34;System info: host: &#39;MacBook-Pro-de-Paul.local&#39;, ip: &#39;fe80:0:0:0:1854:68a:9f2c:78b9%en0&#39;, os.name: &#39;Mac OS X&#39;, os.arch: &#39;x86_64&#39;, os.version: &#39;10.15.4&#39;, java.version: &#39;13.0.1&#39;&#34;,&#34;Driver info: org.openqa.selenium.chrome.ChromeDriver&#34;,&#34;Capabilities [{applicationCacheEnabled=false, rotatable=false, mobileEmulationEnabled=false, networkConnectionEnabled=false, chrome={chromedriverVersion=2.32.498537 (cb2f855cbc7b82e20387eaf9a43f6b99b6105061), userDataDir=/var/folders/mg/5v6c75rx19s2l9klbl5h3sl80000gn/T/.org.chromium.Chromium.bpgFJs}, takesHeapSnapshot=true, pageLoadStrategy=normal, databaseEnabled=false, handlesAlerts=true, hasTouchScreen=false, version=86.0.4240.183, platform=MAC, browserConnectionEnabled=false, nativeEvents=true, acceptSslCerts=true, locationContextEnabled=true, webStorageEnabled=true, browserName=chrome, takesScreenshot=true, javascriptEnabled=true, cssSelectorsEnabled=true, setWindowRect=true, unexpectedAlertBehaviour=}]&#34;,&#34;Session ID: d1ae4d5d2752a841d941404ddbfb7607&#34;]},&#34;errorStatus&#34;:13,&#34;error&#34;:&#34;An unknown server-side error occurred while processing the command. – unknown error: call function result missing &#39;value...&#34;,&#34;httpStatusCode&#34;:500}
       at runMicrotasks (&lt;anonymous&gt;)
       at processTicksAndRejections (internal/process/task_queues.js:93:5)
  TimeoutError: An error occurred while running .setValue() command on &lt;#add-to-cart-form input&gt;:   (Session info: chrome=86.0.4240.183),  (Driver info: chromedriver=2.32.498537 (cb2f855cbc7b82e20387eaf9a43f6b99b6105061),platform=Mac OS X 10.15.4 x86_64) (WARNING: The server did not provide any stacktrace information),Command duration or timeout: 22 milliseconds,Build info: version: &#39;3.4.0&#39;, revision: &#39;unknown&#39;, time: &#39;unknown&#39;,System info: host: &#39;MacBook-Pro-de-Paul.local&#39;, ip: &#39;fe80:0:0:0:1854:68a:9f2c:78b9%en0&#39;, os.name: &#39;Mac OS X&#39;, os.arch: &#39;x86_64&#39;, os.version: &#39;10.15.4&#39;, java.version: &#39;13.0.1&#39;,Driver info: org.openqa.selenium.chrome.ChromeDriver,Capabilities [{applicationCacheEnabled=false, rotatable=false, mobileEmulationEnabled=false, networkConnectionEnabled=false, chrome={chromedriverVersion=2.32.498537 (cb2f855cbc7b82e20387eaf9a43f6b99b6105061), userDataDir=/var/folders/mg/5v6c75rx19s2l9klbl5h3sl80000gn/T/.org.chromium.Chromium.bpgFJs}, takesHeapSnapshot=true, pageLoadStrategy=normal, databaseEnabled=false, handlesAlerts=true, hasTouchScreen=false, version=86.0.4240.183, platform=MAC, browserConnectionEnabled=false, nativeEvents=true, acceptSslCerts=true, locationContextEnabled=true, webStorageEnabled=true, browserName=chrome, takesScreenshot=true, javascriptEnabled=true, cssSelectorsEnabled=true, setWindowRect=true, unexpectedAlertBehaviour=}],Session ID: d1ae4d5d2752a841d941404ddbfb7607; unknown error: call function result missing &#39;value&#39;
   {&#34;status&#34;:-1,&#34;state&#34;:&#34;unknown error&#34;,&#34;code&#34;:&#34;&#34;,&#34;value&#34;:{&#34;systemInformation&#34;:&#34;System info: host: &#39;MacBook-Pro-de-Paul.local&#39;, ip: &#39;fe80:0:0:0:1854:68a:9f2c:78b9%en0&#39;, os.name: &#39;Mac OS X&#39;, os.arch: &#39;x86_64&#39;, os.version: &#39;10.15.4&#39;, java.version: &#39;13.0.1&#39;&#34;,&#34;message&#34;:&#34;unknown error: call function result missing &#39;value&#39;&#34;,&#34;error&#34;:[&#34;  (Session info: chrome=86.0.4240.183)&#34;,&#34;  (Driver info: chromedriver=2.32.498537 (cb2f855cbc7b82e20387eaf9a43f6b99b6105061),platform=Mac OS X 10.15.4 x86_64) (WARNING: The server did not provide any stacktrace information)&#34;,&#34;Command duration or timeout: 22 milliseconds&#34;,&#34;Build info: version: &#39;3.4.0&#39;, revision: &#39;unknown&#39;, time: &#39;unknown&#39;&#34;,&#34;System info: host: &#39;MacBook-Pro-de-Paul.local&#39;, ip: &#39;fe80:0:0:0:1854:68a:9f2c:78b9%en0&#39;, os.name: &#39;Mac OS X&#39;, os.arch: &#39;x86_64&#39;, os.version: &#39;10.15.4&#39;, java.version: &#39;13.0.1&#39;&#34;,&#34;Driver info: org.openqa.selenium.chrome.ChromeDriver&#34;,&#34;Capabilities [{applicationCacheEnabled=false, rotatable=false, mobileEmulationEnabled=false, networkConnectionEnabled=false, chrome={chromedriverVersion=2.32.498537 (cb2f855cbc7b82e20387eaf9a43f6b99b6105061), userDataDir=/var/folders/mg/5v6c75rx19s2l9klbl5h3sl80000gn/T/.org.chromium.Chromium.bpgFJs}, takesHeapSnapshot=true, pageLoadStrategy=normal, databaseEnabled=false, handlesAlerts=true, hasTouchScreen=false, version=86.0.4240.183, platform=MAC, browserConnectionEnabled=false, nativeEvents=true, acceptSslCerts=true, locationContextEnabled=true, webStorageEnabled=true, browserName=chrome, takesScreenshot=true, javascriptEnabled=true, cssSelectorsEnabled=true, setWindowRect=true, unexpectedAlertBehaviour=}]&#34;,&#34;Session ID: d1ae4d5d2752a841d941404ddbfb7607&#34;]},&#34;errorStatus&#34;:13,&#34;error&#34;:&#34;An unknown server-side error occurred while processing the command. – unknown error: call function result missing &#39;value...&#34;,&#34;httpStatusCode&#34;:500}
       at runMicrotasks (&lt;anonymous&gt;)
       at processTicksAndRejections (internal/process/task_queues.js:93:5)
  TimeoutError: An error occurred while running .submitForm() command on &lt;#add-to-cart-form&gt;:   (Session info: chrome=86.0.4240.183),  (Driver info: chromedriver=2.32.498537 (cb2f855cbc7b82e20387eaf9a43f6b99b6105061),platform=Mac OS X 10.15.4 x86_64) (WARNING: The server did not provide any stacktrace information),Command duration or timeout: 11 milliseconds,Build info: version: &#39;3.4.0&#39;, revision: &#39;unknown&#39;, time: &#39;unknown&#39;,System info: host: &#39;MacBook-Pro-de-Paul.local&#39;, ip: &#39;fe80:0:0:0:1854:68a:9f2c:78b9%en0&#39;, os.name: &#39;Mac OS X&#39;, os.arch: &#39;x86_64&#39;, os.version: &#39;10.15.4&#39;, java.version: &#39;13.0.1&#39;,Driver info: org.openqa.selenium.chrome.ChromeDriver,Capabilities [{applicationCacheEnabled=false, rotatable=false, mobileEmulationEnabled=false, networkConnectionEnabled=false, chrome={chromedriverVersion=2.32.498537 (cb2f855cbc7b82e20387eaf9a43f6b99b6105061), userDataDir=/var/folders/mg/5v6c75rx19s2l9klbl5h3sl80000gn/T/.org.chromium.Chromium.bpgFJs}, takesHeapSnapshot=true, pageLoadStrategy=normal, databaseEnabled=false, handlesAlerts=true, hasTouchScreen=false, version=86.0.4240.183, platform=MAC, browserConnectionEnabled=false, nativeEvents=true, acceptSslCerts=true, locationContextEnabled=true, webStorageEnabled=true, browserName=chrome, takesScreenshot=true, javascriptEnabled=true, cssSelectorsEnabled=true, setWindowRect=true, unexpectedAlertBehaviour=}],Session ID: d1ae4d5d2752a841d941404ddbfb7607; unknown error: call function result missing &#39;value&#39;
   {&#34;status&#34;:-1,&#34;state&#34;:&#34;unknown error&#34;,&#34;code&#34;:&#34;&#34;,&#34;value&#34;:{&#34;systemInformation&#34;:&#34;System info: host: &#39;MacBook-Pro-de-Paul.local&#39;, ip: &#39;fe80:0:0:0:1854:68a:9f2c:78b9%en0&#39;, os.name: &#39;Mac OS X&#39;, os.arch: &#39;x86_64&#39;, os.version: &#39;10.15.4&#39;, java.version: &#39;13.0.1&#39;&#34;,&#34;message&#34;:&#34;unknown error: call function result missing &#39;value&#39;&#34;,&#34;error&#34;:[&#34;  (Session info: chrome=86.0.4240.183)&#34;,&#34;  (Driver info: chromedriver=2.32.498537 (cb2f855cbc7b82e20387eaf9a43f6b99b6105061),platform=Mac OS X 10.15.4 x86_64) (WARNING: The server did not provide any stacktrace information)&#34;,&#34;Command duration or timeout: 11 milliseconds&#34;,&#34;Build info: version: &#39;3.4.0&#39;, revision: &#39;unknown&#39;, time: &#39;unknown&#39;&#34;,&#34;System info: host: &#39;MacBook-Pro-de-Paul.local&#39;, ip: &#39;fe80:0:0:0:1854:68a:9f2c:78b9%en0&#39;, os.name: &#39;Mac OS X&#39;, os.arch: &#39;x86_64&#39;, os.version: &#39;10.15.4&#39;, java.version: &#39;13.0.1&#39;&#34;,&#34;Driver info: org.openqa.selenium.chrome.ChromeDriver&#34;,&#34;Capabilities [{applicationCacheEnabled=false, rotatable=false, mobileEmulationEnabled=false, networkConnectionEnabled=false, chrome={chromedriverVersion=2.32.498537 (cb2f855cbc7b82e20387eaf9a43f6b99b6105061), userDataDir=/var/folders/mg/5v6c75rx19s2l9klbl5h3sl80000gn/T/.org.chromium.Chromium.bpgFJs}, takesHeapSnapshot=true, pageLoadStrategy=normal, databaseEnabled=false, handlesAlerts=true, hasTouchScreen=false, version=86.0.4240.183, platform=MAC, browserConnectionEnabled=false, nativeEvents=true, acceptSslCerts=true, locationContextEnabled=true, webStorageEnabled=true, browserName=chrome, takesScreenshot=true, javascriptEnabled=true, cssSelectorsEnabled=true, setWindowRect=true, unexpectedAlertBehaviour=}]&#34;,&#34;Session ID: d1ae4d5d2752a841d941404ddbfb7607&#34;]},&#34;errorStatus&#34;:13,&#34;error&#34;:&#34;An unknown server-side error occurred while processing the command. – unknown error: call function result missing &#39;value...&#34;,&#34;httpStatusCode&#34;:500}
       at runMicrotasks (&lt;anonymous&gt;)
       at processTicksAndRejections (internal/process/task_queues.js:93:5)
  TimeoutError: An error occurred while running .clearValue() command on &lt;#add-to-cart-form input&gt;:   (Session info: chrome=86.0.4240.183),  (Driver info: chromedriver=2.32.498537 (cb2f855cbc7b82e20387eaf9a43f6b99b6105061),platform=Mac OS X 10.15.4 x86_64) (WARNING: The server did not provide any stacktrace information),Command duration or timeout: 12 milliseconds,Build info: version: &#39;3.4.0&#39;, revision: &#39;unknown&#39;, time: &#39;unknown&#39;,System info: host: &#39;MacBook-Pro-de-Paul.local&#39;, ip: &#39;fe80:0:0:0:1854:68a:9f2c:78b9%en0&#39;, os.name: &#39;Mac OS X&#39;, os.arch: &#39;x86_64&#39;, os.version: &#39;10.15.4&#39;, java.version: &#39;13.0.1&#39;,Driver info: org.openqa.selenium.chrome.ChromeDriver,Capabilities [{applicationCacheEnabled=false, rotatable=false, mobileEmulationEnabled=false, networkConnectionEnabled=false, chrome={chromedriverVersion=2.32.498537 (cb2f855cbc7b82e20387eaf9a43f6b99b6105061), userDataDir=/var/folders/mg/5v6c75rx19s2l9klbl5h3sl80000gn/T/.org.chromium.Chromium.bpgFJs}, takesHeapSnapshot=true, pageLoadStrategy=normal, databaseEnabled=false, handlesAlerts=true, hasTouchScreen=false, version=86.0.4240.183, platform=MAC, browserConnectionEnabled=false, nativeEvents=true, acceptSslCerts=true, locationContextEnabled=true, webStorageEnabled=true, browserName=chrome, takesScreenshot=true, javascriptEnabled=true, cssSelectorsEnabled=true, setWindowRect=true, unexpectedAlertBehaviour=}],Session ID: d1ae4d5d2752a841d941404ddbfb7607; unknown error: call function result missing &#39;value&#39;
   {&#34;status&#34;:-1,&#34;state&#34;:&#34;unknown error&#34;,&#34;code&#34;:&#34;&#34;,&#34;value&#34;:{&#34;systemInformation&#34;:&#34;System info: host: &#39;MacBook-Pro-de-Paul.local&#39;, ip: &#39;fe80:0:0:0:1854:68a:9f2c:78b9%en0&#39;, os.name: &#39;Mac OS X&#39;, os.arch: &#39;x86_64&#39;, os.version: &#39;10.15.4&#39;, java.version: &#39;13.0.1&#39;&#34;,&#34;message&#34;:&#34;unknown error: call function result missing &#39;value&#39;&#34;,&#34;error&#34;:[&#34;  (Session info: chrome=86.0.4240.183)&#34;,&#34;  (Driver info: chromedriver=2.32.498537 (cb2f855cbc7b82e20387eaf9a43f6b99b6105061),platform=Mac OS X 10.15.4 x86_64) (WARNING: The server did not provide any stacktrace information)&#34;,&#34;Command duration or timeout: 12 milliseconds&#34;,&#34;Build info: version: &#39;3.4.0&#39;, revision: &#39;unknown&#39;, time: &#39;unknown&#39;&#34;,&#34;System info: host: &#39;MacBook-Pro-de-Paul.local&#39;, ip: &#39;fe80:0:0:0:1854:68a:9f2c:78b9%en0&#39;, os.name: &#39;Mac OS X&#39;, os.arch: &#39;x86_64&#39;, os.version: &#39;10.15.4&#39;, java.version: &#39;13.0.1&#39;&#34;,&#34;Driver info: org.openqa.selenium.chrome.ChromeDriver&#34;,&#34;Capabilities [{applicationCacheEnabled=false, rotatable=false, mobileEmulationEnabled=false, networkConnectionEnabled=false, chrome={chromedriverVersion=2.32.498537 (cb2f855cbc7b82e20387eaf9a43f6b99b6105061), userDataDir=/var/folders/mg/5v6c75rx19s2l9klbl5h3sl80000gn/T/.org.chromium.Chromium.bpgFJs}, takesHeapSnapshot=true, pageLoadStrategy=normal, databaseEnabled=false, handlesAlerts=true, hasTouchScreen=false, version=86.0.4240.183, platform=MAC, browserConnectionEnabled=false, nativeEvents=true, acceptSslCerts=true, locationContextEnabled=true, webStorageEnabled=true, browserName=chrome, takesScreenshot=true, javascriptEnabled=true, cssSelectorsEnabled=true, setWindowRect=true, unexpectedAlertBehaviour=}]&#34;,&#34;Session ID: d1ae4d5d2752a841d941404ddbfb7607&#34;]},&#34;errorStatus&#34;:13,&#34;error&#34;:&#34;An unknown server-side error occurred while processing the command. – unknown error: call function result missing &#39;value...&#34;,&#34;httpStatusCode&#34;:500}
       at runMicrotasks (&lt;anonymous&gt;)
       at processTicksAndRejections (internal/process/task_queues.js:93:5)
  TimeoutError: An error occurred while running .setValue() command on &lt;#add-to-cart-form input&gt;:   (Session info: chrome=86.0.4240.183),  (Driver info: chromedriver=2.32.498537 (cb2f855cbc7b82e20387eaf9a43f6b99b6105061),platform=Mac OS X 10.15.4 x86_64) (WARNING: The server did not provide any stacktrace information),Command duration or timeout: 19 milliseconds,Build info: version: &#39;3.4.0&#39;, revision: &#39;unknown&#39;, time: &#39;unknown&#39;,System info: host: &#39;MacBook-Pro-de-Paul.local&#39;, ip: &#39;fe80:0:0:0:1854:68a:9f2c:78b9%en0&#39;, os.name: &#39;Mac OS X&#39;, os.arch: &#39;x86_64&#39;, os.version: &#39;10.15.4&#39;, java.version: &#39;13.0.1&#39;,Driver info: org.openqa.selenium.chrome.ChromeDriver,Capabilities [{applicationCacheEnabled=false, rotatable=false, mobileEmulationEnabled=false, networkConnectionEnabled=false, chrome={chromedriverVersion=2.32.498537 (cb2f855cbc7b82e20387eaf9a43f6b99b6105061), userDataDir=/var/folders/mg/5v6c75rx19s2l9klbl5h3sl80000gn/T/.org.chromium.Chromium.bpgFJs}, takesHeapSnapshot=true, pageLoadStrategy=normal, databaseEnabled=false, handlesAlerts=true, hasTouchScreen=false, version=86.0.4240.183, platform=MAC, browserConnectionEnabled=false, nativeEvents=true, acceptSslCerts=true, locationContextEnabled=true, webStorageEnabled=true, browserName=chrome, takesScreenshot=true, javascriptEnabled=true, cssSelectorsEnabled=true, setWindowRect=true, unexpectedAlertBehaviour=}],Session ID: d1ae4d5d2752a841d941404ddbfb7607; unknown error: call function result missing &#39;value&#39;
   {&#34;status&#34;:-1,&#34;state&#34;:&#34;unknown error&#34;,&#34;code&#34;:&#34;&#34;,&#34;value&#34;:{&#34;systemInformation&#34;:&#34;System info: host: &#39;MacBook-Pro-de-Paul.local&#39;, ip: &#39;fe80:0:0:0:1854:68a:9f2c:78b9%en0&#39;, os.name: &#39;Mac OS X&#39;, os.arch: &#39;x86_64&#39;, os.version: &#39;10.15.4&#39;, java.version: &#39;13.0.1&#39;&#34;,&#34;message&#34;:&#34;unknown error: call function result missing &#39;value&#39;&#34;,&#34;error&#34;:[&#34;  (Session info: chrome=86.0.4240.183)&#34;,&#34;  (Driver info: chromedriver=2.32.498537 (cb2f855cbc7b82e20387eaf9a43f6b99b6105061),platform=Mac OS X 10.15.4 x86_64) (WARNING: The server did not provide any stacktrace information)&#34;,&#34;Command duration or timeout: 19 milliseconds&#34;,&#34;Build info: version: &#39;3.4.0&#39;, revision: &#39;unknown&#39;, time: &#39;unknown&#39;&#34;,&#34;System info: host: &#39;MacBook-Pro-de-Paul.local&#39;, ip: &#39;fe80:0:0:0:1854:68a:9f2c:78b9%en0&#39;, os.name: &#39;Mac OS X&#39;, os.arch: &#39;x86_64&#39;, os.version: &#39;10.15.4&#39;, java.version: &#39;13.0.1&#39;&#34;,&#34;Driver info: org.openqa.selenium.chrome.ChromeDriver&#34;,&#34;Capabilities [{applicationCacheEnabled=false, rotatable=false, mobileEmulationEnabled=false, networkConnectionEnabled=false, chrome={chromedriverVersion=2.32.498537 (cb2f855cbc7b82e20387eaf9a43f6b99b6105061), userDataDir=/var/folders/mg/5v6c75rx19s2l9klbl5h3sl80000gn/T/.org.chromium.Chromium.bpgFJs}, takesHeapSnapshot=true, pageLoadStrategy=normal, databaseEnabled=false, handlesAlerts=true, hasTouchScreen=false, version=86.0.4240.183, platform=MAC, browserConnectionEnabled=false, nativeEvents=true, acceptSslCerts=true, locationContextEnabled=true, webStorageEnabled=true, browserName=chrome, takesScreenshot=true, javascriptEnabled=true, cssSelectorsEnabled=true, setWindowRect=true, unexpectedAlertBehaviour=}]&#34;,&#34;Session ID: d1ae4d5d2752a841d941404ddbfb7607&#34;]},&#34;errorStatus&#34;:13,&#34;error&#34;:&#34;An unknown server-side error occurred while processing the command. – unknown error: call function result missing &#39;value...&#34;,&#34;httpStatusCode&#34;:500}
       at runMicrotasks (&lt;anonymous&gt;)
       at processTicksAndRejections (internal/process/task_queues.js:93:5)
  TimeoutError: An error occurred while running .submitForm() command on &lt;#add-to-cart-form&gt;:   (Session info: chrome=86.0.4240.183),  (Driver info: chromedriver=2.32.498537 (cb2f855cbc7b82e20387eaf9a43f6b99b6105061),platform=Mac OS X 10.15.4 x86_64) (WARNING: The server did not provide any stacktrace information),Command duration or timeout: 11 milliseconds,Build info: version: &#39;3.4.0&#39;, revision: &#39;unknown&#39;, time: &#39;unknown&#39;,System info: host: &#39;MacBook-Pro-de-Paul.local&#39;, ip: &#39;fe80:0:0:0:1854:68a:9f2c:78b9%en0&#39;, os.name: &#39;Mac OS X&#39;, os.arch: &#39;x86_64&#39;, os.version: &#39;10.15.4&#39;, java.version: &#39;13.0.1&#39;,Driver info: org.openqa.selenium.chrome.ChromeDriver,Capabilities [{applicationCacheEnabled=false, rotatable=false, mobileEmulationEnabled=false, networkConnectionEnabled=false, chrome={chromedriverVersion=2.32.498537 (cb2f855cbc7b82e20387eaf9a43f6b99b6105061), userDataDir=/var/folders/mg/5v6c75rx19s2l9klbl5h3sl80000gn/T/.org.chromium.Chromium.bpgFJs}, takesHeapSnapshot=true, pageLoadStrategy=normal, databaseEnabled=false, handlesAlerts=true, hasTouchScreen=false, version=86.0.4240.183, platform=MAC, browserConnectionEnabled=false, nativeEvents=true, acceptSslCerts=true, locationContextEnabled=true, webStorageEnabled=true, browserName=chrome, takesScreenshot=true, javascriptEnabled=true, cssSelectorsEnabled=true, setWindowRect=true, unexpectedAlertBehaviour=}],Session ID: d1ae4d5d2752a841d941404ddbfb7607; unknown error: call function result missing &#39;value&#39;
   {&#34;status&#34;:-1,&#34;state&#34;:&#34;unknown error&#34;,&#34;code&#34;:&#34;&#34;,&#34;value&#34;:{&#34;systemInformation&#34;:&#34;System info: host: &#39;MacBook-Pro-de-Paul.local&#39;, ip: &#39;fe80:0:0:0:1854:68a:9f2c:78b9%en0&#39;, os.name: &#39;Mac OS X&#39;, os.arch: &#39;x86_64&#39;, os.version: &#39;10.15.4&#39;, java.version: &#39;13.0.1&#39;&#34;,&#34;message&#34;:&#34;unknown error: call function result missing &#39;value&#39;&#34;,&#34;error&#34;:[&#34;  (Session info: chrome=86.0.4240.183)&#34;,&#34;  (Driver info: chromedriver=2.32.498537 (cb2f855cbc7b82e20387eaf9a43f6b99b6105061),platform=Mac OS X 10.15.4 x86_64) (WARNING: The server did not provide any stacktrace information)&#34;,&#34;Command duration or timeout: 11 milliseconds&#34;,&#34;Build info: version: &#39;3.4.0&#39;, revision: &#39;unknown&#39;, time: &#39;unknown&#39;&#34;,&#34;System info: host: &#39;MacBook-Pro-de-Paul.local&#39;, ip: &#39;fe80:0:0:0:1854:68a:9f2c:78b9%en0&#39;, os.name: &#39;Mac OS X&#39;, os.arch: &#39;x86_64&#39;, os.version: &#39;10.15.4&#39;, java.version: &#39;13.0.1&#39;&#34;,&#34;Driver info: org.openqa.selenium.chrome.ChromeDriver&#34;,&#34;Capabilities [{applicationCacheEnabled=false, rotatable=false, mobileEmulationEnabled=false, networkConnectionEnabled=false, chrome={chromedriverVersion=2.32.498537 (cb2f855cbc7b82e20387eaf9a43f6b99b6105061), userDataDir=/var/folders/mg/5v6c75rx19s2l9klbl5h3sl80000gn/T/.org.chromium.Chromium.bpgFJs}, takesHeapSnapshot=true, pageLoadStrategy=normal, databaseEnabled=false, handlesAlerts=true, hasTouchScreen=false, version=86.0.4240.183, platform=MAC, browserConnectionEnabled=false, nativeEvents=true, acceptSslCerts=true, locationContextEnabled=true, webStorageEnabled=true, browserName=chrome, takesScreenshot=true, javascriptEnabled=true, cssSelectorsEnabled=true, setWindowRect=true, unexpectedAlertBehaviour=}]&#34;,&#34;Session ID: d1ae4d5d2752a841d941404ddbfb7607&#34;]},&#34;errorStatus&#34;:13,&#34;error&#34;:&#34;An unknown server-side error occurred while processing the command. – unknown error: call function result missing &#39;value...&#34;,&#34;httpStatusCode&#34;:500}
       at runMicrotasks (&lt;anonymous&gt;)
       at processTicksAndRejections (internal/process/task_queues.js:93:5)
  TimeoutError: An error occurred while running .clearValue() command on &lt;#add-to-cart-form input&gt;:   (Session info: chrome=86.0.4240.183),  (Driver info: chromedriver=2.32.498537 (cb2f855cbc7b82e20387eaf9a43f6b99b6105061),platform=Mac OS X 10.15.4 x86_64) (WARNING: The server did not provide any stacktrace information),Command duration or timeout: 12 milliseconds,Build info: version: &#39;3.4.0&#39;, revision: &#39;unknown&#39;, time: &#39;unknown&#39;,System info: host: &#39;MacBook-Pro-de-Paul.local&#39;, ip: &#39;fe80:0:0:0:1854:68a:9f2c:78b9%en0&#39;, os.name: &#39;Mac OS X&#39;, os.arch: &#39;x86_64&#39;, os.version: &#39;10.15.4&#39;, java.version: &#39;13.0.1&#39;,Driver info: org.openqa.selenium.chrome.ChromeDriver,Capabilities [{applicationCacheEnabled=false, rotatable=false, mobileEmulationEnabled=false, networkConnectionEnabled=false, chrome={chromedriverVersion=2.32.498537 (cb2f855cbc7b82e20387eaf9a43f6b99b6105061), userDataDir=/var/folders/mg/5v6c75rx19s2l9klbl5h3sl80000gn/T/.org.chromium.Chromium.bpgFJs}, takesHeapSnapshot=true, pageLoadStrategy=normal, databaseEnabled=false, handlesAlerts=true, hasTouchScreen=false, version=86.0.4240.183, platform=MAC, browserConnectionEnabled=false, nativeEvents=true, acceptSslCerts=true, locationContextEnabled=true, webStorageEnabled=true, browserName=chrome, takesScreenshot=true, javascriptEnabled=true, cssSelectorsEnabled=true, setWindowRect=true, unexpectedAlertBehaviour=}],Session ID: d1ae4d5d2752a841d941404ddbfb7607; unknown error: call function result missing &#39;value&#39;
   {&#34;status&#34;:-1,&#34;state&#34;:&#34;unknown error&#34;,&#34;code&#34;:&#34;&#34;,&#34;value&#34;:{&#34;systemInformation&#34;:&#34;System info: host: &#39;MacBook-Pro-de-Paul.local&#39;, ip: &#39;fe80:0:0:0:1854:68a:9f2c:78b9%en0&#39;, os.name: &#39;Mac OS X&#39;, os.arch: &#39;x86_64&#39;, os.version: &#39;10.15.4&#39;, java.version: &#39;13.0.1&#39;&#34;,&#34;message&#34;:&#34;unknown error: call function result missing &#39;value&#39;&#34;,&#34;error&#34;:[&#34;  (Session info: chrome=86.0.4240.183)&#34;,&#34;  (Driver info: chromedriver=2.32.498537 (cb2f855cbc7b82e20387eaf9a43f6b99b6105061),platform=Mac OS X 10.15.4 x86_64) (WARNING: The server did not provide any stacktrace information)&#34;,&#34;Command duration or timeout: 12 milliseconds&#34;,&#34;Build info: version: &#39;3.4.0&#39;, revision: &#39;unknown&#39;, time: &#39;unknown&#39;&#34;,&#34;System info: host: &#39;MacBook-Pro-de-Paul.local&#39;, ip: &#39;fe80:0:0:0:1854:68a:9f2c:78b9%en0&#39;, os.name: &#39;Mac OS X&#39;, os.arch: &#39;x86_64&#39;, os.version: &#39;10.15.4&#39;, java.version: &#39;13.0.1&#39;&#34;,&#34;Driver info: org.openqa.selenium.chrome.ChromeDriver&#34;,&#34;Capabilities [{applicationCacheEnabled=false, rotatable=false, mobileEmulationEnabled=false, networkConnectionEnabled=false, chrome={chromedriverVersion=2.32.498537 (cb2f855cbc7b82e20387eaf9a43f6b99b6105061), userDataDir=/var/folders/mg/5v6c75rx19s2l9klbl5h3sl80000gn/T/.org.chromium.Chromium.bpgFJs}, takesHeapSnapshot=true, pageLoadStrategy=normal, databaseEnabled=false, handlesAlerts=true, hasTouchScreen=false, version=86.0.4240.183, platform=MAC, browserConnectionEnabled=false, nativeEvents=true, acceptSslCerts=true, locationContextEnabled=true, webStorageEnabled=true, browserName=chrome, takesScreenshot=true, javascriptEnabled=true, cssSelectorsEnabled=true, setWindowRect=true, unexpectedAlertBehaviour=}]&#34;,&#34;Session ID: d1ae4d5d2752a841d941404ddbfb7607&#34;]},&#34;errorStatus&#34;:13,&#34;error&#34;:&#34;An unknown server-side error occurred while processing the command. – unknown error: call function result missing &#39;value...&#34;,&#34;httpStatusCode&#34;:500}
       at runMicrotasks (&lt;anonymous&gt;)
       at processTicksAndRejections (internal/process/task_queues.js:93:5)
  TimeoutError: An error occurred while running .setValue() command on &lt;#add-to-cart-form input&gt;:   (Session info: chrome=86.0.4240.183),  (Driver info: chromedriver=2.32.498537 (cb2f855cbc7b82e20387eaf9a43f6b99b6105061),platform=Mac OS X 10.15.4 x86_64) (WARNING: The server did not provide any stacktrace information),Command duration or timeout: 27 milliseconds,Build info: version: &#39;3.4.0&#39;, revision: &#39;unknown&#39;, time: &#39;unknown&#39;,System info: host: &#39;MacBook-Pro-de-Paul.local&#39;, ip: &#39;fe80:0:0:0:1854:68a:9f2c:78b9%en0&#39;, os.name: &#39;Mac OS X&#39;, os.arch: &#39;x86_64&#39;, os.version: &#39;10.15.4&#39;, java.version: &#39;13.0.1&#39;,Driver info: org.openqa.selenium.chrome.ChromeDriver,Capabilities [{applicationCacheEnabled=false, rotatable=false, mobileEmulationEnabled=false, networkConnectionEnabled=false, chrome={chromedriverVersion=2.32.498537 (cb2f855cbc7b82e20387eaf9a43f6b99b6105061), userDataDir=/var/folders/mg/5v6c75rx19s2l9klbl5h3sl80000gn/T/.org.chromium.Chromium.bpgFJs}, takesHeapSnapshot=true, pageLoadStrategy=normal, databaseEnabled=false, handlesAlerts=true, hasTouchScreen=false, version=86.0.4240.183, platform=MAC, browserConnectionEnabled=false, nativeEvents=true, acceptSslCerts=true, locationContextEnabled=true, webStorageEnabled=true, browserName=chrome, takesScreenshot=true, javascriptEnabled=true, cssSelectorsEnabled=true, setWindowRect=true, unexpectedAlertBehaviour=}],Session ID: d1ae4d5d2752a841d941404ddbfb7607; unknown error: call function result missing &#39;value&#39;
   {&#34;status&#34;:-1,&#34;state&#34;:&#34;unknown error&#34;,&#34;code&#34;:&#34;&#34;,&#34;value&#34;:{&#34;systemInformation&#34;:&#34;System info: host: &#39;MacBook-Pro-de-Paul.local&#39;, ip: &#39;fe80:0:0:0:1854:68a:9f2c:78b9%en0&#39;, os.name: &#39;Mac OS X&#39;, os.arch: &#39;x86_64&#39;, os.version: &#39;10.15.4&#39;, java.version: &#39;13.0.1&#39;&#34;,&#34;message&#34;:&#34;unknown error: call function result missing &#39;value&#39;&#34;,&#34;error&#34;:[&#34;  (Session info: chrome=86.0.4240.183)&#34;,&#34;  (Driver info: chromedriver=2.32.498537 (cb2f855cbc7b82e20387eaf9a43f6b99b6105061),platform=Mac OS X 10.15.4 x86_64) (WARNING: The server did not provide any stacktrace information)&#34;,&#34;Command duration or timeout: 27 milliseconds&#34;,&#34;Build info: version: &#39;3.4.0&#39;, revision: &#39;unknown&#39;, time: &#39;unknown&#39;&#34;,&#34;System info: host: &#39;MacBook-Pro-de-Paul.local&#39;, ip: &#39;fe80:0:0:0:1854:68a:9f2c:78b9%en0&#39;, os.name: &#39;Mac OS X&#39;, os.arch: &#39;x86_64&#39;, os.version: &#39;10.15.4&#39;, java.version: &#39;13.0.1&#39;&#34;,&#34;Driver info: org.openqa.selenium.chrome.ChromeDriver&#34;,&#34;Capabilities [{applicationCacheEnabled=false, rotatable=false, mobileEmulationEnabled=false, networkConnectionEnabled=false, chrome={chromedriverVersion=2.32.498537 (cb2f855cbc7b82e20387eaf9a43f6b99b6105061), userDataDir=/var/folders/mg/5v6c75rx19s2l9klbl5h3sl80000gn/T/.org.chromium.Chromium.bpgFJs}, takesHeapSnapshot=true, pageLoadStrategy=normal, databaseEnabled=false, handlesAlerts=true, hasTouchScreen=false, version=86.0.4240.183, platform=MAC, browserConnectionEnabled=false, nativeEvents=true, acceptSslCerts=true, locationContextEnabled=true, webStorageEnabled=true, browserName=chrome, takesScreenshot=true, javascriptEnabled=true, cssSelectorsEnabled=true, setWindowRect=true, unexpectedAlertBehaviour=}]&#34;,&#34;Session ID: d1ae4d5d2752a841d941404ddbfb7607&#34;]},&#34;errorStatus&#34;:13,&#34;error&#34;:&#34;An unknown server-side error occurred while processing the command. – unknown error: call function result missing &#39;value...&#34;,&#34;httpStatusCode&#34;:500}
       at runMicrotasks (&lt;anonymous&gt;)
       at processTicksAndRejections (internal/process/task_queues.js:93:5)
  TimeoutError: An error occurred while running .submitForm() command on &lt;#add-to-cart-form&gt;:   (Session info: chrome=86.0.4240.183),  (Driver info: chromedriver=2.32.498537 (cb2f855cbc7b82e20387eaf9a43f6b99b6105061),platform=Mac OS X 10.15.4 x86_64) (WARNING: The server did not provide any stacktrace information),Command duration or timeout: 9 milliseconds,Build info: version: &#39;3.4.0&#39;, revision: &#39;unknown&#39;, time: &#39;unknown&#39;,System info: host: &#39;MacBook-Pro-de-Paul.local&#39;, ip: &#39;fe80:0:0:0:1854:68a:9f2c:78b9%en0&#39;, os.name: &#39;Mac OS X&#39;, os.arch: &#39;x86_64&#39;, os.version: &#39;10.15.4&#39;, java.version: &#39;13.0.1&#39;,Driver info: org.openqa.selenium.chrome.ChromeDriver,Capabilities [{applicationCacheEnabled=false, rotatable=false, mobileEmulationEnabled=false, networkConnectionEnabled=false, chrome={chromedriverVersion=2.32.498537 (cb2f855cbc7b82e20387eaf9a43f6b99b6105061), userDataDir=/var/folders/mg/5v6c75rx19s2l9klbl5h3sl80000gn/T/.org.chromium.Chromium.bpgFJs}, takesHeapSnapshot=true, pageLoadStrategy=normal, databaseEnabled=false, handlesAlerts=true, hasTouchScreen=false, version=86.0.4240.183, platform=MAC, browserConnectionEnabled=false, nativeEvents=true, acceptSslCerts=true, locationContextEnabled=true, webStorageEnabled=true, browserName=chrome, takesScreenshot=true, javascriptEnabled=true, cssSelectorsEnabled=true, setWindowRect=true, unexpectedAlertBehaviour=}],Session ID: d1ae4d5d2752a841d941404ddbfb7607; unknown error: call function result missing &#39;value&#39;
   {&#34;status&#34;:-1,&#34;state&#34;:&#34;unknown error&#34;,&#34;code&#34;:&#34;&#34;,&#34;value&#34;:{&#34;systemInformation&#34;:&#34;System info: host: &#39;MacBook-Pro-de-Paul.local&#39;, ip: &#39;fe80:0:0:0:1854:68a:9f2c:78b9%en0&#39;, os.name: &#39;Mac OS X&#39;, os.arch: &#39;x86_64&#39;, os.version: &#39;10.15.4&#39;, java.version: &#39;13.0.1&#39;&#34;,&#34;message&#34;:&#34;unknown error: call function result missing &#39;value&#39;&#34;,&#34;error&#34;:[&#34;  (Session info: chrome=86.0.4240.183)&#34;,&#34;  (Driver info: chromedriver=2.32.498537 (cb2f855cbc7b82e20387eaf9a43f6b99b6105061),platform=Mac OS X 10.15.4 x86_64) (WARNING: The server did not provide any stacktrace information)&#34;,&#34;Command duration or timeout: 9 milliseconds&#34;,&#34;Build info: version: &#39;3.4.0&#39;, revision: &#39;unknown&#39;, time: &#39;unknown&#39;&#34;,&#34;System info: host: &#39;MacBook-Pro-de-Paul.local&#39;, ip: &#39;fe80:0:0:0:1854:68a:9f2c:78b9%en0&#39;, os.name: &#39;Mac OS X&#39;, os.arch: &#39;x86_64&#39;, os.version: &#39;10.15.4&#39;, java.version: &#39;13.0.1&#39;&#34;,&#34;Driver info: org.openqa.selenium.chrome.ChromeDriver&#34;,&#34;Capabilities [{applicationCacheEnabled=false, rotatable=false, mobileEmulationEnabled=false, networkConnectionEnabled=false, chrome={chromedriverVersion=2.32.498537 (cb2f855cbc7b82e20387eaf9a43f6b99b6105061), userDataDir=/var/folders/mg/5v6c75rx19s2l9klbl5h3sl80000gn/T/.org.chromium.Chromium.bpgFJs}, takesHeapSnapshot=true, pageLoadStrategy=normal, databaseEnabled=false, handlesAlerts=true, hasTouchScreen=false, version=86.0.4240.183, platform=MAC, browserConnectionEnabled=false, nativeEvents=true, acceptSslCerts=true, locationContextEnabled=true, webStorageEnabled=true, browserName=chrome, takesScreenshot=true, javascriptEnabled=true, cssSelectorsEnabled=true, setWindowRect=true, unexpectedAlertBehaviour=}]&#34;,&#34;Session ID: d1ae4d5d2752a841d941404ddbfb7607&#34;]},&#34;errorStatus&#34;:13,&#34;error&#34;:&#34;An unknown server-side error occurred while processing the command. – unknown error: call function result missing &#39;value...&#34;,&#34;httpStatusCode&#34;:500}
       at runMicrotasks (&lt;anonymous&gt;)
       at processTicksAndRejections (internal/process/task_queues.js:93:5)
  TimeoutError: An error occurred while running .clearValue() command on &lt;#add-to-cart-form input&gt;:   (Session info: chrome=86.0.4240.183),  (Driver info: chromedriver=2.32.498537 (cb2f855cbc7b82e20387eaf9a43f6b99b6105061),platform=Mac OS X 10.15.4 x86_64) (WARNING: The server did not provide any stacktrace information),Command duration or timeout: 12 milliseconds,Build info: version: &#39;3.4.0&#39;, revision: &#39;unknown&#39;, time: &#39;unknown&#39;,System info: host: &#39;MacBook-Pro-de-Paul.local&#39;, ip: &#39;fe80:0:0:0:1854:68a:9f2c:78b9%en0&#39;, os.name: &#39;Mac OS X&#39;, os.arch: &#39;x86_64&#39;, os.version: &#39;10.15.4&#39;, java.version: &#39;13.0.1&#39;,Driver info: org.openqa.selenium.chrome.ChromeDriver,Capabilities [{applicationCacheEnabled=false, rotatable=false, mobileEmulationEnabled=false, networkConnectionEnabled=false, chrome={chromedriverVersion=2.32.498537 (cb2f855cbc7b82e20387eaf9a43f6b99b6105061), userDataDir=/var/folders/mg/5v6c75rx19s2l9klbl5h3sl80000gn/T/.org.chromium.Chromium.bpgFJs}, takesHeapSnapshot=true, pageLoadStrategy=normal, databaseEnabled=false, handlesAlerts=true, hasTouchScreen=false, version=86.0.4240.183, platform=MAC, browserConnectionEnabled=false, nativeEvents=true, acceptSslCerts=true, locationContextEnabled=true, webStorageEnabled=true, browserName=chrome, takesScreenshot=true, javascriptEnabled=true, cssSelectorsEnabled=true, setWindowRect=true, unexpectedAlertBehaviour=}],Session ID: d1ae4d5d2752a841d941404ddbfb7607; unknown error: call function result missing &#39;value&#39;
   {&#34;status&#34;:-1,&#34;state&#34;:&#34;unknown error&#34;,&#34;code&#34;:&#34;&#34;,&#34;value&#34;:{&#34;systemInformation&#34;:&#34;System info: host: &#39;MacBook-Pro-de-Paul.local&#39;, ip: &#39;fe80:0:0:0:1854:68a:9f2c:78b9%en0&#39;, os.name: &#39;Mac OS X&#39;, os.arch: &#39;x86_64&#39;, os.version: &#39;10.15.4&#39;, java.version: &#39;13.0.1&#39;&#34;,&#34;message&#34;:&#34;unknown error: call function result missing &#39;value&#39;&#34;,&#34;error&#34;:[&#34;  (Session info: chrome=86.0.4240.183)&#34;,&#34;  (Driver info: chromedriver=2.32.498537 (cb2f855cbc7b82e20387eaf9a43f6b99b6105061),platform=Mac OS X 10.15.4 x86_64) (WARNING: The server did not provide any stacktrace information)&#34;,&#34;Command duration or timeout: 12 milliseconds&#34;,&#34;Build info: version: &#39;3.4.0&#39;, revision: &#39;unknown&#39;, time: &#39;unknown&#39;&#34;,&#34;System info: host: &#39;MacBook-Pro-de-Paul.local&#39;, ip: &#39;fe80:0:0:0:1854:68a:9f2c:78b9%en0&#39;, os.name: &#39;Mac OS X&#39;, os.arch: &#39;x86_64&#39;, os.version: &#39;10.15.4&#39;, java.version: &#39;13.0.1&#39;&#34;,&#34;Driver info: org.openqa.selenium.chrome.ChromeDriver&#34;,&#34;Capabilities [{applicationCacheEnabled=false, rotatable=false, mobileEmulationEnabled=false, networkConnectionEnabled=false, chrome={chromedriverVersion=2.32.498537 (cb2f855cbc7b82e20387eaf9a43f6b99b6105061), userDataDir=/var/folders/mg/5v6c75rx19s2l9klbl5h3sl80000gn/T/.org.chromium.Chromium.bpgFJs}, takesHeapSnapshot=true, pageLoadStrategy=normal, databaseEnabled=false, handlesAlerts=true, hasTouchScreen=false, version=86.0.4240.183, platform=MAC, browserConnectionEnabled=false, nativeEvents=true, acceptSslCerts=true, locationContextEnabled=true, webStorageEnabled=true, browserName=chrome, takesScreenshot=true, javascriptEnabled=true, cssSelectorsEnabled=true, setWindowRect=true, unexpectedAlertBehaviour=}]&#34;,&#34;Session ID: d1ae4d5d2752a841d941404ddbfb7607&#34;]},&#34;errorStatus&#34;:13,&#34;error&#34;:&#34;An unknown server-side error occurred while processing the command. – unknown error: call function result missing &#39;value...&#34;,&#34;httpStatusCode&#34;:500}
       at runMicrotasks (&lt;anonymous&gt;)
       at processTicksAndRejections (internal/process/task_queues.js:93:5)
  TimeoutError: An error occurred while running .setValue() command on &lt;#add-to-cart-form input&gt;:   (Session info: chrome=86.0.4240.183),  (Driver info: chromedriver=2.32.498537 (cb2f855cbc7b82e20387eaf9a43f6b99b6105061),platform=Mac OS X 10.15.4 x86_64) (WARNING: The server did not provide any stacktrace information),Command duration or timeout: 21 milliseconds,Build info: version: &#39;3.4.0&#39;, revision: &#39;unknown&#39;, time: &#39;unknown&#39;,System info: host: &#39;MacBook-Pro-de-Paul.local&#39;, ip: &#39;fe80:0:0:0:1854:68a:9f2c:78b9%en0&#39;, os.name: &#39;Mac OS X&#39;, os.arch: &#39;x86_64&#39;, os.version: &#39;10.15.4&#39;, java.version: &#39;13.0.1&#39;,Driver info: org.openqa.selenium.chrome.ChromeDriver,Capabilities [{applicationCacheEnabled=false, rotatable=false, mobileEmulationEnabled=false, networkConnectionEnabled=false, chrome={chromedriverVersion=2.32.498537 (cb2f855cbc7b82e20387eaf9a43f6b99b6105061), userDataDir=/var/folders/mg/5v6c75rx19s2l9klbl5h3sl80000gn/T/.org.chromium.Chromium.bpgFJs}, takesHeapSnapshot=true, pageLoadStrategy=normal, databaseEnabled=false, handlesAlerts=true, hasTouchScreen=false, version=86.0.4240.183, platform=MAC, browserConnectionEnabled=false, nativeEvents=true, acceptSslCerts=true, locationContextEnabled=true, webStorageEnabled=true, browserName=chrome, takesScreenshot=true, javascriptEnabled=true, cssSelectorsEnabled=true, setWindowRect=true, unexpectedAlertBehaviour=}],Session ID: d1ae4d5d2752a841d941404ddbfb7607; unknown error: call function result missing &#39;value&#39;
   {&#34;status&#34;:-1,&#34;state&#34;:&#34;unknown error&#34;,&#34;code&#34;:&#34;&#34;,&#34;value&#34;:{&#34;systemInformation&#34;:&#34;System info: host: &#39;MacBook-Pro-de-Paul.local&#39;, ip: &#39;fe80:0:0:0:1854:68a:9f2c:78b9%en0&#39;, os.name: &#39;Mac OS X&#39;, os.arch: &#39;x86_64&#39;, os.version: &#39;10.15.4&#39;, java.version: &#39;13.0.1&#39;&#34;,&#34;message&#34;:&#34;unknown error: call function result missing &#39;value&#39;&#34;,&#34;error&#34;:[&#34;  (Session info: chrome=86.0.4240.183)&#34;,&#34;  (Driver info: chromedriver=2.32.498537 (cb2f855cbc7b82e20387eaf9a43f6b99b6105061),platform=Mac OS X 10.15.4 x86_64) (WARNING: The server did not provide any stacktrace information)&#34;,&#34;Command duration or timeout: 21 milliseconds&#34;,&#34;Build info: version: &#39;3.4.0&#39;, revision: &#39;unknown&#39;, time: &#39;unknown&#39;&#34;,&#34;System info: host: &#39;MacBook-Pro-de-Paul.local&#39;, ip: &#39;fe80:0:0:0:1854:68a:9f2c:78b9%en0&#39;, os.name: &#39;Mac OS X&#39;, os.arch: &#39;x86_64&#39;, os.version: &#39;10.15.4&#39;, java.version: &#39;13.0.1&#39;&#34;,&#34;Driver info: org.openqa.selenium.chrome.ChromeDriver&#34;,&#34;Capabilities [{applicationCacheEnabled=false, rotatable=false, mobileEmulationEnabled=false, networkConnectionEnabled=false, chrome={chromedriverVersion=2.32.498537 (cb2f855cbc7b82e20387eaf9a43f6b99b6105061), userDataDir=/var/folders/mg/5v6c75rx19s2l9klbl5h3sl80000gn/T/.org.chromium.Chromium.bpgFJs}, takesHeapSnapshot=true, pageLoadStrategy=normal, databaseEnabled=false, handlesAlerts=true, hasTouchScreen=false, version=86.0.4240.183, platform=MAC, browserConnectionEnabled=false, nativeEvents=true, acceptSslCerts=true, locationContextEnabled=true, webStorageEnabled=true, browserName=chrome, takesScreenshot=true, javascriptEnabled=true, cssSelectorsEnabled=true, setWindowRect=true, unexpectedAlertBehaviour=}]&#34;,&#34;Session ID: d1ae4d5d2752a841d941404ddbfb7607&#34;]},&#34;errorStatus&#34;:13,&#34;error&#34;:&#34;An unknown server-side error occurred while processing the command. – unknown error: call function result missing &#39;value...&#34;,&#34;httpStatusCode&#34;:500}
       at runMicrotasks (&lt;anonymous&gt;)
       at processTicksAndRejections (internal/process/task_queues.js:93:5)
  TimeoutError: An error occurred while running .submitForm() command on &lt;#add-to-cart-form&gt;:   (Session info: chrome=86.0.4240.183),  (Driver info: chromedriver=2.32.498537 (cb2f855cbc7b82e20387eaf9a43f6b99b6105061),platform=Mac OS X 10.15.4 x86_64) (WARNING: The server did not provide any stacktrace information),Command duration or timeout: 11 milliseconds,Build info: version: &#39;3.4.0&#39;, revision: &#39;unknown&#39;, time: &#39;unknown&#39;,System info: host: &#39;MacBook-Pro-de-Paul.local&#39;, ip: &#39;fe80:0:0:0:1854:68a:9f2c:78b9%en0&#39;, os.name: &#39;Mac OS X&#39;, os.arch: &#39;x86_64&#39;, os.version: &#39;10.15.4&#39;, java.version: &#39;13.0.1&#39;,Driver info: org.openqa.selenium.chrome.ChromeDriver,Capabilities [{applicationCacheEnabled=false, rotatable=false, mobileEmulationEnabled=false, networkConnectionEnabled=false, chrome={chromedriverVersion=2.32.498537 (cb2f855cbc7b82e20387eaf9a43f6b99b6105061), userDataDir=/var/folders/mg/5v6c75rx19s2l9klbl5h3sl80000gn/T/.org.chromium.Chromium.bpgFJs}, takesHeapSnapshot=true, pageLoadStrategy=normal, databaseEnabled=false, handlesAlerts=true, hasTouchScreen=false, version=86.0.4240.183, platform=MAC, browserConnectionEnabled=false, nativeEvents=true, acceptSslCerts=true, locationContextEnabled=true, webStorageEnabled=true, browserName=chrome, takesScreenshot=true, javascriptEnabled=true, cssSelectorsEnabled=true, setWindowRect=true, unexpectedAlertBehaviour=}],Session ID: d1ae4d5d2752a841d941404ddbfb7607; unknown error: call function result missing &#39;value&#39;
   {&#34;status&#34;:-1,&#34;state&#34;:&#34;unknown error&#34;,&#34;code&#34;:&#34;&#34;,&#34;value&#34;:{&#34;systemInformation&#34;:&#34;System info: host: &#39;MacBook-Pro-de-Paul.local&#39;, ip: &#39;fe80:0:0:0:1854:68a:9f2c:78b9%en0&#39;, os.name: &#39;Mac OS X&#39;, os.arch: &#39;x86_64&#39;, os.version: &#39;10.15.4&#39;, java.version: &#39;13.0.1&#39;&#34;,&#34;message&#34;:&#34;unknown error: call function result missing &#39;value&#39;&#34;,&#34;error&#34;:[&#34;  (Session info: chrome=86.0.4240.183)&#34;,&#34;  (Driver info: chromedriver=2.32.498537 (cb2f855cbc7b82e20387eaf9a43f6b99b6105061),platform=Mac OS X 10.15.4 x86_64) (WARNING: The server did not provide any stacktrace information)&#34;,&#34;Command duration or timeout: 11 milliseconds&#34;,&#34;Build info: version: &#39;3.4.0&#39;, revision: &#39;unknown&#39;, time: &#39;unknown&#39;&#34;,&#34;System info: host: &#39;MacBook-Pro-de-Paul.local&#39;, ip: &#39;fe80:0:0:0:1854:68a:9f2c:78b9%en0&#39;, os.name: &#39;Mac OS X&#39;, os.arch: &#39;x86_64&#39;, os.version: &#39;10.15.4&#39;, java.version: &#39;13.0.1&#39;&#34;,&#34;Driver info: org.openqa.selenium.chrome.ChromeDriver&#34;,&#34;Capabilities [{applicationCacheEnabled=false, rotatable=false, mobileEmulationEnabled=false, networkConnectionEnabled=false, chrome={chromedriverVersion=2.32.498537 (cb2f855cbc7b82e20387eaf9a43f6b99b6105061), userDataDir=/var/folders/mg/5v6c75rx19s2l9klbl5h3sl80000gn/T/.org.chromium.Chromium.bpgFJs}, takesHeapSnapshot=true, pageLoadStrategy=normal, databaseEnabled=false, handlesAlerts=true, hasTouchScreen=false, version=86.0.4240.183, platform=MAC, browserConnectionEnabled=false, nativeEvents=true, acceptSslCerts=true, locationContextEnabled=true, webStorageEnabled=true, browserName=chrome, takesScreenshot=true, javascriptEnabled=true, cssSelectorsEnabled=true, setWindowRect=true, unexpectedAlertBehaviour=}]&#34;,&#34;Session ID: d1ae4d5d2752a841d941404ddbfb7607&#34;]},&#34;errorStatus&#34;:13,&#34;error&#34;:&#34;An unknown server-side error occurred while processing the command. – unknown error: call function result missing &#39;value...&#34;,&#34;httpStatusCode&#34;:500}
       at runMicrotasks (&lt;anonymous&gt;)
       at processTicksAndRejections (internal/process/task_queues.js:93:5)
  TimeoutError: An error occurred while running .clearValue() command on &lt;#add-to-cart-form input&gt;:   (Session info: chrome=86.0.4240.183),  (Driver info: chromedriver=2.32.498537 (cb2f855cbc7b82e20387eaf9a43f6b99b6105061),platform=Mac OS X 10.15.4 x86_64) (WARNING: The server did not provide any stacktrace information),Command duration or timeout: 12 milliseconds,Build info: version: &#39;3.4.0&#39;, revision: &#39;unknown&#39;, time: &#39;unknown&#39;,System info: host: &#39;MacBook-Pro-de-Paul.local&#39;, ip: &#39;fe80:0:0:0:1854:68a:9f2c:78b9%en0&#39;, os.name: &#39;Mac OS X&#39;, os.arch: &#39;x86_64&#39;, os.version: &#39;10.15.4&#39;, java.version: &#39;13.0.1&#39;,Driver info: org.openqa.selenium.chrome.ChromeDriver,Capabilities [{applicationCacheEnabled=false, rotatable=false, mobileEmulationEnabled=false, networkConnectionEnabled=false, chrome={chromedriverVersion=2.32.498537 (cb2f855cbc7b82e20387eaf9a43f6b99b6105061), userDataDir=/var/folders/mg/5v6c75rx19s2l9klbl5h3sl80000gn/T/.org.chromium.Chromium.bpgFJs}, takesHeapSnapshot=true, pageLoadStrategy=normal, databaseEnabled=false, handlesAlerts=true, hasTouchScreen=false, version=86.0.4240.183, platform=MAC, browserConnectionEnabled=false, nativeEvents=true, acceptSslCerts=true, locationContextEnabled=true, webStorageEnabled=true, browserName=chrome, takesScreenshot=true, javascriptEnabled=true, cssSelectorsEnabled=true, setWindowRect=true, unexpectedAlertBehaviour=}],Session ID: d1ae4d5d2752a841d941404ddbfb7607; unknown error: call function result missing &#39;value&#39;
   {&#34;status&#34;:-1,&#34;state&#34;:&#34;unknown error&#34;,&#34;code&#34;:&#34;&#34;,&#34;value&#34;:{&#34;systemInformation&#34;:&#34;System info: host: &#39;MacBook-Pro-de-Paul.local&#39;, ip: &#39;fe80:0:0:0:1854:68a:9f2c:78b9%en0&#39;, os.name: &#39;Mac OS X&#39;, os.arch: &#39;x86_64&#39;, os.version: &#39;10.15.4&#39;, java.version: &#39;13.0.1&#39;&#34;,&#34;message&#34;:&#34;unknown error: call function result missing &#39;value&#39;&#34;,&#34;error&#34;:[&#34;  (Session info: chrome=86.0.4240.183)&#34;,&#34;  (Driver info: chromedriver=2.32.498537 (cb2f855cbc7b82e20387eaf9a43f6b99b6105061),platform=Mac OS X 10.15.4 x86_64) (WARNING: The server did not provide any stacktrace information)&#34;,&#34;Command duration or timeout: 12 milliseconds&#34;,&#34;Build info: version: &#39;3.4.0&#39;, revision: &#39;unknown&#39;, time: &#39;unknown&#39;&#34;,&#34;System info: host: &#39;MacBook-Pro-de-Paul.local&#39;, ip: &#39;fe80:0:0:0:1854:68a:9f2c:78b9%en0&#39;, os.name: &#39;Mac OS X&#39;, os.arch: &#39;x86_64&#39;, os.version: &#39;10.15.4&#39;, java.version: &#39;13.0.1&#39;&#34;,&#34;Driver info: org.openqa.selenium.chrome.ChromeDriver&#34;,&#34;Capabilities [{applicationCacheEnabled=false, rotatable=false, mobileEmulationEnabled=false, networkConnectionEnabled=false, chrome={chromedriverVersion=2.32.498537 (cb2f855cbc7b82e20387eaf9a43f6b99b6105061), userDataDir=/var/folders/mg/5v6c75rx19s2l9klbl5h3sl80000gn/T/.org.chromium.Chromium.bpgFJs}, takesHeapSnapshot=true, pageLoadStrategy=normal, databaseEnabled=false, handlesAlerts=true, hasTouchScreen=false, version=86.0.4240.183, platform=MAC, browserConnectionEnabled=false, nativeEvents=true, acceptSslCerts=true, locationContextEnabled=true, webStorageEnabled=true, browserName=chrome, takesScreenshot=true, javascriptEnabled=true, cssSelectorsEnabled=true, setWindowRect=true, unexpectedAlertBehaviour=}]&#34;,&#34;Session ID: d1ae4d5d2752a841d941404ddbfb7607&#34;]},&#34;errorStatus&#34;:13,&#34;error&#34;:&#34;An unknown server-side error occurred while processing the command. – unknown error: call function result missing &#39;value...&#34;,&#34;httpStatusCode&#34;:500}
       at runMicrotasks (&lt;anonymous&gt;)
       at processTicksAndRejections (internal/process/task_queues.js:93:5)
  TimeoutError: An error occurred while running .setValue() command on &lt;#add-to-cart-form input&gt;:   (Session info: chrome=86.0.4240.183),  (Driver info: chromedriver=2.32.498537 (cb2f855cbc7b82e20387eaf9a43f6b99b6105061),platform=Mac OS X 10.15.4 x86_64) (WARNING: The server did not provide any stacktrace information),Command duration or timeout: 19 milliseconds,Build info: version: &#39;3.4.0&#39;, revision: &#39;unknown&#39;, time: &#39;unknown&#39;,System info: host: &#39;MacBook-Pro-de-Paul.local&#39;, ip: &#39;fe80:0:0:0:1854:68a:9f2c:78b9%en0&#39;, os.name: &#39;Mac OS X&#39;, os.arch: &#39;x86_64&#39;, os.version: &#39;10.15.4&#39;, java.version: &#39;13.0.1&#39;,Driver info: org.openqa.selenium.chrome.ChromeDriver,Capabilities [{applicationCacheEnabled=false, rotatable=false, mobileEmulationEnabled=false, networkConnectionEnabled=false, chrome={chromedriverVersion=2.32.498537 (cb2f855cbc7b82e20387eaf9a43f6b99b6105061), userDataDir=/var/folders/mg/5v6c75rx19s2l9klbl5h3sl80000gn/T/.org.chromium.Chromium.bpgFJs}, takesHeapSnapshot=true, pageLoadStrategy=normal, databaseEnabled=false, handlesAlerts=true, hasTouchScreen=false, version=86.0.4240.183, platform=MAC, browserConnectionEnabled=false, nativeEvents=true, acceptSslCerts=true, locationContextEnabled=true, webStorageEnabled=true, browserName=chrome, takesScreenshot=true, javascriptEnabled=true, cssSelectorsEnabled=true, setWindowRect=true, unexpectedAlertBehaviour=}],Session ID: d1ae4d5d2752a841d941404ddbfb7607; unknown error: call function result missing &#39;value&#39;
   {&#34;status&#34;:-1,&#34;state&#34;:&#34;unknown error&#34;,&#34;code&#34;:&#34;&#34;,&#34;value&#34;:{&#34;systemInformation&#34;:&#34;System info: host: &#39;MacBook-Pro-de-Paul.local&#39;, ip: &#39;fe80:0:0:0:1854:68a:9f2c:78b9%en0&#39;, os.name: &#39;Mac OS X&#39;, os.arch: &#39;x86_64&#39;, os.version: &#39;10.15.4&#39;, java.version: &#39;13.0.1&#39;&#34;,&#34;message&#34;:&#34;unknown error: call function result missing &#39;value&#39;&#34;,&#34;error&#34;:[&#34;  (Session info: chrome=86.0.4240.183)&#34;,&#34;  (Driver info: chromedriver=2.32.498537 (cb2f855cbc7b82e20387eaf9a43f6b99b6105061),platform=Mac OS X 10.15.4 x86_64) (WARNING: The server did not provide any stacktrace information)&#34;,&#34;Command duration or timeout: 19 milliseconds&#34;,&#34;Build info: version: &#39;3.4.0&#39;, revision: &#39;unknown&#39;, time: &#39;unknown&#39;&#34;,&#34;System info: host: &#39;MacBook-Pro-de-Paul.local&#39;, ip: &#39;fe80:0:0:0:1854:68a:9f2c:78b9%en0&#39;, os.name: &#39;Mac OS X&#39;, os.arch: &#39;x86_64&#39;, os.version: &#39;10.15.4&#39;, java.version: &#39;13.0.1&#39;&#34;,&#34;Driver info: org.openqa.selenium.chrome.ChromeDriver&#34;,&#34;Capabilities [{applicationCacheEnabled=false, rotatable=false, mobileEmulationEnabled=false, networkConnectionEnabled=false, chrome={chromedriverVersion=2.32.498537 (cb2f855cbc7b82e20387eaf9a43f6b99b6105061), userDataDir=/var/folders/mg/5v6c75rx19s2l9klbl5h3sl80000gn/T/.org.chromium.Chromium.bpgFJs}, takesHeapSnapshot=true, pageLoadStrategy=normal, databaseEnabled=false, handlesAlerts=true, hasTouchScreen=false, version=86.0.4240.183, platform=MAC, browserConnectionEnabled=false, nativeEvents=true, acceptSslCerts=true, locationContextEnabled=true, webStorageEnabled=true, browserName=chrome, takesScreenshot=true, javascriptEnabled=true, cssSelectorsEnabled=true, setWindowRect=true, unexpectedAlertBehaviour=}]&#34;,&#34;Session ID: d1ae4d5d2752a841d941404ddbfb7607&#34;]},&#34;errorStatus&#34;:13,&#34;error&#34;:&#34;An unknown server-side error occurred while processing the command. – unknown error: call function result missing &#39;value...&#34;,&#34;httpStatusCode&#34;:500}
       at runMicrotasks (&lt;anonymous&gt;)
       at processTicksAndRejections (internal/process/task_queues.js:93:5)
  TimeoutError: An error occurred while running .submitForm() command on &lt;#add-to-cart-form&gt;:   (Session info: chrome=86.0.4240.183),  (Driver info: chromedriver=2.32.498537 (cb2f855cbc7b82e20387eaf9a43f6b99b6105061),platform=Mac OS X 10.15.4 x86_64) (WARNING: The server did not provide any stacktrace information),Command duration or timeout: 10 milliseconds,Build info: version: &#39;3.4.0&#39;, revision: &#39;unknown&#39;, time: &#39;unknown&#39;,System info: host: &#39;MacBook-Pro-de-Paul.local&#39;, ip: &#39;fe80:0:0:0:1854:68a:9f2c:78b9%en0&#39;, os.name: &#39;Mac OS X&#39;, os.arch: &#39;x86_64&#39;, os.version: &#39;10.15.4&#39;, java.version: &#39;13.0.1&#39;,Driver info: org.openqa.selenium.chrome.ChromeDriver,Capabilities [{applicationCacheEnabled=false, rotatable=false, mobileEmulationEnabled=false, networkConnectionEnabled=false, chrome={chromedriverVersion=2.32.498537 (cb2f855cbc7b82e20387eaf9a43f6b99b6105061), userDataDir=/var/folders/mg/5v6c75rx19s2l9klbl5h3sl80000gn/T/.org.chromium.Chromium.bpgFJs}, takesHeapSnapshot=true, pageLoadStrategy=normal, databaseEnabled=false, handlesAlerts=true, hasTouchScreen=false, version=86.0.4240.183, platform=MAC, browserConnectionEnabled=false, nativeEvents=true, acceptSslCerts=true, locationContextEnabled=true, webStorageEnabled=true, browserName=chrome, takesScreenshot=true, javascriptEnabled=true, cssSelectorsEnabled=true, setWindowRect=true, unexpectedAlertBehaviour=}],Session ID: d1ae4d5d2752a841d941404ddbfb7607; unknown error: call function result missing &#39;value&#39;
   {&#34;status&#34;:-1,&#34;state&#34;:&#34;unknown error&#34;,&#34;code&#34;:&#34;&#34;,&#34;value&#34;:{&#34;systemInformation&#34;:&#34;System info: host: &#39;MacBook-Pro-de-Paul.local&#39;, ip: &#39;fe80:0:0:0:1854:68a:9f2c:78b9%en0&#39;, os.name: &#39;Mac OS X&#39;, os.arch: &#39;x86_64&#39;, os.version: &#39;10.15.4&#39;, java.version: &#39;13.0.1&#39;&#34;,&#34;message&#34;:&#34;unknown error: call function result missing &#39;value&#39;&#34;,&#34;error&#34;:[&#34;  (Session info: chrome=86.0.4240.183)&#34;,&#34;  (Driver info: chromedriver=2.32.498537 (cb2f855cbc7b82e20387eaf9a43f6b99b6105061),platform=Mac OS X 10.15.4 x86_64) (WARNING: The server did not provide any stacktrace information)&#34;,&#34;Command duration or timeout: 10 milliseconds&#34;,&#34;Build info: version: &#39;3.4.0&#39;, revision: &#39;unknown&#39;, time: &#39;unknown&#39;&#34;,&#34;System info: host: &#39;MacBook-Pro-de-Paul.local&#39;, ip: &#39;fe80:0:0:0:1854:68a:9f2c:78b9%en0&#39;, os.name: &#39;Mac OS X&#39;, os.arch: &#39;x86_64&#39;, os.version: &#39;10.15.4&#39;, java.version: &#39;13.0.1&#39;&#34;,&#34;Driver info: org.openqa.selenium.chrome.ChromeDriver&#34;,&#34;Capabilities [{applicationCacheEnabled=false, rotatable=false, mobileEmulationEnabled=false, networkConnectionEnabled=false, chrome={chromedriverVersion=2.32.498537 (cb2f855cbc7b82e20387eaf9a43f6b99b6105061), userDataDir=/var/folders/mg/5v6c75rx19s2l9klbl5h3sl80000gn/T/.org.chromium.Chromium.bpgFJs}, takesHeapSnapshot=true, pageLoadStrategy=normal, databaseEnabled=false, handlesAlerts=true, hasTouchScreen=false, version=86.0.4240.183, platform=MAC, browserConnectionEnabled=false, nativeEvents=true, acceptSslCerts=true, locationContextEnabled=true, webStorageEnabled=true, browserName=chrome, takesScreenshot=true, javascriptEnabled=true, cssSelectorsEnabled=true, setWindowRect=true, unexpectedAlertBehaviour=}]&#34;,&#34;Session ID: d1ae4d5d2752a841d941404ddbfb7607&#34;]},&#34;errorStatus&#34;:13,&#34;error&#34;:&#34;An unknown server-side error occurred while processing the command. – unknown error: call function result missing &#39;value...&#34;,&#34;httpStatusCode&#34;:500}
       at runMicrotasks (&lt;anonymous&gt;)
       at processTicksAndRejections (internal/process/task_queues.js:93:5)
  TimeoutError: An error occurred while running .clearValue() command on &lt;#add-to-cart-form input&gt;:   (Session info: chrome=86.0.4240.183),  (Driver info: chromedriver=2.32.498537 (cb2f855cbc7b82e20387eaf9a43f6b99b6105061),platform=Mac OS X 10.15.4 x86_64) (WARNING: The server did not provide any stacktrace information),Command duration or timeout: 12 milliseconds,Build info: version: &#39;3.4.0&#39;, revision: &#39;unknown&#39;, time: &#39;unknown&#39;,System info: host: &#39;MacBook-Pro-de-Paul.local&#39;, ip: &#39;fe80:0:0:0:1854:68a:9f2c:78b9%en0&#39;, os.name: &#39;Mac OS X&#39;, os.arch: &#39;x86_64&#39;, os.version: &#39;10.15.4&#39;, java.version: &#39;13.0.1&#39;,Driver info: org.openqa.selenium.chrome.ChromeDriver,Capabilities [{applicationCacheEnabled=false, rotatable=false, mobileEmulationEnabled=false, networkConnectionEnabled=false, chrome={chromedriverVersion=2.32.498537 (cb2f855cbc7b82e20387eaf9a43f6b99b6105061), userDataDir=/var/folders/mg/5v6c75rx19s2l9klbl5h3sl80000gn/T/.org.chromium.Chromium.bpgFJs}, takesHeapSnapshot=true, pageLoadStrategy=normal, databaseEnabled=false, handlesAlerts=true, hasTouchScreen=false, version=86.0.4240.183, platform=MAC, browserConnectionEnabled=false, nativeEvents=true, acceptSslCerts=true, locationContextEnabled=true, webStorageEnabled=true, browserName=chrome, takesScreenshot=true, javascriptEnabled=true, cssSelectorsEnabled=true, setWindowRect=true, unexpectedAlertBehaviour=}],Session ID: d1ae4d5d2752a841d941404ddbfb7607; unknown error: call function result missing &#39;value&#39;
   {&#34;status&#34;:-1,&#34;state&#34;:&#34;unknown error&#34;,&#34;code&#34;:&#34;&#34;,&#34;value&#34;:{&#34;systemInformation&#34;:&#34;System info: host: &#39;MacBook-Pro-de-Paul.local&#39;, ip: &#39;fe80:0:0:0:1854:68a:9f2c:78b9%en0&#39;, os.name: &#39;Mac OS X&#39;, os.arch: &#39;x86_64&#39;, os.version: &#39;10.15.4&#39;, java.version: &#39;13.0.1&#39;&#34;,&#34;message&#34;:&#34;unknown error: call function result missing &#39;value&#39;&#34;,&#34;error&#34;:[&#34;  (Session info: chrome=86.0.4240.183)&#34;,&#34;  (Driver info: chromedriver=2.32.498537 (cb2f855cbc7b82e20387eaf9a43f6b99b6105061),platform=Mac OS X 10.15.4 x86_64) (WARNING: The server did not provide any stacktrace information)&#34;,&#34;Command duration or timeout: 12 milliseconds&#34;,&#34;Build info: version: &#39;3.4.0&#39;, revision: &#39;unknown&#39;, time: &#39;unknown&#39;&#34;,&#34;System info: host: &#39;MacBook-Pro-de-Paul.local&#39;, ip: &#39;fe80:0:0:0:1854:68a:9f2c:78b9%en0&#39;, os.name: &#39;Mac OS X&#39;, os.arch: &#39;x86_64&#39;, os.version: &#39;10.15.4&#39;, java.version: &#39;13.0.1&#39;&#34;,&#34;Driver info: org.openqa.selenium.chrome.ChromeDriver&#34;,&#34;Capabilities [{applicationCacheEnabled=false, rotatable=false, mobileEmulationEnabled=false, networkConnectionEnabled=false, chrome={chromedriverVersion=2.32.498537 (cb2f855cbc7b82e20387eaf9a43f6b99b6105061), userDataDir=/var/folders/mg/5v6c75rx19s2l9klbl5h3sl80000gn/T/.org.chromium.Chromium.bpgFJs}, takesHeapSnapshot=true, pageLoadStrategy=normal, databaseEnabled=false, handlesAlerts=true, hasTouchScreen=false, version=86.0.4240.183, platform=MAC, browserConnectionEnabled=false, nativeEvents=true, acceptSslCerts=true, locationContextEnabled=true, webStorageEnabled=true, browserName=chrome, takesScreenshot=true, javascriptEnabled=true, cssSelectorsEnabled=true, setWindowRect=true, unexpectedAlertBehaviour=}]&#34;,&#34;Session ID: d1ae4d5d2752a841d941404ddbfb7607&#34;]},&#34;errorStatus&#34;:13,&#34;error&#34;:&#34;An unknown server-side error occurred while processing the command. – unknown error: call function result missing &#39;value...&#34;,&#34;httpStatusCode&#34;:500}
       at runMicrotasks (&lt;anonymous&gt;)
       at processTicksAndRejections (internal/process/task_queues.js:93:5)
  TimeoutError: An error occurred while running .setValue() command on &lt;#add-to-cart-form input&gt;:   (Session info: chrome=86.0.4240.183),  (Driver info: chromedriver=2.32.498537 (cb2f855cbc7b82e20387eaf9a43f6b99b6105061),platform=Mac OS X 10.15.4 x86_64) (WARNING: The server did not provide any stacktrace information),Command duration or timeout: 19 milliseconds,Build info: version: &#39;3.4.0&#39;, revision: &#39;unknown&#39;, time: &#39;unknown&#39;,System info: host: &#39;MacBook-Pro-de-Paul.local&#39;, ip: &#39;fe80:0:0:0:1854:68a:9f2c:78b9%en0&#39;, os.name: &#39;Mac OS X&#39;, os.arch: &#39;x86_64&#39;, os.version: &#39;10.15.4&#39;, java.version: &#39;13.0.1&#39;,Driver info: org.openqa.selenium.chrome.ChromeDriver,Capabilities [{applicationCacheEnabled=false, rotatable=false, mobileEmulationEnabled=false, networkConnectionEnabled=false, chrome={chromedriverVersion=2.32.498537 (cb2f855cbc7b82e20387eaf9a43f6b99b6105061), userDataDir=/var/folders/mg/5v6c75rx19s2l9klbl5h3sl80000gn/T/.org.chromium.Chromium.bpgFJs}, takesHeapSnapshot=true, pageLoadStrategy=normal, databaseEnabled=false, handlesAlerts=true, hasTouchScreen=false, version=86.0.4240.183, platform=MAC, browserConnectionEnabled=false, nativeEvents=true, acceptSslCerts=true, locationContextEnabled=true, webStorageEnabled=true, browserName=chrome, takesScreenshot=true, javascriptEnabled=true, cssSelectorsEnabled=true, setWindowRect=true, unexpectedAlertBehaviour=}],Session ID: d1ae4d5d2752a841d941404ddbfb7607; unknown error: call function result missing &#39;value&#39;
   {&#34;status&#34;:-1,&#34;state&#34;:&#34;unknown error&#34;,&#34;code&#34;:&#34;&#34;,&#34;value&#34;:{&#34;systemInformation&#34;:&#34;System info: host: &#39;MacBook-Pro-de-Paul.local&#39;, ip: &#39;fe80:0:0:0:1854:68a:9f2c:78b9%en0&#39;, os.name: &#39;Mac OS X&#39;, os.arch: &#39;x86_64&#39;, os.version: &#39;10.15.4&#39;, java.version: &#39;13.0.1&#39;&#34;,&#34;message&#34;:&#34;unknown error: call function result missing &#39;value&#39;&#34;,&#34;error&#34;:[&#34;  (Session info: chrome=86.0.4240.183)&#34;,&#34;  (Driver info: chromedriver=2.32.498537 (cb2f855cbc7b82e20387eaf9a43f6b99b6105061),platform=Mac OS X 10.15.4 x86_64) (WARNING: The server did not provide any stacktrace information)&#34;,&#34;Command duration or timeout: 19 milliseconds&#34;,&#34;Build info: version: &#39;3.4.0&#39;, revision: &#39;unknown&#39;, time: &#39;unknown&#39;&#34;,&#34;System info: host: &#39;MacBook-Pro-de-Paul.local&#39;, ip: &#39;fe80:0:0:0:1854:68a:9f2c:78b9%en0&#39;, os.name: &#39;Mac OS X&#39;, os.arch: &#39;x86_64&#39;, os.version: &#39;10.15.4&#39;, java.version: &#39;13.0.1&#39;&#34;,&#34;Driver info: org.openqa.selenium.chrome.ChromeDriver&#34;,&#34;Capabilities [{applicationCacheEnabled=false, rotatable=false, mobileEmulationEnabled=false, networkConnectionEnabled=false, chrome={chromedriverVersion=2.32.498537 (cb2f855cbc7b82e20387eaf9a43f6b99b6105061), userDataDir=/var/folders/mg/5v6c75rx19s2l9klbl5h3sl80000gn/T/.org.chromium.Chromium.bpgFJs}, takesHeapSnapshot=true, pageLoadStrategy=normal, databaseEnabled=false, handlesAlerts=true, hasTouchScreen=false, version=86.0.4240.183, platform=MAC, browserConnectionEnabled=false, nativeEvents=true, acceptSslCerts=true, locationContextEnabled=true, webStorageEnabled=true, browserName=chrome, takesScreenshot=true, javascriptEnabled=true, cssSelectorsEnabled=true, setWindowRect=true, unexpectedAlertBehaviour=}]&#34;,&#34;Session ID: d1ae4d5d2752a841d941404ddbfb7607&#34;]},&#34;errorStatus&#34;:13,&#34;error&#34;:&#34;An unknown server-side error occurred while processing the command. – unknown error: call function result missing &#39;value...&#34;,&#34;httpStatusCode&#34;:500}
       at runMicrotasks (&lt;anonymous&gt;)
       at processTicksAndRejections (internal/process/task_queues.js:93:5)
  TimeoutError: An error occurred while running .submitForm() command on &lt;#add-to-cart-form&gt;:   (Session info: chrome=86.0.4240.183),  (Driver info: chromedriver=2.32.498537 (cb2f855cbc7b82e20387eaf9a43f6b99b6105061),platform=Mac OS X 10.15.4 x86_64) (WARNING: The server did not provide any stacktrace information),Command duration or timeout: 11 milliseconds,Build info: version: &#39;3.4.0&#39;, revision: &#39;unknown&#39;, time: &#39;unknown&#39;,System info: host: &#39;MacBook-Pro-de-Paul.local&#39;, ip: &#39;fe80:0:0:0:1854:68a:9f2c:78b9%en0&#39;, os.name: &#39;Mac OS X&#39;, os.arch: &#39;x86_64&#39;, os.version: &#39;10.15.4&#39;, java.version: &#39;13.0.1&#39;,Driver info: org.openqa.selenium.chrome.ChromeDriver,Capabilities [{applicationCacheEnabled=false, rotatable=false, mobileEmulationEnabled=false, networkConnectionEnabled=false, chrome={chromedriverVersion=2.32.498537 (cb2f855cbc7b82e20387eaf9a43f6b99b6105061), userDataDir=/var/folders/mg/5v6c75rx19s2l9klbl5h3sl80000gn/T/.org.chromium.Chromium.bpgFJs}, takesHeapSnapshot=true, pageLoadStrategy=normal, databaseEnabled=false, handlesAlerts=true, hasTouchScreen=false, version=86.0.4240.183, platform=MAC, browserConnectionEnabled=false, nativeEvents=true, acceptSslCerts=true, locationContextEnabled=true, webStorageEnabled=true, browserName=chrome, takesScreenshot=true, javascriptEnabled=true, cssSelectorsEnabled=true, setWindowRect=true, unexpectedAlertBehaviour=}],Session ID: d1ae4d5d2752a841d941404ddbfb7607; unknown error: call function result missing &#39;value&#39;
   {&#34;status&#34;:-1,&#34;state&#34;:&#34;unknown error&#34;,&#34;code&#34;:&#34;&#34;,&#34;value&#34;:{&#34;systemInformation&#34;:&#34;System info: host: &#39;MacBook-Pro-de-Paul.local&#39;, ip: &#39;fe80:0:0:0:1854:68a:9f2c:78b9%en0&#39;, os.name: &#39;Mac OS X&#39;, os.arch: &#39;x86_64&#39;, os.version: &#39;10.15.4&#39;, java.version: &#39;13.0.1&#39;&#34;,&#34;message&#34;:&#34;unknown error: call function result missing &#39;value&#39;&#34;,&#34;error&#34;:[&#34;  (Session info: chrome=86.0.4240.183)&#34;,&#34;  (Driver info: chromedriver=2.32.498537 (cb2f855cbc7b82e20387eaf9a43f6b99b6105061),platform=Mac OS X 10.15.4 x86_64) (WARNING: The server did not provide any stacktrace information)&#34;,&#34;Command duration or timeout: 11 milliseconds&#34;,&#34;Build info: version: &#39;3.4.0&#39;, revision: &#39;unknown&#39;, time: &#39;unknown&#39;&#34;,&#34;System info: host: &#39;MacBook-Pro-de-Paul.local&#39;, ip: &#39;fe80:0:0:0:1854:68a:9f2c:78b9%en0&#39;, os.name: &#39;Mac OS X&#39;, os.arch: &#39;x86_64&#39;, os.version: &#39;10.15.4&#39;, java.version: &#39;13.0.1&#39;&#34;,&#34;Driver info: org.openqa.selenium.chrome.ChromeDriver&#34;,&#34;Capabilities [{applicationCacheEnabled=false, rotatable=false, mobileEmulationEnabled=false, networkConnectionEnabled=false, chrome={chromedriverVersion=2.32.498537 (cb2f855cbc7b82e20387eaf9a43f6b99b6105061), userDataDir=/var/folders/mg/5v6c75rx19s2l9klbl5h3sl80000gn/T/.org.chromium.Chromium.bpgFJs}, takesHeapSnapshot=true, pageLoadStrategy=normal, databaseEnabled=false, handlesAlerts=true, hasTouchScreen=false, version=86.0.4240.183, platform=MAC, browserConnectionEnabled=false, nativeEvents=true, acceptSslCerts=true, locationContextEnabled=true, webStorageEnabled=true, browserName=chrome, takesScreenshot=true, javascriptEnabled=true, cssSelectorsEnabled=true, setWindowRect=true, unexpectedAlertBehaviour=}]&#34;,&#34;Session ID: d1ae4d5d2752a841d941404ddbfb7607&#34;]},&#34;errorStatus&#34;:13,&#34;error&#34;:&#34;An unknown server-side error occurred while processing the command. – unknown error: call function result missing &#39;value...&#34;,&#34;httpStatusCode&#34;:500}
       at runMicrotasks (&lt;anonymous&gt;)
       at processTicksAndRejections (internal/process/task_queues.js:93:5)
  TimeoutError: An error occurred while running .clearValue() command on &lt;#add-to-cart-form input&gt;:   (Session info: chrome=86.0.4240.183),  (Driver info: chromedriver=2.32.498537 (cb2f855cbc7b82e20387eaf9a43f6b99b6105061),platform=Mac OS X 10.15.4 x86_64) (WARNING: The server did not provide any stacktrace information),Command duration or timeout: 12 milliseconds,Build info: version: &#39;3.4.0&#39;, revision: &#39;unknown&#39;, time: &#39;unknown&#39;,System info: host: &#39;MacBook-Pro-de-Paul.local&#39;, ip: &#39;fe80:0:0:0:1854:68a:9f2c:78b9%en0&#39;, os.name: &#39;Mac OS X&#39;, os.arch: &#39;x86_64&#39;, os.version: &#39;10.15.4&#39;, java.version: &#39;13.0.1&#39;,Driver info: org.openqa.selenium.chrome.ChromeDriver,Capabilities [{applicationCacheEnabled=false, rotatable=false, mobileEmulationEnabled=false, networkConnectionEnabled=false, chrome={chromedriverVersion=2.32.498537 (cb2f855cbc7b82e20387eaf9a43f6b99b6105061), userDataDir=/var/folders/mg/5v6c75rx19s2l9klbl5h3sl80000gn/T/.org.chromium.Chromium.bpgFJs}, takesHeapSnapshot=true, pageLoadStrategy=normal, databaseEnabled=false, handlesAlerts=true, hasTouchScreen=false, version=86.0.4240.183, platform=MAC, browserConnectionEnabled=false, nativeEvents=true, acceptSslCerts=true, locationContextEnabled=true, webStorageEnabled=true, browserName=chrome, takesScreenshot=true, javascriptEnabled=true, cssSelectorsEnabled=true, setWindowRect=true, unexpectedAlertBehaviour=}],Session ID: d1ae4d5d2752a841d941404ddbfb7607; unknown error: call function result missing &#39;value&#39;
   {&#34;status&#34;:-1,&#34;state&#34;:&#34;unknown error&#34;,&#34;code&#34;:&#34;&#34;,&#34;value&#34;:{&#34;systemInformation&#34;:&#34;System info: host: &#39;MacBook-Pro-de-Paul.local&#39;, ip: &#39;fe80:0:0:0:1854:68a:9f2c:78b9%en0&#39;, os.name: &#39;Mac OS X&#39;, os.arch: &#39;x86_64&#39;, os.version: &#39;10.15.4&#39;, java.version: &#39;13.0.1&#39;&#34;,&#34;message&#34;:&#34;unknown error: call function result missing &#39;value&#39;&#34;,&#34;error&#34;:[&#34;  (Session info: chrome=86.0.4240.183)&#34;,&#34;  (Driver info: chromedriver=2.32.498537 (cb2f855cbc7b82e20387eaf9a43f6b99b6105061),platform=Mac OS X 10.15.4 x86_64) (WARNING: The server did not provide any stacktrace information)&#34;,&#34;Command duration or timeout: 12 milliseconds&#34;,&#34;Build info: version: &#39;3.4.0&#39;, revision: &#39;unknown&#39;, time: &#39;unknown&#39;&#34;,&#34;System info: host: &#39;MacBook-Pro-de-Paul.local&#39;, ip: &#39;fe80:0:0:0:1854:68a:9f2c:78b9%en0&#39;, os.name: &#39;Mac OS X&#39;, os.arch: &#39;x86_64&#39;, os.version: &#39;10.15.4&#39;, java.version: &#39;13.0.1&#39;&#34;,&#34;Driver info: org.openqa.selenium.chrome.ChromeDriver&#34;,&#34;Capabilities [{applicationCacheEnabled=false, rotatable=false, mobileEmulationEnabled=false, networkConnectionEnabled=false, chrome={chromedriverVersion=2.32.498537 (cb2f855cbc7b82e20387eaf9a43f6b99b6105061), userDataDir=/var/folders/mg/5v6c75rx19s2l9klbl5h3sl80000gn/T/.org.chromium.Chromium.bpgFJs}, takesHeapSnapshot=true, pageLoadStrategy=normal, databaseEnabled=false, handlesAlerts=true, hasTouchScreen=false, version=86.0.4240.183, platform=MAC, browserConnectionEnabled=false, nativeEvents=true, acceptSslCerts=true, locationContextEnabled=true, webStorageEnabled=true, browserName=chrome, takesScreenshot=true, javascriptEnabled=true, cssSelectorsEnabled=true, setWindowRect=true, unexpectedAlertBehaviour=}]&#34;,&#34;Session ID: d1ae4d5d2752a841d941404ddbfb7607&#34;]},&#34;errorStatus&#34;:13,&#34;error&#34;:&#34;An unknown server-side error occurred while processing the command. – unknown error: call function result missing &#39;value...&#34;,&#34;httpStatusCode&#34;:500}
       at runMicrotasks (&lt;anonymous&gt;)
       at processTicksAndRejections (internal/process/task_queues.js:93:5)
  TimeoutError: An error occurred while running .setValue() command on &lt;#add-to-cart-form input&gt;:   (Session info: chrome=86.0.4240.183),  (Driver info: chromedriver=2.32.498537 (cb2f855cbc7b82e20387eaf9a43f6b99b6105061),platform=Mac OS X 10.15.4 x86_64) (WARNING: The server did not provide any stacktrace information),Command duration or timeout: 19 milliseconds,Build info: version: &#39;3.4.0&#39;, revision: &#39;unknown&#39;, time: &#39;unknown&#39;,System info: host: &#39;MacBook-Pro-de-Paul.local&#39;, ip: &#39;fe80:0:0:0:1854:68a:9f2c:78b9%en0&#39;, os.name: &#39;Mac OS X&#39;, os.arch: &#39;x86_64&#39;, os.version: &#39;10.15.4&#39;, java.version: &#39;13.0.1&#39;,Driver info: org.openqa.selenium.chrome.ChromeDriver,Capabilities [{applicationCacheEnabled=false, rotatable=false, mobileEmulationEnabled=false, networkConnectionEnabled=false, chrome={chromedriverVersion=2.32.498537 (cb2f855cbc7b82e20387eaf9a43f6b99b6105061), userDataDir=/var/folders/mg/5v6c75rx19s2l9klbl5h3sl80000gn/T/.org.chromium.Chromium.bpgFJs}, takesHeapSnapshot=true, pageLoadStrategy=normal, databaseEnabled=false, handlesAlerts=true, hasTouchScreen=false, version=86.0.4240.183, platform=MAC, browserConnectionEnabled=false, nativeEvents=true, acceptSslCerts=true, locationContextEnabled=true, webStorageEnabled=true, browserName=chrome, takesScreenshot=true, javascriptEnabled=true, cssSelectorsEnabled=true, setWindowRect=true, unexpectedAlertBehaviour=}],Session ID: d1ae4d5d2752a841d941404ddbfb7607; unknown error: call function result missing &#39;value&#39;
   {&#34;status&#34;:-1,&#34;state&#34;:&#34;unknown error&#34;,&#34;code&#34;:&#34;&#34;,&#34;value&#34;:{&#34;systemInformation&#34;:&#34;System info: host: &#39;MacBook-Pro-de-Paul.local&#39;, ip: &#39;fe80:0:0:0:1854:68a:9f2c:78b9%en0&#39;, os.name: &#39;Mac OS X&#39;, os.arch: &#39;x86_64&#39;, os.version: &#39;10.15.4&#39;, java.version: &#39;13.0.1&#39;&#34;,&#34;message&#34;:&#34;unknown error: call function result missing &#39;value&#39;&#34;,&#34;error&#34;:[&#34;  (Session info: chrome=86.0.4240.183)&#34;,&#34;  (Driver info: chromedriver=2.32.498537 (cb2f855cbc7b82e20387eaf9a43f6b99b6105061),platform=Mac OS X 10.15.4 x86_64) (WARNING: The server did not provide any stacktrace information)&#34;,&#34;Command duration or timeout: 19 milliseconds&#34;,&#34;Build info: version: &#39;3.4.0&#39;, revision: &#39;unknown&#39;, time: &#39;unknown&#39;&#34;,&#34;System info: host: &#39;MacBook-Pro-de-Paul.local&#39;, ip: &#39;fe80:0:0:0:1854:68a:9f2c:78b9%en0&#39;, os.name: &#39;Mac OS X&#39;, os.arch: &#39;x86_64&#39;, os.version: &#39;10.15.4&#39;, java.version: &#39;13.0.1&#39;&#34;,&#34;Driver info: org.openqa.selenium.chrome.ChromeDriver&#34;,&#34;Capabilities [{applicationCacheEnabled=false, rotatable=false, mobileEmulationEnabled=false, networkConnectionEnabled=false, chrome={chromedriverVersion=2.32.498537 (cb2f855cbc7b82e20387eaf9a43f6b99b6105061), userDataDir=/var/folders/mg/5v6c75rx19s2l9klbl5h3sl80000gn/T/.org.chromium.Chromium.bpgFJs}, takesHeapSnapshot=true, pageLoadStrategy=normal, databaseEnabled=false, handlesAlerts=true, hasTouchScreen=false, version=86.0.4240.183, platform=MAC, browserConnectionEnabled=false, nativeEvents=true, acceptSslCerts=true, locationContextEnabled=true, webStorageEnabled=true, browserName=chrome, takesScreenshot=true, javascriptEnabled=true, cssSelectorsEnabled=true, setWindowRect=true, unexpectedAlertBehaviour=}]&#34;,&#34;Session ID: d1ae4d5d2752a841d941404ddbfb7607&#34;]},&#34;errorStatus&#34;:13,&#34;error&#34;:&#34;An unknown server-side error occurred while processing the command. – unknown error: call function result missing &#39;value...&#34;,&#34;httpStatusCode&#34;:500}
       at runMicrotasks (&lt;anonymous&gt;)
       at processTicksAndRejections (internal/process/task_queues.js:93:5)
  TimeoutError: An error occurred while running .submitForm() command on &lt;#add-to-cart-form&gt;:   (Session info: chrome=86.0.4240.183),  (Driver info: chromedriver=2.32.498537 (cb2f855cbc7b82e20387eaf9a43f6b99b6105061),platform=Mac OS X 10.15.4 x86_64) (WARNING: The server did not provide any stacktrace information),Command duration or timeout: 10 milliseconds,Build info: version: &#39;3.4.0&#39;, revision: &#39;unknown&#39;, time: &#39;unknown&#39;,System info: host: &#39;MacBook-Pro-de-Paul.local&#39;, ip: &#39;fe80:0:0:0:1854:68a:9f2c:78b9%en0&#39;, os.name: &#39;Mac OS X&#39;, os.arch: &#39;x86_64&#39;, os.version: &#39;10.15.4&#39;, java.version: &#39;13.0.1&#39;,Driver info: org.openqa.selenium.chrome.ChromeDriver,Capabilities [{applicationCacheEnabled=false, rotatable=false, mobileEmulationEnabled=false, networkConnectionEnabled=false, chrome={chromedriverVersion=2.32.498537 (cb2f855cbc7b82e20387eaf9a43f6b99b6105061), userDataDir=/var/folders/mg/5v6c75rx19s2l9klbl5h3sl80000gn/T/.org.chromium.Chromium.bpgFJs}, takesHeapSnapshot=true, pageLoadStrategy=normal, databaseEnabled=false, handlesAlerts=true, hasTouchScreen=false, version=86.0.4240.183, platform=MAC, browserConnectionEnabled=false, nativeEvents=true, acceptSslCerts=true, locationContextEnabled=true, webStorageEnabled=true, browserName=chrome, takesScreenshot=true, javascriptEnabled=true, cssSelectorsEnabled=true, setWindowRect=true, unexpectedAlertBehaviour=}],Session ID: d1ae4d5d2752a841d941404ddbfb7607; unknown error: call function result missing &#39;value&#39;
   {&#34;status&#34;:-1,&#34;state&#34;:&#34;unknown error&#34;,&#34;code&#34;:&#34;&#34;,&#34;value&#34;:{&#34;systemInformation&#34;:&#34;System info: host: &#39;MacBook-Pro-de-Paul.local&#39;, ip: &#39;fe80:0:0:0:1854:68a:9f2c:78b9%en0&#39;, os.name: &#39;Mac OS X&#39;, os.arch: &#39;x86_64&#39;, os.version: &#39;10.15.4&#39;, java.version: &#39;13.0.1&#39;&#34;,&#34;message&#34;:&#34;unknown error: call function result missing &#39;value&#39;&#34;,&#34;error&#34;:[&#34;  (Session info: chrome=86.0.4240.183)&#34;,&#34;  (Driver info: chromedriver=2.32.498537 (cb2f855cbc7b82e20387eaf9a43f6b99b6105061),platform=Mac OS X 10.15.4 x86_64) (WARNING: The server did not provide any stacktrace information)&#34;,&#34;Command duration or timeout: 10 milliseconds&#34;,&#34;Build info: version: &#39;3.4.0&#39;, revision: &#39;unknown&#39;, time: &#39;unknown&#39;&#34;,&#34;System info: host: &#39;MacBook-Pro-de-Paul.local&#39;, ip: &#39;fe80:0:0:0:1854:68a:9f2c:78b9%en0&#39;, os.name: &#39;Mac OS X&#39;, os.arch: &#39;x86_64&#39;, os.version: &#39;10.15.4&#39;, java.version: &#39;13.0.1&#39;&#34;,&#34;Driver info: org.openqa.selenium.chrome.ChromeDriver&#34;,&#34;Capabilities [{applicationCacheEnabled=false, rotatable=false, mobileEmulationEnabled=false, networkConnectionEnabled=false, chrome={chromedriverVersion=2.32.498537 (cb2f855cbc7b82e20387eaf9a43f6b99b6105061), userDataDir=/var/folders/mg/5v6c75rx19s2l9klbl5h3sl80000gn/T/.org.chromium.Chromium.bpgFJs}, takesHeapSnapshot=true, pageLoadStrategy=normal, databaseEnabled=false, handlesAlerts=true, hasTouchScreen=false, version=86.0.4240.183, platform=MAC, browserConnectionEnabled=false, nativeEvents=true, acceptSslCerts=true, locationContextEnabled=true, webStorageEnabled=true, browserName=chrome, takesScreenshot=true, javascriptEnabled=true, cssSelectorsEnabled=true, setWindowRect=true, unexpectedAlertBehaviour=}]&#34;,&#34;Session ID: d1ae4d5d2752a841d941404ddbfb7607&#34;]},&#34;errorStatus&#34;:13,&#34;error&#34;:&#34;An unknown server-side error occurred while processing the command. – unknown error: call function result missing &#39;value...&#34;,&#34;httpStatusCode&#34;:500}
       at runMicrotasks (&lt;anonymous&gt;)
       at processTicksAndRejections (internal/process/task_queues.js:93:5)
  TimeoutError: An error occurred while running .clearValue() command on &lt;#add-to-cart-form input&gt;:   (Session info: chrome=86.0.4240.183),  (Driver info: chromedriver=2.32.498537 (cb2f855cbc7b82e20387eaf9a43f6b99b6105061),platform=Mac OS X 10.15.4 x86_64) (WARNING: The server did not provide any stacktrace information),Command duration or timeout: 13 milliseconds,Build info: version: &#39;3.4.0&#39;, revision: &#39;unknown&#39;, time: &#39;unknown&#39;,System info: host: &#39;MacBook-Pro-de-Paul.local&#39;, ip: &#39;fe80:0:0:0:1854:68a:9f2c:78b9%en0&#39;, os.name: &#39;Mac OS X&#39;, os.arch: &#39;x86_64&#39;, os.version: &#39;10.15.4&#39;, java.version: &#39;13.0.1&#39;,Driver info: org.openqa.selenium.chrome.ChromeDriver,Capabilities [{applicationCacheEnabled=false, rotatable=false, mobileEmulationEnabled=false, networkConnectionEnabled=false, chrome={chromedriverVersion=2.32.498537 (cb2f855cbc7b82e20387eaf9a43f6b99b6105061), userDataDir=/var/folders/mg/5v6c75rx19s2l9klbl5h3sl80000gn/T/.org.chromium.Chromium.bpgFJs}, takesHeapSnapshot=true, pageLoadStrategy=normal, databaseEnabled=false, handlesAlerts=true, hasTouchScreen=false, version=86.0.4240.183, platform=MAC, browserConnectionEnabled=false, nativeEvents=true, acceptSslCerts=true, locationContextEnabled=true, webStorageEnabled=true, browserName=chrome, takesScreenshot=true, javascriptEnabled=true, cssSelectorsEnabled=true, setWindowRect=true, unexpectedAlertBehaviour=}],Session ID: d1ae4d5d2752a841d941404ddbfb7607; unknown error: call function result missing &#39;value&#39;
   {&#34;status&#34;:-1,&#34;state&#34;:&#34;unknown error&#34;,&#34;code&#34;:&#34;&#34;,&#34;value&#34;:{&#34;systemInformation&#34;:&#34;System info: host: &#39;MacBook-Pro-de-Paul.local&#39;, ip: &#39;fe80:0:0:0:1854:68a:9f2c:78b9%en0&#39;, os.name: &#39;Mac OS X&#39;, os.arch: &#39;x86_64&#39;, os.version: &#39;10.15.4&#39;, java.version: &#39;13.0.1&#39;&#34;,&#34;message&#34;:&#34;unknown error: call function result missing &#39;value&#39;&#34;,&#34;error&#34;:[&#34;  (Session info: chrome=86.0.4240.183)&#34;,&#34;  (Driver info: chromedriver=2.32.498537 (cb2f855cbc7b82e20387eaf9a43f6b99b6105061),platform=Mac OS X 10.15.4 x86_64) (WARNING: The server did not provide any stacktrace information)&#34;,&#34;Command duration or timeout: 13 milliseconds&#34;,&#34;Build info: version: &#39;3.4.0&#39;, revision: &#39;unknown&#39;, time: &#39;unknown&#39;&#34;,&#34;System info: host: &#39;MacBook-Pro-de-Paul.local&#39;, ip: &#39;fe80:0:0:0:1854:68a:9f2c:78b9%en0&#39;, os.name: &#39;Mac OS X&#39;, os.arch: &#39;x86_64&#39;, os.version: &#39;10.15.4&#39;, java.version: &#39;13.0.1&#39;&#34;,&#34;Driver info: org.openqa.selenium.chrome.ChromeDriver&#34;,&#34;Capabilities [{applicationCacheEnabled=false, rotatable=false, mobileEmulationEnabled=false, networkConnectionEnabled=false, chrome={chromedriverVersion=2.32.498537 (cb2f855cbc7b82e20387eaf9a43f6b99b6105061), userDataDir=/var/folders/mg/5v6c75rx19s2l9klbl5h3sl80000gn/T/.org.chromium.Chromium.bpgFJs}, takesHeapSnapshot=true, pageLoadStrategy=normal, databaseEnabled=false, handlesAlerts=true, hasTouchScreen=false, version=86.0.4240.183, platform=MAC, browserConnectionEnabled=false, nativeEvents=true, acceptSslCerts=true, locationContextEnabled=true, webStorageEnabled=true, browserName=chrome, takesScreenshot=true, javascriptEnabled=true, cssSelectorsEnabled=true, setWindowRect=true, unexpectedAlertBehaviour=}]&#34;,&#34;Session ID: d1ae4d5d2752a841d941404ddbfb7607&#34;]},&#34;errorStatus&#34;:13,&#34;error&#34;:&#34;An unknown server-side error occurred while processing the command. – unknown error: call function result missing &#39;value...&#34;,&#34;httpStatusCode&#34;:500}
       at runMicrotasks (&lt;anonymous&gt;)
       at processTicksAndRejections (internal/process/task_queues.js:93:5)
  TimeoutError: An error occurred while running .setValue() command on &lt;#add-to-cart-form input&gt;:   (Session info: chrome=86.0.4240.183),  (Driver info: chromedriver=2.32.498537 (cb2f855cbc7b82e20387eaf9a43f6b99b6105061),platform=Mac OS X 10.15.4 x86_64) (WARNING: The server did not provide any stacktrace information),Command duration or timeout: 18 milliseconds,Build info: version: &#39;3.4.0&#39;, revision: &#39;unknown&#39;, time: &#39;unknown&#39;,System info: host: &#39;MacBook-Pro-de-Paul.local&#39;, ip: &#39;fe80:0:0:0:1854:68a:9f2c:78b9%en0&#39;, os.name: &#39;Mac OS X&#39;, os.arch: &#39;x86_64&#39;, os.version: &#39;10.15.4&#39;, java.version: &#39;13.0.1&#39;,Driver info: org.openqa.selenium.chrome.ChromeDriver,Capabilities [{applicationCacheEnabled=false, rotatable=false, mobileEmulationEnabled=false, networkConnectionEnabled=false, chrome={chromedriverVersion=2.32.498537 (cb2f855cbc7b82e20387eaf9a43f6b99b6105061), userDataDir=/var/folders/mg/5v6c75rx19s2l9klbl5h3sl80000gn/T/.org.chromium.Chromium.bpgFJs}, takesHeapSnapshot=true, pageLoadStrategy=normal, databaseEnabled=false, handlesAlerts=true, hasTouchScreen=false, version=86.0.4240.183, platform=MAC, browserConnectionEnabled=false, nativeEvents=true, acceptSslCerts=true, locationContextEnabled=true, webStorageEnabled=true, browserName=chrome, takesScreenshot=true, javascriptEnabled=true, cssSelectorsEnabled=true, setWindowRect=true, unexpectedAlertBehaviour=}],Session ID: d1ae4d5d2752a841d941404ddbfb7607; unknown error: call function result missing &#39;value&#39;
   {&#34;status&#34;:-1,&#34;state&#34;:&#34;unknown error&#34;,&#34;code&#34;:&#34;&#34;,&#34;value&#34;:{&#34;systemInformation&#34;:&#34;System info: host: &#39;MacBook-Pro-de-Paul.local&#39;, ip: &#39;fe80:0:0:0:1854:68a:9f2c:78b9%en0&#39;, os.name: &#39;Mac OS X&#39;, os.arch: &#39;x86_64&#39;, os.version: &#39;10.15.4&#39;, java.version: &#39;13.0.1&#39;&#34;,&#34;message&#34;:&#34;unknown error: call function result missing &#39;value&#39;&#34;,&#34;error&#34;:[&#34;  (Session info: chrome=86.0.4240.183)&#34;,&#34;  (Driver info: chromedriver=2.32.498537 (cb2f855cbc7b82e20387eaf9a43f6b99b6105061),platform=Mac OS X 10.15.4 x86_64) (WARNING: The server did not provide any stacktrace information)&#34;,&#34;Command duration or timeout: 18 milliseconds&#34;,&#34;Build info: version: &#39;3.4.0&#39;, revision: &#39;unknown&#39;, time: &#39;unknown&#39;&#34;,&#34;System info: host: &#39;MacBook-Pro-de-Paul.local&#39;, ip: &#39;fe80:0:0:0:1854:68a:9f2c:78b9%en0&#39;, os.name: &#39;Mac OS X&#39;, os.arch: &#39;x86_64&#39;, os.version: &#39;10.15.4&#39;, java.version: &#39;13.0.1&#39;&#34;,&#34;Driver info: org.openqa.selenium.chrome.ChromeDriver&#34;,&#34;Capabilities [{applicationCacheEnabled=false, rotatable=false, mobileEmulationEnabled=false, networkConnectionEnabled=false, chrome={chromedriverVersion=2.32.498537 (cb2f855cbc7b82e20387eaf9a43f6b99b6105061), userDataDir=/var/folders/mg/5v6c75rx19s2l9klbl5h3sl80000gn/T/.org.chromium.Chromium.bpgFJs}, takesHeapSnapshot=true, pageLoadStrategy=normal, databaseEnabled=false, handlesAlerts=true, hasTouchScreen=false, version=86.0.4240.183, platform=MAC, browserConnectionEnabled=false, nativeEvents=true, acceptSslCerts=true, locationContextEnabled=true, webStorageEnabled=true, browserName=chrome, takesScreenshot=true, javascriptEnabled=true, cssSelectorsEnabled=true, setWindowRect=true, unexpectedAlertBehaviour=}]&#34;,&#34;Session ID: d1ae4d5d2752a841d941404ddbfb7607&#34;]},&#34;errorStatus&#34;:13,&#34;error&#34;:&#34;An unknown server-side error occurred while processing the command. – unknown error: call function result missing &#39;value...&#34;,&#34;httpStatusCode&#34;:500}
       at runMicrotasks (&lt;anonymous&gt;)
       at processTicksAndRejections (internal/process/task_queues.js:93:5)
  TimeoutError: An error occurred while running .submitForm() command on &lt;#add-to-cart-form&gt;:   (Session info: chrome=86.0.4240.183),  (Driver info: chromedriver=2.32.498537 (cb2f855cbc7b82e20387eaf9a43f6b99b6105061),platform=Mac OS X 10.15.4 x86_64) (WARNING: The server did not provide any stacktrace information),Command duration or timeout: 10 milliseconds,Build info: version: &#39;3.4.0&#39;, revision: &#39;unknown&#39;, time: &#39;unknown&#39;,System info: host: &#39;MacBook-Pro-de-Paul.local&#39;, ip: &#39;fe80:0:0:0:1854:68a:9f2c:78b9%en0&#39;, os.name: &#39;Mac OS X&#39;, os.arch: &#39;x86_64&#39;, os.version: &#39;10.15.4&#39;, java.version: &#39;13.0.1&#39;,Driver info: org.openqa.selenium.chrome.ChromeDriver,Capabilities [{applicationCacheEnabled=false, rotatable=false, mobileEmulationEnabled=false, networkConnectionEnabled=false, chrome={chromedriverVersion=2.32.498537 (cb2f855cbc7b82e20387eaf9a43f6b99b6105061), userDataDir=/var/folders/mg/5v6c75rx19s2l9klbl5h3sl80000gn/T/.org.chromium.Chromium.bpgFJs}, takesHeapSnapshot=true, pageLoadStrategy=normal, databaseEnabled=false, handlesAlerts=true, hasTouchScreen=false, version=86.0.4240.183, platform=MAC, browserConnectionEnabled=false, nativeEvents=true, acceptSslCerts=true, locationContextEnabled=true, webStorageEnabled=true, browserName=chrome, takesScreenshot=true, javascriptEnabled=true, cssSelectorsEnabled=true, setWindowRect=true, unexpectedAlertBehaviour=}],Session ID: d1ae4d5d2752a841d941404ddbfb7607; unknown error: call function result missing &#39;value&#39;
   {&#34;status&#34;:-1,&#34;state&#34;:&#34;unknown error&#34;,&#34;code&#34;:&#34;&#34;,&#34;value&#34;:{&#34;systemInformation&#34;:&#34;System info: host: &#39;MacBook-Pro-de-Paul.local&#39;, ip: &#39;fe80:0:0:0:1854:68a:9f2c:78b9%en0&#39;, os.name: &#39;Mac OS X&#39;, os.arch: &#39;x86_64&#39;, os.version: &#39;10.15.4&#39;, java.version: &#39;13.0.1&#39;&#34;,&#34;message&#34;:&#34;unknown error: call function result missing &#39;value&#39;&#34;,&#34;error&#34;:[&#34;  (Session info: chrome=86.0.4240.183)&#34;,&#34;  (Driver info: chromedriver=2.32.498537 (cb2f855cbc7b82e20387eaf9a43f6b99b6105061),platform=Mac OS X 10.15.4 x86_64) (WARNING: The server did not provide any stacktrace information)&#34;,&#34;Command duration or timeout: 10 milliseconds&#34;,&#34;Build info: version: &#39;3.4.0&#39;, revision: &#39;unknown&#39;, time: &#39;unknown&#39;&#34;,&#34;System info: host: &#39;MacBook-Pro-de-Paul.local&#39;, ip: &#39;fe80:0:0:0:1854:68a:9f2c:78b9%en0&#39;, os.name: &#39;Mac OS X&#39;, os.arch: &#39;x86_64&#39;, os.version: &#39;10.15.4&#39;, java.version: &#39;13.0.1&#39;&#34;,&#34;Driver info: org.openqa.selenium.chrome.ChromeDriver&#34;,&#34;Capabilities [{applicationCacheEnabled=false, rotatable=false, mobileEmulationEnabled=false, networkConnectionEnabled=false, chrome={chromedriverVersion=2.32.498537 (cb2f855cbc7b82e20387eaf9a43f6b99b6105061), userDataDir=/var/folders/mg/5v6c75rx19s2l9klbl5h3sl80000gn/T/.org.chromium.Chromium.bpgFJs}, takesHeapSnapshot=true, pageLoadStrategy=normal, databaseEnabled=false, handlesAlerts=true, hasTouchScreen=false, version=86.0.4240.183, platform=MAC, browserConnectionEnabled=false, nativeEvents=true, acceptSslCerts=true, locationContextEnabled=true, webStorageEnabled=true, browserName=chrome, takesScreenshot=true, javascriptEnabled=true, cssSelectorsEnabled=true, setWindowRect=true, unexpectedAlertBehaviour=}]&#34;,&#34;Session ID: d1ae4d5d2752a841d941404ddbfb7607&#34;]},&#34;errorStatus&#34;:13,&#34;error&#34;:&#34;An unknown server-side error occurred while processing the command. – unknown error: call function result missing &#39;value...&#34;,&#34;httpStatusCode&#34;:500}
       at runMicrotasks (&lt;anonymous&gt;)
       at processTicksAndRejections (internal/process/task_queues.js:93:5)
  TimeoutError: An error occurred while running .clearValue() command on &lt;#add-to-cart-form input&gt;:   (Session info: chrome=86.0.4240.183),  (Driver info: chromedriver=2.32.498537 (cb2f855cbc7b82e20387eaf9a43f6b99b6105061),platform=Mac OS X 10.15.4 x86_64) (WARNING: The server did not provide any stacktrace information),Command duration or timeout: 12 milliseconds,Build info: version: &#39;3.4.0&#39;, revision: &#39;unknown&#39;, time: &#39;unknown&#39;,System info: host: &#39;MacBook-Pro-de-Paul.local&#39;, ip: &#39;fe80:0:0:0:1854:68a:9f2c:78b9%en0&#39;, os.name: &#39;Mac OS X&#39;, os.arch: &#39;x86_64&#39;, os.version: &#39;10.15.4&#39;, java.version: &#39;13.0.1&#39;,Driver info: org.openqa.selenium.chrome.ChromeDriver,Capabilities [{applicationCacheEnabled=false, rotatable=false, mobileEmulationEnabled=false, networkConnectionEnabled=false, chrome={chromedriverVersion=2.32.498537 (cb2f855cbc7b82e20387eaf9a43f6b99b6105061), userDataDir=/var/folders/mg/5v6c75rx19s2l9klbl5h3sl80000gn/T/.org.chromium.Chromium.bpgFJs}, takesHeapSnapshot=true, pageLoadStrategy=normal, databaseEnabled=false, handlesAlerts=true, hasTouchScreen=false, version=86.0.4240.183, platform=MAC, browserConnectionEnabled=false, nativeEvents=true, acceptSslCerts=true, locationContextEnabled=true, webStorageEnabled=true, browserName=chrome, takesScreenshot=true, javascriptEnabled=true, cssSelectorsEnabled=true, setWindowRect=true, unexpectedAlertBehaviour=}],Session ID: d1ae4d5d2752a841d941404ddbfb7607; unknown error: call function result missing &#39;value&#39;
   {&#34;status&#34;:-1,&#34;state&#34;:&#34;unknown error&#34;,&#34;code&#34;:&#34;&#34;,&#34;value&#34;:{&#34;systemInformation&#34;:&#34;System info: host: &#39;MacBook-Pro-de-Paul.local&#39;, ip: &#39;fe80:0:0:0:1854:68a:9f2c:78b9%en0&#39;, os.name: &#39;Mac OS X&#39;, os.arch: &#39;x86_64&#39;, os.version: &#39;10.15.4&#39;, java.version: &#39;13.0.1&#39;&#34;,&#34;message&#34;:&#34;unknown error: call function result missing &#39;value&#39;&#34;,&#34;error&#34;:[&#34;  (Session info: chrome=86.0.4240.183)&#34;,&#34;  (Driver info: chromedriver=2.32.498537 (cb2f855cbc7b82e20387eaf9a43f6b99b6105061),platform=Mac OS X 10.15.4 x86_64) (WARNING: The server did not provide any stacktrace information)&#34;,&#34;Command duration or timeout: 12 milliseconds&#34;,&#34;Build info: version: &#39;3.4.0&#39;, revision: &#39;unknown&#39;, time: &#39;unknown&#39;&#34;,&#34;System info: host: &#39;MacBook-Pro-de-Paul.local&#39;, ip: &#39;fe80:0:0:0:1854:68a:9f2c:78b9%en0&#39;, os.name: &#39;Mac OS X&#39;, os.arch: &#39;x86_64&#39;, os.version: &#39;10.15.4&#39;, java.version: &#39;13.0.1&#39;&#34;,&#34;Driver info: org.openqa.selenium.chrome.ChromeDriver&#34;,&#34;Capabilities [{applicationCacheEnabled=false, rotatable=false, mobileEmulationEnabled=false, networkConnectionEnabled=false, chrome={chromedriverVersion=2.32.498537 (cb2f855cbc7b82e20387eaf9a43f6b99b6105061), userDataDir=/var/folders/mg/5v6c75rx19s2l9klbl5h3sl80000gn/T/.org.chromium.Chromium.bpgFJs}, takesHeapSnapshot=true, pageLoadStrategy=normal, databaseEnabled=false, handlesAlerts=true, hasTouchScreen=false, version=86.0.4240.183, platform=MAC, browserConnectionEnabled=false, nativeEvents=true, acceptSslCerts=true, locationContextEnabled=true, webStorageEnabled=true, browserName=chrome, takesScreenshot=true, javascriptEnabled=true, cssSelectorsEnabled=true, setWindowRect=true, unexpectedAlertBehaviour=}]&#34;,&#34;Session ID: d1ae4d5d2752a841d941404ddbfb7607&#34;]},&#34;errorStatus&#34;:13,&#34;error&#34;:&#34;An unknown server-side error occurred while processing the command. – unknown error: call function result missing &#39;value...&#34;,&#34;httpStatusCode&#34;:500}
       at runMicrotasks (&lt;anonymous&gt;)
       at processTicksAndRejections (internal/process/task_queues.js:93:5)
  TimeoutError: An error occurred while running .setValue() command on &lt;#add-to-cart-form input&gt;:   (Session info: chrome=86.0.4240.183),  (Driver info: chromedriver=2.32.498537 (cb2f855cbc7b82e20387eaf9a43f6b99b6105061),platform=Mac OS X 10.15.4 x86_64) (WARNING: The server did not provide any stacktrace information),Command duration or timeout: 19 milliseconds,Build info: version: &#39;3.4.0&#39;, revision: &#39;unknown&#39;, time: &#39;unknown&#39;,System info: host: &#39;MacBook-Pro-de-Paul.local&#39;, ip: &#39;fe80:0:0:0:1854:68a:9f2c:78b9%en0&#39;, os.name: &#39;Mac OS X&#39;, os.arch: &#39;x86_64&#39;, os.version: &#39;10.15.4&#39;, java.version: &#39;13.0.1&#39;,Driver info: org.openqa.selenium.chrome.ChromeDriver,Capabilities [{applicationCacheEnabled=false, rotatable=false, mobileEmulationEnabled=false, networkConnectionEnabled=false, chrome={chromedriverVersion=2.32.498537 (cb2f855cbc7b82e20387eaf9a43f6b99b6105061), userDataDir=/var/folders/mg/5v6c75rx19s2l9klbl5h3sl80000gn/T/.org.chromium.Chromium.bpgFJs}, takesHeapSnapshot=true, pageLoadStrategy=normal, databaseEnabled=false, handlesAlerts=true, hasTouchScreen=false, version=86.0.4240.183, platform=MAC, browserConnectionEnabled=false, nativeEvents=true, acceptSslCerts=true, locationContextEnabled=true, webStorageEnabled=true, browserName=chrome, takesScreenshot=true, javascriptEnabled=true, cssSelectorsEnabled=true, setWindowRect=true, unexpectedAlertBehaviour=}],Session ID: d1ae4d5d2752a841d941404ddbfb7607; unknown error: call function result missing &#39;value&#39;
   {&#34;status&#34;:-1,&#34;state&#34;:&#34;unknown error&#34;,&#34;code&#34;:&#34;&#34;,&#34;value&#34;:{&#34;systemInformation&#34;:&#34;System info: host: &#39;MacBook-Pro-de-Paul.local&#39;, ip: &#39;fe80:0:0:0:1854:68a:9f2c:78b9%en0&#39;, os.name: &#39;Mac OS X&#39;, os.arch: &#39;x86_64&#39;, os.version: &#39;10.15.4&#39;, java.version: &#39;13.0.1&#39;&#34;,&#34;message&#34;:&#34;unknown error: call function result missing &#39;value&#39;&#34;,&#34;error&#34;:[&#34;  (Session info: chrome=86.0.4240.183)&#34;,&#34;  (Driver info: chromedriver=2.32.498537 (cb2f855cbc7b82e20387eaf9a43f6b99b6105061),platform=Mac OS X 10.15.4 x86_64) (WARNING: The server did not provide any stacktrace information)&#34;,&#34;Command duration or timeout: 19 milliseconds&#34;,&#34;Build info: version: &#39;3.4.0&#39;, revision: &#39;unknown&#39;, time: &#39;unknown&#39;&#34;,&#34;System info: host: &#39;MacBook-Pro-de-Paul.local&#39;, ip: &#39;fe80:0:0:0:1854:68a:9f2c:78b9%en0&#39;, os.name: &#39;Mac OS X&#39;, os.arch: &#39;x86_64&#39;, os.version: &#39;10.15.4&#39;, java.version: &#39;13.0.1&#39;&#34;,&#34;Driver info: org.openqa.selenium.chrome.ChromeDriver&#34;,&#34;Capabilities [{applicationCacheEnabled=false, rotatable=false, mobileEmulationEnabled=false, networkConnectionEnabled=false, chrome={chromedriverVersion=2.32.498537 (cb2f855cbc7b82e20387eaf9a43f6b99b6105061), userDataDir=/var/folders/mg/5v6c75rx19s2l9klbl5h3sl80000gn/T/.org.chromium.Chromium.bpgFJs}, takesHeapSnapshot=true, pageLoadStrategy=normal, databaseEnabled=false, handlesAlerts=true, hasTouchScreen=false, version=86.0.4240.183, platform=MAC, browserConnectionEnabled=false, nativeEvents=true, acceptSslCerts=true, locationContextEnabled=true, webStorageEnabled=true, browserName=chrome, takesScreenshot=true, javascriptEnabled=true, cssSelectorsEnabled=true, setWindowRect=true, unexpectedAlertBehaviour=}]&#34;,&#34;Session ID: d1ae4d5d2752a841d941404ddbfb7607&#34;]},&#34;errorStatus&#34;:13,&#34;error&#34;:&#34;An unknown server-side error occurred while processing the command. – unknown error: call function result missing &#39;value...&#34;,&#34;httpStatusCode&#34;:500}
       at runMicrotasks (&lt;anonymous&gt;)
       at processTicksAndRejections (internal/process/task_queues.js:93:5)
  TimeoutError: An error occurred while running .submitForm() command on &lt;#add-to-cart-form&gt;:   (Session info: chrome=86.0.4240.183),  (Driver info: chromedriver=2.32.498537 (cb2f855cbc7b82e20387eaf9a43f6b99b6105061),platform=Mac OS X 10.15.4 x86_64) (WARNING: The server did not provide any stacktrace information),Command duration or timeout: 10 milliseconds,Build info: version: &#39;3.4.0&#39;, revision: &#39;unknown&#39;, time: &#39;unknown&#39;,System info: host: &#39;MacBook-Pro-de-Paul.local&#39;, ip: &#39;fe80:0:0:0:1854:68a:9f2c:78b9%en0&#39;, os.name: &#39;Mac OS X&#39;, os.arch: &#39;x86_64&#39;, os.version: &#39;10.15.4&#39;, java.version: &#39;13.0.1&#39;,Driver info: org.openqa.selenium.chrome.ChromeDriver,Capabilities [{applicationCacheEnabled=false, rotatable=false, mobileEmulationEnabled=false, networkConnectionEnabled=false, chrome={chromedriverVersion=2.32.498537 (cb2f855cbc7b82e20387eaf9a43f6b99b6105061), userDataDir=/var/folders/mg/5v6c75rx19s2l9klbl5h3sl80000gn/T/.org.chromium.Chromium.bpgFJs}, takesHeapSnapshot=true, pageLoadStrategy=normal, databaseEnabled=false, handlesAlerts=true, hasTouchScreen=false, version=86.0.4240.183, platform=MAC, browserConnectionEnabled=false, nativeEvents=true, acceptSslCerts=true, locationContextEnabled=true, webStorageEnabled=true, browserName=chrome, takesScreenshot=true, javascriptEnabled=true, cssSelectorsEnabled=true, setWindowRect=true, unexpectedAlertBehaviour=}],Session ID: d1ae4d5d2752a841d941404ddbfb7607; unknown error: call function result missing &#39;value&#39;
   {&#34;status&#34;:-1,&#34;state&#34;:&#34;unknown error&#34;,&#34;code&#34;:&#34;&#34;,&#34;value&#34;:{&#34;systemInformation&#34;:&#34;System info: host: &#39;MacBook-Pro-de-Paul.local&#39;, ip: &#39;fe80:0:0:0:1854:68a:9f2c:78b9%en0&#39;, os.name: &#39;Mac OS X&#39;, os.arch: &#39;x86_64&#39;, os.version: &#39;10.15.4&#39;, java.version: &#39;13.0.1&#39;&#34;,&#34;message&#34;:&#34;unknown error: call function result missing &#39;value&#39;&#34;,&#34;error&#34;:[&#34;  (Session info: chrome=86.0.4240.183)&#34;,&#34;  (Driver info: chromedriver=2.32.498537 (cb2f855cbc7b82e20387eaf9a43f6b99b6105061),platform=Mac OS X 10.15.4 x86_64) (WARNING: The server did not provide any stacktrace information)&#34;,&#34;Command duration or timeout: 10 milliseconds&#34;,&#34;Build info: version: &#39;3.4.0&#39;, revision: &#39;unknown&#39;, time: &#39;unknown&#39;&#34;,&#34;System info: host: &#39;MacBook-Pro-de-Paul.local&#39;, ip: &#39;fe80:0:0:0:1854:68a:9f2c:78b9%en0&#39;, os.name: &#39;Mac OS X&#39;, os.arch: &#39;x86_64&#39;, os.version: &#39;10.15.4&#39;, java.version: &#39;13.0.1&#39;&#34;,&#34;Driver info: org.openqa.selenium.chrome.ChromeDriver&#34;,&#34;Capabilities [{applicationCacheEnabled=false, rotatable=false, mobileEmulationEnabled=false, networkConnectionEnabled=false, chrome={chromedriverVersion=2.32.498537 (cb2f855cbc7b82e20387eaf9a43f6b99b6105061), userDataDir=/var/folders/mg/5v6c75rx19s2l9klbl5h3sl80000gn/T/.org.chromium.Chromium.bpgFJs}, takesHeapSnapshot=true, pageLoadStrategy=normal, databaseEnabled=false, handlesAlerts=true, hasTouchScreen=false, version=86.0.4240.183, platform=MAC, browserConnectionEnabled=false, nativeEvents=true, acceptSslCerts=true, locationContextEnabled=true, webStorageEnabled=true, browserName=chrome, takesScreenshot=true, javascriptEnabled=true, cssSelectorsEnabled=true, setWindowRect=true, unexpectedAlertBehaviour=}]&#34;,&#34;Session ID: d1ae4d5d2752a841d941404ddbfb7607&#34;]},&#34;errorStatus&#34;:13,&#34;error&#34;:&#34;An unknown server-side error occurred while processing the command. – unknown error: call function result missing &#39;value...&#34;,&#34;httpStatusCode&#34;:500}
       at runMicrotasks (&lt;anonymous&gt;)
       at processTicksAndRejections (internal/process/task_queues.js:93:5)
  TimeoutError: An error occurred while running .clearValue() command on &lt;#add-to-cart-form input&gt;:   (Session info: chrome=86.0.4240.183),  (Driver info: chromedriver=2.32.498537 (cb2f855cbc7b82e20387eaf9a43f6b99b6105061),platform=Mac OS X 10.15.4 x86_64) (WARNING: The server did not provide any stacktrace information),Command duration or timeout: 13 milliseconds,Build info: version: &#39;3.4.0&#39;, revision: &#39;unknown&#39;, time: &#39;unknown&#39;,System info: host: &#39;MacBook-Pro-de-Paul.local&#39;, ip: &#39;fe80:0:0:0:1854:68a:9f2c:78b9%en0&#39;, os.name: &#39;Mac OS X&#39;, os.arch: &#39;x86_64&#39;, os.version: &#39;10.15.4&#39;, java.version: &#39;13.0.1&#39;,Driver info: org.openqa.selenium.chrome.ChromeDriver,Capabilities [{applicationCacheEnabled=false, rotatable=false, mobileEmulationEnabled=false, networkConnectionEnabled=false, chrome={chromedriverVersion=2.32.498537 (cb2f855cbc7b82e20387eaf9a43f6b99b6105061), userDataDir=/var/folders/mg/5v6c75rx19s2l9klbl5h3sl80000gn/T/.org.chromium.Chromium.bpgFJs}, takesHeapSnapshot=true, pageLoadStrategy=normal, databaseEnabled=false, handlesAlerts=true, hasTouchScreen=false, version=86.0.4240.183, platform=MAC, browserConnectionEnabled=false, nativeEvents=true, acceptSslCerts=true, locationContextEnabled=true, webStorageEnabled=true, browserName=chrome, takesScreenshot=true, javascriptEnabled=true, cssSelectorsEnabled=true, setWindowRect=true, unexpectedAlertBehaviour=}],Session ID: d1ae4d5d2752a841d941404ddbfb7607; unknown error: call function result missing &#39;value&#39;
   {&#34;status&#34;:-1,&#34;state&#34;:&#34;unknown error&#34;,&#34;code&#34;:&#34;&#34;,&#34;value&#34;:{&#34;systemInformation&#34;:&#34;System info: host: &#39;MacBook-Pro-de-Paul.local&#39;, ip: &#39;fe80:0:0:0:1854:68a:9f2c:78b9%en0&#39;, os.name: &#39;Mac OS X&#39;, os.arch: &#39;x86_64&#39;, os.version: &#39;10.15.4&#39;, java.version: &#39;13.0.1&#39;&#34;,&#34;message&#34;:&#34;unknown error: call function result missing &#39;value&#39;&#34;,&#34;error&#34;:[&#34;  (Session info: chrome=86.0.4240.183)&#34;,&#34;  (Driver info: chromedriver=2.32.498537 (cb2f855cbc7b82e20387eaf9a43f6b99b6105061),platform=Mac OS X 10.15.4 x86_64) (WARNING: The server did not provide any stacktrace information)&#34;,&#34;Command duration or timeout: 13 milliseconds&#34;,&#34;Build info: version: &#39;3.4.0&#39;, revision: &#39;unknown&#39;, time: &#39;unknown&#39;&#34;,&#34;System info: host: &#39;MacBook-Pro-de-Paul.local&#39;, ip: &#39;fe80:0:0:0:1854:68a:9f2c:78b9%en0&#39;, os.name: &#39;Mac OS X&#39;, os.arch: &#39;x86_64&#39;, os.version: &#39;10.15.4&#39;, java.version: &#39;13.0.1&#39;&#34;,&#34;Driver info: org.openqa.selenium.chrome.ChromeDriver&#34;,&#34;Capabilities [{applicationCacheEnabled=false, rotatable=false, mobileEmulationEnabled=false, networkConnectionEnabled=false, chrome={chromedriverVersion=2.32.498537 (cb2f855cbc7b82e20387eaf9a43f6b99b6105061), userDataDir=/var/folders/mg/5v6c75rx19s2l9klbl5h3sl80000gn/T/.org.chromium.Chromium.bpgFJs}, takesHeapSnapshot=true, pageLoadStrategy=normal, databaseEnabled=false, handlesAlerts=true, hasTouchScreen=false, version=86.0.4240.183, platform=MAC, browserConnectionEnabled=false, nativeEvents=true, acceptSslCerts=true, locationContextEnabled=true, webStorageEnabled=true, browserName=chrome, takesScreenshot=true, javascriptEnabled=true, cssSelectorsEnabled=true, setWindowRect=true, unexpectedAlertBehaviour=}]&#34;,&#34;Session ID: d1ae4d5d2752a841d941404ddbfb7607&#34;]},&#34;errorStatus&#34;:13,&#34;error&#34;:&#34;An unknown server-side error occurred while processing the command. – unknown error: call function result missing &#39;value...&#34;,&#34;httpStatusCode&#34;:500}
       at runMicrotasks (&lt;anonymous&gt;)
       at processTicksAndRejections (internal/process/task_queues.js:93:5)
  TimeoutError: An error occurred while running .setValue() command on &lt;#add-to-cart-form input&gt;:   (Session info: chrome=86.0.4240.183),  (Driver info: chromedriver=2.32.498537 (cb2f855cbc7b82e20387eaf9a43f6b99b6105061),platform=Mac OS X 10.15.4 x86_64) (WARNING: The server did not provide any stacktrace information),Command duration or timeout: 19 milliseconds,Build info: version: &#39;3.4.0&#39;, revision: &#39;unknown&#39;, time: &#39;unknown&#39;,System info: host: &#39;MacBook-Pro-de-Paul.local&#39;, ip: &#39;fe80:0:0:0:1854:68a:9f2c:78b9%en0&#39;, os.name: &#39;Mac OS X&#39;, os.arch: &#39;x86_64&#39;, os.version: &#39;10.15.4&#39;, java.version: &#39;13.0.1&#39;,Driver info: org.openqa.selenium.chrome.ChromeDriver,Capabilities [{applicationCacheEnabled=false, rotatable=false, mobileEmulationEnabled=false, networkConnectionEnabled=false, chrome={chromedriverVersion=2.32.498537 (cb2f855cbc7b82e20387eaf9a43f6b99b6105061), userDataDir=/var/folders/mg/5v6c75rx19s2l9klbl5h3sl80000gn/T/.org.chromium.Chromium.bpgFJs}, takesHeapSnapshot=true, pageLoadStrategy=normal, databaseEnabled=false, handlesAlerts=true, hasTouchScreen=false, version=86.0.4240.183, platform=MAC, browserConnectionEnabled=false, nativeEvents=true, acceptSslCerts=true, locationContextEnabled=true, webStorageEnabled=true, browserName=chrome, takesScreenshot=true, javascriptEnabled=true, cssSelectorsEnabled=true, setWindowRect=true, unexpectedAlertBehaviour=}],Session ID: d1ae4d5d2752a841d941404ddbfb7607; unknown error: call function result missing &#39;value&#39;
   {&#34;status&#34;:-1,&#34;state&#34;:&#34;unknown error&#34;,&#34;code&#34;:&#34;&#34;,&#34;value&#34;:{&#34;systemInformation&#34;:&#34;System info: host: &#39;MacBook-Pro-de-Paul.local&#39;, ip: &#39;fe80:0:0:0:1854:68a:9f2c:78b9%en0&#39;, os.name: &#39;Mac OS X&#39;, os.arch: &#39;x86_64&#39;, os.version: &#39;10.15.4&#39;, java.version: &#39;13.0.1&#39;&#34;,&#34;message&#34;:&#34;unknown error: call function result missing &#39;value&#39;&#34;,&#34;error&#34;:[&#34;  (Session info: chrome=86.0.4240.183)&#34;,&#34;  (Driver info: chromedriver=2.32.498537 (cb2f855cbc7b82e20387eaf9a43f6b99b6105061),platform=Mac OS X 10.15.4 x86_64) (WARNING: The server did not provide any stacktrace information)&#34;,&#34;Command duration or timeout: 19 milliseconds&#34;,&#34;Build info: version: &#39;3.4.0&#39;, revision: &#39;unknown&#39;, time: &#39;unknown&#39;&#34;,&#34;System info: host: &#39;MacBook-Pro-de-Paul.local&#39;, ip: &#39;fe80:0:0:0:1854:68a:9f2c:78b9%en0&#39;, os.name: &#39;Mac OS X&#39;, os.arch: &#39;x86_64&#39;, os.version: &#39;10.15.4&#39;, java.version: &#39;13.0.1&#39;&#34;,&#34;Driver info: org.openqa.selenium.chrome.ChromeDriver&#34;,&#34;Capabilities [{applicationCacheEnabled=false, rotatable=false, mobileEmulationEnabled=false, networkConnectionEnabled=false, chrome={chromedriverVersion=2.32.498537 (cb2f855cbc7b82e20387eaf9a43f6b99b6105061), userDataDir=/var/folders/mg/5v6c75rx19s2l9klbl5h3sl80000gn/T/.org.chromium.Chromium.bpgFJs}, takesHeapSnapshot=true, pageLoadStrategy=normal, databaseEnabled=false, handlesAlerts=true, hasTouchScreen=false, version=86.0.4240.183, platform=MAC, browserConnectionEnabled=false, nativeEvents=true, acceptSslCerts=true, locationContextEnabled=true, webStorageEnabled=true, browserName=chrome, takesScreenshot=true, javascriptEnabled=true, cssSelectorsEnabled=true, setWindowRect=true, unexpectedAlertBehaviour=}]&#34;,&#34;Session ID: d1ae4d5d2752a841d941404ddbfb7607&#34;]},&#34;errorStatus&#34;:13,&#34;error&#34;:&#34;An unknown server-side error occurred while processing the command. – unknown error: call function result missing &#39;value...&#34;,&#34;httpStatusCode&#34;:500}
       at runMicrotasks (&lt;anonymous&gt;)
       at processTicksAndRejections (internal/process/task_queues.js:93:5)
  TimeoutError: An error occurred while running .submitForm() command on &lt;#add-to-cart-form&gt;:   (Session info: chrome=86.0.4240.183),  (Driver info: chromedriver=2.32.498537 (cb2f855cbc7b82e20387eaf9a43f6b99b6105061),platform=Mac OS X 10.15.4 x86_64) (WARNING: The server did not provide any stacktrace information),Command duration or timeout: 11 milliseconds,Build info: version: &#39;3.4.0&#39;, revision: &#39;unknown&#39;, time: &#39;unknown&#39;,System info: host: &#39;MacBook-Pro-de-Paul.local&#39;, ip: &#39;fe80:0:0:0:1854:68a:9f2c:78b9%en0&#39;, os.name: &#39;Mac OS X&#39;, os.arch: &#39;x86_64&#39;, os.version: &#39;10.15.4&#39;, java.version: &#39;13.0.1&#39;,Driver info: org.openqa.selenium.chrome.ChromeDriver,Capabilities [{applicationCacheEnabled=false, rotatable=false, mobileEmulationEnabled=false, networkConnectionEnabled=false, chrome={chromedriverVersion=2.32.498537 (cb2f855cbc7b82e20387eaf9a43f6b99b6105061), userDataDir=/var/folders/mg/5v6c75rx19s2l9klbl5h3sl80000gn/T/.org.chromium.Chromium.bpgFJs}, takesHeapSnapshot=true, pageLoadStrategy=normal, databaseEnabled=false, handlesAlerts=true, hasTouchScreen=false, version=86.0.4240.183, platform=MAC, browserConnectionEnabled=false, nativeEvents=true, acceptSslCerts=true, locationContextEnabled=true, webStorageEnabled=true, browserName=chrome, takesScreenshot=true, javascriptEnabled=true, cssSelectorsEnabled=true, setWindowRect=true, unexpectedAlertBehaviour=}],Session ID: d1ae4d5d2752a841d941404ddbfb7607; unknown error: call function result missing &#39;value&#39;
   {&#34;status&#34;:-1,&#34;state&#34;:&#34;unknown error&#34;,&#34;code&#34;:&#34;&#34;,&#34;value&#34;:{&#34;systemInformation&#34;:&#34;System info: host: &#39;MacBook-Pro-de-Paul.local&#39;, ip: &#39;fe80:0:0:0:1854:68a:9f2c:78b9%en0&#39;, os.name: &#39;Mac OS X&#39;, os.arch: &#39;x86_64&#39;, os.version: &#39;10.15.4&#39;, java.version: &#39;13.0.1&#39;&#34;,&#34;message&#34;:&#34;unknown error: call function result missing &#39;value&#39;&#34;,&#34;error&#34;:[&#34;  (Session info: chrome=86.0.4240.183)&#34;,&#34;  (Driver info: chromedriver=2.32.498537 (cb2f855cbc7b82e20387eaf9a43f6b99b6105061),platform=Mac OS X 10.15.4 x86_64) (WARNING: The server did not provide any stacktrace information)&#34;,&#34;Command duration or timeout: 11 milliseconds&#34;,&#34;Build info: version: &#39;3.4.0&#39;, revision: &#39;unknown&#39;, time: &#39;unknown&#39;&#34;,&#34;System info: host: &#39;MacBook-Pro-de-Paul.local&#39;, ip: &#39;fe80:0:0:0:1854:68a:9f2c:78b9%en0&#39;, os.name: &#39;Mac OS X&#39;, os.arch: &#39;x86_64&#39;, os.version: &#39;10.15.4&#39;, java.version: &#39;13.0.1&#39;&#34;,&#34;Driver info: org.openqa.selenium.chrome.ChromeDriver&#34;,&#34;Capabilities [{applicationCacheEnabled=false, rotatable=false, mobileEmulationEnabled=false, networkConnectionEnabled=false, chrome={chromedriverVersion=2.32.498537 (cb2f855cbc7b82e20387eaf9a43f6b99b6105061), userDataDir=/var/folders/mg/5v6c75rx19s2l9klbl5h3sl80000gn/T/.org.chromium.Chromium.bpgFJs}, takesHeapSnapshot=true, pageLoadStrategy=normal, databaseEnabled=false, handlesAlerts=true, hasTouchScreen=false, version=86.0.4240.183, platform=MAC, browserConnectionEnabled=false, nativeEvents=true, acceptSslCerts=true, locationContextEnabled=true, webStorageEnabled=true, browserName=chrome, takesScreenshot=true, javascriptEnabled=true, cssSelectorsEnabled=true, setWindowRect=true, unexpectedAlertBehaviour=}]&#34;,&#34;Session ID: d1ae4d5d2752a841d941404ddbfb7607&#34;]},&#34;errorStatus&#34;:13,&#34;error&#34;:&#34;An unknown server-side error occurred while processing the command. – unknown error: call function result missing &#39;value...&#34;,&#34;httpStatusCode&#34;:500}
       at runMicrotasks (&lt;anonymous&gt;)
       at processTicksAndRejections (internal/process/task_queues.js:93:5)
  NoSuchElementError: An error occurred while running .click() command on &lt;.remove-item-button&gt;: 
   {&#34;state&#34;:&#34;success&#34;,&#34;sessionId&#34;:&#34;d604a705-4873-430a-a091-1b8e6e237ed3&#34;,&#34;value&#34;:[],&#34;status&#34;:0}
       at processTicksAndRejections (internal/process/task_queues.js:93:5)
  NoSuchElementError: An error occurred while running .click() command on &lt;.add-quantity-button&gt;: 
   {&#34;state&#34;:&#34;success&#34;,&#34;sessionId&#34;:&#34;d604a705-4873-430a-a091-1b8e6e237ed3&#34;,&#34;value&#34;:[],&#34;status&#34;:0}
       at processTicksAndRejections (internal/process/task_queues.js:93:5)
  NoSuchElementError: An error occurred while running .click() command on &lt;.remove-quantity-button&gt;: 
   {&#34;state&#34;:&#34;success&#34;,&#34;sessionId&#34;:&#34;d604a705-4873-430a-a091-1b8e6e237ed3&#34;,&#34;value&#34;:[],&#34;status&#34;:0}
       at processTicksAndRejections (internal/process/task_queues.js:93:5)
  NoSuchElementError: An error occurred while running .click() command on &lt;#remove-all-items-button&gt;: 
   {&#34;state&#34;:&#34;success&#34;,&#34;sessionId&#34;:&#34;d604a705-4873-430a-a091-1b8e6e237ed3&#34;,&#34;value&#34;:[],&#34;status&#34;:0}
       at processTicksAndRejections (internal/process/task_queues.js:93:5)
  TimeoutError: An error occurred while running .clearValue() command on &lt;#add-to-cart-form input&gt;:   (Session info: chrome=86.0.4240.183),  (Driver info: chromedriver=2.32.498537 (cb2f855cbc7b82e20387eaf9a43f6b99b6105061),platform=Mac OS X 10.15.4 x86_64) (WARNING: The server did not provide any stacktrace information),Command duration or timeout: 15 milliseconds,Build info: version: &#39;3.4.0&#39;, revision: &#39;unknown&#39;, time: &#39;unknown&#39;,System info: host: &#39;MacBook-Pro-de-Paul.local&#39;, ip: &#39;fe80:0:0:0:1854:68a:9f2c:78b9%en0&#39;, os.name: &#39;Mac OS X&#39;, os.arch: &#39;x86_64&#39;, os.version: &#39;10.15.4&#39;, java.version: &#39;13.0.1&#39;,Driver info: org.openqa.selenium.chrome.ChromeDriver,Capabilities [{applicationCacheEnabled=false, rotatable=false, mobileEmulationEnabled=false, networkConnectionEnabled=false, chrome={chromedriverVersion=2.32.498537 (cb2f855cbc7b82e20387eaf9a43f6b99b6105061), userDataDir=/var/folders/mg/5v6c75rx19s2l9klbl5h3sl80000gn/T/.org.chromium.Chromium.KbGyeV}, takesHeapSnapshot=true, pageLoadStrategy=normal, databaseEnabled=false, handlesAlerts=true, hasTouchScreen=false, version=86.0.4240.183, platform=MAC, browserConnectionEnabled=false, nativeEvents=true, acceptSslCerts=true, locationContextEnabled=true, webStorageEnabled=true, browserName=chrome, takesScreenshot=true, javascriptEnabled=true, cssSelectorsEnabled=true, setWindowRect=true, unexpectedAlertBehaviour=}],Session ID: d688538061b72f1d432fd5ac1c238c0c; unknown error: call function result missing &#39;value&#39;
   {&#34;status&#34;:-1,&#34;state&#34;:&#34;unknown error&#34;,&#34;code&#34;:&#34;&#34;,&#34;value&#34;:{&#34;systemInformation&#34;:&#34;System info: host: &#39;MacBook-Pro-de-Paul.local&#39;, ip: &#39;fe80:0:0:0:1854:68a:9f2c:78b9%en0&#39;, os.name: &#39;Mac OS X&#39;, os.arch: &#39;x86_64&#39;, os.version: &#39;10.15.4&#39;, java.version: &#39;13.0.1&#39;&#34;,&#34;message&#34;:&#34;unknown error: call function result missing &#39;value&#39;&#34;,&#34;error&#34;:[&#34;  (Session info: chrome=86.0.4240.183)&#34;,&#34;  (Driver info: chromedriver=2.32.498537 (cb2f855cbc7b82e20387eaf9a43f6b99b6105061),platform=Mac OS X 10.15.4 x86_64) (WARNING: The server did not provide any stacktrace information)&#34;,&#34;Command duration or timeout: 15 milliseconds&#34;,&#34;Build info: version: &#39;3.4.0&#39;, revision: &#39;unknown&#39;, time: &#39;unknown&#39;&#34;,&#34;System info: host: &#39;MacBook-Pro-de-Paul.local&#39;, ip: &#39;fe80:0:0:0:1854:68a:9f2c:78b9%en0&#39;, os.name: &#39;Mac OS X&#39;, os.arch: &#39;x86_64&#39;, os.version: &#39;10.15.4&#39;, java.version: &#39;13.0.1&#39;&#34;,&#34;Driver info: org.openqa.selenium.chrome.ChromeDriver&#34;,&#34;Capabilities [{applicationCacheEnabled=false, rotatable=false, mobileEmulationEnabled=false, networkConnectionEnabled=false, chrome={chromedriverVersion=2.32.498537 (cb2f855cbc7b82e20387eaf9a43f6b99b6105061), userDataDir=/var/folders/mg/5v6c75rx19s2l9klbl5h3sl80000gn/T/.org.chromium.Chromium.KbGyeV}, takesHeapSnapshot=true, pageLoadStrategy=normal, databaseEnabled=false, handlesAlerts=true, hasTouchScreen=false, version=86.0.4240.183, platform=MAC, browserConnectionEnabled=false, nativeEvents=true, acceptSslCerts=true, locationContextEnabled=true, webStorageEnabled=true, browserName=chrome, takesScreenshot=true, javascriptEnabled=true, cssSelectorsEnabled=true, setWindowRect=true, unexpectedAlertBehaviour=}]&#34;,&#34;Session ID: d688538061b72f1d432fd5ac1c238c0c&#34;]},&#34;errorStatus&#34;:13,&#34;error&#34;:&#34;An unknown server-side error occurred while processing the command. – unknown error: call function result missing &#39;value...&#34;,&#34;httpStatusCode&#34;:500}
       at processTicksAndRejections (internal/process/task_queues.js:93:5)
  TimeoutError: An error occurred while running .setValue() command on &lt;#add-to-cart-form input&gt;:   (Session info: chrome=86.0.4240.183),  (Driver info: chromedriver=2.32.498537 (cb2f855cbc7b82e20387eaf9a43f6b99b6105061),platform=Mac OS X 10.15.4 x86_64) (WARNING: The server did not provide any stacktrace information),Command duration or timeout: 19 milliseconds,Build info: version: &#39;3.4.0&#39;, revision: &#39;unknown&#39;, time: &#39;unknown&#39;,System info: host: &#39;MacBook-Pro-de-Paul.local&#39;, ip: &#39;fe80:0:0:0:1854:68a:9f2c:78b9%en0&#39;, os.name: &#39;Mac OS X&#39;, os.arch: &#39;x86_64&#39;, os.version: &#39;10.15.4&#39;, java.version: &#39;13.0.1&#39;,Driver info: org.openqa.selenium.chrome.ChromeDriver,Capabilities [{applicationCacheEnabled=false, rotatable=false, mobileEmulationEnabled=false, networkConnectionEnabled=false, chrome={chromedriverVersion=2.32.498537 (cb2f855cbc7b82e20387eaf9a43f6b99b6105061), userDataDir=/var/folders/mg/5v6c75rx19s2l9klbl5h3sl80000gn/T/.org.chromium.Chromium.KbGyeV}, takesHeapSnapshot=true, pageLoadStrategy=normal, databaseEnabled=false, handlesAlerts=true, hasTouchScreen=false, version=86.0.4240.183, platform=MAC, browserConnectionEnabled=false, nativeEvents=true, acceptSslCerts=true, locationContextEnabled=true, webStorageEnabled=true, browserName=chrome, takesScreenshot=true, javascriptEnabled=true, cssSelectorsEnabled=true, setWindowRect=true, unexpectedAlertBehaviour=}],Session ID: d688538061b72f1d432fd5ac1c238c0c; unknown error: call function result missing &#39;value&#39;
   {&#34;status&#34;:-1,&#34;state&#34;:&#34;unknown error&#34;,&#34;code&#34;:&#34;&#34;,&#34;value&#34;:{&#34;systemInformation&#34;:&#34;System info: host: &#39;MacBook-Pro-de-Paul.local&#39;, ip: &#39;fe80:0:0:0:1854:68a:9f2c:78b9%en0&#39;, os.name: &#39;Mac OS X&#39;, os.arch: &#39;x86_64&#39;, os.version: &#39;10.15.4&#39;, java.version: &#39;13.0.1&#39;&#34;,&#34;message&#34;:&#34;unknown error: call function result missing &#39;value&#39;&#34;,&#34;error&#34;:[&#34;  (Session info: chrome=86.0.4240.183)&#34;,&#34;  (Driver info: chromedriver=2.32.498537 (cb2f855cbc7b82e20387eaf9a43f6b99b6105061),platform=Mac OS X 10.15.4 x86_64) (WARNING: The server did not provide any stacktrace information)&#34;,&#34;Command duration or timeout: 19 milliseconds&#34;,&#34;Build info: version: &#39;3.4.0&#39;, revision: &#39;unknown&#39;, time: &#39;unknown&#39;&#34;,&#34;System info: host: &#39;MacBook-Pro-de-Paul.local&#39;, ip: &#39;fe80:0:0:0:1854:68a:9f2c:78b9%en0&#39;, os.name: &#39;Mac OS X&#39;, os.arch: &#39;x86_64&#39;, os.version: &#39;10.15.4&#39;, java.version: &#39;13.0.1&#39;&#34;,&#34;Driver info: org.openqa.selenium.chrome.ChromeDriver&#34;,&#34;Capabilities [{applicationCacheEnabled=false, rotatable=false, mobileEmulationEnabled=false, networkConnectionEnabled=false, chrome={chromedriverVersion=2.32.498537 (cb2f855cbc7b82e20387eaf9a43f6b99b6105061), userDataDir=/var/folders/mg/5v6c75rx19s2l9klbl5h3sl80000gn/T/.org.chromium.Chromium.KbGyeV}, takesHeapSnapshot=true, pageLoadStrategy=normal, databaseEnabled=false, handlesAlerts=true, hasTouchScreen=false, version=86.0.4240.183, platform=MAC, browserConnectionEnabled=false, nativeEvents=true, acceptSslCerts=true, locationContextEnabled=true, webStorageEnabled=true, browserName=chrome, takesScreenshot=true, javascriptEnabled=true, cssSelectorsEnabled=true, setWindowRect=true, unexpectedAlertBehaviour=}]&#34;,&#34;Session ID: d688538061b72f1d432fd5ac1c238c0c&#34;]},&#34;errorStatus&#34;:13,&#34;error&#34;:&#34;An unknown server-side error occurred while processing the command. – unknown error: call function result missing &#39;value...&#34;,&#34;httpStatusCode&#34;:500}
       at processTicksAndRejections (internal/process/task_queues.js:93:5)
  TimeoutError: An error occurred while running .submitForm() command on &lt;#add-to-cart-form&gt;:   (Session info: chrome=86.0.4240.183),  (Driver info: chromedriver=2.32.498537 (cb2f855cbc7b82e20387eaf9a43f6b99b6105061),platform=Mac OS X 10.15.4 x86_64) (WARNING: The server did not provide any stacktrace information),Command duration or timeout: 12 milliseconds,Build info: version: &#39;3.4.0&#39;, revision: &#39;unknown&#39;, time: &#39;unknown&#39;,System info: host: &#39;MacBook-Pro-de-Paul.local&#39;, ip: &#39;fe80:0:0:0:1854:68a:9f2c:78b9%en0&#39;, os.name: &#39;Mac OS X&#39;, os.arch: &#39;x86_64&#39;, os.version: &#39;10.15.4&#39;, java.version: &#39;13.0.1&#39;,Driver info: org.openqa.selenium.chrome.ChromeDriver,Capabilities [{applicationCacheEnabled=false, rotatable=false, mobileEmulationEnabled=false, networkConnectionEnabled=false, chrome={chromedriverVersion=2.32.498537 (cb2f855cbc7b82e20387eaf9a43f6b99b6105061), userDataDir=/var/folders/mg/5v6c75rx19s2l9klbl5h3sl80000gn/T/.org.chromium.Chromium.KbGyeV}, takesHeapSnapshot=true, pageLoadStrategy=normal, databaseEnabled=false, handlesAlerts=true, hasTouchScreen=false, version=86.0.4240.183, platform=MAC, browserConnectionEnabled=false, nativeEvents=true, acceptSslCerts=true, locationContextEnabled=true, webStorageEnabled=true, browserName=chrome, takesScreenshot=true, javascriptEnabled=true, cssSelectorsEnabled=true, setWindowRect=true, unexpectedAlertBehaviour=}],Session ID: d688538061b72f1d432fd5ac1c238c0c; unknown error: call function result missing &#39;value&#39;
   {&#34;status&#34;:-1,&#34;state&#34;:&#34;unknown error&#34;,&#34;code&#34;:&#34;&#34;,&#34;value&#34;:{&#34;systemInformation&#34;:&#34;System info: host: &#39;MacBook-Pro-de-Paul.local&#39;, ip: &#39;fe80:0:0:0:1854:68a:9f2c:78b9%en0&#39;, os.name: &#39;Mac OS X&#39;, os.arch: &#39;x86_64&#39;, os.version: &#39;10.15.4&#39;, java.version: &#39;13.0.1&#39;&#34;,&#34;message&#34;:&#34;unknown error: call function result missing &#39;value&#39;&#34;,&#34;error&#34;:[&#34;  (Session info: chrome=86.0.4240.183)&#34;,&#34;  (Driver info: chromedriver=2.32.498537 (cb2f855cbc7b82e20387eaf9a43f6b99b6105061),platform=Mac OS X 10.15.4 x86_64) (WARNING: The server did not provide any stacktrace information)&#34;,&#34;Command duration or timeout: 12 milliseconds&#34;,&#34;Build info: version: &#39;3.4.0&#39;, revision: &#39;unknown&#39;, time: &#39;unknown&#39;&#34;,&#34;System info: host: &#39;MacBook-Pro-de-Paul.local&#39;, ip: &#39;fe80:0:0:0:1854:68a:9f2c:78b9%en0&#39;, os.name: &#39;Mac OS X&#39;, os.arch: &#39;x86_64&#39;, os.version: &#39;10.15.4&#39;, java.version: &#39;13.0.1&#39;&#34;,&#34;Driver info: org.openqa.selenium.chrome.ChromeDriver&#34;,&#34;Capabilities [{applicationCacheEnabled=false, rotatable=false, mobileEmulationEnabled=false, networkConnectionEnabled=false, chrome={chromedriverVersion=2.32.498537 (cb2f855cbc7b82e20387eaf9a43f6b99b6105061), userDataDir=/var/folders/mg/5v6c75rx19s2l9klbl5h3sl80000gn/T/.org.chromium.Chromium.KbGyeV}, takesHeapSnapshot=true, pageLoadStrategy=normal, databaseEnabled=false, handlesAlerts=true, hasTouchScreen=false, version=86.0.4240.183, platform=MAC, browserConnectionEnabled=false, nativeEvents=true, acceptSslCerts=true, locationContextEnabled=true, webStorageEnabled=true, browserName=chrome, takesScreenshot=true, javascriptEnabled=true, cssSelectorsEnabled=true, setWindowRect=true, unexpectedAlertBehaviour=}]&#34;,&#34;Session ID: d688538061b72f1d432fd5ac1c238c0c&#34;]},&#34;errorStatus&#34;:13,&#34;error&#34;:&#34;An unknown server-side error occurred while processing the command. – unknown error: call function result missing &#39;value...&#34;,&#34;httpStatusCode&#34;:500}
       at processTicksAndRejections (internal/process/task_queues.js:93:5)
  TimeoutError: An error occurred while running .clearValue() command on &lt;#add-to-cart-form input&gt;:   (Session info: chrome=86.0.4240.183),  (Driver info: chromedriver=2.32.498537 (cb2f855cbc7b82e20387eaf9a43f6b99b6105061),platform=Mac OS X 10.15.4 x86_64) (WARNING: The server did not provide any stacktrace information),Command duration or timeout: 16 milliseconds,Build info: version: &#39;3.4.0&#39;, revision: &#39;unknown&#39;, time: &#39;unknown&#39;,System info: host: &#39;MacBook-Pro-de-Paul.local&#39;, ip: &#39;fe80:0:0:0:1854:68a:9f2c:78b9%en0&#39;, os.name: &#39;Mac OS X&#39;, os.arch: &#39;x86_64&#39;, os.version: &#39;10.15.4&#39;, java.version: &#39;13.0.1&#39;,Driver info: org.openqa.selenium.chrome.ChromeDriver,Capabilities [{applicationCacheEnabled=false, rotatable=false, mobileEmulationEnabled=false, networkConnectionEnabled=false, chrome={chromedriverVersion=2.32.498537 (cb2f855cbc7b82e20387eaf9a43f6b99b6105061), userDataDir=/var/folders/mg/5v6c75rx19s2l9klbl5h3sl80000gn/T/.org.chromium.Chromium.KbGyeV}, takesHeapSnapshot=true, pageLoadStrategy=normal, databaseEnabled=false, handlesAlerts=true, hasTouchScreen=false, version=86.0.4240.183, platform=MAC, browserConnectionEnabled=false, nativeEvents=true, acceptSslCerts=true, locationContextEnabled=true, webStorageEnabled=true, browserName=chrome, takesScreenshot=true, javascriptEnabled=true, cssSelectorsEnabled=true, setWindowRect=true, unexpectedAlertBehaviour=}],Session ID: d688538061b72f1d432fd5ac1c238c0c; unknown error: call function result missing &#39;value&#39;
   {&#34;status&#34;:-1,&#34;state&#34;:&#34;unknown error&#34;,&#34;code&#34;:&#34;&#34;,&#34;value&#34;:{&#34;systemInformation&#34;:&#34;System info: host: &#39;MacBook-Pro-de-Paul.local&#39;, ip: &#39;fe80:0:0:0:1854:68a:9f2c:78b9%en0&#39;, os.name: &#39;Mac OS X&#39;, os.arch: &#39;x86_64&#39;, os.version: &#39;10.15.4&#39;, java.version: &#39;13.0.1&#39;&#34;,&#34;message&#34;:&#34;unknown error: call function result missing &#39;value&#39;&#34;,&#34;error&#34;:[&#34;  (Session info: chrome=86.0.4240.183)&#34;,&#34;  (Driver info: chromedriver=2.32.498537 (cb2f855cbc7b82e20387eaf9a43f6b99b6105061),platform=Mac OS X 10.15.4 x86_64) (WARNING: The server did not provide any stacktrace information)&#34;,&#34;Command duration or timeout: 16 milliseconds&#34;,&#34;Build info: version: &#39;3.4.0&#39;, revision: &#39;unknown&#39;, time: &#39;unknown&#39;&#34;,&#34;System info: host: &#39;MacBook-Pro-de-Paul.local&#39;, ip: &#39;fe80:0:0:0:1854:68a:9f2c:78b9%en0&#39;, os.name: &#39;Mac OS X&#39;, os.arch: &#39;x86_64&#39;, os.version: &#39;10.15.4&#39;, java.version: &#39;13.0.1&#39;&#34;,&#34;Driver info: org.openqa.selenium.chrome.ChromeDriver&#34;,&#34;Capabilities [{applicationCacheEnabled=false, rotatable=false, mobileEmulationEnabled=false, networkConnectionEnabled=false, chrome={chromedriverVersion=2.32.498537 (cb2f855cbc7b82e20387eaf9a43f6b99b6105061), userDataDir=/var/folders/mg/5v6c75rx19s2l9klbl5h3sl80000gn/T/.org.chromium.Chromium.KbGyeV}, takesHeapSnapshot=true, pageLoadStrategy=normal, databaseEnabled=false, handlesAlerts=true, hasTouchScreen=false, version=86.0.4240.183, platform=MAC, browserConnectionEnabled=false, nativeEvents=true, acceptSslCerts=true, locationContextEnabled=true, webStorageEnabled=true, browserName=chrome, takesScreenshot=true, javascriptEnabled=true, cssSelectorsEnabled=true, setWindowRect=true, unexpectedAlertBehaviour=}]&#34;,&#34;Session ID: d688538061b72f1d432fd5ac1c238c0c&#34;]},&#34;errorStatus&#34;:13,&#34;error&#34;:&#34;An unknown server-side error occurred while processing the command. – unknown error: call function result missing &#39;value...&#34;,&#34;httpStatusCode&#34;:500}
       at runMicrotasks (&lt;anonymous&gt;)
       at processTicksAndRejections (internal/process/task_queues.js:93:5)
  TimeoutError: An error occurred while running .setValue() command on &lt;#add-to-cart-form input&gt;:   (Session info: chrome=86.0.4240.183),  (Driver info: chromedriver=2.32.498537 (cb2f855cbc7b82e20387eaf9a43f6b99b6105061),platform=Mac OS X 10.15.4 x86_64) (WARNING: The server did not provide any stacktrace information),Command duration or timeout: 20 milliseconds,Build info: version: &#39;3.4.0&#39;, revision: &#39;unknown&#39;, time: &#39;unknown&#39;,System info: host: &#39;MacBook-Pro-de-Paul.local&#39;, ip: &#39;fe80:0:0:0:1854:68a:9f2c:78b9%en0&#39;, os.name: &#39;Mac OS X&#39;, os.arch: &#39;x86_64&#39;, os.version: &#39;10.15.4&#39;, java.version: &#39;13.0.1&#39;,Driver info: org.openqa.selenium.chrome.ChromeDriver,Capabilities [{applicationCacheEnabled=false, rotatable=false, mobileEmulationEnabled=false, networkConnectionEnabled=false, chrome={chromedriverVersion=2.32.498537 (cb2f855cbc7b82e20387eaf9a43f6b99b6105061), userDataDir=/var/folders/mg/5v6c75rx19s2l9klbl5h3sl80000gn/T/.org.chromium.Chromium.KbGyeV}, takesHeapSnapshot=true, pageLoadStrategy=normal, databaseEnabled=false, handlesAlerts=true, hasTouchScreen=false, version=86.0.4240.183, platform=MAC, browserConnectionEnabled=false, nativeEvents=true, acceptSslCerts=true, locationContextEnabled=true, webStorageEnabled=true, browserName=chrome, takesScreenshot=true, javascriptEnabled=true, cssSelectorsEnabled=true, setWindowRect=true, unexpectedAlertBehaviour=}],Session ID: d688538061b72f1d432fd5ac1c238c0c; unknown error: call function result missing &#39;value&#39;
   {&#34;status&#34;:-1,&#34;state&#34;:&#34;unknown error&#34;,&#34;code&#34;:&#34;&#34;,&#34;value&#34;:{&#34;systemInformation&#34;:&#34;System info: host: &#39;MacBook-Pro-de-Paul.local&#39;, ip: &#39;fe80:0:0:0:1854:68a:9f2c:78b9%en0&#39;, os.name: &#39;Mac OS X&#39;, os.arch: &#39;x86_64&#39;, os.version: &#39;10.15.4&#39;, java.version: &#39;13.0.1&#39;&#34;,&#34;message&#34;:&#34;unknown error: call function result missing &#39;value&#39;&#34;,&#34;error&#34;:[&#34;  (Session info: chrome=86.0.4240.183)&#34;,&#34;  (Driver info: chromedriver=2.32.498537 (cb2f855cbc7b82e20387eaf9a43f6b99b6105061),platform=Mac OS X 10.15.4 x86_64) (WARNING: The server did not provide any stacktrace information)&#34;,&#34;Command duration or timeout: 20 milliseconds&#34;,&#34;Build info: version: &#39;3.4.0&#39;, revision: &#39;unknown&#39;, time: &#39;unknown&#39;&#34;,&#34;System info: host: &#39;MacBook-Pro-de-Paul.local&#39;, ip: &#39;fe80:0:0:0:1854:68a:9f2c:78b9%en0&#39;, os.name: &#39;Mac OS X&#39;, os.arch: &#39;x86_64&#39;, os.version: &#39;10.15.4&#39;, java.version: &#39;13.0.1&#39;&#34;,&#34;Driver info: org.openqa.selenium.chrome.ChromeDriver&#34;,&#34;Capabilities [{applicationCacheEnabled=false, rotatable=false, mobileEmulationEnabled=false, networkConnectionEnabled=false, chrome={chromedriverVersion=2.32.498537 (cb2f855cbc7b82e20387eaf9a43f6b99b6105061), userDataDir=/var/folders/mg/5v6c75rx19s2l9klbl5h3sl80000gn/T/.org.chromium.Chromium.KbGyeV}, takesHeapSnapshot=true, pageLoadStrategy=normal, databaseEnabled=false, handlesAlerts=true, hasTouchScreen=false, version=86.0.4240.183, platform=MAC, browserConnectionEnabled=false, nativeEvents=true, acceptSslCerts=true, locationContextEnabled=true, webStorageEnabled=true, browserName=chrome, takesScreenshot=true, javascriptEnabled=true, cssSelectorsEnabled=true, setWindowRect=true, unexpectedAlertBehaviour=}]&#34;,&#34;Session ID: d688538061b72f1d432fd5ac1c238c0c&#34;]},&#34;errorStatus&#34;:13,&#34;error&#34;:&#34;An unknown server-side error occurred while processing the command. – unknown error: call function result missing &#39;value...&#34;,&#34;httpStatusCode&#34;:500}
       at runMicrotasks (&lt;anonymous&gt;)
       at processTicksAndRejections (internal/process/task_queues.js:93:5)
  TimeoutError: An error occurred while running .submitForm() command on &lt;#add-to-cart-form&gt;:   (Session info: chrome=86.0.4240.183),  (Driver info: chromedriver=2.32.498537 (cb2f855cbc7b82e20387eaf9a43f6b99b6105061),platform=Mac OS X 10.15.4 x86_64) (WARNING: The server did not provide any stacktrace information),Command duration or timeout: 13 milliseconds,Build info: version: &#39;3.4.0&#39;, revision: &#39;unknown&#39;, time: &#39;unknown&#39;,System info: host: &#39;MacBook-Pro-de-Paul.local&#39;, ip: &#39;fe80:0:0:0:1854:68a:9f2c:78b9%en0&#39;, os.name: &#39;Mac OS X&#39;, os.arch: &#39;x86_64&#39;, os.version: &#39;10.15.4&#39;, java.version: &#39;13.0.1&#39;,Driver info: org.openqa.selenium.chrome.ChromeDriver,Capabilities [{applicationCacheEnabled=false, rotatable=false, mobileEmulationEnabled=false, networkConnectionEnabled=false, chrome={chromedriverVersion=2.32.498537 (cb2f855cbc7b82e20387eaf9a43f6b99b6105061), userDataDir=/var/folders/mg/5v6c75rx19s2l9klbl5h3sl80000gn/T/.org.chromium.Chromium.KbGyeV}, takesHeapSnapshot=true, pageLoadStrategy=normal, databaseEnabled=false, handlesAlerts=true, hasTouchScreen=false, version=86.0.4240.183, platform=MAC, browserConnectionEnabled=false, nativeEvents=true, acceptSslCerts=true, locationContextEnabled=true, webStorageEnabled=true, browserName=chrome, takesScreenshot=true, javascriptEnabled=true, cssSelectorsEnabled=true, setWindowRect=true, unexpectedAlertBehaviour=}],Session ID: d688538061b72f1d432fd5ac1c238c0c; unknown error: call function result missing &#39;value&#39;
   {&#34;status&#34;:-1,&#34;state&#34;:&#34;unknown error&#34;,&#34;code&#34;:&#34;&#34;,&#34;value&#34;:{&#34;systemInformation&#34;:&#34;System info: host: &#39;MacBook-Pro-de-Paul.local&#39;, ip: &#39;fe80:0:0:0:1854:68a:9f2c:78b9%en0&#39;, os.name: &#39;Mac OS X&#39;, os.arch: &#39;x86_64&#39;, os.version: &#39;10.15.4&#39;, java.version: &#39;13.0.1&#39;&#34;,&#34;message&#34;:&#34;unknown error: call function result missing &#39;value&#39;&#34;,&#34;error&#34;:[&#34;  (Session info: chrome=86.0.4240.183)&#34;,&#34;  (Driver info: chromedriver=2.32.498537 (cb2f855cbc7b82e20387eaf9a43f6b99b6105061),platform=Mac OS X 10.15.4 x86_64) (WARNING: The server did not provide any stacktrace information)&#34;,&#34;Command duration or timeout: 13 milliseconds&#34;,&#34;Build info: version: &#39;3.4.0&#39;, revision: &#39;unknown&#39;, time: &#39;unknown&#39;&#34;,&#34;System info: host: &#39;MacBook-Pro-de-Paul.local&#39;, ip: &#39;fe80:0:0:0:1854:68a:9f2c:78b9%en0&#39;, os.name: &#39;Mac OS X&#39;, os.arch: &#39;x86_64&#39;, os.version: &#39;10.15.4&#39;, java.version: &#39;13.0.1&#39;&#34;,&#34;Driver info: org.openqa.selenium.chrome.ChromeDriver&#34;,&#34;Capabilities [{applicationCacheEnabled=false, rotatable=false, mobileEmulationEnabled=false, networkConnectionEnabled=false, chrome={chromedriverVersion=2.32.498537 (cb2f855cbc7b82e20387eaf9a43f6b99b6105061), userDataDir=/var/folders/mg/5v6c75rx19s2l9klbl5h3sl80000gn/T/.org.chromium.Chromium.KbGyeV}, takesHeapSnapshot=true, pageLoadStrategy=normal, databaseEnabled=false, handlesAlerts=true, hasTouchScreen=false, version=86.0.4240.183, platform=MAC, browserConnectionEnabled=false, nativeEvents=true, acceptSslCerts=true, locationContextEnabled=true, webStorageEnabled=true, browserName=chrome, takesScreenshot=true, javascriptEnabled=true, cssSelectorsEnabled=true, setWindowRect=true, unexpectedAlertBehaviour=}]&#34;,&#34;Session ID: d688538061b72f1d432fd5ac1c238c0c&#34;]},&#34;errorStatus&#34;:13,&#34;error&#34;:&#34;An unknown server-side error occurred while processing the command. – unknown error: call function result missing &#39;value...&#34;,&#34;httpStatusCode&#34;:500}
       at runMicrotasks (&lt;anonymous&gt;)
       at processTicksAndRejections (internal/process/task_queues.js:93:5)
  TimeoutError: An error occurred while running .submitForm() command on &lt;#order-form&gt;: 
   {&#34;status&#34;:-1,&#34;state&#34;:&#34;unknown error&#34;,&#34;code&#34;:&#34;&#34;,&#34;value&#34;:{&#34;screen&#34;:null},&#34;errorStatus&#34;:13,&#34;error&#34;:&#34;An unknown server-side error occurred while processing the command.&#34;,&#34;httpStatusCode&#34;:500}
       at runMicrotasks (&lt;anonymous&gt;)
       at processTicksAndRejections (internal/process/task_queues.js:93:5)
  TimeoutError: An error occurred while running .clearValue() command on &lt;#add-to-cart-form input&gt;:   (Session info: chrome=86.0.4240.183),  (Driver info: chromedriver=2.32.498537 (cb2f855cbc7b82e20387eaf9a43f6b99b6105061),platform=Mac OS X 10.15.4 x86_64) (WARNING: The server did not provide any stacktrace information),Command duration or timeout: 12 milliseconds,Build info: version: &#39;3.4.0&#39;, revision: &#39;unknown&#39;, time: &#39;unknown&#39;,System info: host: &#39;MacBook-Pro-de-Paul.local&#39;, ip: &#39;fe80:0:0:0:1854:68a:9f2c:78b9%en0&#39;, os.name: &#39;Mac OS X&#39;, os.arch: &#39;x86_64&#39;, os.version: &#39;10.15.4&#39;, java.version: &#39;13.0.1&#39;,Driver info: org.openqa.selenium.chrome.ChromeDriver,Capabilities [{applicationCacheEnabled=false, rotatable=false, mobileEmulationEnabled=false, networkConnectionEnabled=false, chrome={chromedriverVersion=2.32.498537 (cb2f855cbc7b82e20387eaf9a43f6b99b6105061), userDataDir=/var/folders/mg/5v6c75rx19s2l9klbl5h3sl80000gn/T/.org.chromium.Chromium.KbGyeV}, takesHeapSnapshot=true, pageLoadStrategy=normal, databaseEnabled=false, handlesAlerts=true, hasTouchScreen=false, version=86.0.4240.183, platform=MAC, browserConnectionEnabled=false, nativeEvents=true, acceptSslCerts=true, locationContextEnabled=true, webStorageEnabled=true, browserName=chrome, takesScreenshot=true, javascriptEnabled=true, cssSelectorsEnabled=true, setWindowRect=true, unexpectedAlertBehaviour=}],Session ID: d688538061b72f1d432fd5ac1c238c0c; unknown error: call function result missing &#39;value&#39;
   {&#34;status&#34;:-1,&#34;state&#34;:&#34;unknown error&#34;,&#34;code&#34;:&#34;&#34;,&#34;value&#34;:{&#34;systemInformation&#34;:&#34;System info: host: &#39;MacBook-Pro-de-Paul.local&#39;, ip: &#39;fe80:0:0:0:1854:68a:9f2c:78b9%en0&#39;, os.name: &#39;Mac OS X&#39;, os.arch: &#39;x86_64&#39;, os.version: &#39;10.15.4&#39;, java.version: &#39;13.0.1&#39;&#34;,&#34;message&#34;:&#34;unknown error: call function result missing &#39;value&#39;&#34;,&#34;error&#34;:[&#34;  (Session info: chrome=86.0.4240.183)&#34;,&#34;  (Driver info: chromedriver=2.32.498537 (cb2f855cbc7b82e20387eaf9a43f6b99b6105061),platform=Mac OS X 10.15.4 x86_64) (WARNING: The server did not provide any stacktrace information)&#34;,&#34;Command duration or timeout: 12 milliseconds&#34;,&#34;Build info: version: &#39;3.4.0&#39;, revision: &#39;unknown&#39;, time: &#39;unknown&#39;&#34;,&#34;System info: host: &#39;MacBook-Pro-de-Paul.local&#39;, ip: &#39;fe80:0:0:0:1854:68a:9f2c:78b9%en0&#39;, os.name: &#39;Mac OS X&#39;, os.arch: &#39;x86_64&#39;, os.version: &#39;10.15.4&#39;, java.version: &#39;13.0.1&#39;&#34;,&#34;Driver info: org.openqa.selenium.chrome.ChromeDriver&#34;,&#34;Capabilities [{applicationCacheEnabled=false, rotatable=false, mobileEmulationEnabled=false, networkConnectionEnabled=false, chrome={chromedriverVersion=2.32.498537 (cb2f855cbc7b82e20387eaf9a43f6b99b6105061), userDataDir=/var/folders/mg/5v6c75rx19s2l9klbl5h3sl80000gn/T/.org.chromium.Chromium.KbGyeV}, takesHeapSnapshot=true, pageLoadStrategy=normal, databaseEnabled=false, handlesAlerts=true, hasTouchScreen=false, version=86.0.4240.183, platform=MAC, browserConnectionEnabled=false, nativeEvents=true, acceptSslCerts=true, locationContextEnabled=true, webStorageEnabled=true, browserName=chrome, takesScreenshot=true, javascriptEnabled=true, cssSelectorsEnabled=true, setWindowRect=true, unexpectedAlertBehaviour=}]&#34;,&#34;Session ID: d688538061b72f1d432fd5ac1c238c0c&#34;]},&#34;errorStatus&#34;:13,&#34;error&#34;:&#34;An unknown server-side error occurred while processing the command. – unknown error: call function result missing &#39;value...&#34;,&#34;httpStatusCode&#34;:500}
       at runMicrotasks (&lt;anonymous&gt;)
       at processTicksAndRejections (internal/process/task_queues.js:93:5)
  TimeoutError: An error occurred while running .setValue() command on &lt;#add-to-cart-form input&gt;:   (Session info: chrome=86.0.4240.183),  (Driver info: chromedriver=2.32.498537 (cb2f855cbc7b82e20387eaf9a43f6b99b6105061),platform=Mac OS X 10.15.4 x86_64) (WARNING: The server did not provide any stacktrace information),Command duration or timeout: 21 milliseconds,Build info: version: &#39;3.4.0&#39;, revision: &#39;unknown&#39;, time: &#39;unknown&#39;,System info: host: &#39;MacBook-Pro-de-Paul.local&#39;, ip: &#39;fe80:0:0:0:1854:68a:9f2c:78b9%en0&#39;, os.name: &#39;Mac OS X&#39;, os.arch: &#39;x86_64&#39;, os.version: &#39;10.15.4&#39;, java.version: &#39;13.0.1&#39;,Driver info: org.openqa.selenium.chrome.ChromeDriver,Capabilities [{applicationCacheEnabled=false, rotatable=false, mobileEmulationEnabled=false, networkConnectionEnabled=false, chrome={chromedriverVersion=2.32.498537 (cb2f855cbc7b82e20387eaf9a43f6b99b6105061), userDataDir=/var/folders/mg/5v6c75rx19s2l9klbl5h3sl80000gn/T/.org.chromium.Chromium.KbGyeV}, takesHeapSnapshot=true, pageLoadStrategy=normal, databaseEnabled=false, handlesAlerts=true, hasTouchScreen=false, version=86.0.4240.183, platform=MAC, browserConnectionEnabled=false, nativeEvents=true, acceptSslCerts=true, locationContextEnabled=true, webStorageEnabled=true, browserName=chrome, takesScreenshot=true, javascriptEnabled=true, cssSelectorsEnabled=true, setWindowRect=true, unexpectedAlertBehaviour=}],Session ID: d688538061b72f1d432fd5ac1c238c0c; unknown error: call function result missing &#39;value&#39;
   {&#34;status&#34;:-1,&#34;state&#34;:&#34;unknown error&#34;,&#34;code&#34;:&#34;&#34;,&#34;value&#34;:{&#34;systemInformation&#34;:&#34;System info: host: &#39;MacBook-Pro-de-Paul.local&#39;, ip: &#39;fe80:0:0:0:1854:68a:9f2c:78b9%en0&#39;, os.name: &#39;Mac OS X&#39;, os.arch: &#39;x86_64&#39;, os.version: &#39;10.15.4&#39;, java.version: &#39;13.0.1&#39;&#34;,&#34;message&#34;:&#34;unknown error: call function result missing &#39;value&#39;&#34;,&#34;error&#34;:[&#34;  (Session info: chrome=86.0.4240.183)&#34;,&#34;  (Driver info: chromedriver=2.32.498537 (cb2f855cbc7b82e20387eaf9a43f6b99b6105061),platform=Mac OS X 10.15.4 x86_64) (WARNING: The server did not provide any stacktrace information)&#34;,&#34;Command duration or timeout: 21 milliseconds&#34;,&#34;Build info: version: &#39;3.4.0&#39;, revision: &#39;unknown&#39;, time: &#39;unknown&#39;&#34;,&#34;System info: host: &#39;MacBook-Pro-de-Paul.local&#39;, ip: &#39;fe80:0:0:0:1854:68a:9f2c:78b9%en0&#39;, os.name: &#39;Mac OS X&#39;, os.arch: &#39;x86_64&#39;, os.version: &#39;10.15.4&#39;, java.version: &#39;13.0.1&#39;&#34;,&#34;Driver info: org.openqa.selenium.chrome.ChromeDriver&#34;,&#34;Capabilities [{applicationCacheEnabled=false, rotatable=false, mobileEmulationEnabled=false, networkConnectionEnabled=false, chrome={chromedriverVersion=2.32.498537 (cb2f855cbc7b82e20387eaf9a43f6b99b6105061), userDataDir=/var/folders/mg/5v6c75rx19s2l9klbl5h3sl80000gn/T/.org.chromium.Chromium.KbGyeV}, takesHeapSnapshot=true, pageLoadStrategy=normal, databaseEnabled=false, handlesAlerts=true, hasTouchScreen=false, version=86.0.4240.183, platform=MAC, browserConnectionEnabled=false, nativeEvents=true, acceptSslCerts=true, locationContextEnabled=true, webStorageEnabled=true, browserName=chrome, takesScreenshot=true, javascriptEnabled=true, cssSelectorsEnabled=true, setWindowRect=true, unexpectedAlertBehaviour=}]&#34;,&#34;Session ID: d688538061b72f1d432fd5ac1c238c0c&#34;]},&#34;errorStatus&#34;:13,&#34;error&#34;:&#34;An unknown server-side error occurred while processing the command. – unknown error: call function result missing &#39;value...&#34;,&#34;httpStatusCode&#34;:500}
       at runMicrotasks (&lt;anonymous&gt;)
       at processTicksAndRejections (internal/process/task_queues.js:93:5)
  TimeoutError: An error occurred while running .submitForm() command on &lt;#add-to-cart-form&gt;:   (Session info: chrome=86.0.4240.183),  (Driver info: chromedriver=2.32.498537 (cb2f855cbc7b82e20387eaf9a43f6b99b6105061),platform=Mac OS X 10.15.4 x86_64) (WARNING: The server did not provide any stacktrace information),Command duration or timeout: 13 milliseconds,Build info: version: &#39;3.4.0&#39;, revision: &#39;unknown&#39;, time: &#39;unknown&#39;,System info: host: &#39;MacBook-Pro-de-Paul.local&#39;, ip: &#39;fe80:0:0:0:1854:68a:9f2c:78b9%en0&#39;, os.name: &#39;Mac OS X&#39;, os.arch: &#39;x86_64&#39;, os.version: &#39;10.15.4&#39;, java.version: &#39;13.0.1&#39;,Driver info: org.openqa.selenium.chrome.ChromeDriver,Capabilities [{applicationCacheEnabled=false, rotatable=false, mobileEmulationEnabled=false, networkConnectionEnabled=false, chrome={chromedriverVersion=2.32.498537 (cb2f855cbc7b82e20387eaf9a43f6b99b6105061), userDataDir=/var/folders/mg/5v6c75rx19s2l9klbl5h3sl80000gn/T/.org.chromium.Chromium.KbGyeV}, takesHeapSnapshot=true, pageLoadStrategy=normal, databaseEnabled=false, handlesAlerts=true, hasTouchScreen=false, version=86.0.4240.183, platform=MAC, browserConnectionEnabled=false, nativeEvents=true, acceptSslCerts=true, locationContextEnabled=true, webStorageEnabled=true, browserName=chrome, takesScreenshot=true, javascriptEnabled=true, cssSelectorsEnabled=true, setWindowRect=true, unexpectedAlertBehaviour=}],Session ID: d688538061b72f1d432fd5ac1c238c0c; unknown error: call function result missing &#39;value&#39;
   {&#34;status&#34;:-1,&#34;state&#34;:&#34;unknown error&#34;,&#34;code&#34;:&#34;&#34;,&#34;value&#34;:{&#34;systemInformation&#34;:&#34;System info: host: &#39;MacBook-Pro-de-Paul.local&#39;, ip: &#39;fe80:0:0:0:1854:68a:9f2c:78b9%en0&#39;, os.name: &#39;Mac OS X&#39;, os.arch: &#39;x86_64&#39;, os.version: &#39;10.15.4&#39;, java.version: &#39;13.0.1&#39;&#34;,&#34;message&#34;:&#34;unknown error: call function result missing &#39;value&#39;&#34;,&#34;error&#34;:[&#34;  (Session info: chrome=86.0.4240.183)&#34;,&#34;  (Driver info: chromedriver=2.32.498537 (cb2f855cbc7b82e20387eaf9a43f6b99b6105061),platform=Mac OS X 10.15.4 x86_64) (WARNING: The server did not provide any stacktrace information)&#34;,&#34;Command duration or timeout: 13 milliseconds&#34;,&#34;Build info: version: &#39;3.4.0&#39;, revision: &#39;unknown&#39;, time: &#39;unknown&#39;&#34;,&#34;System info: host: &#39;MacBook-Pro-de-Paul.local&#39;, ip: &#39;fe80:0:0:0:1854:68a:9f2c:78b9%en0&#39;, os.name: &#39;Mac OS X&#39;, os.arch: &#39;x86_64&#39;, os.version: &#39;10.15.4&#39;, java.version: &#39;13.0.1&#39;&#34;,&#34;Driver info: org.openqa.selenium.chrome.ChromeDriver&#34;,&#34;Capabilities [{applicationCacheEnabled=false, rotatable=false, mobileEmulationEnabled=false, networkConnectionEnabled=false, chrome={chromedriverVersion=2.32.498537 (cb2f855cbc7b82e20387eaf9a43f6b99b6105061), userDataDir=/var/folders/mg/5v6c75rx19s2l9klbl5h3sl80000gn/T/.org.chromium.Chromium.KbGyeV}, takesHeapSnapshot=true, pageLoadStrategy=normal, databaseEnabled=false, handlesAlerts=true, hasTouchScreen=false, version=86.0.4240.183, platform=MAC, browserConnectionEnabled=false, nativeEvents=true, acceptSslCerts=true, locationContextEnabled=true, webStorageEnabled=true, browserName=chrome, takesScreenshot=true, javascriptEnabled=true, cssSelectorsEnabled=true, setWindowRect=true, unexpectedAlertBehaviour=}]&#34;,&#34;Session ID: d688538061b72f1d432fd5ac1c238c0c&#34;]},&#34;errorStatus&#34;:13,&#34;error&#34;:&#34;An unknown server-side error occurred while processing the command. – unknown error: call function result missing &#39;value...&#34;,&#34;httpStatusCode&#34;:500}
       at runMicrotasks (&lt;anonymous&gt;)
       at processTicksAndRejections (internal/process/task_queues.js:93:5)
  TimeoutError: An error occurred while running .clearValue() command on &lt;#first-name&gt;:   (Session info: chrome=86.0.4240.183),  (Driver info: chromedriver=2.32.498537 (cb2f855cbc7b82e20387eaf9a43f6b99b6105061),platform=Mac OS X 10.15.4 x86_64) (WARNING: The server did not provide any stacktrace information),Command duration or timeout: 12 milliseconds,Build info: version: &#39;3.4.0&#39;, revision: &#39;unknown&#39;, time: &#39;unknown&#39;,System info: host: &#39;MacBook-Pro-de-Paul.local&#39;, ip: &#39;fe80:0:0:0:1854:68a:9f2c:78b9%en0&#39;, os.name: &#39;Mac OS X&#39;, os.arch: &#39;x86_64&#39;, os.version: &#39;10.15.4&#39;, java.version: &#39;13.0.1&#39;,Driver info: org.openqa.selenium.chrome.ChromeDriver,Capabilities [{applicationCacheEnabled=false, rotatable=false, mobileEmulationEnabled=false, networkConnectionEnabled=false, chrome={chromedriverVersion=2.32.498537 (cb2f855cbc7b82e20387eaf9a43f6b99b6105061), userDataDir=/var/folders/mg/5v6c75rx19s2l9klbl5h3sl80000gn/T/.org.chromium.Chromium.KbGyeV}, takesHeapSnapshot=true, pageLoadStrategy=normal, databaseEnabled=false, handlesAlerts=true, hasTouchScreen=false, version=86.0.4240.183, platform=MAC, browserConnectionEnabled=false, nativeEvents=true, acceptSslCerts=true, locationContextEnabled=true, webStorageEnabled=true, browserName=chrome, takesScreenshot=true, javascriptEnabled=true, cssSelectorsEnabled=true, setWindowRect=true, unexpectedAlertBehaviour=}],Session ID: d688538061b72f1d432fd5ac1c238c0c; unknown error: call function result missing &#39;value&#39;
   {&#34;status&#34;:-1,&#34;state&#34;:&#34;unknown error&#34;,&#34;code&#34;:&#34;&#34;,&#34;value&#34;:{&#34;systemInformation&#34;:&#34;System info: host: &#39;MacBook-Pro-de-Paul.local&#39;, ip: &#39;fe80:0:0:0:1854:68a:9f2c:78b9%en0&#39;, os.name: &#39;Mac OS X&#39;, os.arch: &#39;x86_64&#39;, os.version: &#39;10.15.4&#39;, java.version: &#39;13.0.1&#39;&#34;,&#34;message&#34;:&#34;unknown error: call function result missing &#39;value&#39;&#34;,&#34;error&#34;:[&#34;  (Session info: chrome=86.0.4240.183)&#34;,&#34;  (Driver info: chromedriver=2.32.498537 (cb2f855cbc7b82e20387eaf9a43f6b99b6105061),platform=Mac OS X 10.15.4 x86_64) (WARNING: The server did not provide any stacktrace information)&#34;,&#34;Command duration or timeout: 12 milliseconds&#34;,&#34;Build info: version: &#39;3.4.0&#39;, revision: &#39;unknown&#39;, time: &#39;unknown&#39;&#34;,&#34;System info: host: &#39;MacBook-Pro-de-Paul.local&#39;, ip: &#39;fe80:0:0:0:1854:68a:9f2c:78b9%en0&#39;, os.name: &#39;Mac OS X&#39;, os.arch: &#39;x86_64&#39;, os.version: &#39;10.15.4&#39;, java.version: &#39;13.0.1&#39;&#34;,&#34;Driver info: org.openqa.selenium.chrome.ChromeDriver&#34;,&#34;Capabilities [{applicationCacheEnabled=false, rotatable=false, mobileEmulationEnabled=false, networkConnectionEnabled=false, chrome={chromedriverVersion=2.32.498537 (cb2f855cbc7b82e20387eaf9a43f6b99b6105061), userDataDir=/var/folders/mg/5v6c75rx19s2l9klbl5h3sl80000gn/T/.org.chromium.Chromium.KbGyeV}, takesHeapSnapshot=true, pageLoadStrategy=normal, databaseEnabled=false, handlesAlerts=true, hasTouchScreen=false, version=86.0.4240.183, platform=MAC, browserConnectionEnabled=false, nativeEvents=true, acceptSslCerts=true, locationContextEnabled=true, webStorageEnabled=true, browserName=chrome, takesScreenshot=true, javascriptEnabled=true, cssSelectorsEnabled=true, setWindowRect=true, unexpectedAlertBehaviour=}]&#34;,&#34;Session ID: d688538061b72f1d432fd5ac1c238c0c&#34;]},&#34;errorStatus&#34;:13,&#34;error&#34;:&#34;An unknown server-side error occurred while processing the command. – unknown error: call function result missing &#39;value...&#34;,&#34;httpStatusCode&#34;:500}
       at runMicrotasks (&lt;anonymous&gt;)
       at processTicksAndRejections (internal/process/task_queues.js:93:5)
  TimeoutError: An error occurred while running .setValue() command on &lt;#first-name&gt;:   (Session info: chrome=86.0.4240.183),  (Driver info: chromedriver=2.32.498537 (cb2f855cbc7b82e20387eaf9a43f6b99b6105061),platform=Mac OS X 10.15.4 x86_64) (WARNING: The server did not provide any stacktrace information),Command duration or timeout: 19 milliseconds,Build info: version: &#39;3.4.0&#39;, revision: &#39;unknown&#39;, time: &#39;unknown&#39;,System info: host: &#39;MacBook-Pro-de-Paul.local&#39;, ip: &#39;fe80:0:0:0:1854:68a:9f2c:78b9%en0&#39;, os.name: &#39;Mac OS X&#39;, os.arch: &#39;x86_64&#39;, os.version: &#39;10.15.4&#39;, java.version: &#39;13.0.1&#39;,Driver info: org.openqa.selenium.chrome.ChromeDriver,Capabilities [{applicationCacheEnabled=false, rotatable=false, mobileEmulationEnabled=false, networkConnectionEnabled=false, chrome={chromedriverVersion=2.32.498537 (cb2f855cbc7b82e20387eaf9a43f6b99b6105061), userDataDir=/var/folders/mg/5v6c75rx19s2l9klbl5h3sl80000gn/T/.org.chromium.Chromium.KbGyeV}, takesHeapSnapshot=true, pageLoadStrategy=normal, databaseEnabled=false, handlesAlerts=true, hasTouchScreen=false, version=86.0.4240.183, platform=MAC, browserConnectionEnabled=false, nativeEvents=true, acceptSslCerts=true, locationContextEnabled=true, webStorageEnabled=true, browserName=chrome, takesScreenshot=true, javascriptEnabled=true, cssSelectorsEnabled=true, setWindowRect=true, unexpectedAlertBehaviour=}],Session ID: d688538061b72f1d432fd5ac1c238c0c; unknown error: call function result missing &#39;value&#39;
   {&#34;status&#34;:-1,&#34;state&#34;:&#34;unknown error&#34;,&#34;code&#34;:&#34;&#34;,&#34;value&#34;:{&#34;systemInformation&#34;:&#34;System info: host: &#39;MacBook-Pro-de-Paul.local&#39;, ip: &#39;fe80:0:0:0:1854:68a:9f2c:78b9%en0&#39;, os.name: &#39;Mac OS X&#39;, os.arch: &#39;x86_64&#39;, os.version: &#39;10.15.4&#39;, java.version: &#39;13.0.1&#39;&#34;,&#34;message&#34;:&#34;unknown error: call function result missing &#39;value&#39;&#34;,&#34;error&#34;:[&#34;  (Session info: chrome=86.0.4240.183)&#34;,&#34;  (Driver info: chromedriver=2.32.498537 (cb2f855cbc7b82e20387eaf9a43f6b99b6105061),platform=Mac OS X 10.15.4 x86_64) (WARNING: The server did not provide any stacktrace information)&#34;,&#34;Command duration or timeout: 19 milliseconds&#34;,&#34;Build info: version: &#39;3.4.0&#39;, revision: &#39;unknown&#39;, time: &#39;unknown&#39;&#34;,&#34;System info: host: &#39;MacBook-Pro-de-Paul.local&#39;, ip: &#39;fe80:0:0:0:1854:68a:9f2c:78b9%en0&#39;, os.name: &#39;Mac OS X&#39;, os.arch: &#39;x86_64&#39;, os.version: &#39;10.15.4&#39;, java.version: &#39;13.0.1&#39;&#34;,&#34;Driver info: org.openqa.selenium.chrome.ChromeDriver&#34;,&#34;Capabilities [{applicationCacheEnabled=false, rotatable=false, mobileEmulationEnabled=false, networkConnectionEnabled=false, chrome={chromedriverVersion=2.32.498537 (cb2f855cbc7b82e20387eaf9a43f6b99b6105061), userDataDir=/var/folders/mg/5v6c75rx19s2l9klbl5h3sl80000gn/T/.org.chromium.Chromium.KbGyeV}, takesHeapSnapshot=true, pageLoadStrategy=normal, databaseEnabled=false, handlesAlerts=true, hasTouchScreen=false, version=86.0.4240.183, platform=MAC, browserConnectionEnabled=false, nativeEvents=true, acceptSslCerts=true, locationContextEnabled=true, webStorageEnabled=true, browserName=chrome, takesScreenshot=true, javascriptEnabled=true, cssSelectorsEnabled=true, setWindowRect=true, unexpectedAlertBehaviour=}]&#34;,&#34;Session ID: d688538061b72f1d432fd5ac1c238c0c&#34;]},&#34;errorStatus&#34;:13,&#34;error&#34;:&#34;An unknown server-side error occurred while processing the command. – unknown error: call function result missing &#39;value...&#34;,&#34;httpStatusCode&#34;:500}
       at runMicrotasks (&lt;anonymous&gt;)
       at processTicksAndRejections (internal/process/task_queues.js:93:5)
  TimeoutError: An error occurred while running .submitForm() command on &lt;#order-form&gt;: 
   {&#34;status&#34;:-1,&#34;state&#34;:&#34;unknown error&#34;,&#34;code&#34;:&#34;&#34;,&#34;value&#34;:{&#34;screen&#34;:null},&#34;errorStatus&#34;:13,&#34;error&#34;:&#34;An unknown server-side error occurred while processing the command.&#34;,&#34;httpStatusCode&#34;:500}
       at runMicrotasks (&lt;anonymous&gt;)
       at processTicksAndRejections (internal/process/task_queues.js:93:5)
  NoSuchElementError: An error occurred while running .getText() command on &lt;#first-name-error&gt;: 
   {&#34;state&#34;:&#34;success&#34;,&#34;sessionId&#34;:&#34;254d9ef1-6373-4be4-9da8-d9547567cf69&#34;,&#34;value&#34;:[],&#34;status&#34;:0}
       at runMicrotasks (&lt;anonymous&gt;)
       at processTicksAndRejections (internal/process/task_queues.js:93:5)
  TimeoutError: An error occurred while running .clearValue() command on &lt;#add-to-cart-form input&gt;:   (Session info: chrome=86.0.4240.183),  (Driver info: chromedriver=2.32.498537 (cb2f855cbc7b82e20387eaf9a43f6b99b6105061),platform=Mac OS X 10.15.4 x86_64) (WARNING: The server did not provide any stacktrace information),Command duration or timeout: 14 milliseconds,Build info: version: &#39;3.4.0&#39;, revision: &#39;unknown&#39;, time: &#39;unknown&#39;,System info: host: &#39;MacBook-Pro-de-Paul.local&#39;, ip: &#39;fe80:0:0:0:1854:68a:9f2c:78b9%en0&#39;, os.name: &#39;Mac OS X&#39;, os.arch: &#39;x86_64&#39;, os.version: &#39;10.15.4&#39;, java.version: &#39;13.0.1&#39;,Driver info: org.openqa.selenium.chrome.ChromeDriver,Capabilities [{applicationCacheEnabled=false, rotatable=false, mobileEmulationEnabled=false, networkConnectionEnabled=false, chrome={chromedriverVersion=2.32.498537 (cb2f855cbc7b82e20387eaf9a43f6b99b6105061), userDataDir=/var/folders/mg/5v6c75rx19s2l9klbl5h3sl80000gn/T/.org.chromium.Chromium.KbGyeV}, takesHeapSnapshot=true, pageLoadStrategy=normal, databaseEnabled=false, handlesAlerts=true, hasTouchScreen=false, version=86.0.4240.183, platform=MAC, browserConnectionEnabled=false, nativeEvents=true, acceptSslCerts=true, locationContextEnabled=true, webStorageEnabled=true, browserName=chrome, takesScreenshot=true, javascriptEnabled=true, cssSelectorsEnabled=true, setWindowRect=true, unexpectedAlertBehaviour=}],Session ID: d688538061b72f1d432fd5ac1c238c0c; unknown error: call function result missing &#39;value&#39;
   {&#34;status&#34;:-1,&#34;state&#34;:&#34;unknown error&#34;,&#34;code&#34;:&#34;&#34;,&#34;value&#34;:{&#34;systemInformation&#34;:&#34;System info: host: &#39;MacBook-Pro-de-Paul.local&#39;, ip: &#39;fe80:0:0:0:1854:68a:9f2c:78b9%en0&#39;, os.name: &#39;Mac OS X&#39;, os.arch: &#39;x86_64&#39;, os.version: &#39;10.15.4&#39;, java.version: &#39;13.0.1&#39;&#34;,&#34;message&#34;:&#34;unknown error: call function result missing &#39;value&#39;&#34;,&#34;error&#34;:[&#34;  (Session info: chrome=86.0.4240.183)&#34;,&#34;  (Driver info: chromedriver=2.32.498537 (cb2f855cbc7b82e20387eaf9a43f6b99b6105061),platform=Mac OS X 10.15.4 x86_64) (WARNING: The server did not provide any stacktrace information)&#34;,&#34;Command duration or timeout: 14 milliseconds&#34;,&#34;Build info: version: &#39;3.4.0&#39;, revision: &#39;unknown&#39;, time: &#39;unknown&#39;&#34;,&#34;System info: host: &#39;MacBook-Pro-de-Paul.local&#39;, ip: &#39;fe80:0:0:0:1854:68a:9f2c:78b9%en0&#39;, os.name: &#39;Mac OS X&#39;, os.arch: &#39;x86_64&#39;, os.version: &#39;10.15.4&#39;, java.version: &#39;13.0.1&#39;&#34;,&#34;Driver info: org.openqa.selenium.chrome.ChromeDriver&#34;,&#34;Capabilities [{applicationCacheEnabled=false, rotatable=false, mobileEmulationEnabled=false, networkConnectionEnabled=false, chrome={chromedriverVersion=2.32.498537 (cb2f855cbc7b82e20387eaf9a43f6b99b6105061), userDataDir=/var/folders/mg/5v6c75rx19s2l9klbl5h3sl80000gn/T/.org.chromium.Chromium.KbGyeV}, takesHeapSnapshot=true, pageLoadStrategy=normal, databaseEnabled=false, handlesAlerts=true, hasTouchScreen=false, version=86.0.4240.183, platform=MAC, browserConnectionEnabled=false, nativeEvents=true, acceptSslCerts=true, locationContextEnabled=true, webStorageEnabled=true, browserName=chrome, takesScreenshot=true, javascriptEnabled=true, cssSelectorsEnabled=true, setWindowRect=true, unexpectedAlertBehaviour=}]&#34;,&#34;Session ID: d688538061b72f1d432fd5ac1c238c0c&#34;]},&#34;errorStatus&#34;:13,&#34;error&#34;:&#34;An unknown server-side error occurred while processing the command. – unknown error: call function result missing &#39;value...&#34;,&#34;httpStatusCode&#34;:500}
       at runMicrotasks (&lt;anonymous&gt;)
       at processTicksAndRejections (internal/process/task_queues.js:93:5)
  TimeoutError: An error occurred while running .setValue() command on &lt;#add-to-cart-form input&gt;:   (Session info: chrome=86.0.4240.183),  (Driver info: chromedriver=2.32.498537 (cb2f855cbc7b82e20387eaf9a43f6b99b6105061),platform=Mac OS X 10.15.4 x86_64) (WARNING: The server did not provide any stacktrace information),Command duration or timeout: 19 milliseconds,Build info: version: &#39;3.4.0&#39;, revision: &#39;unknown&#39;, time: &#39;unknown&#39;,System info: host: &#39;MacBook-Pro-de-Paul.local&#39;, ip: &#39;fe80:0:0:0:1854:68a:9f2c:78b9%en0&#39;, os.name: &#39;Mac OS X&#39;, os.arch: &#39;x86_64&#39;, os.version: &#39;10.15.4&#39;, java.version: &#39;13.0.1&#39;,Driver info: org.openqa.selenium.chrome.ChromeDriver,Capabilities [{applicationCacheEnabled=false, rotatable=false, mobileEmulationEnabled=false, networkConnectionEnabled=false, chrome={chromedriverVersion=2.32.498537 (cb2f855cbc7b82e20387eaf9a43f6b99b6105061), userDataDir=/var/folders/mg/5v6c75rx19s2l9klbl5h3sl80000gn/T/.org.chromium.Chromium.KbGyeV}, takesHeapSnapshot=true, pageLoadStrategy=normal, databaseEnabled=false, handlesAlerts=true, hasTouchScreen=false, version=86.0.4240.183, platform=MAC, browserConnectionEnabled=false, nativeEvents=true, acceptSslCerts=true, locationContextEnabled=true, webStorageEnabled=true, browserName=chrome, takesScreenshot=true, javascriptEnabled=true, cssSelectorsEnabled=true, setWindowRect=true, unexpectedAlertBehaviour=}],Session ID: d688538061b72f1d432fd5ac1c238c0c; unknown error: call function result missing &#39;value&#39;
   {&#34;status&#34;:-1,&#34;state&#34;:&#34;unknown error&#34;,&#34;code&#34;:&#34;&#34;,&#34;value&#34;:{&#34;systemInformation&#34;:&#34;System info: host: &#39;MacBook-Pro-de-Paul.local&#39;, ip: &#39;fe80:0:0:0:1854:68a:9f2c:78b9%en0&#39;, os.name: &#39;Mac OS X&#39;, os.arch: &#39;x86_64&#39;, os.version: &#39;10.15.4&#39;, java.version: &#39;13.0.1&#39;&#34;,&#34;message&#34;:&#34;unknown error: call function result missing &#39;value&#39;&#34;,&#34;error&#34;:[&#34;  (Session info: chrome=86.0.4240.183)&#34;,&#34;  (Driver info: chromedriver=2.32.498537 (cb2f855cbc7b82e20387eaf9a43f6b99b6105061),platform=Mac OS X 10.15.4 x86_64) (WARNING: The server did not provide any stacktrace information)&#34;,&#34;Command duration or timeout: 19 milliseconds&#34;,&#34;Build info: version: &#39;3.4.0&#39;, revision: &#39;unknown&#39;, time: &#39;unknown&#39;&#34;,&#34;System info: host: &#39;MacBook-Pro-de-Paul.local&#39;, ip: &#39;fe80:0:0:0:1854:68a:9f2c:78b9%en0&#39;, os.name: &#39;Mac OS X&#39;, os.arch: &#39;x86_64&#39;, os.version: &#39;10.15.4&#39;, java.version: &#39;13.0.1&#39;&#34;,&#34;Driver info: org.openqa.selenium.chrome.ChromeDriver&#34;,&#34;Capabilities [{applicationCacheEnabled=false, rotatable=false, mobileEmulationEnabled=false, networkConnectionEnabled=false, chrome={chromedriverVersion=2.32.498537 (cb2f855cbc7b82e20387eaf9a43f6b99b6105061), userDataDir=/var/folders/mg/5v6c75rx19s2l9klbl5h3sl80000gn/T/.org.chromium.Chromium.KbGyeV}, takesHeapSnapshot=true, pageLoadStrategy=normal, databaseEnabled=false, handlesAlerts=true, hasTouchScreen=false, version=86.0.4240.183, platform=MAC, browserConnectionEnabled=false, nativeEvents=true, acceptSslCerts=true, locationContextEnabled=true, webStorageEnabled=true, browserName=chrome, takesScreenshot=true, javascriptEnabled=true, cssSelectorsEnabled=true, setWindowRect=true, unexpectedAlertBehaviour=}]&#34;,&#34;Session ID: d688538061b72f1d432fd5ac1c238c0c&#34;]},&#34;errorStatus&#34;:13,&#34;error&#34;:&#34;An unknown server-side error occurred while processing the command. – unknown error: call function result missing &#39;value...&#34;,&#34;httpStatusCode&#34;:500}
       at runMicrotasks (&lt;anonymous&gt;)
       at processTicksAndRejections (internal/process/task_queues.js:93:5)
  TimeoutError: An error occurred while running .submitForm() command on &lt;#add-to-cart-form&gt;:   (Session info: chrome=86.0.4240.183),  (Driver info: chromedriver=2.32.498537 (cb2f855cbc7b82e20387eaf9a43f6b99b6105061),platform=Mac OS X 10.15.4 x86_64) (WARNING: The server did not provide any stacktrace information),Command duration or timeout: 9 milliseconds,Build info: version: &#39;3.4.0&#39;, revision: &#39;unknown&#39;, time: &#39;unknown&#39;,System info: host: &#39;MacBook-Pro-de-Paul.local&#39;, ip: &#39;fe80:0:0:0:1854:68a:9f2c:78b9%en0&#39;, os.name: &#39;Mac OS X&#39;, os.arch: &#39;x86_64&#39;, os.version: &#39;10.15.4&#39;, java.version: &#39;13.0.1&#39;,Driver info: org.openqa.selenium.chrome.ChromeDriver,Capabilities [{applicationCacheEnabled=false, rotatable=false, mobileEmulationEnabled=false, networkConnectionEnabled=false, chrome={chromedriverVersion=2.32.498537 (cb2f855cbc7b82e20387eaf9a43f6b99b6105061), userDataDir=/var/folders/mg/5v6c75rx19s2l9klbl5h3sl80000gn/T/.org.chromium.Chromium.KbGyeV}, takesHeapSnapshot=true, pageLoadStrategy=normal, databaseEnabled=false, handlesAlerts=true, hasTouchScreen=false, version=86.0.4240.183, platform=MAC, browserConnectionEnabled=false, nativeEvents=true, acceptSslCerts=true, locationContextEnabled=true, webStorageEnabled=true, browserName=chrome, takesScreenshot=true, javascriptEnabled=true, cssSelectorsEnabled=true, setWindowRect=true, unexpectedAlertBehaviour=}],Session ID: d688538061b72f1d432fd5ac1c238c0c; unknown error: call function result missing &#39;value&#39;
   {&#34;status&#34;:-1,&#34;state&#34;:&#34;unknown error&#34;,&#34;code&#34;:&#34;&#34;,&#34;value&#34;:{&#34;systemInformation&#34;:&#34;System info: host: &#39;MacBook-Pro-de-Paul.local&#39;, ip: &#39;fe80:0:0:0:1854:68a:9f2c:78b9%en0&#39;, os.name: &#39;Mac OS X&#39;, os.arch: &#39;x86_64&#39;, os.version: &#39;10.15.4&#39;, java.version: &#39;13.0.1&#39;&#34;,&#34;message&#34;:&#34;unknown error: call function result missing &#39;value&#39;&#34;,&#34;error&#34;:[&#34;  (Session info: chrome=86.0.4240.183)&#34;,&#34;  (Driver info: chromedriver=2.32.498537 (cb2f855cbc7b82e20387eaf9a43f6b99b6105061),platform=Mac OS X 10.15.4 x86_64) (WARNING: The server did not provide any stacktrace information)&#34;,&#34;Command duration or timeout: 9 milliseconds&#34;,&#34;Build info: version: &#39;3.4.0&#39;, revision: &#39;unknown&#39;, time: &#39;unknown&#39;&#34;,&#34;System info: host: &#39;MacBook-Pro-de-Paul.local&#39;, ip: &#39;fe80:0:0:0:1854:68a:9f2c:78b9%en0&#39;, os.name: &#39;Mac OS X&#39;, os.arch: &#39;x86_64&#39;, os.version: &#39;10.15.4&#39;, java.version: &#39;13.0.1&#39;&#34;,&#34;Driver info: org.openqa.selenium.chrome.ChromeDriver&#34;,&#34;Capabilities [{applicationCacheEnabled=false, rotatable=false, mobileEmulationEnabled=false, networkConnectionEnabled=false, chrome={chromedriverVersion=2.32.498537 (cb2f855cbc7b82e20387eaf9a43f6b99b6105061), userDataDir=/var/folders/mg/5v6c75rx19s2l9klbl5h3sl80000gn/T/.org.chromium.Chromium.KbGyeV}, takesHeapSnapshot=true, pageLoadStrategy=normal, databaseEnabled=false, handlesAlerts=true, hasTouchScreen=false, version=86.0.4240.183, platform=MAC, browserConnectionEnabled=false, nativeEvents=true, acceptSslCerts=true, locationContextEnabled=true, webStorageEnabled=true, browserName=chrome, takesScreenshot=true, javascriptEnabled=true, cssSelectorsEnabled=true, setWindowRect=true, unexpectedAlertBehaviour=}]&#34;,&#34;Session ID: d688538061b72f1d432fd5ac1c238c0c&#34;]},&#34;errorStatus&#34;:13,&#34;error&#34;:&#34;An unknown server-side error occurred while processing the command. – unknown error: call function result missing &#39;value...&#34;,&#34;httpStatusCode&#34;:500}
       at runMicrotasks (&lt;anonymous&gt;)
       at processTicksAndRejections (internal/process/task_queues.js:93:5)
  TimeoutError: An error occurred while running .clearValue() command on &lt;#first-name&gt;:   (Session info: chrome=86.0.4240.183),  (Driver info: chromedriver=2.32.498537 (cb2f855cbc7b82e20387eaf9a43f6b99b6105061),platform=Mac OS X 10.15.4 x86_64) (WARNING: The server did not provide any stacktrace information),Command duration or timeout: 11 milliseconds,Build info: version: &#39;3.4.0&#39;, revision: &#39;unknown&#39;, time: &#39;unknown&#39;,System info: host: &#39;MacBook-Pro-de-Paul.local&#39;, ip: &#39;fe80:0:0:0:1854:68a:9f2c:78b9%en0&#39;, os.name: &#39;Mac OS X&#39;, os.arch: &#39;x86_64&#39;, os.version: &#39;10.15.4&#39;, java.version: &#39;13.0.1&#39;,Driver info: org.openqa.selenium.chrome.ChromeDriver,Capabilities [{applicationCacheEnabled=false, rotatable=false, mobileEmulationEnabled=false, networkConnectionEnabled=false, chrome={chromedriverVersion=2.32.498537 (cb2f855cbc7b82e20387eaf9a43f6b99b6105061), userDataDir=/var/folders/mg/5v6c75rx19s2l9klbl5h3sl80000gn/T/.org.chromium.Chromium.KbGyeV}, takesHeapSnapshot=true, pageLoadStrategy=normal, databaseEnabled=false, handlesAlerts=true, hasTouchScreen=false, version=86.0.4240.183, platform=MAC, browserConnectionEnabled=false, nativeEvents=true, acceptSslCerts=true, locationContextEnabled=true, webStorageEnabled=true, browserName=chrome, takesScreenshot=true, javascriptEnabled=true, cssSelectorsEnabled=true, setWindowRect=true, unexpectedAlertBehaviour=}],Session ID: d688538061b72f1d432fd5ac1c238c0c; unknown error: call function result missing &#39;value&#39;
   {&#34;status&#34;:-1,&#34;state&#34;:&#34;unknown error&#34;,&#34;code&#34;:&#34;&#34;,&#34;value&#34;:{&#34;systemInformation&#34;:&#34;System info: host: &#39;MacBook-Pro-de-Paul.local&#39;, ip: &#39;fe80:0:0:0:1854:68a:9f2c:78b9%en0&#39;, os.name: &#39;Mac OS X&#39;, os.arch: &#39;x86_64&#39;, os.version: &#39;10.15.4&#39;, java.version: &#39;13.0.1&#39;&#34;,&#34;message&#34;:&#34;unknown error: call function result missing &#39;value&#39;&#34;,&#34;error&#34;:[&#34;  (Session info: chrome=86.0.4240.183)&#34;,&#34;  (Driver info: chromedriver=2.32.498537 (cb2f855cbc7b82e20387eaf9a43f6b99b6105061),platform=Mac OS X 10.15.4 x86_64) (WARNING: The server did not provide any stacktrace information)&#34;,&#34;Command duration or timeout: 11 milliseconds&#34;,&#34;Build info: version: &#39;3.4.0&#39;, revision: &#39;unknown&#39;, time: &#39;unknown&#39;&#34;,&#34;System info: host: &#39;MacBook-Pro-de-Paul.local&#39;, ip: &#39;fe80:0:0:0:1854:68a:9f2c:78b9%en0&#39;, os.name: &#39;Mac OS X&#39;, os.arch: &#39;x86_64&#39;, os.version: &#39;10.15.4&#39;, java.version: &#39;13.0.1&#39;&#34;,&#34;Driver info: org.openqa.selenium.chrome.ChromeDriver&#34;,&#34;Capabilities [{applicationCacheEnabled=false, rotatable=false, mobileEmulationEnabled=false, networkConnectionEnabled=false, chrome={chromedriverVersion=2.32.498537 (cb2f855cbc7b82e20387eaf9a43f6b99b6105061), userDataDir=/var/folders/mg/5v6c75rx19s2l9klbl5h3sl80000gn/T/.org.chromium.Chromium.KbGyeV}, takesHeapSnapshot=true, pageLoadStrategy=normal, databaseEnabled=false, handlesAlerts=true, hasTouchScreen=false, version=86.0.4240.183, platform=MAC, browserConnectionEnabled=false, nativeEvents=true, acceptSslCerts=true, locationContextEnabled=true, webStorageEnabled=true, browserName=chrome, takesScreenshot=true, javascriptEnabled=true, cssSelectorsEnabled=true, setWindowRect=true, unexpectedAlertBehaviour=}]&#34;,&#34;Session ID: d688538061b72f1d432fd5ac1c238c0c&#34;]},&#34;errorStatus&#34;:13,&#34;error&#34;:&#34;An unknown server-side error occurred while processing the command. – unknown error: call function result missing &#39;value...&#34;,&#34;httpStatusCode&#34;:500}
       at runMicrotasks (&lt;anonymous&gt;)
       at processTicksAndRejections (internal/process/task_queues.js:93:5)
  TimeoutError: An error occurred while running .setValue() command on &lt;#first-name&gt;:   (Session info: chrome=86.0.4240.183),  (Driver info: chromedriver=2.32.498537 (cb2f855cbc7b82e20387eaf9a43f6b99b6105061),platform=Mac OS X 10.15.4 x86_64) (WARNING: The server did not provide any stacktrace information),Command duration or timeout: 20 milliseconds,Build info: version: &#39;3.4.0&#39;, revision: &#39;unknown&#39;, time: &#39;unknown&#39;,System info: host: &#39;MacBook-Pro-de-Paul.local&#39;, ip: &#39;fe80:0:0:0:1854:68a:9f2c:78b9%en0&#39;, os.name: &#39;Mac OS X&#39;, os.arch: &#39;x86_64&#39;, os.version: &#39;10.15.4&#39;, java.version: &#39;13.0.1&#39;,Driver info: org.openqa.selenium.chrome.ChromeDriver,Capabilities [{applicationCacheEnabled=false, rotatable=false, mobileEmulationEnabled=false, networkConnectionEnabled=false, chrome={chromedriverVersion=2.32.498537 (cb2f855cbc7b82e20387eaf9a43f6b99b6105061), userDataDir=/var/folders/mg/5v6c75rx19s2l9klbl5h3sl80000gn/T/.org.chromium.Chromium.KbGyeV}, takesHeapSnapshot=true, pageLoadStrategy=normal, databaseEnabled=false, handlesAlerts=true, hasTouchScreen=false, version=86.0.4240.183, platform=MAC, browserConnectionEnabled=false, nativeEvents=true, acceptSslCerts=true, locationContextEnabled=true, webStorageEnabled=true, browserName=chrome, takesScreenshot=true, javascriptEnabled=true, cssSelectorsEnabled=true, setWindowRect=true, unexpectedAlertBehaviour=}],Session ID: d688538061b72f1d432fd5ac1c238c0c; unknown error: call function result missing &#39;value&#39;
   {&#34;status&#34;:-1,&#34;state&#34;:&#34;unknown error&#34;,&#34;code&#34;:&#34;&#34;,&#34;value&#34;:{&#34;systemInformation&#34;:&#34;System info: host: &#39;MacBook-Pro-de-Paul.local&#39;, ip: &#39;fe80:0:0:0:1854:68a:9f2c:78b9%en0&#39;, os.name: &#39;Mac OS X&#39;, os.arch: &#39;x86_64&#39;, os.version: &#39;10.15.4&#39;, java.version: &#39;13.0.1&#39;&#34;,&#34;message&#34;:&#34;unknown error: call function result missing &#39;value&#39;&#34;,&#34;error&#34;:[&#34;  (Session info: chrome=86.0.4240.183)&#34;,&#34;  (Driver info: chromedriver=2.32.498537 (cb2f855cbc7b82e20387eaf9a43f6b99b6105061),platform=Mac OS X 10.15.4 x86_64) (WARNING: The server did not provide any stacktrace information)&#34;,&#34;Command duration or timeout: 20 milliseconds&#34;,&#34;Build info: version: &#39;3.4.0&#39;, revision: &#39;unknown&#39;, time: &#39;unknown&#39;&#34;,&#34;System info: host: &#39;MacBook-Pro-de-Paul.local&#39;, ip: &#39;fe80:0:0:0:1854:68a:9f2c:78b9%en0&#39;, os.name: &#39;Mac OS X&#39;, os.arch: &#39;x86_64&#39;, os.version: &#39;10.15.4&#39;, java.version: &#39;13.0.1&#39;&#34;,&#34;Driver info: org.openqa.selenium.chrome.ChromeDriver&#34;,&#34;Capabilities [{applicationCacheEnabled=false, rotatable=false, mobileEmulationEnabled=false, networkConnectionEnabled=false, chrome={chromedriverVersion=2.32.498537 (cb2f855cbc7b82e20387eaf9a43f6b99b6105061), userDataDir=/var/folders/mg/5v6c75rx19s2l9klbl5h3sl80000gn/T/.org.chromium.Chromium.KbGyeV}, takesHeapSnapshot=true, pageLoadStrategy=normal, databaseEnabled=false, handlesAlerts=true, hasTouchScreen=false, version=86.0.4240.183, platform=MAC, browserConnectionEnabled=false, nativeEvents=true, acceptSslCerts=true, locationContextEnabled=true, webStorageEnabled=true, browserName=chrome, takesScreenshot=true, javascriptEnabled=true, cssSelectorsEnabled=true, setWindowRect=true, unexpectedAlertBehaviour=}]&#34;,&#34;Session ID: d688538061b72f1d432fd5ac1c238c0c&#34;]},&#34;errorStatus&#34;:13,&#34;error&#34;:&#34;An unknown server-side error occurred while processing the command. – unknown error: call function result missing &#39;value...&#34;,&#34;httpStatusCode&#34;:500}
       at runMicrotasks (&lt;anonymous&gt;)
       at processTicksAndRejections (internal/process/task_queues.js:93:5)
  TimeoutError: An error occurred while running .clearValue() command on &lt;#last-name&gt;:   (Session info: chrome=86.0.4240.183),  (Driver info: chromedriver=2.32.498537 (cb2f855cbc7b82e20387eaf9a43f6b99b6105061),platform=Mac OS X 10.15.4 x86_64) (WARNING: The server did not provide any stacktrace information),Command duration or timeout: 12 milliseconds,Build info: version: &#39;3.4.0&#39;, revision: &#39;unknown&#39;, time: &#39;unknown&#39;,System info: host: &#39;MacBook-Pro-de-Paul.local&#39;, ip: &#39;fe80:0:0:0:1854:68a:9f2c:78b9%en0&#39;, os.name: &#39;Mac OS X&#39;, os.arch: &#39;x86_64&#39;, os.version: &#39;10.15.4&#39;, java.version: &#39;13.0.1&#39;,Driver info: org.openqa.selenium.chrome.ChromeDriver,Capabilities [{applicationCacheEnabled=false, rotatable=false, mobileEmulationEnabled=false, networkConnectionEnabled=false, chrome={chromedriverVersion=2.32.498537 (cb2f855cbc7b82e20387eaf9a43f6b99b6105061), userDataDir=/var/folders/mg/5v6c75rx19s2l9klbl5h3sl80000gn/T/.org.chromium.Chromium.KbGyeV}, takesHeapSnapshot=true, pageLoadStrategy=normal, databaseEnabled=false, handlesAlerts=true, hasTouchScreen=false, version=86.0.4240.183, platform=MAC, browserConnectionEnabled=false, nativeEvents=true, acceptSslCerts=true, locationContextEnabled=true, webStorageEnabled=true, browserName=chrome, takesScreenshot=true, javascriptEnabled=true, cssSelectorsEnabled=true, setWindowRect=true, unexpectedAlertBehaviour=}],Session ID: d688538061b72f1d432fd5ac1c238c0c; unknown error: call function result missing &#39;value&#39;
   {&#34;status&#34;:-1,&#34;state&#34;:&#34;unknown error&#34;,&#34;code&#34;:&#34;&#34;,&#34;value&#34;:{&#34;systemInformation&#34;:&#34;System info: host: &#39;MacBook-Pro-de-Paul.local&#39;, ip: &#39;fe80:0:0:0:1854:68a:9f2c:78b9%en0&#39;, os.name: &#39;Mac OS X&#39;, os.arch: &#39;x86_64&#39;, os.version: &#39;10.15.4&#39;, java.version: &#39;13.0.1&#39;&#34;,&#34;message&#34;:&#34;unknown error: call function result missing &#39;value&#39;&#34;,&#34;error&#34;:[&#34;  (Session info: chrome=86.0.4240.183)&#34;,&#34;  (Driver info: chromedriver=2.32.498537 (cb2f855cbc7b82e20387eaf9a43f6b99b6105061),platform=Mac OS X 10.15.4 x86_64) (WARNING: The server did not provide any stacktrace information)&#34;,&#34;Command duration or timeout: 12 milliseconds&#34;,&#34;Build info: version: &#39;3.4.0&#39;, revision: &#39;unknown&#39;, time: &#39;unknown&#39;&#34;,&#34;System info: host: &#39;MacBook-Pro-de-Paul.local&#39;, ip: &#39;fe80:0:0:0:1854:68a:9f2c:78b9%en0&#39;, os.name: &#39;Mac OS X&#39;, os.arch: &#39;x86_64&#39;, os.version: &#39;10.15.4&#39;, java.version: &#39;13.0.1&#39;&#34;,&#34;Driver info: org.openqa.selenium.chrome.ChromeDriver&#34;,&#34;Capabilities [{applicationCacheEnabled=false, rotatable=false, mobileEmulationEnabled=false, networkConnectionEnabled=false, chrome={chromedriverVersion=2.32.498537 (cb2f855cbc7b82e20387eaf9a43f6b99b6105061), userDataDir=/var/folders/mg/5v6c75rx19s2l9klbl5h3sl80000gn/T/.org.chromium.Chromium.KbGyeV}, takesHeapSnapshot=true, pageLoadStrategy=normal, databaseEnabled=false, handlesAlerts=true, hasTouchScreen=false, version=86.0.4240.183, platform=MAC, browserConnectionEnabled=false, nativeEvents=true, acceptSslCerts=true, locationContextEnabled=true, webStorageEnabled=true, browserName=chrome, takesScreenshot=true, javascriptEnabled=true, cssSelectorsEnabled=true, setWindowRect=true, unexpectedAlertBehaviour=}]&#34;,&#34;Session ID: d688538061b72f1d432fd5ac1c238c0c&#34;]},&#34;errorStatus&#34;:13,&#34;error&#34;:&#34;An unknown server-side error occurred while processing the command. – unknown error: call function result missing &#39;value...&#34;,&#34;httpStatusCode&#34;:500}
       at runMicrotasks (&lt;anonymous&gt;)
       at processTicksAndRejections (internal/process/task_queues.js:93:5)
  TimeoutError: An error occurred while running .setValue() command on &lt;#last-name&gt;:   (Session info: chrome=86.0.4240.183),  (Driver info: chromedriver=2.32.498537 (cb2f855cbc7b82e20387eaf9a43f6b99b6105061),platform=Mac OS X 10.15.4 x86_64) (WARNING: The server did not provide any stacktrace information),Command duration or timeout: 19 milliseconds,Build info: version: &#39;3.4.0&#39;, revision: &#39;unknown&#39;, time: &#39;unknown&#39;,System info: host: &#39;MacBook-Pro-de-Paul.local&#39;, ip: &#39;fe80:0:0:0:1854:68a:9f2c:78b9%en0&#39;, os.name: &#39;Mac OS X&#39;, os.arch: &#39;x86_64&#39;, os.version: &#39;10.15.4&#39;, java.version: &#39;13.0.1&#39;,Driver info: org.openqa.selenium.chrome.ChromeDriver,Capabilities [{applicationCacheEnabled=false, rotatable=false, mobileEmulationEnabled=false, networkConnectionEnabled=false, chrome={chromedriverVersion=2.32.498537 (cb2f855cbc7b82e20387eaf9a43f6b99b6105061), userDataDir=/var/folders/mg/5v6c75rx19s2l9klbl5h3sl80000gn/T/.org.chromium.Chromium.KbGyeV}, takesHeapSnapshot=true, pageLoadStrategy=normal, databaseEnabled=false, handlesAlerts=true, hasTouchScreen=false, version=86.0.4240.183, platform=MAC, browserConnectionEnabled=false, nativeEvents=true, acceptSslCerts=true, locationContextEnabled=true, webStorageEnabled=true, browserName=chrome, takesScreenshot=true, javascriptEnabled=true, cssSelectorsEnabled=true, setWindowRect=true, unexpectedAlertBehaviour=}],Session ID: d688538061b72f1d432fd5ac1c238c0c; unknown error: call function result missing &#39;value&#39;
   {&#34;status&#34;:-1,&#34;state&#34;:&#34;unknown error&#34;,&#34;code&#34;:&#34;&#34;,&#34;value&#34;:{&#34;systemInformation&#34;:&#34;System info: host: &#39;MacBook-Pro-de-Paul.local&#39;, ip: &#39;fe80:0:0:0:1854:68a:9f2c:78b9%en0&#39;, os.name: &#39;Mac OS X&#39;, os.arch: &#39;x86_64&#39;, os.version: &#39;10.15.4&#39;, java.version: &#39;13.0.1&#39;&#34;,&#34;message&#34;:&#34;unknown error: call function result missing &#39;value&#39;&#34;,&#34;error&#34;:[&#34;  (Session info: chrome=86.0.4240.183)&#34;,&#34;  (Driver info: chromedriver=2.32.498537 (cb2f855cbc7b82e20387eaf9a43f6b99b6105061),platform=Mac OS X 10.15.4 x86_64) (WARNING: The server did not provide any stacktrace information)&#34;,&#34;Command duration or timeout: 19 milliseconds&#34;,&#34;Build info: version: &#39;3.4.0&#39;, revision: &#39;unknown&#39;, time: &#39;unknown&#39;&#34;,&#34;System info: host: &#39;MacBook-Pro-de-Paul.local&#39;, ip: &#39;fe80:0:0:0:1854:68a:9f2c:78b9%en0&#39;, os.name: &#39;Mac OS X&#39;, os.arch: &#39;x86_64&#39;, os.version: &#39;10.15.4&#39;, java.version: &#39;13.0.1&#39;&#34;,&#34;Driver info: org.openqa.selenium.chrome.ChromeDriver&#34;,&#34;Capabilities [{applicationCacheEnabled=false, rotatable=false, mobileEmulationEnabled=false, networkConnectionEnabled=false, chrome={chromedriverVersion=2.32.498537 (cb2f855cbc7b82e20387eaf9a43f6b99b6105061), userDataDir=/var/folders/mg/5v6c75rx19s2l9klbl5h3sl80000gn/T/.org.chromium.Chromium.KbGyeV}, takesHeapSnapshot=true, pageLoadStrategy=normal, databaseEnabled=false, handlesAlerts=true, hasTouchScreen=false, version=86.0.4240.183, platform=MAC, browserConnectionEnabled=false, nativeEvents=true, acceptSslCerts=true, locationContextEnabled=true, webStorageEnabled=true, browserName=chrome, takesScreenshot=true, javascriptEnabled=true, cssSelectorsEnabled=true, setWindowRect=true, unexpectedAlertBehaviour=}]&#34;,&#34;Session ID: d688538061b72f1d432fd5ac1c238c0c&#34;]},&#34;errorStatus&#34;:13,&#34;error&#34;:&#34;An unknown server-side error occurred while processing the command. – unknown error: call function result missing &#39;value...&#34;,&#34;httpStatusCode&#34;:500}
       at runMicrotasks (&lt;anonymous&gt;)
       at processTicksAndRejections (internal/process/task_queues.js:93:5)
  TimeoutError: An error occurred while running .clearValue() command on &lt;#email&gt;:   (Session info: chrome=86.0.4240.183),  (Driver info: chromedriver=2.32.498537 (cb2f855cbc7b82e20387eaf9a43f6b99b6105061),platform=Mac OS X 10.15.4 x86_64) (WARNING: The server did not provide any stacktrace information),Command duration or timeout: 12 milliseconds,Build info: version: &#39;3.4.0&#39;, revision: &#39;unknown&#39;, time: &#39;unknown&#39;,System info: host: &#39;MacBook-Pro-de-Paul.local&#39;, ip: &#39;fe80:0:0:0:1854:68a:9f2c:78b9%en0&#39;, os.name: &#39;Mac OS X&#39;, os.arch: &#39;x86_64&#39;, os.version: &#39;10.15.4&#39;, java.version: &#39;13.0.1&#39;,Driver info: org.openqa.selenium.chrome.ChromeDriver,Capabilities [{applicationCacheEnabled=false, rotatable=false, mobileEmulationEnabled=false, networkConnectionEnabled=false, chrome={chromedriverVersion=2.32.498537 (cb2f855cbc7b82e20387eaf9a43f6b99b6105061), userDataDir=/var/folders/mg/5v6c75rx19s2l9klbl5h3sl80000gn/T/.org.chromium.Chromium.KbGyeV}, takesHeapSnapshot=true, pageLoadStrategy=normal, databaseEnabled=false, handlesAlerts=true, hasTouchScreen=false, version=86.0.4240.183, platform=MAC, browserConnectionEnabled=false, nativeEvents=true, acceptSslCerts=true, locationContextEnabled=true, webStorageEnabled=true, browserName=chrome, takesScreenshot=true, javascriptEnabled=true, cssSelectorsEnabled=true, setWindowRect=true, unexpectedAlertBehaviour=}],Session ID: d688538061b72f1d432fd5ac1c238c0c; unknown error: call function result missing &#39;value&#39;
   {&#34;status&#34;:-1,&#34;state&#34;:&#34;unknown error&#34;,&#34;code&#34;:&#34;&#34;,&#34;value&#34;:{&#34;systemInformation&#34;:&#34;System info: host: &#39;MacBook-Pro-de-Paul.local&#39;, ip: &#39;fe80:0:0:0:1854:68a:9f2c:78b9%en0&#39;, os.name: &#39;Mac OS X&#39;, os.arch: &#39;x86_64&#39;, os.version: &#39;10.15.4&#39;, java.version: &#39;13.0.1&#39;&#34;,&#34;message&#34;:&#34;unknown error: call function result missing &#39;value&#39;&#34;,&#34;error&#34;:[&#34;  (Session info: chrome=86.0.4240.183)&#34;,&#34;  (Driver info: chromedriver=2.32.498537 (cb2f855cbc7b82e20387eaf9a43f6b99b6105061),platform=Mac OS X 10.15.4 x86_64) (WARNING: The server did not provide any stacktrace information)&#34;,&#34;Command duration or timeout: 12 milliseconds&#34;,&#34;Build info: version: &#39;3.4.0&#39;, revision: &#39;unknown&#39;, time: &#39;unknown&#39;&#34;,&#34;System info: host: &#39;MacBook-Pro-de-Paul.local&#39;, ip: &#39;fe80:0:0:0:1854:68a:9f2c:78b9%en0&#39;, os.name: &#39;Mac OS X&#39;, os.arch: &#39;x86_64&#39;, os.version: &#39;10.15.4&#39;, java.version: &#39;13.0.1&#39;&#34;,&#34;Driver info: org.openqa.selenium.chrome.ChromeDriver&#34;,&#34;Capabilities [{applicationCacheEnabled=false, rotatable=false, mobileEmulationEnabled=false, networkConnectionEnabled=false, chrome={chromedriverVersion=2.32.498537 (cb2f855cbc7b82e20387eaf9a43f6b99b6105061), userDataDir=/var/folders/mg/5v6c75rx19s2l9klbl5h3sl80000gn/T/.org.chromium.Chromium.KbGyeV}, takesHeapSnapshot=true, pageLoadStrategy=normal, databaseEnabled=false, handlesAlerts=true, hasTouchScreen=false, version=86.0.4240.183, platform=MAC, browserConnectionEnabled=false, nativeEvents=true, acceptSslCerts=true, locationContextEnabled=true, webStorageEnabled=true, browserName=chrome, takesScreenshot=true, javascriptEnabled=true, cssSelectorsEnabled=true, setWindowRect=true, unexpectedAlertBehaviour=}]&#34;,&#34;Session ID: d688538061b72f1d432fd5ac1c238c0c&#34;]},&#34;errorStatus&#34;:13,&#34;error&#34;:&#34;An unknown server-side error occurred while processing the command. – unknown error: call function result missing &#39;value...&#34;,&#34;httpStatusCode&#34;:500}
       at runMicrotasks (&lt;anonymous&gt;)
       at processTicksAndRejections (internal/process/task_queues.js:93:5)
  TimeoutError: An error occurred while running .setValue() command on &lt;#email&gt;:   (Session info: chrome=86.0.4240.183),  (Driver info: chromedriver=2.32.498537 (cb2f855cbc7b82e20387eaf9a43f6b99b6105061),platform=Mac OS X 10.15.4 x86_64) (WARNING: The server did not provide any stacktrace information),Command duration or timeout: 19 milliseconds,Build info: version: &#39;3.4.0&#39;, revision: &#39;unknown&#39;, time: &#39;unknown&#39;,System info: host: &#39;MacBook-Pro-de-Paul.local&#39;, ip: &#39;fe80:0:0:0:1854:68a:9f2c:78b9%en0&#39;, os.name: &#39;Mac OS X&#39;, os.arch: &#39;x86_64&#39;, os.version: &#39;10.15.4&#39;, java.version: &#39;13.0.1&#39;,Driver info: org.openqa.selenium.chrome.ChromeDriver,Capabilities [{applicationCacheEnabled=false, rotatable=false, mobileEmulationEnabled=false, networkConnectionEnabled=false, chrome={chromedriverVersion=2.32.498537 (cb2f855cbc7b82e20387eaf9a43f6b99b6105061), userDataDir=/var/folders/mg/5v6c75rx19s2l9klbl5h3sl80000gn/T/.org.chromium.Chromium.KbGyeV}, takesHeapSnapshot=true, pageLoadStrategy=normal, databaseEnabled=false, handlesAlerts=true, hasTouchScreen=false, version=86.0.4240.183, platform=MAC, browserConnectionEnabled=false, nativeEvents=true, acceptSslCerts=true, locationContextEnabled=true, webStorageEnabled=true, browserName=chrome, takesScreenshot=true, javascriptEnabled=true, cssSelectorsEnabled=true, setWindowRect=true, unexpectedAlertBehaviour=}],Session ID: d688538061b72f1d432fd5ac1c238c0c; unknown error: call function result missing &#39;value&#39;
   {&#34;status&#34;:-1,&#34;state&#34;:&#34;unknown error&#34;,&#34;code&#34;:&#34;&#34;,&#34;value&#34;:{&#34;systemInformation&#34;:&#34;System info: host: &#39;MacBook-Pro-de-Paul.local&#39;, ip: &#39;fe80:0:0:0:1854:68a:9f2c:78b9%en0&#39;, os.name: &#39;Mac OS X&#39;, os.arch: &#39;x86_64&#39;, os.version: &#39;10.15.4&#39;, java.version: &#39;13.0.1&#39;&#34;,&#34;message&#34;:&#34;unknown error: call function result missing &#39;value&#39;&#34;,&#34;error&#34;:[&#34;  (Session info: chrome=86.0.4240.183)&#34;,&#34;  (Driver info: chromedriver=2.32.498537 (cb2f855cbc7b82e20387eaf9a43f6b99b6105061),platform=Mac OS X 10.15.4 x86_64) (WARNING: The server did not provide any stacktrace information)&#34;,&#34;Command duration or timeout: 19 milliseconds&#34;,&#34;Build info: version: &#39;3.4.0&#39;, revision: &#39;unknown&#39;, time: &#39;unknown&#39;&#34;,&#34;System info: host: &#39;MacBook-Pro-de-Paul.local&#39;, ip: &#39;fe80:0:0:0:1854:68a:9f2c:78b9%en0&#39;, os.name: &#39;Mac OS X&#39;, os.arch: &#39;x86_64&#39;, os.version: &#39;10.15.4&#39;, java.version: &#39;13.0.1&#39;&#34;,&#34;Driver info: org.openqa.selenium.chrome.ChromeDriver&#34;,&#34;Capabilities [{applicationCacheEnabled=false, rotatable=false, mobileEmulationEnabled=false, networkConnectionEnabled=false, chrome={chromedriverVersion=2.32.498537 (cb2f855cbc7b82e20387eaf9a43f6b99b6105061), userDataDir=/var/folders/mg/5v6c75rx19s2l9klbl5h3sl80000gn/T/.org.chromium.Chromium.KbGyeV}, takesHeapSnapshot=true, pageLoadStrategy=normal, databaseEnabled=false, handlesAlerts=true, hasTouchScreen=false, version=86.0.4240.183, platform=MAC, browserConnectionEnabled=false, nativeEvents=true, acceptSslCerts=true, locationContextEnabled=true, webStorageEnabled=true, browserName=chrome, takesScreenshot=true, javascriptEnabled=true, cssSelectorsEnabled=true, setWindowRect=true, unexpectedAlertBehaviour=}]&#34;,&#34;Session ID: d688538061b72f1d432fd5ac1c238c0c&#34;]},&#34;errorStatus&#34;:13,&#34;error&#34;:&#34;An unknown server-side error occurred while processing the command. – unknown error: call function result missing &#39;value...&#34;,&#34;httpStatusCode&#34;:500}
       at runMicrotasks (&lt;anonymous&gt;)
       at processTicksAndRejections (internal/process/task_queues.js:93:5)
  TimeoutError: An error occurred while running .clearValue() command on &lt;#phone&gt;:   (Session info: chrome=86.0.4240.183),  (Driver info: chromedriver=2.32.498537 (cb2f855cbc7b82e20387eaf9a43f6b99b6105061),platform=Mac OS X 10.15.4 x86_64) (WARNING: The server did not provide any stacktrace information),Command duration or timeout: 11 milliseconds,Build info: version: &#39;3.4.0&#39;, revision: &#39;unknown&#39;, time: &#39;unknown&#39;,System info: host: &#39;MacBook-Pro-de-Paul.local&#39;, ip: &#39;fe80:0:0:0:1854:68a:9f2c:78b9%en0&#39;, os.name: &#39;Mac OS X&#39;, os.arch: &#39;x86_64&#39;, os.version: &#39;10.15.4&#39;, java.version: &#39;13.0.1&#39;,Driver info: org.openqa.selenium.chrome.ChromeDriver,Capabilities [{applicationCacheEnabled=false, rotatable=false, mobileEmulationEnabled=false, networkConnectionEnabled=false, chrome={chromedriverVersion=2.32.498537 (cb2f855cbc7b82e20387eaf9a43f6b99b6105061), userDataDir=/var/folders/mg/5v6c75rx19s2l9klbl5h3sl80000gn/T/.org.chromium.Chromium.KbGyeV}, takesHeapSnapshot=true, pageLoadStrategy=normal, databaseEnabled=false, handlesAlerts=true, hasTouchScreen=false, version=86.0.4240.183, platform=MAC, browserConnectionEnabled=false, nativeEvents=true, acceptSslCerts=true, locationContextEnabled=true, webStorageEnabled=true, browserName=chrome, takesScreenshot=true, javascriptEnabled=true, cssSelectorsEnabled=true, setWindowRect=true, unexpectedAlertBehaviour=}],Session ID: d688538061b72f1d432fd5ac1c238c0c; unknown error: call function result missing &#39;value&#39;
   {&#34;status&#34;:-1,&#34;state&#34;:&#34;unknown error&#34;,&#34;code&#34;:&#34;&#34;,&#34;value&#34;:{&#34;systemInformation&#34;:&#34;System info: host: &#39;MacBook-Pro-de-Paul.local&#39;, ip: &#39;fe80:0:0:0:1854:68a:9f2c:78b9%en0&#39;, os.name: &#39;Mac OS X&#39;, os.arch: &#39;x86_64&#39;, os.version: &#39;10.15.4&#39;, java.version: &#39;13.0.1&#39;&#34;,&#34;message&#34;:&#34;unknown error: call function result missing &#39;value&#39;&#34;,&#34;error&#34;:[&#34;  (Session info: chrome=86.0.4240.183)&#34;,&#34;  (Driver info: chromedriver=2.32.498537 (cb2f855cbc7b82e20387eaf9a43f6b99b6105061),platform=Mac OS X 10.15.4 x86_64) (WARNING: The server did not provide any stacktrace information)&#34;,&#34;Command duration or timeout: 11 milliseconds&#34;,&#34;Build info: version: &#39;3.4.0&#39;, revision: &#39;unknown&#39;, time: &#39;unknown&#39;&#34;,&#34;System info: host: &#39;MacBook-Pro-de-Paul.local&#39;, ip: &#39;fe80:0:0:0:1854:68a:9f2c:78b9%en0&#39;, os.name: &#39;Mac OS X&#39;, os.arch: &#39;x86_64&#39;, os.version: &#39;10.15.4&#39;, java.version: &#39;13.0.1&#39;&#34;,&#34;Driver info: org.openqa.selenium.chrome.ChromeDriver&#34;,&#34;Capabilities [{applicationCacheEnabled=false, rotatable=false, mobileEmulationEnabled=false, networkConnectionEnabled=false, chrome={chromedriverVersion=2.32.498537 (cb2f855cbc7b82e20387eaf9a43f6b99b6105061), userDataDir=/var/folders/mg/5v6c75rx19s2l9klbl5h3sl80000gn/T/.org.chromium.Chromium.KbGyeV}, takesHeapSnapshot=true, pageLoadStrategy=normal, databaseEnabled=false, handlesAlerts=true, hasTouchScreen=false, version=86.0.4240.183, platform=MAC, browserConnectionEnabled=false, nativeEvents=true, acceptSslCerts=true, locationContextEnabled=true, webStorageEnabled=true, browserName=chrome, takesScreenshot=true, javascriptEnabled=true, cssSelectorsEnabled=true, setWindowRect=true, unexpectedAlertBehaviour=}]&#34;,&#34;Session ID: d688538061b72f1d432fd5ac1c238c0c&#34;]},&#34;errorStatus&#34;:13,&#34;error&#34;:&#34;An unknown server-side error occurred while processing the command. – unknown error: call function result missing &#39;value...&#34;,&#34;httpStatusCode&#34;:500}
       at runMicrotasks (&lt;anonymous&gt;)
       at processTicksAndRejections (internal/process/task_queues.js:93:5)
  TimeoutError: An error occurred while running .setValue() command on &lt;#phone&gt;:   (Session info: chrome=86.0.4240.183),  (Driver info: chromedriver=2.32.498537 (cb2f855cbc7b82e20387eaf9a43f6b99b6105061),platform=Mac OS X 10.15.4 x86_64) (WARNING: The server did not provide any stacktrace information),Command duration or timeout: 20 milliseconds,Build info: version: &#39;3.4.0&#39;, revision: &#39;unknown&#39;, time: &#39;unknown&#39;,System info: host: &#39;MacBook-Pro-de-Paul.local&#39;, ip: &#39;fe80:0:0:0:1854:68a:9f2c:78b9%en0&#39;, os.name: &#39;Mac OS X&#39;, os.arch: &#39;x86_64&#39;, os.version: &#39;10.15.4&#39;, java.version: &#39;13.0.1&#39;,Driver info: org.openqa.selenium.chrome.ChromeDriver,Capabilities [{applicationCacheEnabled=false, rotatable=false, mobileEmulationEnabled=false, networkConnectionEnabled=false, chrome={chromedriverVersion=2.32.498537 (cb2f855cbc7b82e20387eaf9a43f6b99b6105061), userDataDir=/var/folders/mg/5v6c75rx19s2l9klbl5h3sl80000gn/T/.org.chromium.Chromium.KbGyeV}, takesHeapSnapshot=true, pageLoadStrategy=normal, databaseEnabled=false, handlesAlerts=true, hasTouchScreen=false, version=86.0.4240.183, platform=MAC, browserConnectionEnabled=false, nativeEvents=true, acceptSslCerts=true, locationContextEnabled=true, webStorageEnabled=true, browserName=chrome, takesScreenshot=true, javascriptEnabled=true, cssSelectorsEnabled=true, setWindowRect=true, unexpectedAlertBehaviour=}],Session ID: d688538061b72f1d432fd5ac1c238c0c; unknown error: call function result missing &#39;value&#39;
   {&#34;status&#34;:-1,&#34;state&#34;:&#34;unknown error&#34;,&#34;code&#34;:&#34;&#34;,&#34;value&#34;:{&#34;systemInformation&#34;:&#34;System info: host: &#39;MacBook-Pro-de-Paul.local&#39;, ip: &#39;fe80:0:0:0:1854:68a:9f2c:78b9%en0&#39;, os.name: &#39;Mac OS X&#39;, os.arch: &#39;x86_64&#39;, os.version: &#39;10.15.4&#39;, java.version: &#39;13.0.1&#39;&#34;,&#34;message&#34;:&#34;unknown error: call function result missing &#39;value&#39;&#34;,&#34;error&#34;:[&#34;  (Session info: chrome=86.0.4240.183)&#34;,&#34;  (Driver info: chromedriver=2.32.498537 (cb2f855cbc7b82e20387eaf9a43f6b99b6105061),platform=Mac OS X 10.15.4 x86_64) (WARNING: The server did not provide any stacktrace information)&#34;,&#34;Command duration or timeout: 20 milliseconds&#34;,&#34;Build info: version: &#39;3.4.0&#39;, revision: &#39;unknown&#39;, time: &#39;unknown&#39;&#34;,&#34;System info: host: &#39;MacBook-Pro-de-Paul.local&#39;, ip: &#39;fe80:0:0:0:1854:68a:9f2c:78b9%en0&#39;, os.name: &#39;Mac OS X&#39;, os.arch: &#39;x86_64&#39;, os.version: &#39;10.15.4&#39;, java.version: &#39;13.0.1&#39;&#34;,&#34;Driver info: org.openqa.selenium.chrome.ChromeDriver&#34;,&#34;Capabilities [{applicationCacheEnabled=false, rotatable=false, mobileEmulationEnabled=false, networkConnectionEnabled=false, chrome={chromedriverVersion=2.32.498537 (cb2f855cbc7b82e20387eaf9a43f6b99b6105061), userDataDir=/var/folders/mg/5v6c75rx19s2l9klbl5h3sl80000gn/T/.org.chromium.Chromium.KbGyeV}, takesHeapSnapshot=true, pageLoadStrategy=normal, databaseEnabled=false, handlesAlerts=true, hasTouchScreen=false, version=86.0.4240.183, platform=MAC, browserConnectionEnabled=false, nativeEvents=true, acceptSslCerts=true, locationContextEnabled=true, webStorageEnabled=true, browserName=chrome, takesScreenshot=true, javascriptEnabled=true, cssSelectorsEnabled=true, setWindowRect=true, unexpectedAlertBehaviour=}]&#34;,&#34;Session ID: d688538061b72f1d432fd5ac1c238c0c&#34;]},&#34;errorStatus&#34;:13,&#34;error&#34;:&#34;An unknown server-side error occurred while processing the command. – unknown error: call function result missing &#39;value...&#34;,&#34;httpStatusCode&#34;:500}
       at runMicrotasks (&lt;anonymous&gt;)
       at processTicksAndRejections (internal/process/task_queues.js:93:5)
  TimeoutError: An error occurred while running .clearValue() command on &lt;#credit-card&gt;:   (Session info: chrome=86.0.4240.183),  (Driver info: chromedriver=2.32.498537 (cb2f855cbc7b82e20387eaf9a43f6b99b6105061),platform=Mac OS X 10.15.4 x86_64) (WARNING: The server did not provide any stacktrace information),Command duration or timeout: 12 milliseconds,Build info: version: &#39;3.4.0&#39;, revision: &#39;unknown&#39;, time: &#39;unknown&#39;,System info: host: &#39;MacBook-Pro-de-Paul.local&#39;, ip: &#39;fe80:0:0:0:1854:68a:9f2c:78b9%en0&#39;, os.name: &#39;Mac OS X&#39;, os.arch: &#39;x86_64&#39;, os.version: &#39;10.15.4&#39;, java.version: &#39;13.0.1&#39;,Driver info: org.openqa.selenium.chrome.ChromeDriver,Capabilities [{applicationCacheEnabled=false, rotatable=false, mobileEmulationEnabled=false, networkConnectionEnabled=false, chrome={chromedriverVersion=2.32.498537 (cb2f855cbc7b82e20387eaf9a43f6b99b6105061), userDataDir=/var/folders/mg/5v6c75rx19s2l9klbl5h3sl80000gn/T/.org.chromium.Chromium.KbGyeV}, takesHeapSnapshot=true, pageLoadStrategy=normal, databaseEnabled=false, handlesAlerts=true, hasTouchScreen=false, version=86.0.4240.183, platform=MAC, browserConnectionEnabled=false, nativeEvents=true, acceptSslCerts=true, locationContextEnabled=true, webStorageEnabled=true, browserName=chrome, takesScreenshot=true, javascriptEnabled=true, cssSelectorsEnabled=true, setWindowRect=true, unexpectedAlertBehaviour=}],Session ID: d688538061b72f1d432fd5ac1c238c0c; unknown error: call function result missing &#39;value&#39;
   {&#34;status&#34;:-1,&#34;state&#34;:&#34;unknown error&#34;,&#34;code&#34;:&#34;&#34;,&#34;value&#34;:{&#34;systemInformation&#34;:&#34;System info: host: &#39;MacBook-Pro-de-Paul.local&#39;, ip: &#39;fe80:0:0:0:1854:68a:9f2c:78b9%en0&#39;, os.name: &#39;Mac OS X&#39;, os.arch: &#39;x86_64&#39;, os.version: &#39;10.15.4&#39;, java.version: &#39;13.0.1&#39;&#34;,&#34;message&#34;:&#34;unknown error: call function result missing &#39;value&#39;&#34;,&#34;error&#34;:[&#34;  (Session info: chrome=86.0.4240.183)&#34;,&#34;  (Driver info: chromedriver=2.32.498537 (cb2f855cbc7b82e20387eaf9a43f6b99b6105061),platform=Mac OS X 10.15.4 x86_64) (WARNING: The server did not provide any stacktrace information)&#34;,&#34;Command duration or timeout: 12 milliseconds&#34;,&#34;Build info: version: &#39;3.4.0&#39;, revision: &#39;unknown&#39;, time: &#39;unknown&#39;&#34;,&#34;System info: host: &#39;MacBook-Pro-de-Paul.local&#39;, ip: &#39;fe80:0:0:0:1854:68a:9f2c:78b9%en0&#39;, os.name: &#39;Mac OS X&#39;, os.arch: &#39;x86_64&#39;, os.version: &#39;10.15.4&#39;, java.version: &#39;13.0.1&#39;&#34;,&#34;Driver info: org.openqa.selenium.chrome.ChromeDriver&#34;,&#34;Capabilities [{applicationCacheEnabled=false, rotatable=false, mobileEmulationEnabled=false, networkConnectionEnabled=false, chrome={chromedriverVersion=2.32.498537 (cb2f855cbc7b82e20387eaf9a43f6b99b6105061), userDataDir=/var/folders/mg/5v6c75rx19s2l9klbl5h3sl80000gn/T/.org.chromium.Chromium.KbGyeV}, takesHeapSnapshot=true, pageLoadStrategy=normal, databaseEnabled=false, handlesAlerts=true, hasTouchScreen=false, version=86.0.4240.183, platform=MAC, browserConnectionEnabled=false, nativeEvents=true, acceptSslCerts=true, locationContextEnabled=true, webStorageEnabled=true, browserName=chrome, takesScreenshot=true, javascriptEnabled=true, cssSelectorsEnabled=true, setWindowRect=true, unexpectedAlertBehaviour=}]&#34;,&#34;Session ID: d688538061b72f1d432fd5ac1c238c0c&#34;]},&#34;errorStatus&#34;:13,&#34;error&#34;:&#34;An unknown server-side error occurred while processing the command. – unknown error: call function result missing &#39;value...&#34;,&#34;httpStatusCode&#34;:500}
       at runMicrotasks (&lt;anonymous&gt;)
       at processTicksAndRejections (internal/process/task_queues.js:93:5)
  TimeoutError: An error occurred while running .setValue() command on &lt;#credit-card&gt;:   (Session info: chrome=86.0.4240.183),  (Driver info: chromedriver=2.32.498537 (cb2f855cbc7b82e20387eaf9a43f6b99b6105061),platform=Mac OS X 10.15.4 x86_64) (WARNING: The server did not provide any stacktrace information),Command duration or timeout: 18 milliseconds,Build info: version: &#39;3.4.0&#39;, revision: &#39;unknown&#39;, time: &#39;unknown&#39;,System info: host: &#39;MacBook-Pro-de-Paul.local&#39;, ip: &#39;fe80:0:0:0:1854:68a:9f2c:78b9%en0&#39;, os.name: &#39;Mac OS X&#39;, os.arch: &#39;x86_64&#39;, os.version: &#39;10.15.4&#39;, java.version: &#39;13.0.1&#39;,Driver info: org.openqa.selenium.chrome.ChromeDriver,Capabilities [{applicationCacheEnabled=false, rotatable=false, mobileEmulationEnabled=false, networkConnectionEnabled=false, chrome={chromedriverVersion=2.32.498537 (cb2f855cbc7b82e20387eaf9a43f6b99b6105061), userDataDir=/var/folders/mg/5v6c75rx19s2l9klbl5h3sl80000gn/T/.org.chromium.Chromium.KbGyeV}, takesHeapSnapshot=true, pageLoadStrategy=normal, databaseEnabled=false, handlesAlerts=true, hasTouchScreen=false, version=86.0.4240.183, platform=MAC, browserConnectionEnabled=false, nativeEvents=true, acceptSslCerts=true, locationContextEnabled=true, webStorageEnabled=true, browserName=chrome, takesScreenshot=true, javascriptEnabled=true, cssSelectorsEnabled=true, setWindowRect=true, unexpectedAlertBehaviour=}],Session ID: d688538061b72f1d432fd5ac1c238c0c; unknown error: call function result missing &#39;value&#39;
   {&#34;status&#34;:-1,&#34;state&#34;:&#34;unknown error&#34;,&#34;code&#34;:&#34;&#34;,&#34;value&#34;:{&#34;systemInformation&#34;:&#34;System info: host: &#39;MacBook-Pro-de-Paul.local&#39;, ip: &#39;fe80:0:0:0:1854:68a:9f2c:78b9%en0&#39;, os.name: &#39;Mac OS X&#39;, os.arch: &#39;x86_64&#39;, os.version: &#39;10.15.4&#39;, java.version: &#39;13.0.1&#39;&#34;,&#34;message&#34;:&#34;unknown error: call function result missing &#39;value&#39;&#34;,&#34;error&#34;:[&#34;  (Session info: chrome=86.0.4240.183)&#34;,&#34;  (Driver info: chromedriver=2.32.498537 (cb2f855cbc7b82e20387eaf9a43f6b99b6105061),platform=Mac OS X 10.15.4 x86_64) (WARNING: The server did not provide any stacktrace information)&#34;,&#34;Command duration or timeout: 18 milliseconds&#34;,&#34;Build info: version: &#39;3.4.0&#39;, revision: &#39;unknown&#39;, time: &#39;unknown&#39;&#34;,&#34;System info: host: &#39;MacBook-Pro-de-Paul.local&#39;, ip: &#39;fe80:0:0:0:1854:68a:9f2c:78b9%en0&#39;, os.name: &#39;Mac OS X&#39;, os.arch: &#39;x86_64&#39;, os.version: &#39;10.15.4&#39;, java.version: &#39;13.0.1&#39;&#34;,&#34;Driver info: org.openqa.selenium.chrome.ChromeDriver&#34;,&#34;Capabilities [{applicationCacheEnabled=false, rotatable=false, mobileEmulationEnabled=false, networkConnectionEnabled=false, chrome={chromedriverVersion=2.32.498537 (cb2f855cbc7b82e20387eaf9a43f6b99b6105061), userDataDir=/var/folders/mg/5v6c75rx19s2l9klbl5h3sl80000gn/T/.org.chromium.Chromium.KbGyeV}, takesHeapSnapshot=true, pageLoadStrategy=normal, databaseEnabled=false, handlesAlerts=true, hasTouchScreen=false, version=86.0.4240.183, platform=MAC, browserConnectionEnabled=false, nativeEvents=true, acceptSslCerts=true, locationContextEnabled=true, webStorageEnabled=true, browserName=chrome, takesScreenshot=true, javascriptEnabled=true, cssSelectorsEnabled=true, setWindowRect=true, unexpectedAlertBehaviour=}]&#34;,&#34;Session ID: d688538061b72f1d432fd5ac1c238c0c&#34;]},&#34;errorStatus&#34;:13,&#34;error&#34;:&#34;An unknown server-side error occurred while processing the command. – unknown error: call function result missing &#39;value...&#34;,&#34;httpStatusCode&#34;:500}
       at runMicrotasks (&lt;anonymous&gt;)
       at processTicksAndRejections (internal/process/task_queues.js:93:5)
  TimeoutError: An error occurred while running .clearValue() command on &lt;#credit-card-expiry&gt;:   (Session info: chrome=86.0.4240.183),  (Driver info: chromedriver=2.32.498537 (cb2f855cbc7b82e20387eaf9a43f6b99b6105061),platform=Mac OS X 10.15.4 x86_64) (WARNING: The server did not provide any stacktrace information),Command duration or timeout: 11 milliseconds,Build info: version: &#39;3.4.0&#39;, revision: &#39;unknown&#39;, time: &#39;unknown&#39;,System info: host: &#39;MacBook-Pro-de-Paul.local&#39;, ip: &#39;fe80:0:0:0:1854:68a:9f2c:78b9%en0&#39;, os.name: &#39;Mac OS X&#39;, os.arch: &#39;x86_64&#39;, os.version: &#39;10.15.4&#39;, java.version: &#39;13.0.1&#39;,Driver info: org.openqa.selenium.chrome.ChromeDriver,Capabilities [{applicationCacheEnabled=false, rotatable=false, mobileEmulationEnabled=false, networkConnectionEnabled=false, chrome={chromedriverVersion=2.32.498537 (cb2f855cbc7b82e20387eaf9a43f6b99b6105061), userDataDir=/var/folders/mg/5v6c75rx19s2l9klbl5h3sl80000gn/T/.org.chromium.Chromium.KbGyeV}, takesHeapSnapshot=true, pageLoadStrategy=normal, databaseEnabled=false, handlesAlerts=true, hasTouchScreen=false, version=86.0.4240.183, platform=MAC, browserConnectionEnabled=false, nativeEvents=true, acceptSslCerts=true, locationContextEnabled=true, webStorageEnabled=true, browserName=chrome, takesScreenshot=true, javascriptEnabled=true, cssSelectorsEnabled=true, setWindowRect=true, unexpectedAlertBehaviour=}],Session ID: d688538061b72f1d432fd5ac1c238c0c; unknown error: call function result missing &#39;value&#39;
   {&#34;status&#34;:-1,&#34;state&#34;:&#34;unknown error&#34;,&#34;code&#34;:&#34;&#34;,&#34;value&#34;:{&#34;systemInformation&#34;:&#34;System info: host: &#39;MacBook-Pro-de-Paul.local&#39;, ip: &#39;fe80:0:0:0:1854:68a:9f2c:78b9%en0&#39;, os.name: &#39;Mac OS X&#39;, os.arch: &#39;x86_64&#39;, os.version: &#39;10.15.4&#39;, java.version: &#39;13.0.1&#39;&#34;,&#34;message&#34;:&#34;unknown error: call function result missing &#39;value&#39;&#34;,&#34;error&#34;:[&#34;  (Session info: chrome=86.0.4240.183)&#34;,&#34;  (Driver info: chromedriver=2.32.498537 (cb2f855cbc7b82e20387eaf9a43f6b99b6105061),platform=Mac OS X 10.15.4 x86_64) (WARNING: The server did not provide any stacktrace information)&#34;,&#34;Command duration or timeout: 11 milliseconds&#34;,&#34;Build info: version: &#39;3.4.0&#39;, revision: &#39;unknown&#39;, time: &#39;unknown&#39;&#34;,&#34;System info: host: &#39;MacBook-Pro-de-Paul.local&#39;, ip: &#39;fe80:0:0:0:1854:68a:9f2c:78b9%en0&#39;, os.name: &#39;Mac OS X&#39;, os.arch: &#39;x86_64&#39;, os.version: &#39;10.15.4&#39;, java.version: &#39;13.0.1&#39;&#34;,&#34;Driver info: org.openqa.selenium.chrome.ChromeDriver&#34;,&#34;Capabilities [{applicationCacheEnabled=false, rotatable=false, mobileEmulationEnabled=false, networkConnectionEnabled=false, chrome={chromedriverVersion=2.32.498537 (cb2f855cbc7b82e20387eaf9a43f6b99b6105061), userDataDir=/var/folders/mg/5v6c75rx19s2l9klbl5h3sl80000gn/T/.org.chromium.Chromium.KbGyeV}, takesHeapSnapshot=true, pageLoadStrategy=normal, databaseEnabled=false, handlesAlerts=true, hasTouchScreen=false, version=86.0.4240.183, platform=MAC, browserConnectionEnabled=false, nativeEvents=true, acceptSslCerts=true, locationContextEnabled=true, webStorageEnabled=true, browserName=chrome, takesScreenshot=true, javascriptEnabled=true, cssSelectorsEnabled=true, setWindowRect=true, unexpectedAlertBehaviour=}]&#34;,&#34;Session ID: d688538061b72f1d432fd5ac1c238c0c&#34;]},&#34;errorStatus&#34;:13,&#34;error&#34;:&#34;An unknown server-side error occurred while processing the command. – unknown error: call function result missing &#39;value...&#34;,&#34;httpStatusCode&#34;:500}
       at runMicrotasks (&lt;anonymous&gt;)
       at processTicksAndRejections (internal/process/task_queues.js:93:5)
  TimeoutError: An error occurred while running .setValue() command on &lt;#credit-card-expiry&gt;:   (Session info: chrome=86.0.4240.183),  (Driver info: chromedriver=2.32.498537 (cb2f855cbc7b82e20387eaf9a43f6b99b6105061),platform=Mac OS X 10.15.4 x86_64) (WARNING: The server did not provide any stacktrace information),Command duration or timeout: 20 milliseconds,Build info: version: &#39;3.4.0&#39;, revision: &#39;unknown&#39;, time: &#39;unknown&#39;,System info: host: &#39;MacBook-Pro-de-Paul.local&#39;, ip: &#39;fe80:0:0:0:1854:68a:9f2c:78b9%en0&#39;, os.name: &#39;Mac OS X&#39;, os.arch: &#39;x86_64&#39;, os.version: &#39;10.15.4&#39;, java.version: &#39;13.0.1&#39;,Driver info: org.openqa.selenium.chrome.ChromeDriver,Capabilities [{applicationCacheEnabled=false, rotatable=false, mobileEmulationEnabled=false, networkConnectionEnabled=false, chrome={chromedriverVersion=2.32.498537 (cb2f855cbc7b82e20387eaf9a43f6b99b6105061), userDataDir=/var/folders/mg/5v6c75rx19s2l9klbl5h3sl80000gn/T/.org.chromium.Chromium.KbGyeV}, takesHeapSnapshot=true, pageLoadStrategy=normal, databaseEnabled=false, handlesAlerts=true, hasTouchScreen=false, version=86.0.4240.183, platform=MAC, browserConnectionEnabled=false, nativeEvents=true, acceptSslCerts=true, locationContextEnabled=true, webStorageEnabled=true, browserName=chrome, takesScreenshot=true, javascriptEnabled=true, cssSelectorsEnabled=true, setWindowRect=true, unexpectedAlertBehaviour=}],Session ID: d688538061b72f1d432fd5ac1c238c0c; unknown error: call function result missing &#39;value&#39;
   {&#34;status&#34;:-1,&#34;state&#34;:&#34;unknown error&#34;,&#34;code&#34;:&#34;&#34;,&#34;value&#34;:{&#34;systemInformation&#34;:&#34;System info: host: &#39;MacBook-Pro-de-Paul.local&#39;, ip: &#39;fe80:0:0:0:1854:68a:9f2c:78b9%en0&#39;, os.name: &#39;Mac OS X&#39;, os.arch: &#39;x86_64&#39;, os.version: &#39;10.15.4&#39;, java.version: &#39;13.0.1&#39;&#34;,&#34;message&#34;:&#34;unknown error: call function result missing &#39;value&#39;&#34;,&#34;error&#34;:[&#34;  (Session info: chrome=86.0.4240.183)&#34;,&#34;  (Driver info: chromedriver=2.32.498537 (cb2f855cbc7b82e20387eaf9a43f6b99b6105061),platform=Mac OS X 10.15.4 x86_64) (WARNING: The server did not provide any stacktrace information)&#34;,&#34;Command duration or timeout: 20 milliseconds&#34;,&#34;Build info: version: &#39;3.4.0&#39;, revision: &#39;unknown&#39;, time: &#39;unknown&#39;&#34;,&#34;System info: host: &#39;MacBook-Pro-de-Paul.local&#39;, ip: &#39;fe80:0:0:0:1854:68a:9f2c:78b9%en0&#39;, os.name: &#39;Mac OS X&#39;, os.arch: &#39;x86_64&#39;, os.version: &#39;10.15.4&#39;, java.version: &#39;13.0.1&#39;&#34;,&#34;Driver info: org.openqa.selenium.chrome.ChromeDriver&#34;,&#34;Capabilities [{applicationCacheEnabled=false, rotatable=false, mobileEmulationEnabled=false, networkConnectionEnabled=false, chrome={chromedriverVersion=2.32.498537 (cb2f855cbc7b82e20387eaf9a43f6b99b6105061), userDataDir=/var/folders/mg/5v6c75rx19s2l9klbl5h3sl80000gn/T/.org.chromium.Chromium.KbGyeV}, takesHeapSnapshot=true, pageLoadStrategy=normal, databaseEnabled=false, handlesAlerts=true, hasTouchScreen=false, version=86.0.4240.183, platform=MAC, browserConnectionEnabled=false, nativeEvents=true, acceptSslCerts=true, locationContextEnabled=true, webStorageEnabled=true, browserName=chrome, takesScreenshot=true, javascriptEnabled=true, cssSelectorsEnabled=true, setWindowRect=true, unexpectedAlertBehaviour=}]&#34;,&#34;Session ID: d688538061b72f1d432fd5ac1c238c0c&#34;]},&#34;errorStatus&#34;:13,&#34;error&#34;:&#34;An unknown server-side error occurred while processing the command. – unknown error: call function result missing &#39;value...&#34;,&#34;httpStatusCode&#34;:500}
       at runMicrotasks (&lt;anonymous&gt;)
       at processTicksAndRejections (internal/process/task_queues.js:93:5)
  TimeoutError: An error occurred while running .submitForm() command on &lt;#order-form&gt;:   (Session info: chrome=86.0.4240.183),  (Driver info: chromedriver=2.32.498537 (cb2f855cbc7b82e20387eaf9a43f6b99b6105061),platform=Mac OS X 10.15.4 x86_64) (WARNING: The server did not provide any stacktrace information),Command duration or timeout: 25 milliseconds,Build info: version: &#39;3.4.0&#39;, revision: &#39;unknown&#39;, time: &#39;unknown&#39;,System info: host: &#39;MacBook-Pro-de-Paul.local&#39;, ip: &#39;fe80:0:0:0:1854:68a:9f2c:78b9%en0&#39;, os.name: &#39;Mac OS X&#39;, os.arch: &#39;x86_64&#39;, os.version: &#39;10.15.4&#39;, java.version: &#39;13.0.1&#39;,Driver info: org.openqa.selenium.chrome.ChromeDriver,Capabilities [{applicationCacheEnabled=false, rotatable=false, mobileEmulationEnabled=false, networkConnectionEnabled=false, chrome={chromedriverVersion=2.32.498537 (cb2f855cbc7b82e20387eaf9a43f6b99b6105061), userDataDir=/var/folders/mg/5v6c75rx19s2l9klbl5h3sl80000gn/T/.org.chromium.Chromium.KbGyeV}, takesHeapSnapshot=true, pageLoadStrategy=normal, databaseEnabled=false, handlesAlerts=true, hasTouchScreen=false, version=86.0.4240.183, platform=MAC, browserConnectionEnabled=false, nativeEvents=true, acceptSslCerts=true, locationContextEnabled=true, webStorageEnabled=true, browserName=chrome, takesScreenshot=true, javascriptEnabled=true, cssSelectorsEnabled=true, setWindowRect=true, unexpectedAlertBehaviour=}],Session ID: d688538061b72f1d432fd5ac1c238c0c; unknown error: call function result missing &#39;value&#39;
   {&#34;status&#34;:-1,&#34;state&#34;:&#34;unknown error&#34;,&#34;code&#34;:&#34;&#34;,&#34;value&#34;:{&#34;systemInformation&#34;:&#34;System info: host: &#39;MacBook-Pro-de-Paul.local&#39;, ip: &#39;fe80:0:0:0:1854:68a:9f2c:78b9%en0&#39;, os.name: &#39;Mac OS X&#39;, os.arch: &#39;x86_64&#39;, os.version: &#39;10.15.4&#39;, java.version: &#39;13.0.1&#39;&#34;,&#34;message&#34;:&#34;unknown error: call function result missing &#39;value&#39;&#34;,&#34;error&#34;:[&#34;  (Session info: chrome=86.0.4240.183)&#34;,&#34;  (Driver info: chromedriver=2.32.498537 (cb2f855cbc7b82e20387eaf9a43f6b99b6105061),platform=Mac OS X 10.15.4 x86_64) (WARNING: The server did not provide any stacktrace information)&#34;,&#34;Command duration or timeout: 25 milliseconds&#34;,&#34;Build info: version: &#39;3.4.0&#39;, revision: &#39;unknown&#39;, time: &#39;unknown&#39;&#34;,&#34;System info: host: &#39;MacBook-Pro-de-Paul.local&#39;, ip: &#39;fe80:0:0:0:1854:68a:9f2c:78b9%en0&#39;, os.name: &#39;Mac OS X&#39;, os.arch: &#39;x86_64&#39;, os.version: &#39;10.15.4&#39;, java.version: &#39;13.0.1&#39;&#34;,&#34;Driver info: org.openqa.selenium.chrome.ChromeDriver&#34;,&#34;Capabilities [{applicationCacheEnabled=false, rotatable=false, mobileEmulationEnabled=false, networkConnectionEnabled=false, chrome={chromedriverVersion=2.32.498537 (cb2f855cbc7b82e20387eaf9a43f6b99b6105061), userDataDir=/var/folders/mg/5v6c75rx19s2l9klbl5h3sl80000gn/T/.org.chromium.Chromium.KbGyeV}, takesHeapSnapshot=true, pageLoadStrategy=normal, databaseEnabled=false, handlesAlerts=true, hasTouchScreen=false, version=86.0.4240.183, platform=MAC, browserConnectionEnabled=false, nativeEvents=true, acceptSslCerts=true, locationContextEnabled=true, webStorageEnabled=true, browserName=chrome, takesScreenshot=true, javascriptEnabled=true, cssSelectorsEnabled=true, setWindowRect=true, unexpectedAlertBehaviour=}]&#34;,&#34;Session ID: d688538061b72f1d432fd5ac1c238c0c&#34;]},&#34;errorStatus&#34;:13,&#34;error&#34;:&#34;An unknown server-side error occurred while processing the command. – unknown error: call function result missing &#39;value...&#34;,&#34;httpStatusCode&#34;:500}
       at runMicrotasks (&lt;anonymous&gt;)
       at processTicksAndRejections (internal/process/task_queues.js:93:5)
    </system-err>
  

    

  
  </testsuite>
</testsuites>
