<?xml version="1.0" encoding="UTF-8" ?>
<testsuites errors="30"
            failures="4"
            tests="4">

  <testsuite name="4-order"
    errors="30" failures="4" hostname="" id="" package="4-order" skipped="0"
    tests="4" time="30.11" timestamp="">
  
    <testcase name="État du panier d&#39;achats" classname="4-order" time="6.988" assertions="1">  <failure message="Le nombre de produits dans le panier doit pas être visible in 5000ms - expected &#34;is visible&#34; but got: &#34;not visible&#34; (5257ms)">    at Object.État du panier d&#39;achats (/Users/paulclas/Github/Automne 2020/LOG4420/tp3/tp3/OnlineShop/tests/e2e/4-order.js:90:23)
    at processTicksAndRejections (internal/process/task_queues.js:93:5)</failure>

    
    <error message="Error while running &#34;visible&#34; command: Le nombre de produits dans le panier doit pas être visible in 5000ms - expected [0;32m&#34;is visible&#34;[0m but got: [0;31m&#34;not visible&#34;[0m [0;90m(5257ms)[0m" type="error"><![CDATA[
        at Object.État du panier d&#39;achats (/Users/paulclas/Github/Automne 2020/LOG4420/tp3/tp3/OnlineShop/tests/e2e/4-order.js:90:23)
    at processTicksAndRejections (internal/process/task_queues.js:93:5)
    ]]></error>
    
    </testcase>
  
    <testcase name="Soumission d&#39;un formulaire invalide" classname="4-order" time="6.583" assertions="1">  <failure message="La formulaire ne doit pas être envoyé en cas d&#39;erreur(s) in 5000ms - expected &#34;contains &#39;order.html&#39;&#34; but got: &#34;http://localhost:8000/confirmation.html&#34; (5121ms)">    at Object.Soumission d&#39;un formulaire invalide (/Users/paulclas/Github/Automne 2020/LOG4420/tp3/tp3/OnlineShop/tests/e2e/4-order.js:100:23)
    at runMicrotasks (&lt;anonymous&gt;)</failure>

    
    <error message="Error while running &#34;urlContains&#34; command: La formulaire ne doit pas être envoyé en cas d&#39;erreur(s) in 5000ms - expected [0;32m&#34;contains &#39;order.html&#39;&#34;[0m but got: [0;31m&#34;http://localhost:8000/confirmation.html&#34;[0m [0;90m(5121ms)[0m" type="error"><![CDATA[
        at Object.Soumission d&#39;un formulaire invalide (/Users/paulclas/Github/Automne 2020/LOG4420/tp3/tp3/OnlineShop/tests/e2e/4-order.js:100:23)
    at runMicrotasks (&lt;anonymous&gt;)
    ]]></error>
    
    </testcase>
  
    <testcase name="Remplissage du formulaire" classname="4-order" time="6.899" assertions="1">  <failure message="Le champ #first-name doit indiquer une erreur pour la valeur &#39;A&#39; in 5000ms - expected &#34;contains text &#39;Veuillez fournir au moins 2 caractères.&#39;&#34; but got: &#34;element could not be located&#34; (5143ms)">    at /Users/paulclas/Github/Automne 2020/LOG4420/tp3/tp3/OnlineShop/tests/e2e/4-order.js:126:35
    at Array.forEach (&lt;anonymous&gt;)
    at /Users/paulclas/Github/Automne 2020/LOG4420/tp3/tp3/OnlineShop/tests/e2e/4-order.js:109:27
    at Array.forEach (&lt;anonymous&gt;)
    at Object.Remplissage du formulaire (/Users/paulclas/Github/Automne 2020/LOG4420/tp3/tp3/OnlineShop/tests/e2e/4-order.js:108:16)</failure>

    
    <error message="Error while running &#34;containsText&#34; command: Le champ #first-name doit indiquer une erreur pour la valeur &#39;A&#39; in 5000ms - expected [0;32m&#34;contains text &#39;Veuillez fournir au moins 2 caractères.&#39;&#34;[0m but got: [0;31m&#34;element could not be located&#34;[0m [0;90m(5143ms)[0m" type="error"><![CDATA[
        at /Users/paulclas/Github/Automne 2020/LOG4420/tp3/tp3/OnlineShop/tests/e2e/4-order.js:126:35
    at Array.forEach (&lt;anonymous&gt;)
    at /Users/paulclas/Github/Automne 2020/LOG4420/tp3/tp3/OnlineShop/tests/e2e/4-order.js:109:27
    at Array.forEach (&lt;anonymous&gt;)
    at Object.Remplissage du formulaire (/Users/paulclas/Github/Automne 2020/LOG4420/tp3/tp3/OnlineShop/tests/e2e/4-order.js:108:16)
    ]]></error>
    
    </testcase>
  
    <testcase name="Soumission d&#39;un formulaire valide" classname="4-order" time="9.641" assertions="1">  <failure message="La page de confirmation doit être affichée in 5000ms - expected &#34;contains &#39;confirmation.html&#39;&#34; but got: &#34;http://localhost:8000/order.html&#34; (5140ms)">    at Object.Soumission d&#39;un formulaire valide (/Users/paulclas/Github/Automne 2020/LOG4420/tp3/tp3/OnlineShop/tests/e2e/4-order.js:145:23)
    at runMicrotasks (&lt;anonymous&gt;)</failure>

    
    <error message="Error while running &#34;urlContains&#34; command: La page de confirmation doit être affichée in 5000ms - expected [0;32m&#34;contains &#39;confirmation.html&#39;&#34;[0m but got: [0;31m&#34;http://localhost:8000/order.html&#34;[0m [0;90m(5140ms)[0m" type="error"><![CDATA[
        at Object.Soumission d&#39;un formulaire valide (/Users/paulclas/Github/Automne 2020/LOG4420/tp3/tp3/OnlineShop/tests/e2e/4-order.js:145:23)
    at runMicrotasks (&lt;anonymous&gt;)
    ]]></error>
    
    </testcase>
  

  
    <system-err>
        TimeoutError: An error occurred while running .clearValue() command on &lt;#add-to-cart-form input&gt;:   (Session info: chrome=86.0.4240.183),  (Driver info: chromedriver=2.32.498537 (cb2f855cbc7b82e20387eaf9a43f6b99b6105061),platform=Mac OS X 10.15.4 x86_64) (WARNING: The server did not provide any stacktrace information),Command duration or timeout: 20 milliseconds,Build info: version: &#39;3.4.0&#39;, revision: &#39;unknown&#39;, time: &#39;unknown&#39;,System info: host: &#39;MacBook-Pro-de-Paul.local&#39;, ip: &#39;fe80:0:0:0:1854:68a:9f2c:78b9%en0&#39;, os.name: &#39;Mac OS X&#39;, os.arch: &#39;x86_64&#39;, os.version: &#39;10.15.4&#39;, java.version: &#39;13.0.1&#39;,Driver info: org.openqa.selenium.chrome.ChromeDriver,Capabilities [{applicationCacheEnabled=false, rotatable=false, mobileEmulationEnabled=false, networkConnectionEnabled=false, chrome={chromedriverVersion=2.32.498537 (cb2f855cbc7b82e20387eaf9a43f6b99b6105061), userDataDir=/var/folders/mg/5v6c75rx19s2l9klbl5h3sl80000gn/T/.org.chromium.Chromium.bGBllp}, takesHeapSnapshot=true, pageLoadStrategy=normal, databaseEnabled=false, handlesAlerts=true, hasTouchScreen=false, version=86.0.4240.183, platform=MAC, browserConnectionEnabled=false, nativeEvents=true, acceptSslCerts=true, locationContextEnabled=true, webStorageEnabled=true, browserName=chrome, takesScreenshot=true, javascriptEnabled=true, cssSelectorsEnabled=true, setWindowRect=true, unexpectedAlertBehaviour=}],Session ID: 45256ff8b2ba71ff34d4d49ed80bf08e; unknown error: call function result missing &#39;value&#39;
   {&#34;status&#34;:-1,&#34;state&#34;:&#34;unknown error&#34;,&#34;code&#34;:&#34;&#34;,&#34;value&#34;:{&#34;systemInformation&#34;:&#34;System info: host: &#39;MacBook-Pro-de-Paul.local&#39;, ip: &#39;fe80:0:0:0:1854:68a:9f2c:78b9%en0&#39;, os.name: &#39;Mac OS X&#39;, os.arch: &#39;x86_64&#39;, os.version: &#39;10.15.4&#39;, java.version: &#39;13.0.1&#39;&#34;,&#34;message&#34;:&#34;unknown error: call function result missing &#39;value&#39;&#34;,&#34;error&#34;:[&#34;  (Session info: chrome=86.0.4240.183)&#34;,&#34;  (Driver info: chromedriver=2.32.498537 (cb2f855cbc7b82e20387eaf9a43f6b99b6105061),platform=Mac OS X 10.15.4 x86_64) (WARNING: The server did not provide any stacktrace information)&#34;,&#34;Command duration or timeout: 20 milliseconds&#34;,&#34;Build info: version: &#39;3.4.0&#39;, revision: &#39;unknown&#39;, time: &#39;unknown&#39;&#34;,&#34;System info: host: &#39;MacBook-Pro-de-Paul.local&#39;, ip: &#39;fe80:0:0:0:1854:68a:9f2c:78b9%en0&#39;, os.name: &#39;Mac OS X&#39;, os.arch: &#39;x86_64&#39;, os.version: &#39;10.15.4&#39;, java.version: &#39;13.0.1&#39;&#34;,&#34;Driver info: org.openqa.selenium.chrome.ChromeDriver&#34;,&#34;Capabilities [{applicationCacheEnabled=false, rotatable=false, mobileEmulationEnabled=false, networkConnectionEnabled=false, chrome={chromedriverVersion=2.32.498537 (cb2f855cbc7b82e20387eaf9a43f6b99b6105061), userDataDir=/var/folders/mg/5v6c75rx19s2l9klbl5h3sl80000gn/T/.org.chromium.Chromium.bGBllp}, takesHeapSnapshot=true, pageLoadStrategy=normal, databaseEnabled=false, handlesAlerts=true, hasTouchScreen=false, version=86.0.4240.183, platform=MAC, browserConnectionEnabled=false, nativeEvents=true, acceptSslCerts=true, locationContextEnabled=true, webStorageEnabled=true, browserName=chrome, takesScreenshot=true, javascriptEnabled=true, cssSelectorsEnabled=true, setWindowRect=true, unexpectedAlertBehaviour=}]&#34;,&#34;Session ID: 45256ff8b2ba71ff34d4d49ed80bf08e&#34;]},&#34;errorStatus&#34;:13,&#34;error&#34;:&#34;An unknown server-side error occurred while processing the command. – unknown error: call function result missing &#39;value...&#34;,&#34;httpStatusCode&#34;:500}
       at runMicrotasks (&lt;anonymous&gt;)
       at processTicksAndRejections (internal/process/task_queues.js:93:5)
  TimeoutError: An error occurred while running .setValue() command on &lt;#add-to-cart-form input&gt;:   (Session info: chrome=86.0.4240.183),  (Driver info: chromedriver=2.32.498537 (cb2f855cbc7b82e20387eaf9a43f6b99b6105061),platform=Mac OS X 10.15.4 x86_64) (WARNING: The server did not provide any stacktrace information),Command duration or timeout: 20 milliseconds,Build info: version: &#39;3.4.0&#39;, revision: &#39;unknown&#39;, time: &#39;unknown&#39;,System info: host: &#39;MacBook-Pro-de-Paul.local&#39;, ip: &#39;fe80:0:0:0:1854:68a:9f2c:78b9%en0&#39;, os.name: &#39;Mac OS X&#39;, os.arch: &#39;x86_64&#39;, os.version: &#39;10.15.4&#39;, java.version: &#39;13.0.1&#39;,Driver info: org.openqa.selenium.chrome.ChromeDriver,Capabilities [{applicationCacheEnabled=false, rotatable=false, mobileEmulationEnabled=false, networkConnectionEnabled=false, chrome={chromedriverVersion=2.32.498537 (cb2f855cbc7b82e20387eaf9a43f6b99b6105061), userDataDir=/var/folders/mg/5v6c75rx19s2l9klbl5h3sl80000gn/T/.org.chromium.Chromium.bGBllp}, takesHeapSnapshot=true, pageLoadStrategy=normal, databaseEnabled=false, handlesAlerts=true, hasTouchScreen=false, version=86.0.4240.183, platform=MAC, browserConnectionEnabled=false, nativeEvents=true, acceptSslCerts=true, locationContextEnabled=true, webStorageEnabled=true, browserName=chrome, takesScreenshot=true, javascriptEnabled=true, cssSelectorsEnabled=true, setWindowRect=true, unexpectedAlertBehaviour=}],Session ID: 45256ff8b2ba71ff34d4d49ed80bf08e; unknown error: call function result missing &#39;value&#39;
   {&#34;status&#34;:-1,&#34;state&#34;:&#34;unknown error&#34;,&#34;code&#34;:&#34;&#34;,&#34;value&#34;:{&#34;systemInformation&#34;:&#34;System info: host: &#39;MacBook-Pro-de-Paul.local&#39;, ip: &#39;fe80:0:0:0:1854:68a:9f2c:78b9%en0&#39;, os.name: &#39;Mac OS X&#39;, os.arch: &#39;x86_64&#39;, os.version: &#39;10.15.4&#39;, java.version: &#39;13.0.1&#39;&#34;,&#34;message&#34;:&#34;unknown error: call function result missing &#39;value&#39;&#34;,&#34;error&#34;:[&#34;  (Session info: chrome=86.0.4240.183)&#34;,&#34;  (Driver info: chromedriver=2.32.498537 (cb2f855cbc7b82e20387eaf9a43f6b99b6105061),platform=Mac OS X 10.15.4 x86_64) (WARNING: The server did not provide any stacktrace information)&#34;,&#34;Command duration or timeout: 20 milliseconds&#34;,&#34;Build info: version: &#39;3.4.0&#39;, revision: &#39;unknown&#39;, time: &#39;unknown&#39;&#34;,&#34;System info: host: &#39;MacBook-Pro-de-Paul.local&#39;, ip: &#39;fe80:0:0:0:1854:68a:9f2c:78b9%en0&#39;, os.name: &#39;Mac OS X&#39;, os.arch: &#39;x86_64&#39;, os.version: &#39;10.15.4&#39;, java.version: &#39;13.0.1&#39;&#34;,&#34;Driver info: org.openqa.selenium.chrome.ChromeDriver&#34;,&#34;Capabilities [{applicationCacheEnabled=false, rotatable=false, mobileEmulationEnabled=false, networkConnectionEnabled=false, chrome={chromedriverVersion=2.32.498537 (cb2f855cbc7b82e20387eaf9a43f6b99b6105061), userDataDir=/var/folders/mg/5v6c75rx19s2l9klbl5h3sl80000gn/T/.org.chromium.Chromium.bGBllp}, takesHeapSnapshot=true, pageLoadStrategy=normal, databaseEnabled=false, handlesAlerts=true, hasTouchScreen=false, version=86.0.4240.183, platform=MAC, browserConnectionEnabled=false, nativeEvents=true, acceptSslCerts=true, locationContextEnabled=true, webStorageEnabled=true, browserName=chrome, takesScreenshot=true, javascriptEnabled=true, cssSelectorsEnabled=true, setWindowRect=true, unexpectedAlertBehaviour=}]&#34;,&#34;Session ID: 45256ff8b2ba71ff34d4d49ed80bf08e&#34;]},&#34;errorStatus&#34;:13,&#34;error&#34;:&#34;An unknown server-side error occurred while processing the command. – unknown error: call function result missing &#39;value...&#34;,&#34;httpStatusCode&#34;:500}
       at runMicrotasks (&lt;anonymous&gt;)
       at processTicksAndRejections (internal/process/task_queues.js:93:5)
  TimeoutError: An error occurred while running .submitForm() command on &lt;#add-to-cart-form&gt;:   (Session info: chrome=86.0.4240.183),  (Driver info: chromedriver=2.32.498537 (cb2f855cbc7b82e20387eaf9a43f6b99b6105061),platform=Mac OS X 10.15.4 x86_64) (WARNING: The server did not provide any stacktrace information),Command duration or timeout: 12 milliseconds,Build info: version: &#39;3.4.0&#39;, revision: &#39;unknown&#39;, time: &#39;unknown&#39;,System info: host: &#39;MacBook-Pro-de-Paul.local&#39;, ip: &#39;fe80:0:0:0:1854:68a:9f2c:78b9%en0&#39;, os.name: &#39;Mac OS X&#39;, os.arch: &#39;x86_64&#39;, os.version: &#39;10.15.4&#39;, java.version: &#39;13.0.1&#39;,Driver info: org.openqa.selenium.chrome.ChromeDriver,Capabilities [{applicationCacheEnabled=false, rotatable=false, mobileEmulationEnabled=false, networkConnectionEnabled=false, chrome={chromedriverVersion=2.32.498537 (cb2f855cbc7b82e20387eaf9a43f6b99b6105061), userDataDir=/var/folders/mg/5v6c75rx19s2l9klbl5h3sl80000gn/T/.org.chromium.Chromium.bGBllp}, takesHeapSnapshot=true, pageLoadStrategy=normal, databaseEnabled=false, handlesAlerts=true, hasTouchScreen=false, version=86.0.4240.183, platform=MAC, browserConnectionEnabled=false, nativeEvents=true, acceptSslCerts=true, locationContextEnabled=true, webStorageEnabled=true, browserName=chrome, takesScreenshot=true, javascriptEnabled=true, cssSelectorsEnabled=true, setWindowRect=true, unexpectedAlertBehaviour=}],Session ID: 45256ff8b2ba71ff34d4d49ed80bf08e; unknown error: call function result missing &#39;value&#39;
   {&#34;status&#34;:-1,&#34;state&#34;:&#34;unknown error&#34;,&#34;code&#34;:&#34;&#34;,&#34;value&#34;:{&#34;systemInformation&#34;:&#34;System info: host: &#39;MacBook-Pro-de-Paul.local&#39;, ip: &#39;fe80:0:0:0:1854:68a:9f2c:78b9%en0&#39;, os.name: &#39;Mac OS X&#39;, os.arch: &#39;x86_64&#39;, os.version: &#39;10.15.4&#39;, java.version: &#39;13.0.1&#39;&#34;,&#34;message&#34;:&#34;unknown error: call function result missing &#39;value&#39;&#34;,&#34;error&#34;:[&#34;  (Session info: chrome=86.0.4240.183)&#34;,&#34;  (Driver info: chromedriver=2.32.498537 (cb2f855cbc7b82e20387eaf9a43f6b99b6105061),platform=Mac OS X 10.15.4 x86_64) (WARNING: The server did not provide any stacktrace information)&#34;,&#34;Command duration or timeout: 12 milliseconds&#34;,&#34;Build info: version: &#39;3.4.0&#39;, revision: &#39;unknown&#39;, time: &#39;unknown&#39;&#34;,&#34;System info: host: &#39;MacBook-Pro-de-Paul.local&#39;, ip: &#39;fe80:0:0:0:1854:68a:9f2c:78b9%en0&#39;, os.name: &#39;Mac OS X&#39;, os.arch: &#39;x86_64&#39;, os.version: &#39;10.15.4&#39;, java.version: &#39;13.0.1&#39;&#34;,&#34;Driver info: org.openqa.selenium.chrome.ChromeDriver&#34;,&#34;Capabilities [{applicationCacheEnabled=false, rotatable=false, mobileEmulationEnabled=false, networkConnectionEnabled=false, chrome={chromedriverVersion=2.32.498537 (cb2f855cbc7b82e20387eaf9a43f6b99b6105061), userDataDir=/var/folders/mg/5v6c75rx19s2l9klbl5h3sl80000gn/T/.org.chromium.Chromium.bGBllp}, takesHeapSnapshot=true, pageLoadStrategy=normal, databaseEnabled=false, handlesAlerts=true, hasTouchScreen=false, version=86.0.4240.183, platform=MAC, browserConnectionEnabled=false, nativeEvents=true, acceptSslCerts=true, locationContextEnabled=true, webStorageEnabled=true, browserName=chrome, takesScreenshot=true, javascriptEnabled=true, cssSelectorsEnabled=true, setWindowRect=true, unexpectedAlertBehaviour=}]&#34;,&#34;Session ID: 45256ff8b2ba71ff34d4d49ed80bf08e&#34;]},&#34;errorStatus&#34;:13,&#34;error&#34;:&#34;An unknown server-side error occurred while processing the command. – unknown error: call function result missing &#39;value...&#34;,&#34;httpStatusCode&#34;:500}
       at runMicrotasks (&lt;anonymous&gt;)
       at processTicksAndRejections (internal/process/task_queues.js:93:5)
  TimeoutError: An error occurred while running .clearValue() command on &lt;#add-to-cart-form input&gt;:   (Session info: chrome=86.0.4240.183),  (Driver info: chromedriver=2.32.498537 (cb2f855cbc7b82e20387eaf9a43f6b99b6105061),platform=Mac OS X 10.15.4 x86_64) (WARNING: The server did not provide any stacktrace information),Command duration or timeout: 17 milliseconds,Build info: version: &#39;3.4.0&#39;, revision: &#39;unknown&#39;, time: &#39;unknown&#39;,System info: host: &#39;MacBook-Pro-de-Paul.local&#39;, ip: &#39;fe80:0:0:0:1854:68a:9f2c:78b9%en0&#39;, os.name: &#39;Mac OS X&#39;, os.arch: &#39;x86_64&#39;, os.version: &#39;10.15.4&#39;, java.version: &#39;13.0.1&#39;,Driver info: org.openqa.selenium.chrome.ChromeDriver,Capabilities [{applicationCacheEnabled=false, rotatable=false, mobileEmulationEnabled=false, networkConnectionEnabled=false, chrome={chromedriverVersion=2.32.498537 (cb2f855cbc7b82e20387eaf9a43f6b99b6105061), userDataDir=/var/folders/mg/5v6c75rx19s2l9klbl5h3sl80000gn/T/.org.chromium.Chromium.bpgFJs}, takesHeapSnapshot=true, pageLoadStrategy=normal, databaseEnabled=false, handlesAlerts=true, hasTouchScreen=false, version=86.0.4240.183, platform=MAC, browserConnectionEnabled=false, nativeEvents=true, acceptSslCerts=true, locationContextEnabled=true, webStorageEnabled=true, browserName=chrome, takesScreenshot=true, javascriptEnabled=true, cssSelectorsEnabled=true, setWindowRect=true, unexpectedAlertBehaviour=}],Session ID: d1ae4d5d2752a841d941404ddbfb7607; unknown error: call function result missing &#39;value&#39;
   {&#34;status&#34;:-1,&#34;state&#34;:&#34;unknown error&#34;,&#34;code&#34;:&#34;&#34;,&#34;value&#34;:{&#34;systemInformation&#34;:&#34;System info: host: &#39;MacBook-Pro-de-Paul.local&#39;, ip: &#39;fe80:0:0:0:1854:68a:9f2c:78b9%en0&#39;, os.name: &#39;Mac OS X&#39;, os.arch: &#39;x86_64&#39;, os.version: &#39;10.15.4&#39;, java.version: &#39;13.0.1&#39;&#34;,&#34;message&#34;:&#34;unknown error: call function result missing &#39;value&#39;&#34;,&#34;error&#34;:[&#34;  (Session info: chrome=86.0.4240.183)&#34;,&#34;  (Driver info: chromedriver=2.32.498537 (cb2f855cbc7b82e20387eaf9a43f6b99b6105061),platform=Mac OS X 10.15.4 x86_64) (WARNING: The server did not provide any stacktrace information)&#34;,&#34;Command duration or timeout: 17 milliseconds&#34;,&#34;Build info: version: &#39;3.4.0&#39;, revision: &#39;unknown&#39;, time: &#39;unknown&#39;&#34;,&#34;System info: host: &#39;MacBook-Pro-de-Paul.local&#39;, ip: &#39;fe80:0:0:0:1854:68a:9f2c:78b9%en0&#39;, os.name: &#39;Mac OS X&#39;, os.arch: &#39;x86_64&#39;, os.version: &#39;10.15.4&#39;, java.version: &#39;13.0.1&#39;&#34;,&#34;Driver info: org.openqa.selenium.chrome.ChromeDriver&#34;,&#34;Capabilities [{applicationCacheEnabled=false, rotatable=false, mobileEmulationEnabled=false, networkConnectionEnabled=false, chrome={chromedriverVersion=2.32.498537 (cb2f855cbc7b82e20387eaf9a43f6b99b6105061), userDataDir=/var/folders/mg/5v6c75rx19s2l9klbl5h3sl80000gn/T/.org.chromium.Chromium.bpgFJs}, takesHeapSnapshot=true, pageLoadStrategy=normal, databaseEnabled=false, handlesAlerts=true, hasTouchScreen=false, version=86.0.4240.183, platform=MAC, browserConnectionEnabled=false, nativeEvents=true, acceptSslCerts=true, locationContextEnabled=true, webStorageEnabled=true, browserName=chrome, takesScreenshot=true, javascriptEnabled=true, cssSelectorsEnabled=true, setWindowRect=true, unexpectedAlertBehaviour=}]&#34;,&#34;Session ID: d1ae4d5d2752a841d941404ddbfb7607&#34;]},&#34;errorStatus&#34;:13,&#34;error&#34;:&#34;An unknown server-side error occurred while processing the command. – unknown error: call function result missing &#39;value...&#34;,&#34;httpStatusCode&#34;:500}
       at runMicrotasks (&lt;anonymous&gt;)
       at processTicksAndRejections (internal/process/task_queues.js:93:5)
  TimeoutError: An error occurred while running .setValue() command on &lt;#add-to-cart-form input&gt;:   (Session info: chrome=86.0.4240.183),  (Driver info: chromedriver=2.32.498537 (cb2f855cbc7b82e20387eaf9a43f6b99b6105061),platform=Mac OS X 10.15.4 x86_64) (WARNING: The server did not provide any stacktrace information),Command duration or timeout: 22 milliseconds,Build info: version: &#39;3.4.0&#39;, revision: &#39;unknown&#39;, time: &#39;unknown&#39;,System info: host: &#39;MacBook-Pro-de-Paul.local&#39;, ip: &#39;fe80:0:0:0:1854:68a:9f2c:78b9%en0&#39;, os.name: &#39;Mac OS X&#39;, os.arch: &#39;x86_64&#39;, os.version: &#39;10.15.4&#39;, java.version: &#39;13.0.1&#39;,Driver info: org.openqa.selenium.chrome.ChromeDriver,Capabilities [{applicationCacheEnabled=false, rotatable=false, mobileEmulationEnabled=false, networkConnectionEnabled=false, chrome={chromedriverVersion=2.32.498537 (cb2f855cbc7b82e20387eaf9a43f6b99b6105061), userDataDir=/var/folders/mg/5v6c75rx19s2l9klbl5h3sl80000gn/T/.org.chromium.Chromium.bpgFJs}, takesHeapSnapshot=true, pageLoadStrategy=normal, databaseEnabled=false, handlesAlerts=true, hasTouchScreen=false, version=86.0.4240.183, platform=MAC, browserConnectionEnabled=false, nativeEvents=true, acceptSslCerts=true, locationContextEnabled=true, webStorageEnabled=true, browserName=chrome, takesScreenshot=true, javascriptEnabled=true, cssSelectorsEnabled=true, setWindowRect=true, unexpectedAlertBehaviour=}],Session ID: d1ae4d5d2752a841d941404ddbfb7607; unknown error: call function result missing &#39;value&#39;
   {&#34;status&#34;:-1,&#34;state&#34;:&#34;unknown error&#34;,&#34;code&#34;:&#34;&#34;,&#34;value&#34;:{&#34;systemInformation&#34;:&#34;System info: host: &#39;MacBook-Pro-de-Paul.local&#39;, ip: &#39;fe80:0:0:0:1854:68a:9f2c:78b9%en0&#39;, os.name: &#39;Mac OS X&#39;, os.arch: &#39;x86_64&#39;, os.version: &#39;10.15.4&#39;, java.version: &#39;13.0.1&#39;&#34;,&#34;message&#34;:&#34;unknown error: call function result missing &#39;value&#39;&#34;,&#34;error&#34;:[&#34;  (Session info: chrome=86.0.4240.183)&#34;,&#34;  (Driver info: chromedriver=2.32.498537 (cb2f855cbc7b82e20387eaf9a43f6b99b6105061),platform=Mac OS X 10.15.4 x86_64) (WARNING: The server did not provide any stacktrace information)&#34;,&#34;Command duration or timeout: 22 milliseconds&#34;,&#34;Build info: version: &#39;3.4.0&#39;, revision: &#39;unknown&#39;, time: &#39;unknown&#39;&#34;,&#34;System info: host: &#39;MacBook-Pro-de-Paul.local&#39;, ip: &#39;fe80:0:0:0:1854:68a:9f2c:78b9%en0&#39;, os.name: &#39;Mac OS X&#39;, os.arch: &#39;x86_64&#39;, os.version: &#39;10.15.4&#39;, java.version: &#39;13.0.1&#39;&#34;,&#34;Driver info: org.openqa.selenium.chrome.ChromeDriver&#34;,&#34;Capabilities [{applicationCacheEnabled=false, rotatable=false, mobileEmulationEnabled=false, networkConnectionEnabled=false, chrome={chromedriverVersion=2.32.498537 (cb2f855cbc7b82e20387eaf9a43f6b99b6105061), userDataDir=/var/folders/mg/5v6c75rx19s2l9klbl5h3sl80000gn/T/.org.chromium.Chromium.bpgFJs}, takesHeapSnapshot=true, pageLoadStrategy=normal, databaseEnabled=false, handlesAlerts=true, hasTouchScreen=false, version=86.0.4240.183, platform=MAC, browserConnectionEnabled=false, nativeEvents=true, acceptSslCerts=true, locationContextEnabled=true, webStorageEnabled=true, browserName=chrome, takesScreenshot=true, javascriptEnabled=true, cssSelectorsEnabled=true, setWindowRect=true, unexpectedAlertBehaviour=}]&#34;,&#34;Session ID: d1ae4d5d2752a841d941404ddbfb7607&#34;]},&#34;errorStatus&#34;:13,&#34;error&#34;:&#34;An unknown server-side error occurred while processing the command. – unknown error: call function result missing &#39;value...&#34;,&#34;httpStatusCode&#34;:500}
       at runMicrotasks (&lt;anonymous&gt;)
       at processTicksAndRejections (internal/process/task_queues.js:93:5)
  TimeoutError: An error occurred while running .submitForm() command on &lt;#add-to-cart-form&gt;:   (Session info: chrome=86.0.4240.183),  (Driver info: chromedriver=2.32.498537 (cb2f855cbc7b82e20387eaf9a43f6b99b6105061),platform=Mac OS X 10.15.4 x86_64) (WARNING: The server did not provide any stacktrace information),Command duration or timeout: 11 milliseconds,Build info: version: &#39;3.4.0&#39;, revision: &#39;unknown&#39;, time: &#39;unknown&#39;,System info: host: &#39;MacBook-Pro-de-Paul.local&#39;, ip: &#39;fe80:0:0:0:1854:68a:9f2c:78b9%en0&#39;, os.name: &#39;Mac OS X&#39;, os.arch: &#39;x86_64&#39;, os.version: &#39;10.15.4&#39;, java.version: &#39;13.0.1&#39;,Driver info: org.openqa.selenium.chrome.ChromeDriver,Capabilities [{applicationCacheEnabled=false, rotatable=false, mobileEmulationEnabled=false, networkConnectionEnabled=false, chrome={chromedriverVersion=2.32.498537 (cb2f855cbc7b82e20387eaf9a43f6b99b6105061), userDataDir=/var/folders/mg/5v6c75rx19s2l9klbl5h3sl80000gn/T/.org.chromium.Chromium.bpgFJs}, takesHeapSnapshot=true, pageLoadStrategy=normal, databaseEnabled=false, handlesAlerts=true, hasTouchScreen=false, version=86.0.4240.183, platform=MAC, browserConnectionEnabled=false, nativeEvents=true, acceptSslCerts=true, locationContextEnabled=true, webStorageEnabled=true, browserName=chrome, takesScreenshot=true, javascriptEnabled=true, cssSelectorsEnabled=true, setWindowRect=true, unexpectedAlertBehaviour=}],Session ID: d1ae4d5d2752a841d941404ddbfb7607; unknown error: call function result missing &#39;value&#39;
   {&#34;status&#34;:-1,&#34;state&#34;:&#34;unknown error&#34;,&#34;code&#34;:&#34;&#34;,&#34;value&#34;:{&#34;systemInformation&#34;:&#34;System info: host: &#39;MacBook-Pro-de-Paul.local&#39;, ip: &#39;fe80:0:0:0:1854:68a:9f2c:78b9%en0&#39;, os.name: &#39;Mac OS X&#39;, os.arch: &#39;x86_64&#39;, os.version: &#39;10.15.4&#39;, java.version: &#39;13.0.1&#39;&#34;,&#34;message&#34;:&#34;unknown error: call function result missing &#39;value&#39;&#34;,&#34;error&#34;:[&#34;  (Session info: chrome=86.0.4240.183)&#34;,&#34;  (Driver info: chromedriver=2.32.498537 (cb2f855cbc7b82e20387eaf9a43f6b99b6105061),platform=Mac OS X 10.15.4 x86_64) (WARNING: The server did not provide any stacktrace information)&#34;,&#34;Command duration or timeout: 11 milliseconds&#34;,&#34;Build info: version: &#39;3.4.0&#39;, revision: &#39;unknown&#39;, time: &#39;unknown&#39;&#34;,&#34;System info: host: &#39;MacBook-Pro-de-Paul.local&#39;, ip: &#39;fe80:0:0:0:1854:68a:9f2c:78b9%en0&#39;, os.name: &#39;Mac OS X&#39;, os.arch: &#39;x86_64&#39;, os.version: &#39;10.15.4&#39;, java.version: &#39;13.0.1&#39;&#34;,&#34;Driver info: org.openqa.selenium.chrome.ChromeDriver&#34;,&#34;Capabilities [{applicationCacheEnabled=false, rotatable=false, mobileEmulationEnabled=false, networkConnectionEnabled=false, chrome={chromedriverVersion=2.32.498537 (cb2f855cbc7b82e20387eaf9a43f6b99b6105061), userDataDir=/var/folders/mg/5v6c75rx19s2l9klbl5h3sl80000gn/T/.org.chromium.Chromium.bpgFJs}, takesHeapSnapshot=true, pageLoadStrategy=normal, databaseEnabled=false, handlesAlerts=true, hasTouchScreen=false, version=86.0.4240.183, platform=MAC, browserConnectionEnabled=false, nativeEvents=true, acceptSslCerts=true, locationContextEnabled=true, webStorageEnabled=true, browserName=chrome, takesScreenshot=true, javascriptEnabled=true, cssSelectorsEnabled=true, setWindowRect=true, unexpectedAlertBehaviour=}]&#34;,&#34;Session ID: d1ae4d5d2752a841d941404ddbfb7607&#34;]},&#34;errorStatus&#34;:13,&#34;error&#34;:&#34;An unknown server-side error occurred while processing the command. – unknown error: call function result missing &#39;value...&#34;,&#34;httpStatusCode&#34;:500}
       at runMicrotasks (&lt;anonymous&gt;)
       at processTicksAndRejections (internal/process/task_queues.js:93:5)
  TimeoutError: An error occurred while running .clearValue() command on &lt;#add-to-cart-form input&gt;:   (Session info: chrome=86.0.4240.183),  (Driver info: chromedriver=2.32.498537 (cb2f855cbc7b82e20387eaf9a43f6b99b6105061),platform=Mac OS X 10.15.4 x86_64) (WARNING: The server did not provide any stacktrace information),Command duration or timeout: 12 milliseconds,Build info: version: &#39;3.4.0&#39;, revision: &#39;unknown&#39;, time: &#39;unknown&#39;,System info: host: &#39;MacBook-Pro-de-Paul.local&#39;, ip: &#39;fe80:0:0:0:1854:68a:9f2c:78b9%en0&#39;, os.name: &#39;Mac OS X&#39;, os.arch: &#39;x86_64&#39;, os.version: &#39;10.15.4&#39;, java.version: &#39;13.0.1&#39;,Driver info: org.openqa.selenium.chrome.ChromeDriver,Capabilities [{applicationCacheEnabled=false, rotatable=false, mobileEmulationEnabled=false, networkConnectionEnabled=false, chrome={chromedriverVersion=2.32.498537 (cb2f855cbc7b82e20387eaf9a43f6b99b6105061), userDataDir=/var/folders/mg/5v6c75rx19s2l9klbl5h3sl80000gn/T/.org.chromium.Chromium.bpgFJs}, takesHeapSnapshot=true, pageLoadStrategy=normal, databaseEnabled=false, handlesAlerts=true, hasTouchScreen=false, version=86.0.4240.183, platform=MAC, browserConnectionEnabled=false, nativeEvents=true, acceptSslCerts=true, locationContextEnabled=true, webStorageEnabled=true, browserName=chrome, takesScreenshot=true, javascriptEnabled=true, cssSelectorsEnabled=true, setWindowRect=true, unexpectedAlertBehaviour=}],Session ID: d1ae4d5d2752a841d941404ddbfb7607; unknown error: call function result missing &#39;value&#39;
   {&#34;status&#34;:-1,&#34;state&#34;:&#34;unknown error&#34;,&#34;code&#34;:&#34;&#34;,&#34;value&#34;:{&#34;systemInformation&#34;:&#34;System info: host: &#39;MacBook-Pro-de-Paul.local&#39;, ip: &#39;fe80:0:0:0:1854:68a:9f2c:78b9%en0&#39;, os.name: &#39;Mac OS X&#39;, os.arch: &#39;x86_64&#39;, os.version: &#39;10.15.4&#39;, java.version: &#39;13.0.1&#39;&#34;,&#34;message&#34;:&#34;unknown error: call function result missing &#39;value&#39;&#34;,&#34;error&#34;:[&#34;  (Session info: chrome=86.0.4240.183)&#34;,&#34;  (Driver info: chromedriver=2.32.498537 (cb2f855cbc7b82e20387eaf9a43f6b99b6105061),platform=Mac OS X 10.15.4 x86_64) (WARNING: The server did not provide any stacktrace information)&#34;,&#34;Command duration or timeout: 12 milliseconds&#34;,&#34;Build info: version: &#39;3.4.0&#39;, revision: &#39;unknown&#39;, time: &#39;unknown&#39;&#34;,&#34;System info: host: &#39;MacBook-Pro-de-Paul.local&#39;, ip: &#39;fe80:0:0:0:1854:68a:9f2c:78b9%en0&#39;, os.name: &#39;Mac OS X&#39;, os.arch: &#39;x86_64&#39;, os.version: &#39;10.15.4&#39;, java.version: &#39;13.0.1&#39;&#34;,&#34;Driver info: org.openqa.selenium.chrome.ChromeDriver&#34;,&#34;Capabilities [{applicationCacheEnabled=false, rotatable=false, mobileEmulationEnabled=false, networkConnectionEnabled=false, chrome={chromedriverVersion=2.32.498537 (cb2f855cbc7b82e20387eaf9a43f6b99b6105061), userDataDir=/var/folders/mg/5v6c75rx19s2l9klbl5h3sl80000gn/T/.org.chromium.Chromium.bpgFJs}, takesHeapSnapshot=true, pageLoadStrategy=normal, databaseEnabled=false, handlesAlerts=true, hasTouchScreen=false, version=86.0.4240.183, platform=MAC, browserConnectionEnabled=false, nativeEvents=true, acceptSslCerts=true, locationContextEnabled=true, webStorageEnabled=true, browserName=chrome, takesScreenshot=true, javascriptEnabled=true, cssSelectorsEnabled=true, setWindowRect=true, unexpectedAlertBehaviour=}]&#34;,&#34;Session ID: d1ae4d5d2752a841d941404ddbfb7607&#34;]},&#34;errorStatus&#34;:13,&#34;error&#34;:&#34;An unknown server-side error occurred while processing the command. – unknown error: call function result missing &#39;value...&#34;,&#34;httpStatusCode&#34;:500}
       at runMicrotasks (&lt;anonymous&gt;)
       at processTicksAndRejections (internal/process/task_queues.js:93:5)
  TimeoutError: An error occurred while running .setValue() command on &lt;#add-to-cart-form input&gt;:   (Session info: chrome=86.0.4240.183),  (Driver info: chromedriver=2.32.498537 (cb2f855cbc7b82e20387eaf9a43f6b99b6105061),platform=Mac OS X 10.15.4 x86_64) (WARNING: The server did not provide any stacktrace information),Command duration or timeout: 19 milliseconds,Build info: version: &#39;3.4.0&#39;, revision: &#39;unknown&#39;, time: &#39;unknown&#39;,System info: host: &#39;MacBook-Pro-de-Paul.local&#39;, ip: &#39;fe80:0:0:0:1854:68a:9f2c:78b9%en0&#39;, os.name: &#39;Mac OS X&#39;, os.arch: &#39;x86_64&#39;, os.version: &#39;10.15.4&#39;, java.version: &#39;13.0.1&#39;,Driver info: org.openqa.selenium.chrome.ChromeDriver,Capabilities [{applicationCacheEnabled=false, rotatable=false, mobileEmulationEnabled=false, networkConnectionEnabled=false, chrome={chromedriverVersion=2.32.498537 (cb2f855cbc7b82e20387eaf9a43f6b99b6105061), userDataDir=/var/folders/mg/5v6c75rx19s2l9klbl5h3sl80000gn/T/.org.chromium.Chromium.bpgFJs}, takesHeapSnapshot=true, pageLoadStrategy=normal, databaseEnabled=false, handlesAlerts=true, hasTouchScreen=false, version=86.0.4240.183, platform=MAC, browserConnectionEnabled=false, nativeEvents=true, acceptSslCerts=true, locationContextEnabled=true, webStorageEnabled=true, browserName=chrome, takesScreenshot=true, javascriptEnabled=true, cssSelectorsEnabled=true, setWindowRect=true, unexpectedAlertBehaviour=}],Session ID: d1ae4d5d2752a841d941404ddbfb7607; unknown error: call function result missing &#39;value&#39;
   {&#34;status&#34;:-1,&#34;state&#34;:&#34;unknown error&#34;,&#34;code&#34;:&#34;&#34;,&#34;value&#34;:{&#34;systemInformation&#34;:&#34;System info: host: &#39;MacBook-Pro-de-Paul.local&#39;, ip: &#39;fe80:0:0:0:1854:68a:9f2c:78b9%en0&#39;, os.name: &#39;Mac OS X&#39;, os.arch: &#39;x86_64&#39;, os.version: &#39;10.15.4&#39;, java.version: &#39;13.0.1&#39;&#34;,&#34;message&#34;:&#34;unknown error: call function result missing &#39;value&#39;&#34;,&#34;error&#34;:[&#34;  (Session info: chrome=86.0.4240.183)&#34;,&#34;  (Driver info: chromedriver=2.32.498537 (cb2f855cbc7b82e20387eaf9a43f6b99b6105061),platform=Mac OS X 10.15.4 x86_64) (WARNING: The server did not provide any stacktrace information)&#34;,&#34;Command duration or timeout: 19 milliseconds&#34;,&#34;Build info: version: &#39;3.4.0&#39;, revision: &#39;unknown&#39;, time: &#39;unknown&#39;&#34;,&#34;System info: host: &#39;MacBook-Pro-de-Paul.local&#39;, ip: &#39;fe80:0:0:0:1854:68a:9f2c:78b9%en0&#39;, os.name: &#39;Mac OS X&#39;, os.arch: &#39;x86_64&#39;, os.version: &#39;10.15.4&#39;, java.version: &#39;13.0.1&#39;&#34;,&#34;Driver info: org.openqa.selenium.chrome.ChromeDriver&#34;,&#34;Capabilities [{applicationCacheEnabled=false, rotatable=false, mobileEmulationEnabled=false, networkConnectionEnabled=false, chrome={chromedriverVersion=2.32.498537 (cb2f855cbc7b82e20387eaf9a43f6b99b6105061), userDataDir=/var/folders/mg/5v6c75rx19s2l9klbl5h3sl80000gn/T/.org.chromium.Chromium.bpgFJs}, takesHeapSnapshot=true, pageLoadStrategy=normal, databaseEnabled=false, handlesAlerts=true, hasTouchScreen=false, version=86.0.4240.183, platform=MAC, browserConnectionEnabled=false, nativeEvents=true, acceptSslCerts=true, locationContextEnabled=true, webStorageEnabled=true, browserName=chrome, takesScreenshot=true, javascriptEnabled=true, cssSelectorsEnabled=true, setWindowRect=true, unexpectedAlertBehaviour=}]&#34;,&#34;Session ID: d1ae4d5d2752a841d941404ddbfb7607&#34;]},&#34;errorStatus&#34;:13,&#34;error&#34;:&#34;An unknown server-side error occurred while processing the command. – unknown error: call function result missing &#39;value...&#34;,&#34;httpStatusCode&#34;:500}
       at runMicrotasks (&lt;anonymous&gt;)
       at processTicksAndRejections (internal/process/task_queues.js:93:5)
  TimeoutError: An error occurred while running .submitForm() command on &lt;#add-to-cart-form&gt;:   (Session info: chrome=86.0.4240.183),  (Driver info: chromedriver=2.32.498537 (cb2f855cbc7b82e20387eaf9a43f6b99b6105061),platform=Mac OS X 10.15.4 x86_64) (WARNING: The server did not provide any stacktrace information),Command duration or timeout: 11 milliseconds,Build info: version: &#39;3.4.0&#39;, revision: &#39;unknown&#39;, time: &#39;unknown&#39;,System info: host: &#39;MacBook-Pro-de-Paul.local&#39;, ip: &#39;fe80:0:0:0:1854:68a:9f2c:78b9%en0&#39;, os.name: &#39;Mac OS X&#39;, os.arch: &#39;x86_64&#39;, os.version: &#39;10.15.4&#39;, java.version: &#39;13.0.1&#39;,Driver info: org.openqa.selenium.chrome.ChromeDriver,Capabilities [{applicationCacheEnabled=false, rotatable=false, mobileEmulationEnabled=false, networkConnectionEnabled=false, chrome={chromedriverVersion=2.32.498537 (cb2f855cbc7b82e20387eaf9a43f6b99b6105061), userDataDir=/var/folders/mg/5v6c75rx19s2l9klbl5h3sl80000gn/T/.org.chromium.Chromium.bpgFJs}, takesHeapSnapshot=true, pageLoadStrategy=normal, databaseEnabled=false, handlesAlerts=true, hasTouchScreen=false, version=86.0.4240.183, platform=MAC, browserConnectionEnabled=false, nativeEvents=true, acceptSslCerts=true, locationContextEnabled=true, webStorageEnabled=true, browserName=chrome, takesScreenshot=true, javascriptEnabled=true, cssSelectorsEnabled=true, setWindowRect=true, unexpectedAlertBehaviour=}],Session ID: d1ae4d5d2752a841d941404ddbfb7607; unknown error: call function result missing &#39;value&#39;
   {&#34;status&#34;:-1,&#34;state&#34;:&#34;unknown error&#34;,&#34;code&#34;:&#34;&#34;,&#34;value&#34;:{&#34;systemInformation&#34;:&#34;System info: host: &#39;MacBook-Pro-de-Paul.local&#39;, ip: &#39;fe80:0:0:0:1854:68a:9f2c:78b9%en0&#39;, os.name: &#39;Mac OS X&#39;, os.arch: &#39;x86_64&#39;, os.version: &#39;10.15.4&#39;, java.version: &#39;13.0.1&#39;&#34;,&#34;message&#34;:&#34;unknown error: call function result missing &#39;value&#39;&#34;,&#34;error&#34;:[&#34;  (Session info: chrome=86.0.4240.183)&#34;,&#34;  (Driver info: chromedriver=2.32.498537 (cb2f855cbc7b82e20387eaf9a43f6b99b6105061),platform=Mac OS X 10.15.4 x86_64) (WARNING: The server did not provide any stacktrace information)&#34;,&#34;Command duration or timeout: 11 milliseconds&#34;,&#34;Build info: version: &#39;3.4.0&#39;, revision: &#39;unknown&#39;, time: &#39;unknown&#39;&#34;,&#34;System info: host: &#39;MacBook-Pro-de-Paul.local&#39;, ip: &#39;fe80:0:0:0:1854:68a:9f2c:78b9%en0&#39;, os.name: &#39;Mac OS X&#39;, os.arch: &#39;x86_64&#39;, os.version: &#39;10.15.4&#39;, java.version: &#39;13.0.1&#39;&#34;,&#34;Driver info: org.openqa.selenium.chrome.ChromeDriver&#34;,&#34;Capabilities [{applicationCacheEnabled=false, rotatable=false, mobileEmulationEnabled=false, networkConnectionEnabled=false, chrome={chromedriverVersion=2.32.498537 (cb2f855cbc7b82e20387eaf9a43f6b99b6105061), userDataDir=/var/folders/mg/5v6c75rx19s2l9klbl5h3sl80000gn/T/.org.chromium.Chromium.bpgFJs}, takesHeapSnapshot=true, pageLoadStrategy=normal, databaseEnabled=false, handlesAlerts=true, hasTouchScreen=false, version=86.0.4240.183, platform=MAC, browserConnectionEnabled=false, nativeEvents=true, acceptSslCerts=true, locationContextEnabled=true, webStorageEnabled=true, browserName=chrome, takesScreenshot=true, javascriptEnabled=true, cssSelectorsEnabled=true, setWindowRect=true, unexpectedAlertBehaviour=}]&#34;,&#34;Session ID: d1ae4d5d2752a841d941404ddbfb7607&#34;]},&#34;errorStatus&#34;:13,&#34;error&#34;:&#34;An unknown server-side error occurred while processing the command. – unknown error: call function result missing &#39;value...&#34;,&#34;httpStatusCode&#34;:500}
       at runMicrotasks (&lt;anonymous&gt;)
       at processTicksAndRejections (internal/process/task_queues.js:93:5)
  TimeoutError: An error occurred while running .clearValue() command on &lt;#add-to-cart-form input&gt;:   (Session info: chrome=86.0.4240.183),  (Driver info: chromedriver=2.32.498537 (cb2f855cbc7b82e20387eaf9a43f6b99b6105061),platform=Mac OS X 10.15.4 x86_64) (WARNING: The server did not provide any stacktrace information),Command duration or timeout: 12 milliseconds,Build info: version: &#39;3.4.0&#39;, revision: &#39;unknown&#39;, time: &#39;unknown&#39;,System info: host: &#39;MacBook-Pro-de-Paul.local&#39;, ip: &#39;fe80:0:0:0:1854:68a:9f2c:78b9%en0&#39;, os.name: &#39;Mac OS X&#39;, os.arch: &#39;x86_64&#39;, os.version: &#39;10.15.4&#39;, java.version: &#39;13.0.1&#39;,Driver info: org.openqa.selenium.chrome.ChromeDriver,Capabilities [{applicationCacheEnabled=false, rotatable=false, mobileEmulationEnabled=false, networkConnectionEnabled=false, chrome={chromedriverVersion=2.32.498537 (cb2f855cbc7b82e20387eaf9a43f6b99b6105061), userDataDir=/var/folders/mg/5v6c75rx19s2l9klbl5h3sl80000gn/T/.org.chromium.Chromium.bpgFJs}, takesHeapSnapshot=true, pageLoadStrategy=normal, databaseEnabled=false, handlesAlerts=true, hasTouchScreen=false, version=86.0.4240.183, platform=MAC, browserConnectionEnabled=false, nativeEvents=true, acceptSslCerts=true, locationContextEnabled=true, webStorageEnabled=true, browserName=chrome, takesScreenshot=true, javascriptEnabled=true, cssSelectorsEnabled=true, setWindowRect=true, unexpectedAlertBehaviour=}],Session ID: d1ae4d5d2752a841d941404ddbfb7607; unknown error: call function result missing &#39;value&#39;
   {&#34;status&#34;:-1,&#34;state&#34;:&#34;unknown error&#34;,&#34;code&#34;:&#34;&#34;,&#34;value&#34;:{&#34;systemInformation&#34;:&#34;System info: host: &#39;MacBook-Pro-de-Paul.local&#39;, ip: &#39;fe80:0:0:0:1854:68a:9f2c:78b9%en0&#39;, os.name: &#39;Mac OS X&#39;, os.arch: &#39;x86_64&#39;, os.version: &#39;10.15.4&#39;, java.version: &#39;13.0.1&#39;&#34;,&#34;message&#34;:&#34;unknown error: call function result missing &#39;value&#39;&#34;,&#34;error&#34;:[&#34;  (Session info: chrome=86.0.4240.183)&#34;,&#34;  (Driver info: chromedriver=2.32.498537 (cb2f855cbc7b82e20387eaf9a43f6b99b6105061),platform=Mac OS X 10.15.4 x86_64) (WARNING: The server did not provide any stacktrace information)&#34;,&#34;Command duration or timeout: 12 milliseconds&#34;,&#34;Build info: version: &#39;3.4.0&#39;, revision: &#39;unknown&#39;, time: &#39;unknown&#39;&#34;,&#34;System info: host: &#39;MacBook-Pro-de-Paul.local&#39;, ip: &#39;fe80:0:0:0:1854:68a:9f2c:78b9%en0&#39;, os.name: &#39;Mac OS X&#39;, os.arch: &#39;x86_64&#39;, os.version: &#39;10.15.4&#39;, java.version: &#39;13.0.1&#39;&#34;,&#34;Driver info: org.openqa.selenium.chrome.ChromeDriver&#34;,&#34;Capabilities [{applicationCacheEnabled=false, rotatable=false, mobileEmulationEnabled=false, networkConnectionEnabled=false, chrome={chromedriverVersion=2.32.498537 (cb2f855cbc7b82e20387eaf9a43f6b99b6105061), userDataDir=/var/folders/mg/5v6c75rx19s2l9klbl5h3sl80000gn/T/.org.chromium.Chromium.bpgFJs}, takesHeapSnapshot=true, pageLoadStrategy=normal, databaseEnabled=false, handlesAlerts=true, hasTouchScreen=false, version=86.0.4240.183, platform=MAC, browserConnectionEnabled=false, nativeEvents=true, acceptSslCerts=true, locationContextEnabled=true, webStorageEnabled=true, browserName=chrome, takesScreenshot=true, javascriptEnabled=true, cssSelectorsEnabled=true, setWindowRect=true, unexpectedAlertBehaviour=}]&#34;,&#34;Session ID: d1ae4d5d2752a841d941404ddbfb7607&#34;]},&#34;errorStatus&#34;:13,&#34;error&#34;:&#34;An unknown server-side error occurred while processing the command. – unknown error: call function result missing &#39;value...&#34;,&#34;httpStatusCode&#34;:500}
       at runMicrotasks (&lt;anonymous&gt;)
       at processTicksAndRejections (internal/process/task_queues.js:93:5)
  TimeoutError: An error occurred while running .setValue() command on &lt;#add-to-cart-form input&gt;:   (Session info: chrome=86.0.4240.183),  (Driver info: chromedriver=2.32.498537 (cb2f855cbc7b82e20387eaf9a43f6b99b6105061),platform=Mac OS X 10.15.4 x86_64) (WARNING: The server did not provide any stacktrace information),Command duration or timeout: 27 milliseconds,Build info: version: &#39;3.4.0&#39;, revision: &#39;unknown&#39;, time: &#39;unknown&#39;,System info: host: &#39;MacBook-Pro-de-Paul.local&#39;, ip: &#39;fe80:0:0:0:1854:68a:9f2c:78b9%en0&#39;, os.name: &#39;Mac OS X&#39;, os.arch: &#39;x86_64&#39;, os.version: &#39;10.15.4&#39;, java.version: &#39;13.0.1&#39;,Driver info: org.openqa.selenium.chrome.ChromeDriver,Capabilities [{applicationCacheEnabled=false, rotatable=false, mobileEmulationEnabled=false, networkConnectionEnabled=false, chrome={chromedriverVersion=2.32.498537 (cb2f855cbc7b82e20387eaf9a43f6b99b6105061), userDataDir=/var/folders/mg/5v6c75rx19s2l9klbl5h3sl80000gn/T/.org.chromium.Chromium.bpgFJs}, takesHeapSnapshot=true, pageLoadStrategy=normal, databaseEnabled=false, handlesAlerts=true, hasTouchScreen=false, version=86.0.4240.183, platform=MAC, browserConnectionEnabled=false, nativeEvents=true, acceptSslCerts=true, locationContextEnabled=true, webStorageEnabled=true, browserName=chrome, takesScreenshot=true, javascriptEnabled=true, cssSelectorsEnabled=true, setWindowRect=true, unexpectedAlertBehaviour=}],Session ID: d1ae4d5d2752a841d941404ddbfb7607; unknown error: call function result missing &#39;value&#39;
   {&#34;status&#34;:-1,&#34;state&#34;:&#34;unknown error&#34;,&#34;code&#34;:&#34;&#34;,&#34;value&#34;:{&#34;systemInformation&#34;:&#34;System info: host: &#39;MacBook-Pro-de-Paul.local&#39;, ip: &#39;fe80:0:0:0:1854:68a:9f2c:78b9%en0&#39;, os.name: &#39;Mac OS X&#39;, os.arch: &#39;x86_64&#39;, os.version: &#39;10.15.4&#39;, java.version: &#39;13.0.1&#39;&#34;,&#34;message&#34;:&#34;unknown error: call function result missing &#39;value&#39;&#34;,&#34;error&#34;:[&#34;  (Session info: chrome=86.0.4240.183)&#34;,&#34;  (Driver info: chromedriver=2.32.498537 (cb2f855cbc7b82e20387eaf9a43f6b99b6105061),platform=Mac OS X 10.15.4 x86_64) (WARNING: The server did not provide any stacktrace information)&#34;,&#34;Command duration or timeout: 27 milliseconds&#34;,&#34;Build info: version: &#39;3.4.0&#39;, revision: &#39;unknown&#39;, time: &#39;unknown&#39;&#34;,&#34;System info: host: &#39;MacBook-Pro-de-Paul.local&#39;, ip: &#39;fe80:0:0:0:1854:68a:9f2c:78b9%en0&#39;, os.name: &#39;Mac OS X&#39;, os.arch: &#39;x86_64&#39;, os.version: &#39;10.15.4&#39;, java.version: &#39;13.0.1&#39;&#34;,&#34;Driver info: org.openqa.selenium.chrome.ChromeDriver&#34;,&#34;Capabilities [{applicationCacheEnabled=false, rotatable=false, mobileEmulationEnabled=false, networkConnectionEnabled=false, chrome={chromedriverVersion=2.32.498537 (cb2f855cbc7b82e20387eaf9a43f6b99b6105061), userDataDir=/var/folders/mg/5v6c75rx19s2l9klbl5h3sl80000gn/T/.org.chromium.Chromium.bpgFJs}, takesHeapSnapshot=true, pageLoadStrategy=normal, databaseEnabled=false, handlesAlerts=true, hasTouchScreen=false, version=86.0.4240.183, platform=MAC, browserConnectionEnabled=false, nativeEvents=true, acceptSslCerts=true, locationContextEnabled=true, webStorageEnabled=true, browserName=chrome, takesScreenshot=true, javascriptEnabled=true, cssSelectorsEnabled=true, setWindowRect=true, unexpectedAlertBehaviour=}]&#34;,&#34;Session ID: d1ae4d5d2752a841d941404ddbfb7607&#34;]},&#34;errorStatus&#34;:13,&#34;error&#34;:&#34;An unknown server-side error occurred while processing the command. – unknown error: call function result missing &#39;value...&#34;,&#34;httpStatusCode&#34;:500}
       at runMicrotasks (&lt;anonymous&gt;)
       at processTicksAndRejections (internal/process/task_queues.js:93:5)
  TimeoutError: An error occurred while running .submitForm() command on &lt;#add-to-cart-form&gt;:   (Session info: chrome=86.0.4240.183),  (Driver info: chromedriver=2.32.498537 (cb2f855cbc7b82e20387eaf9a43f6b99b6105061),platform=Mac OS X 10.15.4 x86_64) (WARNING: The server did not provide any stacktrace information),Command duration or timeout: 9 milliseconds,Build info: version: &#39;3.4.0&#39;, revision: &#39;unknown&#39;, time: &#39;unknown&#39;,System info: host: &#39;MacBook-Pro-de-Paul.local&#39;, ip: &#39;fe80:0:0:0:1854:68a:9f2c:78b9%en0&#39;, os.name: &#39;Mac OS X&#39;, os.arch: &#39;x86_64&#39;, os.version: &#39;10.15.4&#39;, java.version: &#39;13.0.1&#39;,Driver info: org.openqa.selenium.chrome.ChromeDriver,Capabilities [{applicationCacheEnabled=false, rotatable=false, mobileEmulationEnabled=false, networkConnectionEnabled=false, chrome={chromedriverVersion=2.32.498537 (cb2f855cbc7b82e20387eaf9a43f6b99b6105061), userDataDir=/var/folders/mg/5v6c75rx19s2l9klbl5h3sl80000gn/T/.org.chromium.Chromium.bpgFJs}, takesHeapSnapshot=true, pageLoadStrategy=normal, databaseEnabled=false, handlesAlerts=true, hasTouchScreen=false, version=86.0.4240.183, platform=MAC, browserConnectionEnabled=false, nativeEvents=true, acceptSslCerts=true, locationContextEnabled=true, webStorageEnabled=true, browserName=chrome, takesScreenshot=true, javascriptEnabled=true, cssSelectorsEnabled=true, setWindowRect=true, unexpectedAlertBehaviour=}],Session ID: d1ae4d5d2752a841d941404ddbfb7607; unknown error: call function result missing &#39;value&#39;
   {&#34;status&#34;:-1,&#34;state&#34;:&#34;unknown error&#34;,&#34;code&#34;:&#34;&#34;,&#34;value&#34;:{&#34;systemInformation&#34;:&#34;System info: host: &#39;MacBook-Pro-de-Paul.local&#39;, ip: &#39;fe80:0:0:0:1854:68a:9f2c:78b9%en0&#39;, os.name: &#39;Mac OS X&#39;, os.arch: &#39;x86_64&#39;, os.version: &#39;10.15.4&#39;, java.version: &#39;13.0.1&#39;&#34;,&#34;message&#34;:&#34;unknown error: call function result missing &#39;value&#39;&#34;,&#34;error&#34;:[&#34;  (Session info: chrome=86.0.4240.183)&#34;,&#34;  (Driver info: chromedriver=2.32.498537 (cb2f855cbc7b82e20387eaf9a43f6b99b6105061),platform=Mac OS X 10.15.4 x86_64) (WARNING: The server did not provide any stacktrace information)&#34;,&#34;Command duration or timeout: 9 milliseconds&#34;,&#34;Build info: version: &#39;3.4.0&#39;, revision: &#39;unknown&#39;, time: &#39;unknown&#39;&#34;,&#34;System info: host: &#39;MacBook-Pro-de-Paul.local&#39;, ip: &#39;fe80:0:0:0:1854:68a:9f2c:78b9%en0&#39;, os.name: &#39;Mac OS X&#39;, os.arch: &#39;x86_64&#39;, os.version: &#39;10.15.4&#39;, java.version: &#39;13.0.1&#39;&#34;,&#34;Driver info: org.openqa.selenium.chrome.ChromeDriver&#34;,&#34;Capabilities [{applicationCacheEnabled=false, rotatable=false, mobileEmulationEnabled=false, networkConnectionEnabled=false, chrome={chromedriverVersion=2.32.498537 (cb2f855cbc7b82e20387eaf9a43f6b99b6105061), userDataDir=/var/folders/mg/5v6c75rx19s2l9klbl5h3sl80000gn/T/.org.chromium.Chromium.bpgFJs}, takesHeapSnapshot=true, pageLoadStrategy=normal, databaseEnabled=false, handlesAlerts=true, hasTouchScreen=false, version=86.0.4240.183, platform=MAC, browserConnectionEnabled=false, nativeEvents=true, acceptSslCerts=true, locationContextEnabled=true, webStorageEnabled=true, browserName=chrome, takesScreenshot=true, javascriptEnabled=true, cssSelectorsEnabled=true, setWindowRect=true, unexpectedAlertBehaviour=}]&#34;,&#34;Session ID: d1ae4d5d2752a841d941404ddbfb7607&#34;]},&#34;errorStatus&#34;:13,&#34;error&#34;:&#34;An unknown server-side error occurred while processing the command. – unknown error: call function result missing &#39;value...&#34;,&#34;httpStatusCode&#34;:500}
       at runMicrotasks (&lt;anonymous&gt;)
       at processTicksAndRejections (internal/process/task_queues.js:93:5)
  TimeoutError: An error occurred while running .clearValue() command on &lt;#add-to-cart-form input&gt;:   (Session info: chrome=86.0.4240.183),  (Driver info: chromedriver=2.32.498537 (cb2f855cbc7b82e20387eaf9a43f6b99b6105061),platform=Mac OS X 10.15.4 x86_64) (WARNING: The server did not provide any stacktrace information),Command duration or timeout: 12 milliseconds,Build info: version: &#39;3.4.0&#39;, revision: &#39;unknown&#39;, time: &#39;unknown&#39;,System info: host: &#39;MacBook-Pro-de-Paul.local&#39;, ip: &#39;fe80:0:0:0:1854:68a:9f2c:78b9%en0&#39;, os.name: &#39;Mac OS X&#39;, os.arch: &#39;x86_64&#39;, os.version: &#39;10.15.4&#39;, java.version: &#39;13.0.1&#39;,Driver info: org.openqa.selenium.chrome.ChromeDriver,Capabilities [{applicationCacheEnabled=false, rotatable=false, mobileEmulationEnabled=false, networkConnectionEnabled=false, chrome={chromedriverVersion=2.32.498537 (cb2f855cbc7b82e20387eaf9a43f6b99b6105061), userDataDir=/var/folders/mg/5v6c75rx19s2l9klbl5h3sl80000gn/T/.org.chromium.Chromium.bpgFJs}, takesHeapSnapshot=true, pageLoadStrategy=normal, databaseEnabled=false, handlesAlerts=true, hasTouchScreen=false, version=86.0.4240.183, platform=MAC, browserConnectionEnabled=false, nativeEvents=true, acceptSslCerts=true, locationContextEnabled=true, webStorageEnabled=true, browserName=chrome, takesScreenshot=true, javascriptEnabled=true, cssSelectorsEnabled=true, setWindowRect=true, unexpectedAlertBehaviour=}],Session ID: d1ae4d5d2752a841d941404ddbfb7607; unknown error: call function result missing &#39;value&#39;
   {&#34;status&#34;:-1,&#34;state&#34;:&#34;unknown error&#34;,&#34;code&#34;:&#34;&#34;,&#34;value&#34;:{&#34;systemInformation&#34;:&#34;System info: host: &#39;MacBook-Pro-de-Paul.local&#39;, ip: &#39;fe80:0:0:0:1854:68a:9f2c:78b9%en0&#39;, os.name: &#39;Mac OS X&#39;, os.arch: &#39;x86_64&#39;, os.version: &#39;10.15.4&#39;, java.version: &#39;13.0.1&#39;&#34;,&#34;message&#34;:&#34;unknown error: call function result missing &#39;value&#39;&#34;,&#34;error&#34;:[&#34;  (Session info: chrome=86.0.4240.183)&#34;,&#34;  (Driver info: chromedriver=2.32.498537 (cb2f855cbc7b82e20387eaf9a43f6b99b6105061),platform=Mac OS X 10.15.4 x86_64) (WARNING: The server did not provide any stacktrace information)&#34;,&#34;Command duration or timeout: 12 milliseconds&#34;,&#34;Build info: version: &#39;3.4.0&#39;, revision: &#39;unknown&#39;, time: &#39;unknown&#39;&#34;,&#34;System info: host: &#39;MacBook-Pro-de-Paul.local&#39;, ip: &#39;fe80:0:0:0:1854:68a:9f2c:78b9%en0&#39;, os.name: &#39;Mac OS X&#39;, os.arch: &#39;x86_64&#39;, os.version: &#39;10.15.4&#39;, java.version: &#39;13.0.1&#39;&#34;,&#34;Driver info: org.openqa.selenium.chrome.ChromeDriver&#34;,&#34;Capabilities [{applicationCacheEnabled=false, rotatable=false, mobileEmulationEnabled=false, networkConnectionEnabled=false, chrome={chromedriverVersion=2.32.498537 (cb2f855cbc7b82e20387eaf9a43f6b99b6105061), userDataDir=/var/folders/mg/5v6c75rx19s2l9klbl5h3sl80000gn/T/.org.chromium.Chromium.bpgFJs}, takesHeapSnapshot=true, pageLoadStrategy=normal, databaseEnabled=false, handlesAlerts=true, hasTouchScreen=false, version=86.0.4240.183, platform=MAC, browserConnectionEnabled=false, nativeEvents=true, acceptSslCerts=true, locationContextEnabled=true, webStorageEnabled=true, browserName=chrome, takesScreenshot=true, javascriptEnabled=true, cssSelectorsEnabled=true, setWindowRect=true, unexpectedAlertBehaviour=}]&#34;,&#34;Session ID: d1ae4d5d2752a841d941404ddbfb7607&#34;]},&#34;errorStatus&#34;:13,&#34;error&#34;:&#34;An unknown server-side error occurred while processing the command. – unknown error: call function result missing &#39;value...&#34;,&#34;httpStatusCode&#34;:500}
       at runMicrotasks (&lt;anonymous&gt;)
       at processTicksAndRejections (internal/process/task_queues.js:93:5)
  TimeoutError: An error occurred while running .setValue() command on &lt;#add-to-cart-form input&gt;:   (Session info: chrome=86.0.4240.183),  (Driver info: chromedriver=2.32.498537 (cb2f855cbc7b82e20387eaf9a43f6b99b6105061),platform=Mac OS X 10.15.4 x86_64) (WARNING: The server did not provide any stacktrace information),Command duration or timeout: 21 milliseconds,Build info: version: &#39;3.4.0&#39;, revision: &#39;unknown&#39;, time: &#39;unknown&#39;,System info: host: &#39;MacBook-Pro-de-Paul.local&#39;, ip: &#39;fe80:0:0:0:1854:68a:9f2c:78b9%en0&#39;, os.name: &#39;Mac OS X&#39;, os.arch: &#39;x86_64&#39;, os.version: &#39;10.15.4&#39;, java.version: &#39;13.0.1&#39;,Driver info: org.openqa.selenium.chrome.ChromeDriver,Capabilities [{applicationCacheEnabled=false, rotatable=false, mobileEmulationEnabled=false, networkConnectionEnabled=false, chrome={chromedriverVersion=2.32.498537 (cb2f855cbc7b82e20387eaf9a43f6b99b6105061), userDataDir=/var/folders/mg/5v6c75rx19s2l9klbl5h3sl80000gn/T/.org.chromium.Chromium.bpgFJs}, takesHeapSnapshot=true, pageLoadStrategy=normal, databaseEnabled=false, handlesAlerts=true, hasTouchScreen=false, version=86.0.4240.183, platform=MAC, browserConnectionEnabled=false, nativeEvents=true, acceptSslCerts=true, locationContextEnabled=true, webStorageEnabled=true, browserName=chrome, takesScreenshot=true, javascriptEnabled=true, cssSelectorsEnabled=true, setWindowRect=true, unexpectedAlertBehaviour=}],Session ID: d1ae4d5d2752a841d941404ddbfb7607; unknown error: call function result missing &#39;value&#39;
   {&#34;status&#34;:-1,&#34;state&#34;:&#34;unknown error&#34;,&#34;code&#34;:&#34;&#34;,&#34;value&#34;:{&#34;systemInformation&#34;:&#34;System info: host: &#39;MacBook-Pro-de-Paul.local&#39;, ip: &#39;fe80:0:0:0:1854:68a:9f2c:78b9%en0&#39;, os.name: &#39;Mac OS X&#39;, os.arch: &#39;x86_64&#39;, os.version: &#39;10.15.4&#39;, java.version: &#39;13.0.1&#39;&#34;,&#34;message&#34;:&#34;unknown error: call function result missing &#39;value&#39;&#34;,&#34;error&#34;:[&#34;  (Session info: chrome=86.0.4240.183)&#34;,&#34;  (Driver info: chromedriver=2.32.498537 (cb2f855cbc7b82e20387eaf9a43f6b99b6105061),platform=Mac OS X 10.15.4 x86_64) (WARNING: The server did not provide any stacktrace information)&#34;,&#34;Command duration or timeout: 21 milliseconds&#34;,&#34;Build info: version: &#39;3.4.0&#39;, revision: &#39;unknown&#39;, time: &#39;unknown&#39;&#34;,&#34;System info: host: &#39;MacBook-Pro-de-Paul.local&#39;, ip: &#39;fe80:0:0:0:1854:68a:9f2c:78b9%en0&#39;, os.name: &#39;Mac OS X&#39;, os.arch: &#39;x86_64&#39;, os.version: &#39;10.15.4&#39;, java.version: &#39;13.0.1&#39;&#34;,&#34;Driver info: org.openqa.selenium.chrome.ChromeDriver&#34;,&#34;Capabilities [{applicationCacheEnabled=false, rotatable=false, mobileEmulationEnabled=false, networkConnectionEnabled=false, chrome={chromedriverVersion=2.32.498537 (cb2f855cbc7b82e20387eaf9a43f6b99b6105061), userDataDir=/var/folders/mg/5v6c75rx19s2l9klbl5h3sl80000gn/T/.org.chromium.Chromium.bpgFJs}, takesHeapSnapshot=true, pageLoadStrategy=normal, databaseEnabled=false, handlesAlerts=true, hasTouchScreen=false, version=86.0.4240.183, platform=MAC, browserConnectionEnabled=false, nativeEvents=true, acceptSslCerts=true, locationContextEnabled=true, webStorageEnabled=true, browserName=chrome, takesScreenshot=true, javascriptEnabled=true, cssSelectorsEnabled=true, setWindowRect=true, unexpectedAlertBehaviour=}]&#34;,&#34;Session ID: d1ae4d5d2752a841d941404ddbfb7607&#34;]},&#34;errorStatus&#34;:13,&#34;error&#34;:&#34;An unknown server-side error occurred while processing the command. – unknown error: call function result missing &#39;value...&#34;,&#34;httpStatusCode&#34;:500}
       at runMicrotasks (&lt;anonymous&gt;)
       at processTicksAndRejections (internal/process/task_queues.js:93:5)
  TimeoutError: An error occurred while running .submitForm() command on &lt;#add-to-cart-form&gt;:   (Session info: chrome=86.0.4240.183),  (Driver info: chromedriver=2.32.498537 (cb2f855cbc7b82e20387eaf9a43f6b99b6105061),platform=Mac OS X 10.15.4 x86_64) (WARNING: The server did not provide any stacktrace information),Command duration or timeout: 11 milliseconds,Build info: version: &#39;3.4.0&#39;, revision: &#39;unknown&#39;, time: &#39;unknown&#39;,System info: host: &#39;MacBook-Pro-de-Paul.local&#39;, ip: &#39;fe80:0:0:0:1854:68a:9f2c:78b9%en0&#39;, os.name: &#39;Mac OS X&#39;, os.arch: &#39;x86_64&#39;, os.version: &#39;10.15.4&#39;, java.version: &#39;13.0.1&#39;,Driver info: org.openqa.selenium.chrome.ChromeDriver,Capabilities [{applicationCacheEnabled=false, rotatable=false, mobileEmulationEnabled=false, networkConnectionEnabled=false, chrome={chromedriverVersion=2.32.498537 (cb2f855cbc7b82e20387eaf9a43f6b99b6105061), userDataDir=/var/folders/mg/5v6c75rx19s2l9klbl5h3sl80000gn/T/.org.chromium.Chromium.bpgFJs}, takesHeapSnapshot=true, pageLoadStrategy=normal, databaseEnabled=false, handlesAlerts=true, hasTouchScreen=false, version=86.0.4240.183, platform=MAC, browserConnectionEnabled=false, nativeEvents=true, acceptSslCerts=true, locationContextEnabled=true, webStorageEnabled=true, browserName=chrome, takesScreenshot=true, javascriptEnabled=true, cssSelectorsEnabled=true, setWindowRect=true, unexpectedAlertBehaviour=}],Session ID: d1ae4d5d2752a841d941404ddbfb7607; unknown error: call function result missing &#39;value&#39;
   {&#34;status&#34;:-1,&#34;state&#34;:&#34;unknown error&#34;,&#34;code&#34;:&#34;&#34;,&#34;value&#34;:{&#34;systemInformation&#34;:&#34;System info: host: &#39;MacBook-Pro-de-Paul.local&#39;, ip: &#39;fe80:0:0:0:1854:68a:9f2c:78b9%en0&#39;, os.name: &#39;Mac OS X&#39;, os.arch: &#39;x86_64&#39;, os.version: &#39;10.15.4&#39;, java.version: &#39;13.0.1&#39;&#34;,&#34;message&#34;:&#34;unknown error: call function result missing &#39;value&#39;&#34;,&#34;error&#34;:[&#34;  (Session info: chrome=86.0.4240.183)&#34;,&#34;  (Driver info: chromedriver=2.32.498537 (cb2f855cbc7b82e20387eaf9a43f6b99b6105061),platform=Mac OS X 10.15.4 x86_64) (WARNING: The server did not provide any stacktrace information)&#34;,&#34;Command duration or timeout: 11 milliseconds&#34;,&#34;Build info: version: &#39;3.4.0&#39;, revision: &#39;unknown&#39;, time: &#39;unknown&#39;&#34;,&#34;System info: host: &#39;MacBook-Pro-de-Paul.local&#39;, ip: &#39;fe80:0:0:0:1854:68a:9f2c:78b9%en0&#39;, os.name: &#39;Mac OS X&#39;, os.arch: &#39;x86_64&#39;, os.version: &#39;10.15.4&#39;, java.version: &#39;13.0.1&#39;&#34;,&#34;Driver info: org.openqa.selenium.chrome.ChromeDriver&#34;,&#34;Capabilities [{applicationCacheEnabled=false, rotatable=false, mobileEmulationEnabled=false, networkConnectionEnabled=false, chrome={chromedriverVersion=2.32.498537 (cb2f855cbc7b82e20387eaf9a43f6b99b6105061), userDataDir=/var/folders/mg/5v6c75rx19s2l9klbl5h3sl80000gn/T/.org.chromium.Chromium.bpgFJs}, takesHeapSnapshot=true, pageLoadStrategy=normal, databaseEnabled=false, handlesAlerts=true, hasTouchScreen=false, version=86.0.4240.183, platform=MAC, browserConnectionEnabled=false, nativeEvents=true, acceptSslCerts=true, locationContextEnabled=true, webStorageEnabled=true, browserName=chrome, takesScreenshot=true, javascriptEnabled=true, cssSelectorsEnabled=true, setWindowRect=true, unexpectedAlertBehaviour=}]&#34;,&#34;Session ID: d1ae4d5d2752a841d941404ddbfb7607&#34;]},&#34;errorStatus&#34;:13,&#34;error&#34;:&#34;An unknown server-side error occurred while processing the command. – unknown error: call function result missing &#39;value...&#34;,&#34;httpStatusCode&#34;:500}
       at runMicrotasks (&lt;anonymous&gt;)
       at processTicksAndRejections (internal/process/task_queues.js:93:5)
  TimeoutError: An error occurred while running .clearValue() command on &lt;#add-to-cart-form input&gt;:   (Session info: chrome=86.0.4240.183),  (Driver info: chromedriver=2.32.498537 (cb2f855cbc7b82e20387eaf9a43f6b99b6105061),platform=Mac OS X 10.15.4 x86_64) (WARNING: The server did not provide any stacktrace information),Command duration or timeout: 12 milliseconds,Build info: version: &#39;3.4.0&#39;, revision: &#39;unknown&#39;, time: &#39;unknown&#39;,System info: host: &#39;MacBook-Pro-de-Paul.local&#39;, ip: &#39;fe80:0:0:0:1854:68a:9f2c:78b9%en0&#39;, os.name: &#39;Mac OS X&#39;, os.arch: &#39;x86_64&#39;, os.version: &#39;10.15.4&#39;, java.version: &#39;13.0.1&#39;,Driver info: org.openqa.selenium.chrome.ChromeDriver,Capabilities [{applicationCacheEnabled=false, rotatable=false, mobileEmulationEnabled=false, networkConnectionEnabled=false, chrome={chromedriverVersion=2.32.498537 (cb2f855cbc7b82e20387eaf9a43f6b99b6105061), userDataDir=/var/folders/mg/5v6c75rx19s2l9klbl5h3sl80000gn/T/.org.chromium.Chromium.bpgFJs}, takesHeapSnapshot=true, pageLoadStrategy=normal, databaseEnabled=false, handlesAlerts=true, hasTouchScreen=false, version=86.0.4240.183, platform=MAC, browserConnectionEnabled=false, nativeEvents=true, acceptSslCerts=true, locationContextEnabled=true, webStorageEnabled=true, browserName=chrome, takesScreenshot=true, javascriptEnabled=true, cssSelectorsEnabled=true, setWindowRect=true, unexpectedAlertBehaviour=}],Session ID: d1ae4d5d2752a841d941404ddbfb7607; unknown error: call function result missing &#39;value&#39;
   {&#34;status&#34;:-1,&#34;state&#34;:&#34;unknown error&#34;,&#34;code&#34;:&#34;&#34;,&#34;value&#34;:{&#34;systemInformation&#34;:&#34;System info: host: &#39;MacBook-Pro-de-Paul.local&#39;, ip: &#39;fe80:0:0:0:1854:68a:9f2c:78b9%en0&#39;, os.name: &#39;Mac OS X&#39;, os.arch: &#39;x86_64&#39;, os.version: &#39;10.15.4&#39;, java.version: &#39;13.0.1&#39;&#34;,&#34;message&#34;:&#34;unknown error: call function result missing &#39;value&#39;&#34;,&#34;error&#34;:[&#34;  (Session info: chrome=86.0.4240.183)&#34;,&#34;  (Driver info: chromedriver=2.32.498537 (cb2f855cbc7b82e20387eaf9a43f6b99b6105061),platform=Mac OS X 10.15.4 x86_64) (WARNING: The server did not provide any stacktrace information)&#34;,&#34;Command duration or timeout: 12 milliseconds&#34;,&#34;Build info: version: &#39;3.4.0&#39;, revision: &#39;unknown&#39;, time: &#39;unknown&#39;&#34;,&#34;System info: host: &#39;MacBook-Pro-de-Paul.local&#39;, ip: &#39;fe80:0:0:0:1854:68a:9f2c:78b9%en0&#39;, os.name: &#39;Mac OS X&#39;, os.arch: &#39;x86_64&#39;, os.version: &#39;10.15.4&#39;, java.version: &#39;13.0.1&#39;&#34;,&#34;Driver info: org.openqa.selenium.chrome.ChromeDriver&#34;,&#34;Capabilities [{applicationCacheEnabled=false, rotatable=false, mobileEmulationEnabled=false, networkConnectionEnabled=false, chrome={chromedriverVersion=2.32.498537 (cb2f855cbc7b82e20387eaf9a43f6b99b6105061), userDataDir=/var/folders/mg/5v6c75rx19s2l9klbl5h3sl80000gn/T/.org.chromium.Chromium.bpgFJs}, takesHeapSnapshot=true, pageLoadStrategy=normal, databaseEnabled=false, handlesAlerts=true, hasTouchScreen=false, version=86.0.4240.183, platform=MAC, browserConnectionEnabled=false, nativeEvents=true, acceptSslCerts=true, locationContextEnabled=true, webStorageEnabled=true, browserName=chrome, takesScreenshot=true, javascriptEnabled=true, cssSelectorsEnabled=true, setWindowRect=true, unexpectedAlertBehaviour=}]&#34;,&#34;Session ID: d1ae4d5d2752a841d941404ddbfb7607&#34;]},&#34;errorStatus&#34;:13,&#34;error&#34;:&#34;An unknown server-side error occurred while processing the command. – unknown error: call function result missing &#39;value...&#34;,&#34;httpStatusCode&#34;:500}
       at runMicrotasks (&lt;anonymous&gt;)
       at processTicksAndRejections (internal/process/task_queues.js:93:5)
  TimeoutError: An error occurred while running .setValue() command on &lt;#add-to-cart-form input&gt;:   (Session info: chrome=86.0.4240.183),  (Driver info: chromedriver=2.32.498537 (cb2f855cbc7b82e20387eaf9a43f6b99b6105061),platform=Mac OS X 10.15.4 x86_64) (WARNING: The server did not provide any stacktrace information),Command duration or timeout: 19 milliseconds,Build info: version: &#39;3.4.0&#39;, revision: &#39;unknown&#39;, time: &#39;unknown&#39;,System info: host: &#39;MacBook-Pro-de-Paul.local&#39;, ip: &#39;fe80:0:0:0:1854:68a:9f2c:78b9%en0&#39;, os.name: &#39;Mac OS X&#39;, os.arch: &#39;x86_64&#39;, os.version: &#39;10.15.4&#39;, java.version: &#39;13.0.1&#39;,Driver info: org.openqa.selenium.chrome.ChromeDriver,Capabilities [{applicationCacheEnabled=false, rotatable=false, mobileEmulationEnabled=false, networkConnectionEnabled=false, chrome={chromedriverVersion=2.32.498537 (cb2f855cbc7b82e20387eaf9a43f6b99b6105061), userDataDir=/var/folders/mg/5v6c75rx19s2l9klbl5h3sl80000gn/T/.org.chromium.Chromium.bpgFJs}, takesHeapSnapshot=true, pageLoadStrategy=normal, databaseEnabled=false, handlesAlerts=true, hasTouchScreen=false, version=86.0.4240.183, platform=MAC, browserConnectionEnabled=false, nativeEvents=true, acceptSslCerts=true, locationContextEnabled=true, webStorageEnabled=true, browserName=chrome, takesScreenshot=true, javascriptEnabled=true, cssSelectorsEnabled=true, setWindowRect=true, unexpectedAlertBehaviour=}],Session ID: d1ae4d5d2752a841d941404ddbfb7607; unknown error: call function result missing &#39;value&#39;
   {&#34;status&#34;:-1,&#34;state&#34;:&#34;unknown error&#34;,&#34;code&#34;:&#34;&#34;,&#34;value&#34;:{&#34;systemInformation&#34;:&#34;System info: host: &#39;MacBook-Pro-de-Paul.local&#39;, ip: &#39;fe80:0:0:0:1854:68a:9f2c:78b9%en0&#39;, os.name: &#39;Mac OS X&#39;, os.arch: &#39;x86_64&#39;, os.version: &#39;10.15.4&#39;, java.version: &#39;13.0.1&#39;&#34;,&#34;message&#34;:&#34;unknown error: call function result missing &#39;value&#39;&#34;,&#34;error&#34;:[&#34;  (Session info: chrome=86.0.4240.183)&#34;,&#34;  (Driver info: chromedriver=2.32.498537 (cb2f855cbc7b82e20387eaf9a43f6b99b6105061),platform=Mac OS X 10.15.4 x86_64) (WARNING: The server did not provide any stacktrace information)&#34;,&#34;Command duration or timeout: 19 milliseconds&#34;,&#34;Build info: version: &#39;3.4.0&#39;, revision: &#39;unknown&#39;, time: &#39;unknown&#39;&#34;,&#34;System info: host: &#39;MacBook-Pro-de-Paul.local&#39;, ip: &#39;fe80:0:0:0:1854:68a:9f2c:78b9%en0&#39;, os.name: &#39;Mac OS X&#39;, os.arch: &#39;x86_64&#39;, os.version: &#39;10.15.4&#39;, java.version: &#39;13.0.1&#39;&#34;,&#34;Driver info: org.openqa.selenium.chrome.ChromeDriver&#34;,&#34;Capabilities [{applicationCacheEnabled=false, rotatable=false, mobileEmulationEnabled=false, networkConnectionEnabled=false, chrome={chromedriverVersion=2.32.498537 (cb2f855cbc7b82e20387eaf9a43f6b99b6105061), userDataDir=/var/folders/mg/5v6c75rx19s2l9klbl5h3sl80000gn/T/.org.chromium.Chromium.bpgFJs}, takesHeapSnapshot=true, pageLoadStrategy=normal, databaseEnabled=false, handlesAlerts=true, hasTouchScreen=false, version=86.0.4240.183, platform=MAC, browserConnectionEnabled=false, nativeEvents=true, acceptSslCerts=true, locationContextEnabled=true, webStorageEnabled=true, browserName=chrome, takesScreenshot=true, javascriptEnabled=true, cssSelectorsEnabled=true, setWindowRect=true, unexpectedAlertBehaviour=}]&#34;,&#34;Session ID: d1ae4d5d2752a841d941404ddbfb7607&#34;]},&#34;errorStatus&#34;:13,&#34;error&#34;:&#34;An unknown server-side error occurred while processing the command. – unknown error: call function result missing &#39;value...&#34;,&#34;httpStatusCode&#34;:500}
       at runMicrotasks (&lt;anonymous&gt;)
       at processTicksAndRejections (internal/process/task_queues.js:93:5)
  TimeoutError: An error occurred while running .submitForm() command on &lt;#add-to-cart-form&gt;:   (Session info: chrome=86.0.4240.183),  (Driver info: chromedriver=2.32.498537 (cb2f855cbc7b82e20387eaf9a43f6b99b6105061),platform=Mac OS X 10.15.4 x86_64) (WARNING: The server did not provide any stacktrace information),Command duration or timeout: 10 milliseconds,Build info: version: &#39;3.4.0&#39;, revision: &#39;unknown&#39;, time: &#39;unknown&#39;,System info: host: &#39;MacBook-Pro-de-Paul.local&#39;, ip: &#39;fe80:0:0:0:1854:68a:9f2c:78b9%en0&#39;, os.name: &#39;Mac OS X&#39;, os.arch: &#39;x86_64&#39;, os.version: &#39;10.15.4&#39;, java.version: &#39;13.0.1&#39;,Driver info: org.openqa.selenium.chrome.ChromeDriver,Capabilities [{applicationCacheEnabled=false, rotatable=false, mobileEmulationEnabled=false, networkConnectionEnabled=false, chrome={chromedriverVersion=2.32.498537 (cb2f855cbc7b82e20387eaf9a43f6b99b6105061), userDataDir=/var/folders/mg/5v6c75rx19s2l9klbl5h3sl80000gn/T/.org.chromium.Chromium.bpgFJs}, takesHeapSnapshot=true, pageLoadStrategy=normal, databaseEnabled=false, handlesAlerts=true, hasTouchScreen=false, version=86.0.4240.183, platform=MAC, browserConnectionEnabled=false, nativeEvents=true, acceptSslCerts=true, locationContextEnabled=true, webStorageEnabled=true, browserName=chrome, takesScreenshot=true, javascriptEnabled=true, cssSelectorsEnabled=true, setWindowRect=true, unexpectedAlertBehaviour=}],Session ID: d1ae4d5d2752a841d941404ddbfb7607; unknown error: call function result missing &#39;value&#39;
   {&#34;status&#34;:-1,&#34;state&#34;:&#34;unknown error&#34;,&#34;code&#34;:&#34;&#34;,&#34;value&#34;:{&#34;systemInformation&#34;:&#34;System info: host: &#39;MacBook-Pro-de-Paul.local&#39;, ip: &#39;fe80:0:0:0:1854:68a:9f2c:78b9%en0&#39;, os.name: &#39;Mac OS X&#39;, os.arch: &#39;x86_64&#39;, os.version: &#39;10.15.4&#39;, java.version: &#39;13.0.1&#39;&#34;,&#34;message&#34;:&#34;unknown error: call function result missing &#39;value&#39;&#34;,&#34;error&#34;:[&#34;  (Session info: chrome=86.0.4240.183)&#34;,&#34;  (Driver info: chromedriver=2.32.498537 (cb2f855cbc7b82e20387eaf9a43f6b99b6105061),platform=Mac OS X 10.15.4 x86_64) (WARNING: The server did not provide any stacktrace information)&#34;,&#34;Command duration or timeout: 10 milliseconds&#34;,&#34;Build info: version: &#39;3.4.0&#39;, revision: &#39;unknown&#39;, time: &#39;unknown&#39;&#34;,&#34;System info: host: &#39;MacBook-Pro-de-Paul.local&#39;, ip: &#39;fe80:0:0:0:1854:68a:9f2c:78b9%en0&#39;, os.name: &#39;Mac OS X&#39;, os.arch: &#39;x86_64&#39;, os.version: &#39;10.15.4&#39;, java.version: &#39;13.0.1&#39;&#34;,&#34;Driver info: org.openqa.selenium.chrome.ChromeDriver&#34;,&#34;Capabilities [{applicationCacheEnabled=false, rotatable=false, mobileEmulationEnabled=false, networkConnectionEnabled=false, chrome={chromedriverVersion=2.32.498537 (cb2f855cbc7b82e20387eaf9a43f6b99b6105061), userDataDir=/var/folders/mg/5v6c75rx19s2l9klbl5h3sl80000gn/T/.org.chromium.Chromium.bpgFJs}, takesHeapSnapshot=true, pageLoadStrategy=normal, databaseEnabled=false, handlesAlerts=true, hasTouchScreen=false, version=86.0.4240.183, platform=MAC, browserConnectionEnabled=false, nativeEvents=true, acceptSslCerts=true, locationContextEnabled=true, webStorageEnabled=true, browserName=chrome, takesScreenshot=true, javascriptEnabled=true, cssSelectorsEnabled=true, setWindowRect=true, unexpectedAlertBehaviour=}]&#34;,&#34;Session ID: d1ae4d5d2752a841d941404ddbfb7607&#34;]},&#34;errorStatus&#34;:13,&#34;error&#34;:&#34;An unknown server-side error occurred while processing the command. – unknown error: call function result missing &#39;value...&#34;,&#34;httpStatusCode&#34;:500}
       at runMicrotasks (&lt;anonymous&gt;)
       at processTicksAndRejections (internal/process/task_queues.js:93:5)
  TimeoutError: An error occurred while running .clearValue() command on &lt;#add-to-cart-form input&gt;:   (Session info: chrome=86.0.4240.183),  (Driver info: chromedriver=2.32.498537 (cb2f855cbc7b82e20387eaf9a43f6b99b6105061),platform=Mac OS X 10.15.4 x86_64) (WARNING: The server did not provide any stacktrace information),Command duration or timeout: 12 milliseconds,Build info: version: &#39;3.4.0&#39;, revision: &#39;unknown&#39;, time: &#39;unknown&#39;,System info: host: &#39;MacBook-Pro-de-Paul.local&#39;, ip: &#39;fe80:0:0:0:1854:68a:9f2c:78b9%en0&#39;, os.name: &#39;Mac OS X&#39;, os.arch: &#39;x86_64&#39;, os.version: &#39;10.15.4&#39;, java.version: &#39;13.0.1&#39;,Driver info: org.openqa.selenium.chrome.ChromeDriver,Capabilities [{applicationCacheEnabled=false, rotatable=false, mobileEmulationEnabled=false, networkConnectionEnabled=false, chrome={chromedriverVersion=2.32.498537 (cb2f855cbc7b82e20387eaf9a43f6b99b6105061), userDataDir=/var/folders/mg/5v6c75rx19s2l9klbl5h3sl80000gn/T/.org.chromium.Chromium.bpgFJs}, takesHeapSnapshot=true, pageLoadStrategy=normal, databaseEnabled=false, handlesAlerts=true, hasTouchScreen=false, version=86.0.4240.183, platform=MAC, browserConnectionEnabled=false, nativeEvents=true, acceptSslCerts=true, locationContextEnabled=true, webStorageEnabled=true, browserName=chrome, takesScreenshot=true, javascriptEnabled=true, cssSelectorsEnabled=true, setWindowRect=true, unexpectedAlertBehaviour=}],Session ID: d1ae4d5d2752a841d941404ddbfb7607; unknown error: call function result missing &#39;value&#39;
   {&#34;status&#34;:-1,&#34;state&#34;:&#34;unknown error&#34;,&#34;code&#34;:&#34;&#34;,&#34;value&#34;:{&#34;systemInformation&#34;:&#34;System info: host: &#39;MacBook-Pro-de-Paul.local&#39;, ip: &#39;fe80:0:0:0:1854:68a:9f2c:78b9%en0&#39;, os.name: &#39;Mac OS X&#39;, os.arch: &#39;x86_64&#39;, os.version: &#39;10.15.4&#39;, java.version: &#39;13.0.1&#39;&#34;,&#34;message&#34;:&#34;unknown error: call function result missing &#39;value&#39;&#34;,&#34;error&#34;:[&#34;  (Session info: chrome=86.0.4240.183)&#34;,&#34;  (Driver info: chromedriver=2.32.498537 (cb2f855cbc7b82e20387eaf9a43f6b99b6105061),platform=Mac OS X 10.15.4 x86_64) (WARNING: The server did not provide any stacktrace information)&#34;,&#34;Command duration or timeout: 12 milliseconds&#34;,&#34;Build info: version: &#39;3.4.0&#39;, revision: &#39;unknown&#39;, time: &#39;unknown&#39;&#34;,&#34;System info: host: &#39;MacBook-Pro-de-Paul.local&#39;, ip: &#39;fe80:0:0:0:1854:68a:9f2c:78b9%en0&#39;, os.name: &#39;Mac OS X&#39;, os.arch: &#39;x86_64&#39;, os.version: &#39;10.15.4&#39;, java.version: &#39;13.0.1&#39;&#34;,&#34;Driver info: org.openqa.selenium.chrome.ChromeDriver&#34;,&#34;Capabilities [{applicationCacheEnabled=false, rotatable=false, mobileEmulationEnabled=false, networkConnectionEnabled=false, chrome={chromedriverVersion=2.32.498537 (cb2f855cbc7b82e20387eaf9a43f6b99b6105061), userDataDir=/var/folders/mg/5v6c75rx19s2l9klbl5h3sl80000gn/T/.org.chromium.Chromium.bpgFJs}, takesHeapSnapshot=true, pageLoadStrategy=normal, databaseEnabled=false, handlesAlerts=true, hasTouchScreen=false, version=86.0.4240.183, platform=MAC, browserConnectionEnabled=false, nativeEvents=true, acceptSslCerts=true, locationContextEnabled=true, webStorageEnabled=true, browserName=chrome, takesScreenshot=true, javascriptEnabled=true, cssSelectorsEnabled=true, setWindowRect=true, unexpectedAlertBehaviour=}]&#34;,&#34;Session ID: d1ae4d5d2752a841d941404ddbfb7607&#34;]},&#34;errorStatus&#34;:13,&#34;error&#34;:&#34;An unknown server-side error occurred while processing the command. – unknown error: call function result missing &#39;value...&#34;,&#34;httpStatusCode&#34;:500}
       at runMicrotasks (&lt;anonymous&gt;)
       at processTicksAndRejections (internal/process/task_queues.js:93:5)
  TimeoutError: An error occurred while running .setValue() command on &lt;#add-to-cart-form input&gt;:   (Session info: chrome=86.0.4240.183),  (Driver info: chromedriver=2.32.498537 (cb2f855cbc7b82e20387eaf9a43f6b99b6105061),platform=Mac OS X 10.15.4 x86_64) (WARNING: The server did not provide any stacktrace information),Command duration or timeout: 19 milliseconds,Build info: version: &#39;3.4.0&#39;, revision: &#39;unknown&#39;, time: &#39;unknown&#39;,System info: host: &#39;MacBook-Pro-de-Paul.local&#39;, ip: &#39;fe80:0:0:0:1854:68a:9f2c:78b9%en0&#39;, os.name: &#39;Mac OS X&#39;, os.arch: &#39;x86_64&#39;, os.version: &#39;10.15.4&#39;, java.version: &#39;13.0.1&#39;,Driver info: org.openqa.selenium.chrome.ChromeDriver,Capabilities [{applicationCacheEnabled=false, rotatable=false, mobileEmulationEnabled=false, networkConnectionEnabled=false, chrome={chromedriverVersion=2.32.498537 (cb2f855cbc7b82e20387eaf9a43f6b99b6105061), userDataDir=/var/folders/mg/5v6c75rx19s2l9klbl5h3sl80000gn/T/.org.chromium.Chromium.bpgFJs}, takesHeapSnapshot=true, pageLoadStrategy=normal, databaseEnabled=false, handlesAlerts=true, hasTouchScreen=false, version=86.0.4240.183, platform=MAC, browserConnectionEnabled=false, nativeEvents=true, acceptSslCerts=true, locationContextEnabled=true, webStorageEnabled=true, browserName=chrome, takesScreenshot=true, javascriptEnabled=true, cssSelectorsEnabled=true, setWindowRect=true, unexpectedAlertBehaviour=}],Session ID: d1ae4d5d2752a841d941404ddbfb7607; unknown error: call function result missing &#39;value&#39;
   {&#34;status&#34;:-1,&#34;state&#34;:&#34;unknown error&#34;,&#34;code&#34;:&#34;&#34;,&#34;value&#34;:{&#34;systemInformation&#34;:&#34;System info: host: &#39;MacBook-Pro-de-Paul.local&#39;, ip: &#39;fe80:0:0:0:1854:68a:9f2c:78b9%en0&#39;, os.name: &#39;Mac OS X&#39;, os.arch: &#39;x86_64&#39;, os.version: &#39;10.15.4&#39;, java.version: &#39;13.0.1&#39;&#34;,&#34;message&#34;:&#34;unknown error: call function result missing &#39;value&#39;&#34;,&#34;error&#34;:[&#34;  (Session info: chrome=86.0.4240.183)&#34;,&#34;  (Driver info: chromedriver=2.32.498537 (cb2f855cbc7b82e20387eaf9a43f6b99b6105061),platform=Mac OS X 10.15.4 x86_64) (WARNING: The server did not provide any stacktrace information)&#34;,&#34;Command duration or timeout: 19 milliseconds&#34;,&#34;Build info: version: &#39;3.4.0&#39;, revision: &#39;unknown&#39;, time: &#39;unknown&#39;&#34;,&#34;System info: host: &#39;MacBook-Pro-de-Paul.local&#39;, ip: &#39;fe80:0:0:0:1854:68a:9f2c:78b9%en0&#39;, os.name: &#39;Mac OS X&#39;, os.arch: &#39;x86_64&#39;, os.version: &#39;10.15.4&#39;, java.version: &#39;13.0.1&#39;&#34;,&#34;Driver info: org.openqa.selenium.chrome.ChromeDriver&#34;,&#34;Capabilities [{applicationCacheEnabled=false, rotatable=false, mobileEmulationEnabled=false, networkConnectionEnabled=false, chrome={chromedriverVersion=2.32.498537 (cb2f855cbc7b82e20387eaf9a43f6b99b6105061), userDataDir=/var/folders/mg/5v6c75rx19s2l9klbl5h3sl80000gn/T/.org.chromium.Chromium.bpgFJs}, takesHeapSnapshot=true, pageLoadStrategy=normal, databaseEnabled=false, handlesAlerts=true, hasTouchScreen=false, version=86.0.4240.183, platform=MAC, browserConnectionEnabled=false, nativeEvents=true, acceptSslCerts=true, locationContextEnabled=true, webStorageEnabled=true, browserName=chrome, takesScreenshot=true, javascriptEnabled=true, cssSelectorsEnabled=true, setWindowRect=true, unexpectedAlertBehaviour=}]&#34;,&#34;Session ID: d1ae4d5d2752a841d941404ddbfb7607&#34;]},&#34;errorStatus&#34;:13,&#34;error&#34;:&#34;An unknown server-side error occurred while processing the command. – unknown error: call function result missing &#39;value...&#34;,&#34;httpStatusCode&#34;:500}
       at runMicrotasks (&lt;anonymous&gt;)
       at processTicksAndRejections (internal/process/task_queues.js:93:5)
  TimeoutError: An error occurred while running .submitForm() command on &lt;#add-to-cart-form&gt;:   (Session info: chrome=86.0.4240.183),  (Driver info: chromedriver=2.32.498537 (cb2f855cbc7b82e20387eaf9a43f6b99b6105061),platform=Mac OS X 10.15.4 x86_64) (WARNING: The server did not provide any stacktrace information),Command duration or timeout: 11 milliseconds,Build info: version: &#39;3.4.0&#39;, revision: &#39;unknown&#39;, time: &#39;unknown&#39;,System info: host: &#39;MacBook-Pro-de-Paul.local&#39;, ip: &#39;fe80:0:0:0:1854:68a:9f2c:78b9%en0&#39;, os.name: &#39;Mac OS X&#39;, os.arch: &#39;x86_64&#39;, os.version: &#39;10.15.4&#39;, java.version: &#39;13.0.1&#39;,Driver info: org.openqa.selenium.chrome.ChromeDriver,Capabilities [{applicationCacheEnabled=false, rotatable=false, mobileEmulationEnabled=false, networkConnectionEnabled=false, chrome={chromedriverVersion=2.32.498537 (cb2f855cbc7b82e20387eaf9a43f6b99b6105061), userDataDir=/var/folders/mg/5v6c75rx19s2l9klbl5h3sl80000gn/T/.org.chromium.Chromium.bpgFJs}, takesHeapSnapshot=true, pageLoadStrategy=normal, databaseEnabled=false, handlesAlerts=true, hasTouchScreen=false, version=86.0.4240.183, platform=MAC, browserConnectionEnabled=false, nativeEvents=true, acceptSslCerts=true, locationContextEnabled=true, webStorageEnabled=true, browserName=chrome, takesScreenshot=true, javascriptEnabled=true, cssSelectorsEnabled=true, setWindowRect=true, unexpectedAlertBehaviour=}],Session ID: d1ae4d5d2752a841d941404ddbfb7607; unknown error: call function result missing &#39;value&#39;
   {&#34;status&#34;:-1,&#34;state&#34;:&#34;unknown error&#34;,&#34;code&#34;:&#34;&#34;,&#34;value&#34;:{&#34;systemInformation&#34;:&#34;System info: host: &#39;MacBook-Pro-de-Paul.local&#39;, ip: &#39;fe80:0:0:0:1854:68a:9f2c:78b9%en0&#39;, os.name: &#39;Mac OS X&#39;, os.arch: &#39;x86_64&#39;, os.version: &#39;10.15.4&#39;, java.version: &#39;13.0.1&#39;&#34;,&#34;message&#34;:&#34;unknown error: call function result missing &#39;value&#39;&#34;,&#34;error&#34;:[&#34;  (Session info: chrome=86.0.4240.183)&#34;,&#34;  (Driver info: chromedriver=2.32.498537 (cb2f855cbc7b82e20387eaf9a43f6b99b6105061),platform=Mac OS X 10.15.4 x86_64) (WARNING: The server did not provide any stacktrace information)&#34;,&#34;Command duration or timeout: 11 milliseconds&#34;,&#34;Build info: version: &#39;3.4.0&#39;, revision: &#39;unknown&#39;, time: &#39;unknown&#39;&#34;,&#34;System info: host: &#39;MacBook-Pro-de-Paul.local&#39;, ip: &#39;fe80:0:0:0:1854:68a:9f2c:78b9%en0&#39;, os.name: &#39;Mac OS X&#39;, os.arch: &#39;x86_64&#39;, os.version: &#39;10.15.4&#39;, java.version: &#39;13.0.1&#39;&#34;,&#34;Driver info: org.openqa.selenium.chrome.ChromeDriver&#34;,&#34;Capabilities [{applicationCacheEnabled=false, rotatable=false, mobileEmulationEnabled=false, networkConnectionEnabled=false, chrome={chromedriverVersion=2.32.498537 (cb2f855cbc7b82e20387eaf9a43f6b99b6105061), userDataDir=/var/folders/mg/5v6c75rx19s2l9klbl5h3sl80000gn/T/.org.chromium.Chromium.bpgFJs}, takesHeapSnapshot=true, pageLoadStrategy=normal, databaseEnabled=false, handlesAlerts=true, hasTouchScreen=false, version=86.0.4240.183, platform=MAC, browserConnectionEnabled=false, nativeEvents=true, acceptSslCerts=true, locationContextEnabled=true, webStorageEnabled=true, browserName=chrome, takesScreenshot=true, javascriptEnabled=true, cssSelectorsEnabled=true, setWindowRect=true, unexpectedAlertBehaviour=}]&#34;,&#34;Session ID: d1ae4d5d2752a841d941404ddbfb7607&#34;]},&#34;errorStatus&#34;:13,&#34;error&#34;:&#34;An unknown server-side error occurred while processing the command. – unknown error: call function result missing &#39;value...&#34;,&#34;httpStatusCode&#34;:500}
       at runMicrotasks (&lt;anonymous&gt;)
       at processTicksAndRejections (internal/process/task_queues.js:93:5)
  TimeoutError: An error occurred while running .clearValue() command on &lt;#add-to-cart-form input&gt;:   (Session info: chrome=86.0.4240.183),  (Driver info: chromedriver=2.32.498537 (cb2f855cbc7b82e20387eaf9a43f6b99b6105061),platform=Mac OS X 10.15.4 x86_64) (WARNING: The server did not provide any stacktrace information),Command duration or timeout: 12 milliseconds,Build info: version: &#39;3.4.0&#39;, revision: &#39;unknown&#39;, time: &#39;unknown&#39;,System info: host: &#39;MacBook-Pro-de-Paul.local&#39;, ip: &#39;fe80:0:0:0:1854:68a:9f2c:78b9%en0&#39;, os.name: &#39;Mac OS X&#39;, os.arch: &#39;x86_64&#39;, os.version: &#39;10.15.4&#39;, java.version: &#39;13.0.1&#39;,Driver info: org.openqa.selenium.chrome.ChromeDriver,Capabilities [{applicationCacheEnabled=false, rotatable=false, mobileEmulationEnabled=false, networkConnectionEnabled=false, chrome={chromedriverVersion=2.32.498537 (cb2f855cbc7b82e20387eaf9a43f6b99b6105061), userDataDir=/var/folders/mg/5v6c75rx19s2l9klbl5h3sl80000gn/T/.org.chromium.Chromium.bpgFJs}, takesHeapSnapshot=true, pageLoadStrategy=normal, databaseEnabled=false, handlesAlerts=true, hasTouchScreen=false, version=86.0.4240.183, platform=MAC, browserConnectionEnabled=false, nativeEvents=true, acceptSslCerts=true, locationContextEnabled=true, webStorageEnabled=true, browserName=chrome, takesScreenshot=true, javascriptEnabled=true, cssSelectorsEnabled=true, setWindowRect=true, unexpectedAlertBehaviour=}],Session ID: d1ae4d5d2752a841d941404ddbfb7607; unknown error: call function result missing &#39;value&#39;
   {&#34;status&#34;:-1,&#34;state&#34;:&#34;unknown error&#34;,&#34;code&#34;:&#34;&#34;,&#34;value&#34;:{&#34;systemInformation&#34;:&#34;System info: host: &#39;MacBook-Pro-de-Paul.local&#39;, ip: &#39;fe80:0:0:0:1854:68a:9f2c:78b9%en0&#39;, os.name: &#39;Mac OS X&#39;, os.arch: &#39;x86_64&#39;, os.version: &#39;10.15.4&#39;, java.version: &#39;13.0.1&#39;&#34;,&#34;message&#34;:&#34;unknown error: call function result missing &#39;value&#39;&#34;,&#34;error&#34;:[&#34;  (Session info: chrome=86.0.4240.183)&#34;,&#34;  (Driver info: chromedriver=2.32.498537 (cb2f855cbc7b82e20387eaf9a43f6b99b6105061),platform=Mac OS X 10.15.4 x86_64) (WARNING: The server did not provide any stacktrace information)&#34;,&#34;Command duration or timeout: 12 milliseconds&#34;,&#34;Build info: version: &#39;3.4.0&#39;, revision: &#39;unknown&#39;, time: &#39;unknown&#39;&#34;,&#34;System info: host: &#39;MacBook-Pro-de-Paul.local&#39;, ip: &#39;fe80:0:0:0:1854:68a:9f2c:78b9%en0&#39;, os.name: &#39;Mac OS X&#39;, os.arch: &#39;x86_64&#39;, os.version: &#39;10.15.4&#39;, java.version: &#39;13.0.1&#39;&#34;,&#34;Driver info: org.openqa.selenium.chrome.ChromeDriver&#34;,&#34;Capabilities [{applicationCacheEnabled=false, rotatable=false, mobileEmulationEnabled=false, networkConnectionEnabled=false, chrome={chromedriverVersion=2.32.498537 (cb2f855cbc7b82e20387eaf9a43f6b99b6105061), userDataDir=/var/folders/mg/5v6c75rx19s2l9klbl5h3sl80000gn/T/.org.chromium.Chromium.bpgFJs}, takesHeapSnapshot=true, pageLoadStrategy=normal, databaseEnabled=false, handlesAlerts=true, hasTouchScreen=false, version=86.0.4240.183, platform=MAC, browserConnectionEnabled=false, nativeEvents=true, acceptSslCerts=true, locationContextEnabled=true, webStorageEnabled=true, browserName=chrome, takesScreenshot=true, javascriptEnabled=true, cssSelectorsEnabled=true, setWindowRect=true, unexpectedAlertBehaviour=}]&#34;,&#34;Session ID: d1ae4d5d2752a841d941404ddbfb7607&#34;]},&#34;errorStatus&#34;:13,&#34;error&#34;:&#34;An unknown server-side error occurred while processing the command. – unknown error: call function result missing &#39;value...&#34;,&#34;httpStatusCode&#34;:500}
       at runMicrotasks (&lt;anonymous&gt;)
       at processTicksAndRejections (internal/process/task_queues.js:93:5)
  TimeoutError: An error occurred while running .setValue() command on &lt;#add-to-cart-form input&gt;:   (Session info: chrome=86.0.4240.183),  (Driver info: chromedriver=2.32.498537 (cb2f855cbc7b82e20387eaf9a43f6b99b6105061),platform=Mac OS X 10.15.4 x86_64) (WARNING: The server did not provide any stacktrace information),Command duration or timeout: 19 milliseconds,Build info: version: &#39;3.4.0&#39;, revision: &#39;unknown&#39;, time: &#39;unknown&#39;,System info: host: &#39;MacBook-Pro-de-Paul.local&#39;, ip: &#39;fe80:0:0:0:1854:68a:9f2c:78b9%en0&#39;, os.name: &#39;Mac OS X&#39;, os.arch: &#39;x86_64&#39;, os.version: &#39;10.15.4&#39;, java.version: &#39;13.0.1&#39;,Driver info: org.openqa.selenium.chrome.ChromeDriver,Capabilities [{applicationCacheEnabled=false, rotatable=false, mobileEmulationEnabled=false, networkConnectionEnabled=false, chrome={chromedriverVersion=2.32.498537 (cb2f855cbc7b82e20387eaf9a43f6b99b6105061), userDataDir=/var/folders/mg/5v6c75rx19s2l9klbl5h3sl80000gn/T/.org.chromium.Chromium.bpgFJs}, takesHeapSnapshot=true, pageLoadStrategy=normal, databaseEnabled=false, handlesAlerts=true, hasTouchScreen=false, version=86.0.4240.183, platform=MAC, browserConnectionEnabled=false, nativeEvents=true, acceptSslCerts=true, locationContextEnabled=true, webStorageEnabled=true, browserName=chrome, takesScreenshot=true, javascriptEnabled=true, cssSelectorsEnabled=true, setWindowRect=true, unexpectedAlertBehaviour=}],Session ID: d1ae4d5d2752a841d941404ddbfb7607; unknown error: call function result missing &#39;value&#39;
   {&#34;status&#34;:-1,&#34;state&#34;:&#34;unknown error&#34;,&#34;code&#34;:&#34;&#34;,&#34;value&#34;:{&#34;systemInformation&#34;:&#34;System info: host: &#39;MacBook-Pro-de-Paul.local&#39;, ip: &#39;fe80:0:0:0:1854:68a:9f2c:78b9%en0&#39;, os.name: &#39;Mac OS X&#39;, os.arch: &#39;x86_64&#39;, os.version: &#39;10.15.4&#39;, java.version: &#39;13.0.1&#39;&#34;,&#34;message&#34;:&#34;unknown error: call function result missing &#39;value&#39;&#34;,&#34;error&#34;:[&#34;  (Session info: chrome=86.0.4240.183)&#34;,&#34;  (Driver info: chromedriver=2.32.498537 (cb2f855cbc7b82e20387eaf9a43f6b99b6105061),platform=Mac OS X 10.15.4 x86_64) (WARNING: The server did not provide any stacktrace information)&#34;,&#34;Command duration or timeout: 19 milliseconds&#34;,&#34;Build info: version: &#39;3.4.0&#39;, revision: &#39;unknown&#39;, time: &#39;unknown&#39;&#34;,&#34;System info: host: &#39;MacBook-Pro-de-Paul.local&#39;, ip: &#39;fe80:0:0:0:1854:68a:9f2c:78b9%en0&#39;, os.name: &#39;Mac OS X&#39;, os.arch: &#39;x86_64&#39;, os.version: &#39;10.15.4&#39;, java.version: &#39;13.0.1&#39;&#34;,&#34;Driver info: org.openqa.selenium.chrome.ChromeDriver&#34;,&#34;Capabilities [{applicationCacheEnabled=false, rotatable=false, mobileEmulationEnabled=false, networkConnectionEnabled=false, chrome={chromedriverVersion=2.32.498537 (cb2f855cbc7b82e20387eaf9a43f6b99b6105061), userDataDir=/var/folders/mg/5v6c75rx19s2l9klbl5h3sl80000gn/T/.org.chromium.Chromium.bpgFJs}, takesHeapSnapshot=true, pageLoadStrategy=normal, databaseEnabled=false, handlesAlerts=true, hasTouchScreen=false, version=86.0.4240.183, platform=MAC, browserConnectionEnabled=false, nativeEvents=true, acceptSslCerts=true, locationContextEnabled=true, webStorageEnabled=true, browserName=chrome, takesScreenshot=true, javascriptEnabled=true, cssSelectorsEnabled=true, setWindowRect=true, unexpectedAlertBehaviour=}]&#34;,&#34;Session ID: d1ae4d5d2752a841d941404ddbfb7607&#34;]},&#34;errorStatus&#34;:13,&#34;error&#34;:&#34;An unknown server-side error occurred while processing the command. – unknown error: call function result missing &#39;value...&#34;,&#34;httpStatusCode&#34;:500}
       at runMicrotasks (&lt;anonymous&gt;)
       at processTicksAndRejections (internal/process/task_queues.js:93:5)
  TimeoutError: An error occurred while running .submitForm() command on &lt;#add-to-cart-form&gt;:   (Session info: chrome=86.0.4240.183),  (Driver info: chromedriver=2.32.498537 (cb2f855cbc7b82e20387eaf9a43f6b99b6105061),platform=Mac OS X 10.15.4 x86_64) (WARNING: The server did not provide any stacktrace information),Command duration or timeout: 10 milliseconds,Build info: version: &#39;3.4.0&#39;, revision: &#39;unknown&#39;, time: &#39;unknown&#39;,System info: host: &#39;MacBook-Pro-de-Paul.local&#39;, ip: &#39;fe80:0:0:0:1854:68a:9f2c:78b9%en0&#39;, os.name: &#39;Mac OS X&#39;, os.arch: &#39;x86_64&#39;, os.version: &#39;10.15.4&#39;, java.version: &#39;13.0.1&#39;,Driver info: org.openqa.selenium.chrome.ChromeDriver,Capabilities [{applicationCacheEnabled=false, rotatable=false, mobileEmulationEnabled=false, networkConnectionEnabled=false, chrome={chromedriverVersion=2.32.498537 (cb2f855cbc7b82e20387eaf9a43f6b99b6105061), userDataDir=/var/folders/mg/5v6c75rx19s2l9klbl5h3sl80000gn/T/.org.chromium.Chromium.bpgFJs}, takesHeapSnapshot=true, pageLoadStrategy=normal, databaseEnabled=false, handlesAlerts=true, hasTouchScreen=false, version=86.0.4240.183, platform=MAC, browserConnectionEnabled=false, nativeEvents=true, acceptSslCerts=true, locationContextEnabled=true, webStorageEnabled=true, browserName=chrome, takesScreenshot=true, javascriptEnabled=true, cssSelectorsEnabled=true, setWindowRect=true, unexpectedAlertBehaviour=}],Session ID: d1ae4d5d2752a841d941404ddbfb7607; unknown error: call function result missing &#39;value&#39;
   {&#34;status&#34;:-1,&#34;state&#34;:&#34;unknown error&#34;,&#34;code&#34;:&#34;&#34;,&#34;value&#34;:{&#34;systemInformation&#34;:&#34;System info: host: &#39;MacBook-Pro-de-Paul.local&#39;, ip: &#39;fe80:0:0:0:1854:68a:9f2c:78b9%en0&#39;, os.name: &#39;Mac OS X&#39;, os.arch: &#39;x86_64&#39;, os.version: &#39;10.15.4&#39;, java.version: &#39;13.0.1&#39;&#34;,&#34;message&#34;:&#34;unknown error: call function result missing &#39;value&#39;&#34;,&#34;error&#34;:[&#34;  (Session info: chrome=86.0.4240.183)&#34;,&#34;  (Driver info: chromedriver=2.32.498537 (cb2f855cbc7b82e20387eaf9a43f6b99b6105061),platform=Mac OS X 10.15.4 x86_64) (WARNING: The server did not provide any stacktrace information)&#34;,&#34;Command duration or timeout: 10 milliseconds&#34;,&#34;Build info: version: &#39;3.4.0&#39;, revision: &#39;unknown&#39;, time: &#39;unknown&#39;&#34;,&#34;System info: host: &#39;MacBook-Pro-de-Paul.local&#39;, ip: &#39;fe80:0:0:0:1854:68a:9f2c:78b9%en0&#39;, os.name: &#39;Mac OS X&#39;, os.arch: &#39;x86_64&#39;, os.version: &#39;10.15.4&#39;, java.version: &#39;13.0.1&#39;&#34;,&#34;Driver info: org.openqa.selenium.chrome.ChromeDriver&#34;,&#34;Capabilities [{applicationCacheEnabled=false, rotatable=false, mobileEmulationEnabled=false, networkConnectionEnabled=false, chrome={chromedriverVersion=2.32.498537 (cb2f855cbc7b82e20387eaf9a43f6b99b6105061), userDataDir=/var/folders/mg/5v6c75rx19s2l9klbl5h3sl80000gn/T/.org.chromium.Chromium.bpgFJs}, takesHeapSnapshot=true, pageLoadStrategy=normal, databaseEnabled=false, handlesAlerts=true, hasTouchScreen=false, version=86.0.4240.183, platform=MAC, browserConnectionEnabled=false, nativeEvents=true, acceptSslCerts=true, locationContextEnabled=true, webStorageEnabled=true, browserName=chrome, takesScreenshot=true, javascriptEnabled=true, cssSelectorsEnabled=true, setWindowRect=true, unexpectedAlertBehaviour=}]&#34;,&#34;Session ID: d1ae4d5d2752a841d941404ddbfb7607&#34;]},&#34;errorStatus&#34;:13,&#34;error&#34;:&#34;An unknown server-side error occurred while processing the command. – unknown error: call function result missing &#39;value...&#34;,&#34;httpStatusCode&#34;:500}
       at runMicrotasks (&lt;anonymous&gt;)
       at processTicksAndRejections (internal/process/task_queues.js:93:5)
  TimeoutError: An error occurred while running .clearValue() command on &lt;#add-to-cart-form input&gt;:   (Session info: chrome=86.0.4240.183),  (Driver info: chromedriver=2.32.498537 (cb2f855cbc7b82e20387eaf9a43f6b99b6105061),platform=Mac OS X 10.15.4 x86_64) (WARNING: The server did not provide any stacktrace information),Command duration or timeout: 13 milliseconds,Build info: version: &#39;3.4.0&#39;, revision: &#39;unknown&#39;, time: &#39;unknown&#39;,System info: host: &#39;MacBook-Pro-de-Paul.local&#39;, ip: &#39;fe80:0:0:0:1854:68a:9f2c:78b9%en0&#39;, os.name: &#39;Mac OS X&#39;, os.arch: &#39;x86_64&#39;, os.version: &#39;10.15.4&#39;, java.version: &#39;13.0.1&#39;,Driver info: org.openqa.selenium.chrome.ChromeDriver,Capabilities [{applicationCacheEnabled=false, rotatable=false, mobileEmulationEnabled=false, networkConnectionEnabled=false, chrome={chromedriverVersion=2.32.498537 (cb2f855cbc7b82e20387eaf9a43f6b99b6105061), userDataDir=/var/folders/mg/5v6c75rx19s2l9klbl5h3sl80000gn/T/.org.chromium.Chromium.bpgFJs}, takesHeapSnapshot=true, pageLoadStrategy=normal, databaseEnabled=false, handlesAlerts=true, hasTouchScreen=false, version=86.0.4240.183, platform=MAC, browserConnectionEnabled=false, nativeEvents=true, acceptSslCerts=true, locationContextEnabled=true, webStorageEnabled=true, browserName=chrome, takesScreenshot=true, javascriptEnabled=true, cssSelectorsEnabled=true, setWindowRect=true, unexpectedAlertBehaviour=}],Session ID: d1ae4d5d2752a841d941404ddbfb7607; unknown error: call function result missing &#39;value&#39;
   {&#34;status&#34;:-1,&#34;state&#34;:&#34;unknown error&#34;,&#34;code&#34;:&#34;&#34;,&#34;value&#34;:{&#34;systemInformation&#34;:&#34;System info: host: &#39;MacBook-Pro-de-Paul.local&#39;, ip: &#39;fe80:0:0:0:1854:68a:9f2c:78b9%en0&#39;, os.name: &#39;Mac OS X&#39;, os.arch: &#39;x86_64&#39;, os.version: &#39;10.15.4&#39;, java.version: &#39;13.0.1&#39;&#34;,&#34;message&#34;:&#34;unknown error: call function result missing &#39;value&#39;&#34;,&#34;error&#34;:[&#34;  (Session info: chrome=86.0.4240.183)&#34;,&#34;  (Driver info: chromedriver=2.32.498537 (cb2f855cbc7b82e20387eaf9a43f6b99b6105061),platform=Mac OS X 10.15.4 x86_64) (WARNING: The server did not provide any stacktrace information)&#34;,&#34;Command duration or timeout: 13 milliseconds&#34;,&#34;Build info: version: &#39;3.4.0&#39;, revision: &#39;unknown&#39;, time: &#39;unknown&#39;&#34;,&#34;System info: host: &#39;MacBook-Pro-de-Paul.local&#39;, ip: &#39;fe80:0:0:0:1854:68a:9f2c:78b9%en0&#39;, os.name: &#39;Mac OS X&#39;, os.arch: &#39;x86_64&#39;, os.version: &#39;10.15.4&#39;, java.version: &#39;13.0.1&#39;&#34;,&#34;Driver info: org.openqa.selenium.chrome.ChromeDriver&#34;,&#34;Capabilities [{applicationCacheEnabled=false, rotatable=false, mobileEmulationEnabled=false, networkConnectionEnabled=false, chrome={chromedriverVersion=2.32.498537 (cb2f855cbc7b82e20387eaf9a43f6b99b6105061), userDataDir=/var/folders/mg/5v6c75rx19s2l9klbl5h3sl80000gn/T/.org.chromium.Chromium.bpgFJs}, takesHeapSnapshot=true, pageLoadStrategy=normal, databaseEnabled=false, handlesAlerts=true, hasTouchScreen=false, version=86.0.4240.183, platform=MAC, browserConnectionEnabled=false, nativeEvents=true, acceptSslCerts=true, locationContextEnabled=true, webStorageEnabled=true, browserName=chrome, takesScreenshot=true, javascriptEnabled=true, cssSelectorsEnabled=true, setWindowRect=true, unexpectedAlertBehaviour=}]&#34;,&#34;Session ID: d1ae4d5d2752a841d941404ddbfb7607&#34;]},&#34;errorStatus&#34;:13,&#34;error&#34;:&#34;An unknown server-side error occurred while processing the command. – unknown error: call function result missing &#39;value...&#34;,&#34;httpStatusCode&#34;:500}
       at runMicrotasks (&lt;anonymous&gt;)
       at processTicksAndRejections (internal/process/task_queues.js:93:5)
  TimeoutError: An error occurred while running .setValue() command on &lt;#add-to-cart-form input&gt;:   (Session info: chrome=86.0.4240.183),  (Driver info: chromedriver=2.32.498537 (cb2f855cbc7b82e20387eaf9a43f6b99b6105061),platform=Mac OS X 10.15.4 x86_64) (WARNING: The server did not provide any stacktrace information),Command duration or timeout: 18 milliseconds,Build info: version: &#39;3.4.0&#39;, revision: &#39;unknown&#39;, time: &#39;unknown&#39;,System info: host: &#39;MacBook-Pro-de-Paul.local&#39;, ip: &#39;fe80:0:0:0:1854:68a:9f2c:78b9%en0&#39;, os.name: &#39;Mac OS X&#39;, os.arch: &#39;x86_64&#39;, os.version: &#39;10.15.4&#39;, java.version: &#39;13.0.1&#39;,Driver info: org.openqa.selenium.chrome.ChromeDriver,Capabilities [{applicationCacheEnabled=false, rotatable=false, mobileEmulationEnabled=false, networkConnectionEnabled=false, chrome={chromedriverVersion=2.32.498537 (cb2f855cbc7b82e20387eaf9a43f6b99b6105061), userDataDir=/var/folders/mg/5v6c75rx19s2l9klbl5h3sl80000gn/T/.org.chromium.Chromium.bpgFJs}, takesHeapSnapshot=true, pageLoadStrategy=normal, databaseEnabled=false, handlesAlerts=true, hasTouchScreen=false, version=86.0.4240.183, platform=MAC, browserConnectionEnabled=false, nativeEvents=true, acceptSslCerts=true, locationContextEnabled=true, webStorageEnabled=true, browserName=chrome, takesScreenshot=true, javascriptEnabled=true, cssSelectorsEnabled=true, setWindowRect=true, unexpectedAlertBehaviour=}],Session ID: d1ae4d5d2752a841d941404ddbfb7607; unknown error: call function result missing &#39;value&#39;
   {&#34;status&#34;:-1,&#34;state&#34;:&#34;unknown error&#34;,&#34;code&#34;:&#34;&#34;,&#34;value&#34;:{&#34;systemInformation&#34;:&#34;System info: host: &#39;MacBook-Pro-de-Paul.local&#39;, ip: &#39;fe80:0:0:0:1854:68a:9f2c:78b9%en0&#39;, os.name: &#39;Mac OS X&#39;, os.arch: &#39;x86_64&#39;, os.version: &#39;10.15.4&#39;, java.version: &#39;13.0.1&#39;&#34;,&#34;message&#34;:&#34;unknown error: call function result missing &#39;value&#39;&#34;,&#34;error&#34;:[&#34;  (Session info: chrome=86.0.4240.183)&#34;,&#34;  (Driver info: chromedriver=2.32.498537 (cb2f855cbc7b82e20387eaf9a43f6b99b6105061),platform=Mac OS X 10.15.4 x86_64) (WARNING: The server did not provide any stacktrace information)&#34;,&#34;Command duration or timeout: 18 milliseconds&#34;,&#34;Build info: version: &#39;3.4.0&#39;, revision: &#39;unknown&#39;, time: &#39;unknown&#39;&#34;,&#34;System info: host: &#39;MacBook-Pro-de-Paul.local&#39;, ip: &#39;fe80:0:0:0:1854:68a:9f2c:78b9%en0&#39;, os.name: &#39;Mac OS X&#39;, os.arch: &#39;x86_64&#39;, os.version: &#39;10.15.4&#39;, java.version: &#39;13.0.1&#39;&#34;,&#34;Driver info: org.openqa.selenium.chrome.ChromeDriver&#34;,&#34;Capabilities [{applicationCacheEnabled=false, rotatable=false, mobileEmulationEnabled=false, networkConnectionEnabled=false, chrome={chromedriverVersion=2.32.498537 (cb2f855cbc7b82e20387eaf9a43f6b99b6105061), userDataDir=/var/folders/mg/5v6c75rx19s2l9klbl5h3sl80000gn/T/.org.chromium.Chromium.bpgFJs}, takesHeapSnapshot=true, pageLoadStrategy=normal, databaseEnabled=false, handlesAlerts=true, hasTouchScreen=false, version=86.0.4240.183, platform=MAC, browserConnectionEnabled=false, nativeEvents=true, acceptSslCerts=true, locationContextEnabled=true, webStorageEnabled=true, browserName=chrome, takesScreenshot=true, javascriptEnabled=true, cssSelectorsEnabled=true, setWindowRect=true, unexpectedAlertBehaviour=}]&#34;,&#34;Session ID: d1ae4d5d2752a841d941404ddbfb7607&#34;]},&#34;errorStatus&#34;:13,&#34;error&#34;:&#34;An unknown server-side error occurred while processing the command. – unknown error: call function result missing &#39;value...&#34;,&#34;httpStatusCode&#34;:500}
       at runMicrotasks (&lt;anonymous&gt;)
       at processTicksAndRejections (internal/process/task_queues.js:93:5)
  TimeoutError: An error occurred while running .submitForm() command on &lt;#add-to-cart-form&gt;:   (Session info: chrome=86.0.4240.183),  (Driver info: chromedriver=2.32.498537 (cb2f855cbc7b82e20387eaf9a43f6b99b6105061),platform=Mac OS X 10.15.4 x86_64) (WARNING: The server did not provide any stacktrace information),Command duration or timeout: 10 milliseconds,Build info: version: &#39;3.4.0&#39;, revision: &#39;unknown&#39;, time: &#39;unknown&#39;,System info: host: &#39;MacBook-Pro-de-Paul.local&#39;, ip: &#39;fe80:0:0:0:1854:68a:9f2c:78b9%en0&#39;, os.name: &#39;Mac OS X&#39;, os.arch: &#39;x86_64&#39;, os.version: &#39;10.15.4&#39;, java.version: &#39;13.0.1&#39;,Driver info: org.openqa.selenium.chrome.ChromeDriver,Capabilities [{applicationCacheEnabled=false, rotatable=false, mobileEmulationEnabled=false, networkConnectionEnabled=false, chrome={chromedriverVersion=2.32.498537 (cb2f855cbc7b82e20387eaf9a43f6b99b6105061), userDataDir=/var/folders/mg/5v6c75rx19s2l9klbl5h3sl80000gn/T/.org.chromium.Chromium.bpgFJs}, takesHeapSnapshot=true, pageLoadStrategy=normal, databaseEnabled=false, handlesAlerts=true, hasTouchScreen=false, version=86.0.4240.183, platform=MAC, browserConnectionEnabled=false, nativeEvents=true, acceptSslCerts=true, locationContextEnabled=true, webStorageEnabled=true, browserName=chrome, takesScreenshot=true, javascriptEnabled=true, cssSelectorsEnabled=true, setWindowRect=true, unexpectedAlertBehaviour=}],Session ID: d1ae4d5d2752a841d941404ddbfb7607; unknown error: call function result missing &#39;value&#39;
   {&#34;status&#34;:-1,&#34;state&#34;:&#34;unknown error&#34;,&#34;code&#34;:&#34;&#34;,&#34;value&#34;:{&#34;systemInformation&#34;:&#34;System info: host: &#39;MacBook-Pro-de-Paul.local&#39;, ip: &#39;fe80:0:0:0:1854:68a:9f2c:78b9%en0&#39;, os.name: &#39;Mac OS X&#39;, os.arch: &#39;x86_64&#39;, os.version: &#39;10.15.4&#39;, java.version: &#39;13.0.1&#39;&#34;,&#34;message&#34;:&#34;unknown error: call function result missing &#39;value&#39;&#34;,&#34;error&#34;:[&#34;  (Session info: chrome=86.0.4240.183)&#34;,&#34;  (Driver info: chromedriver=2.32.498537 (cb2f855cbc7b82e20387eaf9a43f6b99b6105061),platform=Mac OS X 10.15.4 x86_64) (WARNING: The server did not provide any stacktrace information)&#34;,&#34;Command duration or timeout: 10 milliseconds&#34;,&#34;Build info: version: &#39;3.4.0&#39;, revision: &#39;unknown&#39;, time: &#39;unknown&#39;&#34;,&#34;System info: host: &#39;MacBook-Pro-de-Paul.local&#39;, ip: &#39;fe80:0:0:0:1854:68a:9f2c:78b9%en0&#39;, os.name: &#39;Mac OS X&#39;, os.arch: &#39;x86_64&#39;, os.version: &#39;10.15.4&#39;, java.version: &#39;13.0.1&#39;&#34;,&#34;Driver info: org.openqa.selenium.chrome.ChromeDriver&#34;,&#34;Capabilities [{applicationCacheEnabled=false, rotatable=false, mobileEmulationEnabled=false, networkConnectionEnabled=false, chrome={chromedriverVersion=2.32.498537 (cb2f855cbc7b82e20387eaf9a43f6b99b6105061), userDataDir=/var/folders/mg/5v6c75rx19s2l9klbl5h3sl80000gn/T/.org.chromium.Chromium.bpgFJs}, takesHeapSnapshot=true, pageLoadStrategy=normal, databaseEnabled=false, handlesAlerts=true, hasTouchScreen=false, version=86.0.4240.183, platform=MAC, browserConnectionEnabled=false, nativeEvents=true, acceptSslCerts=true, locationContextEnabled=true, webStorageEnabled=true, browserName=chrome, takesScreenshot=true, javascriptEnabled=true, cssSelectorsEnabled=true, setWindowRect=true, unexpectedAlertBehaviour=}]&#34;,&#34;Session ID: d1ae4d5d2752a841d941404ddbfb7607&#34;]},&#34;errorStatus&#34;:13,&#34;error&#34;:&#34;An unknown server-side error occurred while processing the command. – unknown error: call function result missing &#39;value...&#34;,&#34;httpStatusCode&#34;:500}
       at runMicrotasks (&lt;anonymous&gt;)
       at processTicksAndRejections (internal/process/task_queues.js:93:5)
  TimeoutError: An error occurred while running .clearValue() command on &lt;#add-to-cart-form input&gt;:   (Session info: chrome=86.0.4240.183),  (Driver info: chromedriver=2.32.498537 (cb2f855cbc7b82e20387eaf9a43f6b99b6105061),platform=Mac OS X 10.15.4 x86_64) (WARNING: The server did not provide any stacktrace information),Command duration or timeout: 12 milliseconds,Build info: version: &#39;3.4.0&#39;, revision: &#39;unknown&#39;, time: &#39;unknown&#39;,System info: host: &#39;MacBook-Pro-de-Paul.local&#39;, ip: &#39;fe80:0:0:0:1854:68a:9f2c:78b9%en0&#39;, os.name: &#39;Mac OS X&#39;, os.arch: &#39;x86_64&#39;, os.version: &#39;10.15.4&#39;, java.version: &#39;13.0.1&#39;,Driver info: org.openqa.selenium.chrome.ChromeDriver,Capabilities [{applicationCacheEnabled=false, rotatable=false, mobileEmulationEnabled=false, networkConnectionEnabled=false, chrome={chromedriverVersion=2.32.498537 (cb2f855cbc7b82e20387eaf9a43f6b99b6105061), userDataDir=/var/folders/mg/5v6c75rx19s2l9klbl5h3sl80000gn/T/.org.chromium.Chromium.bpgFJs}, takesHeapSnapshot=true, pageLoadStrategy=normal, databaseEnabled=false, handlesAlerts=true, hasTouchScreen=false, version=86.0.4240.183, platform=MAC, browserConnectionEnabled=false, nativeEvents=true, acceptSslCerts=true, locationContextEnabled=true, webStorageEnabled=true, browserName=chrome, takesScreenshot=true, javascriptEnabled=true, cssSelectorsEnabled=true, setWindowRect=true, unexpectedAlertBehaviour=}],Session ID: d1ae4d5d2752a841d941404ddbfb7607; unknown error: call function result missing &#39;value&#39;
   {&#34;status&#34;:-1,&#34;state&#34;:&#34;unknown error&#34;,&#34;code&#34;:&#34;&#34;,&#34;value&#34;:{&#34;systemInformation&#34;:&#34;System info: host: &#39;MacBook-Pro-de-Paul.local&#39;, ip: &#39;fe80:0:0:0:1854:68a:9f2c:78b9%en0&#39;, os.name: &#39;Mac OS X&#39;, os.arch: &#39;x86_64&#39;, os.version: &#39;10.15.4&#39;, java.version: &#39;13.0.1&#39;&#34;,&#34;message&#34;:&#34;unknown error: call function result missing &#39;value&#39;&#34;,&#34;error&#34;:[&#34;  (Session info: chrome=86.0.4240.183)&#34;,&#34;  (Driver info: chromedriver=2.32.498537 (cb2f855cbc7b82e20387eaf9a43f6b99b6105061),platform=Mac OS X 10.15.4 x86_64) (WARNING: The server did not provide any stacktrace information)&#34;,&#34;Command duration or timeout: 12 milliseconds&#34;,&#34;Build info: version: &#39;3.4.0&#39;, revision: &#39;unknown&#39;, time: &#39;unknown&#39;&#34;,&#34;System info: host: &#39;MacBook-Pro-de-Paul.local&#39;, ip: &#39;fe80:0:0:0:1854:68a:9f2c:78b9%en0&#39;, os.name: &#39;Mac OS X&#39;, os.arch: &#39;x86_64&#39;, os.version: &#39;10.15.4&#39;, java.version: &#39;13.0.1&#39;&#34;,&#34;Driver info: org.openqa.selenium.chrome.ChromeDriver&#34;,&#34;Capabilities [{applicationCacheEnabled=false, rotatable=false, mobileEmulationEnabled=false, networkConnectionEnabled=false, chrome={chromedriverVersion=2.32.498537 (cb2f855cbc7b82e20387eaf9a43f6b99b6105061), userDataDir=/var/folders/mg/5v6c75rx19s2l9klbl5h3sl80000gn/T/.org.chromium.Chromium.bpgFJs}, takesHeapSnapshot=true, pageLoadStrategy=normal, databaseEnabled=false, handlesAlerts=true, hasTouchScreen=false, version=86.0.4240.183, platform=MAC, browserConnectionEnabled=false, nativeEvents=true, acceptSslCerts=true, locationContextEnabled=true, webStorageEnabled=true, browserName=chrome, takesScreenshot=true, javascriptEnabled=true, cssSelectorsEnabled=true, setWindowRect=true, unexpectedAlertBehaviour=}]&#34;,&#34;Session ID: d1ae4d5d2752a841d941404ddbfb7607&#34;]},&#34;errorStatus&#34;:13,&#34;error&#34;:&#34;An unknown server-side error occurred while processing the command. – unknown error: call function result missing &#39;value...&#34;,&#34;httpStatusCode&#34;:500}
       at runMicrotasks (&lt;anonymous&gt;)
       at processTicksAndRejections (internal/process/task_queues.js:93:5)
  TimeoutError: An error occurred while running .setValue() command on &lt;#add-to-cart-form input&gt;:   (Session info: chrome=86.0.4240.183),  (Driver info: chromedriver=2.32.498537 (cb2f855cbc7b82e20387eaf9a43f6b99b6105061),platform=Mac OS X 10.15.4 x86_64) (WARNING: The server did not provide any stacktrace information),Command duration or timeout: 19 milliseconds,Build info: version: &#39;3.4.0&#39;, revision: &#39;unknown&#39;, time: &#39;unknown&#39;,System info: host: &#39;MacBook-Pro-de-Paul.local&#39;, ip: &#39;fe80:0:0:0:1854:68a:9f2c:78b9%en0&#39;, os.name: &#39;Mac OS X&#39;, os.arch: &#39;x86_64&#39;, os.version: &#39;10.15.4&#39;, java.version: &#39;13.0.1&#39;,Driver info: org.openqa.selenium.chrome.ChromeDriver,Capabilities [{applicationCacheEnabled=false, rotatable=false, mobileEmulationEnabled=false, networkConnectionEnabled=false, chrome={chromedriverVersion=2.32.498537 (cb2f855cbc7b82e20387eaf9a43f6b99b6105061), userDataDir=/var/folders/mg/5v6c75rx19s2l9klbl5h3sl80000gn/T/.org.chromium.Chromium.bpgFJs}, takesHeapSnapshot=true, pageLoadStrategy=normal, databaseEnabled=false, handlesAlerts=true, hasTouchScreen=false, version=86.0.4240.183, platform=MAC, browserConnectionEnabled=false, nativeEvents=true, acceptSslCerts=true, locationContextEnabled=true, webStorageEnabled=true, browserName=chrome, takesScreenshot=true, javascriptEnabled=true, cssSelectorsEnabled=true, setWindowRect=true, unexpectedAlertBehaviour=}],Session ID: d1ae4d5d2752a841d941404ddbfb7607; unknown error: call function result missing &#39;value&#39;
   {&#34;status&#34;:-1,&#34;state&#34;:&#34;unknown error&#34;,&#34;code&#34;:&#34;&#34;,&#34;value&#34;:{&#34;systemInformation&#34;:&#34;System info: host: &#39;MacBook-Pro-de-Paul.local&#39;, ip: &#39;fe80:0:0:0:1854:68a:9f2c:78b9%en0&#39;, os.name: &#39;Mac OS X&#39;, os.arch: &#39;x86_64&#39;, os.version: &#39;10.15.4&#39;, java.version: &#39;13.0.1&#39;&#34;,&#34;message&#34;:&#34;unknown error: call function result missing &#39;value&#39;&#34;,&#34;error&#34;:[&#34;  (Session info: chrome=86.0.4240.183)&#34;,&#34;  (Driver info: chromedriver=2.32.498537 (cb2f855cbc7b82e20387eaf9a43f6b99b6105061),platform=Mac OS X 10.15.4 x86_64) (WARNING: The server did not provide any stacktrace information)&#34;,&#34;Command duration or timeout: 19 milliseconds&#34;,&#34;Build info: version: &#39;3.4.0&#39;, revision: &#39;unknown&#39;, time: &#39;unknown&#39;&#34;,&#34;System info: host: &#39;MacBook-Pro-de-Paul.local&#39;, ip: &#39;fe80:0:0:0:1854:68a:9f2c:78b9%en0&#39;, os.name: &#39;Mac OS X&#39;, os.arch: &#39;x86_64&#39;, os.version: &#39;10.15.4&#39;, java.version: &#39;13.0.1&#39;&#34;,&#34;Driver info: org.openqa.selenium.chrome.ChromeDriver&#34;,&#34;Capabilities [{applicationCacheEnabled=false, rotatable=false, mobileEmulationEnabled=false, networkConnectionEnabled=false, chrome={chromedriverVersion=2.32.498537 (cb2f855cbc7b82e20387eaf9a43f6b99b6105061), userDataDir=/var/folders/mg/5v6c75rx19s2l9klbl5h3sl80000gn/T/.org.chromium.Chromium.bpgFJs}, takesHeapSnapshot=true, pageLoadStrategy=normal, databaseEnabled=false, handlesAlerts=true, hasTouchScreen=false, version=86.0.4240.183, platform=MAC, browserConnectionEnabled=false, nativeEvents=true, acceptSslCerts=true, locationContextEnabled=true, webStorageEnabled=true, browserName=chrome, takesScreenshot=true, javascriptEnabled=true, cssSelectorsEnabled=true, setWindowRect=true, unexpectedAlertBehaviour=}]&#34;,&#34;Session ID: d1ae4d5d2752a841d941404ddbfb7607&#34;]},&#34;errorStatus&#34;:13,&#34;error&#34;:&#34;An unknown server-side error occurred while processing the command. – unknown error: call function result missing &#39;value...&#34;,&#34;httpStatusCode&#34;:500}
       at runMicrotasks (&lt;anonymous&gt;)
       at processTicksAndRejections (internal/process/task_queues.js:93:5)
  TimeoutError: An error occurred while running .submitForm() command on &lt;#add-to-cart-form&gt;:   (Session info: chrome=86.0.4240.183),  (Driver info: chromedriver=2.32.498537 (cb2f855cbc7b82e20387eaf9a43f6b99b6105061),platform=Mac OS X 10.15.4 x86_64) (WARNING: The server did not provide any stacktrace information),Command duration or timeout: 10 milliseconds,Build info: version: &#39;3.4.0&#39;, revision: &#39;unknown&#39;, time: &#39;unknown&#39;,System info: host: &#39;MacBook-Pro-de-Paul.local&#39;, ip: &#39;fe80:0:0:0:1854:68a:9f2c:78b9%en0&#39;, os.name: &#39;Mac OS X&#39;, os.arch: &#39;x86_64&#39;, os.version: &#39;10.15.4&#39;, java.version: &#39;13.0.1&#39;,Driver info: org.openqa.selenium.chrome.ChromeDriver,Capabilities [{applicationCacheEnabled=false, rotatable=false, mobileEmulationEnabled=false, networkConnectionEnabled=false, chrome={chromedriverVersion=2.32.498537 (cb2f855cbc7b82e20387eaf9a43f6b99b6105061), userDataDir=/var/folders/mg/5v6c75rx19s2l9klbl5h3sl80000gn/T/.org.chromium.Chromium.bpgFJs}, takesHeapSnapshot=true, pageLoadStrategy=normal, databaseEnabled=false, handlesAlerts=true, hasTouchScreen=false, version=86.0.4240.183, platform=MAC, browserConnectionEnabled=false, nativeEvents=true, acceptSslCerts=true, locationContextEnabled=true, webStorageEnabled=true, browserName=chrome, takesScreenshot=true, javascriptEnabled=true, cssSelectorsEnabled=true, setWindowRect=true, unexpectedAlertBehaviour=}],Session ID: d1ae4d5d2752a841d941404ddbfb7607; unknown error: call function result missing &#39;value&#39;
   {&#34;status&#34;:-1,&#34;state&#34;:&#34;unknown error&#34;,&#34;code&#34;:&#34;&#34;,&#34;value&#34;:{&#34;systemInformation&#34;:&#34;System info: host: &#39;MacBook-Pro-de-Paul.local&#39;, ip: &#39;fe80:0:0:0:1854:68a:9f2c:78b9%en0&#39;, os.name: &#39;Mac OS X&#39;, os.arch: &#39;x86_64&#39;, os.version: &#39;10.15.4&#39;, java.version: &#39;13.0.1&#39;&#34;,&#34;message&#34;:&#34;unknown error: call function result missing &#39;value&#39;&#34;,&#34;error&#34;:[&#34;  (Session info: chrome=86.0.4240.183)&#34;,&#34;  (Driver info: chromedriver=2.32.498537 (cb2f855cbc7b82e20387eaf9a43f6b99b6105061),platform=Mac OS X 10.15.4 x86_64) (WARNING: The server did not provide any stacktrace information)&#34;,&#34;Command duration or timeout: 10 milliseconds&#34;,&#34;Build info: version: &#39;3.4.0&#39;, revision: &#39;unknown&#39;, time: &#39;unknown&#39;&#34;,&#34;System info: host: &#39;MacBook-Pro-de-Paul.local&#39;, ip: &#39;fe80:0:0:0:1854:68a:9f2c:78b9%en0&#39;, os.name: &#39;Mac OS X&#39;, os.arch: &#39;x86_64&#39;, os.version: &#39;10.15.4&#39;, java.version: &#39;13.0.1&#39;&#34;,&#34;Driver info: org.openqa.selenium.chrome.ChromeDriver&#34;,&#34;Capabilities [{applicationCacheEnabled=false, rotatable=false, mobileEmulationEnabled=false, networkConnectionEnabled=false, chrome={chromedriverVersion=2.32.498537 (cb2f855cbc7b82e20387eaf9a43f6b99b6105061), userDataDir=/var/folders/mg/5v6c75rx19s2l9klbl5h3sl80000gn/T/.org.chromium.Chromium.bpgFJs}, takesHeapSnapshot=true, pageLoadStrategy=normal, databaseEnabled=false, handlesAlerts=true, hasTouchScreen=false, version=86.0.4240.183, platform=MAC, browserConnectionEnabled=false, nativeEvents=true, acceptSslCerts=true, locationContextEnabled=true, webStorageEnabled=true, browserName=chrome, takesScreenshot=true, javascriptEnabled=true, cssSelectorsEnabled=true, setWindowRect=true, unexpectedAlertBehaviour=}]&#34;,&#34;Session ID: d1ae4d5d2752a841d941404ddbfb7607&#34;]},&#34;errorStatus&#34;:13,&#34;error&#34;:&#34;An unknown server-side error occurred while processing the command. – unknown error: call function result missing &#39;value...&#34;,&#34;httpStatusCode&#34;:500}
       at runMicrotasks (&lt;anonymous&gt;)
       at processTicksAndRejections (internal/process/task_queues.js:93:5)
  TimeoutError: An error occurred while running .clearValue() command on &lt;#add-to-cart-form input&gt;:   (Session info: chrome=86.0.4240.183),  (Driver info: chromedriver=2.32.498537 (cb2f855cbc7b82e20387eaf9a43f6b99b6105061),platform=Mac OS X 10.15.4 x86_64) (WARNING: The server did not provide any stacktrace information),Command duration or timeout: 13 milliseconds,Build info: version: &#39;3.4.0&#39;, revision: &#39;unknown&#39;, time: &#39;unknown&#39;,System info: host: &#39;MacBook-Pro-de-Paul.local&#39;, ip: &#39;fe80:0:0:0:1854:68a:9f2c:78b9%en0&#39;, os.name: &#39;Mac OS X&#39;, os.arch: &#39;x86_64&#39;, os.version: &#39;10.15.4&#39;, java.version: &#39;13.0.1&#39;,Driver info: org.openqa.selenium.chrome.ChromeDriver,Capabilities [{applicationCacheEnabled=false, rotatable=false, mobileEmulationEnabled=false, networkConnectionEnabled=false, chrome={chromedriverVersion=2.32.498537 (cb2f855cbc7b82e20387eaf9a43f6b99b6105061), userDataDir=/var/folders/mg/5v6c75rx19s2l9klbl5h3sl80000gn/T/.org.chromium.Chromium.bpgFJs}, takesHeapSnapshot=true, pageLoadStrategy=normal, databaseEnabled=false, handlesAlerts=true, hasTouchScreen=false, version=86.0.4240.183, platform=MAC, browserConnectionEnabled=false, nativeEvents=true, acceptSslCerts=true, locationContextEnabled=true, webStorageEnabled=true, browserName=chrome, takesScreenshot=true, javascriptEnabled=true, cssSelectorsEnabled=true, setWindowRect=true, unexpectedAlertBehaviour=}],Session ID: d1ae4d5d2752a841d941404ddbfb7607; unknown error: call function result missing &#39;value&#39;
   {&#34;status&#34;:-1,&#34;state&#34;:&#34;unknown error&#34;,&#34;code&#34;:&#34;&#34;,&#34;value&#34;:{&#34;systemInformation&#34;:&#34;System info: host: &#39;MacBook-Pro-de-Paul.local&#39;, ip: &#39;fe80:0:0:0:1854:68a:9f2c:78b9%en0&#39;, os.name: &#39;Mac OS X&#39;, os.arch: &#39;x86_64&#39;, os.version: &#39;10.15.4&#39;, java.version: &#39;13.0.1&#39;&#34;,&#34;message&#34;:&#34;unknown error: call function result missing &#39;value&#39;&#34;,&#34;error&#34;:[&#34;  (Session info: chrome=86.0.4240.183)&#34;,&#34;  (Driver info: chromedriver=2.32.498537 (cb2f855cbc7b82e20387eaf9a43f6b99b6105061),platform=Mac OS X 10.15.4 x86_64) (WARNING: The server did not provide any stacktrace information)&#34;,&#34;Command duration or timeout: 13 milliseconds&#34;,&#34;Build info: version: &#39;3.4.0&#39;, revision: &#39;unknown&#39;, time: &#39;unknown&#39;&#34;,&#34;System info: host: &#39;MacBook-Pro-de-Paul.local&#39;, ip: &#39;fe80:0:0:0:1854:68a:9f2c:78b9%en0&#39;, os.name: &#39;Mac OS X&#39;, os.arch: &#39;x86_64&#39;, os.version: &#39;10.15.4&#39;, java.version: &#39;13.0.1&#39;&#34;,&#34;Driver info: org.openqa.selenium.chrome.ChromeDriver&#34;,&#34;Capabilities [{applicationCacheEnabled=false, rotatable=false, mobileEmulationEnabled=false, networkConnectionEnabled=false, chrome={chromedriverVersion=2.32.498537 (cb2f855cbc7b82e20387eaf9a43f6b99b6105061), userDataDir=/var/folders/mg/5v6c75rx19s2l9klbl5h3sl80000gn/T/.org.chromium.Chromium.bpgFJs}, takesHeapSnapshot=true, pageLoadStrategy=normal, databaseEnabled=false, handlesAlerts=true, hasTouchScreen=false, version=86.0.4240.183, platform=MAC, browserConnectionEnabled=false, nativeEvents=true, acceptSslCerts=true, locationContextEnabled=true, webStorageEnabled=true, browserName=chrome, takesScreenshot=true, javascriptEnabled=true, cssSelectorsEnabled=true, setWindowRect=true, unexpectedAlertBehaviour=}]&#34;,&#34;Session ID: d1ae4d5d2752a841d941404ddbfb7607&#34;]},&#34;errorStatus&#34;:13,&#34;error&#34;:&#34;An unknown server-side error occurred while processing the command. – unknown error: call function result missing &#39;value...&#34;,&#34;httpStatusCode&#34;:500}
       at runMicrotasks (&lt;anonymous&gt;)
       at processTicksAndRejections (internal/process/task_queues.js:93:5)
  TimeoutError: An error occurred while running .setValue() command on &lt;#add-to-cart-form input&gt;:   (Session info: chrome=86.0.4240.183),  (Driver info: chromedriver=2.32.498537 (cb2f855cbc7b82e20387eaf9a43f6b99b6105061),platform=Mac OS X 10.15.4 x86_64) (WARNING: The server did not provide any stacktrace information),Command duration or timeout: 19 milliseconds,Build info: version: &#39;3.4.0&#39;, revision: &#39;unknown&#39;, time: &#39;unknown&#39;,System info: host: &#39;MacBook-Pro-de-Paul.local&#39;, ip: &#39;fe80:0:0:0:1854:68a:9f2c:78b9%en0&#39;, os.name: &#39;Mac OS X&#39;, os.arch: &#39;x86_64&#39;, os.version: &#39;10.15.4&#39;, java.version: &#39;13.0.1&#39;,Driver info: org.openqa.selenium.chrome.ChromeDriver,Capabilities [{applicationCacheEnabled=false, rotatable=false, mobileEmulationEnabled=false, networkConnectionEnabled=false, chrome={chromedriverVersion=2.32.498537 (cb2f855cbc7b82e20387eaf9a43f6b99b6105061), userDataDir=/var/folders/mg/5v6c75rx19s2l9klbl5h3sl80000gn/T/.org.chromium.Chromium.bpgFJs}, takesHeapSnapshot=true, pageLoadStrategy=normal, databaseEnabled=false, handlesAlerts=true, hasTouchScreen=false, version=86.0.4240.183, platform=MAC, browserConnectionEnabled=false, nativeEvents=true, acceptSslCerts=true, locationContextEnabled=true, webStorageEnabled=true, browserName=chrome, takesScreenshot=true, javascriptEnabled=true, cssSelectorsEnabled=true, setWindowRect=true, unexpectedAlertBehaviour=}],Session ID: d1ae4d5d2752a841d941404ddbfb7607; unknown error: call function result missing &#39;value&#39;
   {&#34;status&#34;:-1,&#34;state&#34;:&#34;unknown error&#34;,&#34;code&#34;:&#34;&#34;,&#34;value&#34;:{&#34;systemInformation&#34;:&#34;System info: host: &#39;MacBook-Pro-de-Paul.local&#39;, ip: &#39;fe80:0:0:0:1854:68a:9f2c:78b9%en0&#39;, os.name: &#39;Mac OS X&#39;, os.arch: &#39;x86_64&#39;, os.version: &#39;10.15.4&#39;, java.version: &#39;13.0.1&#39;&#34;,&#34;message&#34;:&#34;unknown error: call function result missing &#39;value&#39;&#34;,&#34;error&#34;:[&#34;  (Session info: chrome=86.0.4240.183)&#34;,&#34;  (Driver info: chromedriver=2.32.498537 (cb2f855cbc7b82e20387eaf9a43f6b99b6105061),platform=Mac OS X 10.15.4 x86_64) (WARNING: The server did not provide any stacktrace information)&#34;,&#34;Command duration or timeout: 19 milliseconds&#34;,&#34;Build info: version: &#39;3.4.0&#39;, revision: &#39;unknown&#39;, time: &#39;unknown&#39;&#34;,&#34;System info: host: &#39;MacBook-Pro-de-Paul.local&#39;, ip: &#39;fe80:0:0:0:1854:68a:9f2c:78b9%en0&#39;, os.name: &#39;Mac OS X&#39;, os.arch: &#39;x86_64&#39;, os.version: &#39;10.15.4&#39;, java.version: &#39;13.0.1&#39;&#34;,&#34;Driver info: org.openqa.selenium.chrome.ChromeDriver&#34;,&#34;Capabilities [{applicationCacheEnabled=false, rotatable=false, mobileEmulationEnabled=false, networkConnectionEnabled=false, chrome={chromedriverVersion=2.32.498537 (cb2f855cbc7b82e20387eaf9a43f6b99b6105061), userDataDir=/var/folders/mg/5v6c75rx19s2l9klbl5h3sl80000gn/T/.org.chromium.Chromium.bpgFJs}, takesHeapSnapshot=true, pageLoadStrategy=normal, databaseEnabled=false, handlesAlerts=true, hasTouchScreen=false, version=86.0.4240.183, platform=MAC, browserConnectionEnabled=false, nativeEvents=true, acceptSslCerts=true, locationContextEnabled=true, webStorageEnabled=true, browserName=chrome, takesScreenshot=true, javascriptEnabled=true, cssSelectorsEnabled=true, setWindowRect=true, unexpectedAlertBehaviour=}]&#34;,&#34;Session ID: d1ae4d5d2752a841d941404ddbfb7607&#34;]},&#34;errorStatus&#34;:13,&#34;error&#34;:&#34;An unknown server-side error occurred while processing the command. – unknown error: call function result missing &#39;value...&#34;,&#34;httpStatusCode&#34;:500}
       at runMicrotasks (&lt;anonymous&gt;)
       at processTicksAndRejections (internal/process/task_queues.js:93:5)
  TimeoutError: An error occurred while running .submitForm() command on &lt;#add-to-cart-form&gt;:   (Session info: chrome=86.0.4240.183),  (Driver info: chromedriver=2.32.498537 (cb2f855cbc7b82e20387eaf9a43f6b99b6105061),platform=Mac OS X 10.15.4 x86_64) (WARNING: The server did not provide any stacktrace information),Command duration or timeout: 11 milliseconds,Build info: version: &#39;3.4.0&#39;, revision: &#39;unknown&#39;, time: &#39;unknown&#39;,System info: host: &#39;MacBook-Pro-de-Paul.local&#39;, ip: &#39;fe80:0:0:0:1854:68a:9f2c:78b9%en0&#39;, os.name: &#39;Mac OS X&#39;, os.arch: &#39;x86_64&#39;, os.version: &#39;10.15.4&#39;, java.version: &#39;13.0.1&#39;,Driver info: org.openqa.selenium.chrome.ChromeDriver,Capabilities [{applicationCacheEnabled=false, rotatable=false, mobileEmulationEnabled=false, networkConnectionEnabled=false, chrome={chromedriverVersion=2.32.498537 (cb2f855cbc7b82e20387eaf9a43f6b99b6105061), userDataDir=/var/folders/mg/5v6c75rx19s2l9klbl5h3sl80000gn/T/.org.chromium.Chromium.bpgFJs}, takesHeapSnapshot=true, pageLoadStrategy=normal, databaseEnabled=false, handlesAlerts=true, hasTouchScreen=false, version=86.0.4240.183, platform=MAC, browserConnectionEnabled=false, nativeEvents=true, acceptSslCerts=true, locationContextEnabled=true, webStorageEnabled=true, browserName=chrome, takesScreenshot=true, javascriptEnabled=true, cssSelectorsEnabled=true, setWindowRect=true, unexpectedAlertBehaviour=}],Session ID: d1ae4d5d2752a841d941404ddbfb7607; unknown error: call function result missing &#39;value&#39;
   {&#34;status&#34;:-1,&#34;state&#34;:&#34;unknown error&#34;,&#34;code&#34;:&#34;&#34;,&#34;value&#34;:{&#34;systemInformation&#34;:&#34;System info: host: &#39;MacBook-Pro-de-Paul.local&#39;, ip: &#39;fe80:0:0:0:1854:68a:9f2c:78b9%en0&#39;, os.name: &#39;Mac OS X&#39;, os.arch: &#39;x86_64&#39;, os.version: &#39;10.15.4&#39;, java.version: &#39;13.0.1&#39;&#34;,&#34;message&#34;:&#34;unknown error: call function result missing &#39;value&#39;&#34;,&#34;error&#34;:[&#34;  (Session info: chrome=86.0.4240.183)&#34;,&#34;  (Driver info: chromedriver=2.32.498537 (cb2f855cbc7b82e20387eaf9a43f6b99b6105061),platform=Mac OS X 10.15.4 x86_64) (WARNING: The server did not provide any stacktrace information)&#34;,&#34;Command duration or timeout: 11 milliseconds&#34;,&#34;Build info: version: &#39;3.4.0&#39;, revision: &#39;unknown&#39;, time: &#39;unknown&#39;&#34;,&#34;System info: host: &#39;MacBook-Pro-de-Paul.local&#39;, ip: &#39;fe80:0:0:0:1854:68a:9f2c:78b9%en0&#39;, os.name: &#39;Mac OS X&#39;, os.arch: &#39;x86_64&#39;, os.version: &#39;10.15.4&#39;, java.version: &#39;13.0.1&#39;&#34;,&#34;Driver info: org.openqa.selenium.chrome.ChromeDriver&#34;,&#34;Capabilities [{applicationCacheEnabled=false, rotatable=false, mobileEmulationEnabled=false, networkConnectionEnabled=false, chrome={chromedriverVersion=2.32.498537 (cb2f855cbc7b82e20387eaf9a43f6b99b6105061), userDataDir=/var/folders/mg/5v6c75rx19s2l9klbl5h3sl80000gn/T/.org.chromium.Chromium.bpgFJs}, takesHeapSnapshot=true, pageLoadStrategy=normal, databaseEnabled=false, handlesAlerts=true, hasTouchScreen=false, version=86.0.4240.183, platform=MAC, browserConnectionEnabled=false, nativeEvents=true, acceptSslCerts=true, locationContextEnabled=true, webStorageEnabled=true, browserName=chrome, takesScreenshot=true, javascriptEnabled=true, cssSelectorsEnabled=true, setWindowRect=true, unexpectedAlertBehaviour=}]&#34;,&#34;Session ID: d1ae4d5d2752a841d941404ddbfb7607&#34;]},&#34;errorStatus&#34;:13,&#34;error&#34;:&#34;An unknown server-side error occurred while processing the command. – unknown error: call function result missing &#39;value...&#34;,&#34;httpStatusCode&#34;:500}
       at runMicrotasks (&lt;anonymous&gt;)
       at processTicksAndRejections (internal/process/task_queues.js:93:5)
  NoSuchElementError: An error occurred while running .click() command on &lt;.remove-item-button&gt;: 
   {&#34;state&#34;:&#34;success&#34;,&#34;sessionId&#34;:&#34;d604a705-4873-430a-a091-1b8e6e237ed3&#34;,&#34;value&#34;:[],&#34;status&#34;:0}
       at processTicksAndRejections (internal/process/task_queues.js:93:5)
  NoSuchElementError: An error occurred while running .click() command on &lt;.add-quantity-button&gt;: 
   {&#34;state&#34;:&#34;success&#34;,&#34;sessionId&#34;:&#34;d604a705-4873-430a-a091-1b8e6e237ed3&#34;,&#34;value&#34;:[],&#34;status&#34;:0}
       at processTicksAndRejections (internal/process/task_queues.js:93:5)
  NoSuchElementError: An error occurred while running .click() command on &lt;.remove-quantity-button&gt;: 
   {&#34;state&#34;:&#34;success&#34;,&#34;sessionId&#34;:&#34;d604a705-4873-430a-a091-1b8e6e237ed3&#34;,&#34;value&#34;:[],&#34;status&#34;:0}
       at processTicksAndRejections (internal/process/task_queues.js:93:5)
  NoSuchElementError: An error occurred while running .click() command on &lt;#remove-all-items-button&gt;: 
   {&#34;state&#34;:&#34;success&#34;,&#34;sessionId&#34;:&#34;d604a705-4873-430a-a091-1b8e6e237ed3&#34;,&#34;value&#34;:[],&#34;status&#34;:0}
       at processTicksAndRejections (internal/process/task_queues.js:93:5)
  TimeoutError: An error occurred while running .clearValue() command on &lt;#add-to-cart-form input&gt;:   (Session info: chrome=86.0.4240.183),  (Driver info: chromedriver=2.32.498537 (cb2f855cbc7b82e20387eaf9a43f6b99b6105061),platform=Mac OS X 10.15.4 x86_64) (WARNING: The server did not provide any stacktrace information),Command duration or timeout: 15 milliseconds,Build info: version: &#39;3.4.0&#39;, revision: &#39;unknown&#39;, time: &#39;unknown&#39;,System info: host: &#39;MacBook-Pro-de-Paul.local&#39;, ip: &#39;fe80:0:0:0:1854:68a:9f2c:78b9%en0&#39;, os.name: &#39;Mac OS X&#39;, os.arch: &#39;x86_64&#39;, os.version: &#39;10.15.4&#39;, java.version: &#39;13.0.1&#39;,Driver info: org.openqa.selenium.chrome.ChromeDriver,Capabilities [{applicationCacheEnabled=false, rotatable=false, mobileEmulationEnabled=false, networkConnectionEnabled=false, chrome={chromedriverVersion=2.32.498537 (cb2f855cbc7b82e20387eaf9a43f6b99b6105061), userDataDir=/var/folders/mg/5v6c75rx19s2l9klbl5h3sl80000gn/T/.org.chromium.Chromium.KbGyeV}, takesHeapSnapshot=true, pageLoadStrategy=normal, databaseEnabled=false, handlesAlerts=true, hasTouchScreen=false, version=86.0.4240.183, platform=MAC, browserConnectionEnabled=false, nativeEvents=true, acceptSslCerts=true, locationContextEnabled=true, webStorageEnabled=true, browserName=chrome, takesScreenshot=true, javascriptEnabled=true, cssSelectorsEnabled=true, setWindowRect=true, unexpectedAlertBehaviour=}],Session ID: d688538061b72f1d432fd5ac1c238c0c; unknown error: call function result missing &#39;value&#39;
   {&#34;status&#34;:-1,&#34;state&#34;:&#34;unknown error&#34;,&#34;code&#34;:&#34;&#34;,&#34;value&#34;:{&#34;systemInformation&#34;:&#34;System info: host: &#39;MacBook-Pro-de-Paul.local&#39;, ip: &#39;fe80:0:0:0:1854:68a:9f2c:78b9%en0&#39;, os.name: &#39;Mac OS X&#39;, os.arch: &#39;x86_64&#39;, os.version: &#39;10.15.4&#39;, java.version: &#39;13.0.1&#39;&#34;,&#34;message&#34;:&#34;unknown error: call function result missing &#39;value&#39;&#34;,&#34;error&#34;:[&#34;  (Session info: chrome=86.0.4240.183)&#34;,&#34;  (Driver info: chromedriver=2.32.498537 (cb2f855cbc7b82e20387eaf9a43f6b99b6105061),platform=Mac OS X 10.15.4 x86_64) (WARNING: The server did not provide any stacktrace information)&#34;,&#34;Command duration or timeout: 15 milliseconds&#34;,&#34;Build info: version: &#39;3.4.0&#39;, revision: &#39;unknown&#39;, time: &#39;unknown&#39;&#34;,&#34;System info: host: &#39;MacBook-Pro-de-Paul.local&#39;, ip: &#39;fe80:0:0:0:1854:68a:9f2c:78b9%en0&#39;, os.name: &#39;Mac OS X&#39;, os.arch: &#39;x86_64&#39;, os.version: &#39;10.15.4&#39;, java.version: &#39;13.0.1&#39;&#34;,&#34;Driver info: org.openqa.selenium.chrome.ChromeDriver&#34;,&#34;Capabilities [{applicationCacheEnabled=false, rotatable=false, mobileEmulationEnabled=false, networkConnectionEnabled=false, chrome={chromedriverVersion=2.32.498537 (cb2f855cbc7b82e20387eaf9a43f6b99b6105061), userDataDir=/var/folders/mg/5v6c75rx19s2l9klbl5h3sl80000gn/T/.org.chromium.Chromium.KbGyeV}, takesHeapSnapshot=true, pageLoadStrategy=normal, databaseEnabled=false, handlesAlerts=true, hasTouchScreen=false, version=86.0.4240.183, platform=MAC, browserConnectionEnabled=false, nativeEvents=true, acceptSslCerts=true, locationContextEnabled=true, webStorageEnabled=true, browserName=chrome, takesScreenshot=true, javascriptEnabled=true, cssSelectorsEnabled=true, setWindowRect=true, unexpectedAlertBehaviour=}]&#34;,&#34;Session ID: d688538061b72f1d432fd5ac1c238c0c&#34;]},&#34;errorStatus&#34;:13,&#34;error&#34;:&#34;An unknown server-side error occurred while processing the command. – unknown error: call function result missing &#39;value...&#34;,&#34;httpStatusCode&#34;:500}
       at processTicksAndRejections (internal/process/task_queues.js:93:5)
  TimeoutError: An error occurred while running .setValue() command on &lt;#add-to-cart-form input&gt;:   (Session info: chrome=86.0.4240.183),  (Driver info: chromedriver=2.32.498537 (cb2f855cbc7b82e20387eaf9a43f6b99b6105061),platform=Mac OS X 10.15.4 x86_64) (WARNING: The server did not provide any stacktrace information),Command duration or timeout: 19 milliseconds,Build info: version: &#39;3.4.0&#39;, revision: &#39;unknown&#39;, time: &#39;unknown&#39;,System info: host: &#39;MacBook-Pro-de-Paul.local&#39;, ip: &#39;fe80:0:0:0:1854:68a:9f2c:78b9%en0&#39;, os.name: &#39;Mac OS X&#39;, os.arch: &#39;x86_64&#39;, os.version: &#39;10.15.4&#39;, java.version: &#39;13.0.1&#39;,Driver info: org.openqa.selenium.chrome.ChromeDriver,Capabilities [{applicationCacheEnabled=false, rotatable=false, mobileEmulationEnabled=false, networkConnectionEnabled=false, chrome={chromedriverVersion=2.32.498537 (cb2f855cbc7b82e20387eaf9a43f6b99b6105061), userDataDir=/var/folders/mg/5v6c75rx19s2l9klbl5h3sl80000gn/T/.org.chromium.Chromium.KbGyeV}, takesHeapSnapshot=true, pageLoadStrategy=normal, databaseEnabled=false, handlesAlerts=true, hasTouchScreen=false, version=86.0.4240.183, platform=MAC, browserConnectionEnabled=false, nativeEvents=true, acceptSslCerts=true, locationContextEnabled=true, webStorageEnabled=true, browserName=chrome, takesScreenshot=true, javascriptEnabled=true, cssSelectorsEnabled=true, setWindowRect=true, unexpectedAlertBehaviour=}],Session ID: d688538061b72f1d432fd5ac1c238c0c; unknown error: call function result missing &#39;value&#39;
   {&#34;status&#34;:-1,&#34;state&#34;:&#34;unknown error&#34;,&#34;code&#34;:&#34;&#34;,&#34;value&#34;:{&#34;systemInformation&#34;:&#34;System info: host: &#39;MacBook-Pro-de-Paul.local&#39;, ip: &#39;fe80:0:0:0:1854:68a:9f2c:78b9%en0&#39;, os.name: &#39;Mac OS X&#39;, os.arch: &#39;x86_64&#39;, os.version: &#39;10.15.4&#39;, java.version: &#39;13.0.1&#39;&#34;,&#34;message&#34;:&#34;unknown error: call function result missing &#39;value&#39;&#34;,&#34;error&#34;:[&#34;  (Session info: chrome=86.0.4240.183)&#34;,&#34;  (Driver info: chromedriver=2.32.498537 (cb2f855cbc7b82e20387eaf9a43f6b99b6105061),platform=Mac OS X 10.15.4 x86_64) (WARNING: The server did not provide any stacktrace information)&#34;,&#34;Command duration or timeout: 19 milliseconds&#34;,&#34;Build info: version: &#39;3.4.0&#39;, revision: &#39;unknown&#39;, time: &#39;unknown&#39;&#34;,&#34;System info: host: &#39;MacBook-Pro-de-Paul.local&#39;, ip: &#39;fe80:0:0:0:1854:68a:9f2c:78b9%en0&#39;, os.name: &#39;Mac OS X&#39;, os.arch: &#39;x86_64&#39;, os.version: &#39;10.15.4&#39;, java.version: &#39;13.0.1&#39;&#34;,&#34;Driver info: org.openqa.selenium.chrome.ChromeDriver&#34;,&#34;Capabilities [{applicationCacheEnabled=false, rotatable=false, mobileEmulationEnabled=false, networkConnectionEnabled=false, chrome={chromedriverVersion=2.32.498537 (cb2f855cbc7b82e20387eaf9a43f6b99b6105061), userDataDir=/var/folders/mg/5v6c75rx19s2l9klbl5h3sl80000gn/T/.org.chromium.Chromium.KbGyeV}, takesHeapSnapshot=true, pageLoadStrategy=normal, databaseEnabled=false, handlesAlerts=true, hasTouchScreen=false, version=86.0.4240.183, platform=MAC, browserConnectionEnabled=false, nativeEvents=true, acceptSslCerts=true, locationContextEnabled=true, webStorageEnabled=true, browserName=chrome, takesScreenshot=true, javascriptEnabled=true, cssSelectorsEnabled=true, setWindowRect=true, unexpectedAlertBehaviour=}]&#34;,&#34;Session ID: d688538061b72f1d432fd5ac1c238c0c&#34;]},&#34;errorStatus&#34;:13,&#34;error&#34;:&#34;An unknown server-side error occurred while processing the command. – unknown error: call function result missing &#39;value...&#34;,&#34;httpStatusCode&#34;:500}
       at processTicksAndRejections (internal/process/task_queues.js:93:5)
  TimeoutError: An error occurred while running .submitForm() command on &lt;#add-to-cart-form&gt;:   (Session info: chrome=86.0.4240.183),  (Driver info: chromedriver=2.32.498537 (cb2f855cbc7b82e20387eaf9a43f6b99b6105061),platform=Mac OS X 10.15.4 x86_64) (WARNING: The server did not provide any stacktrace information),Command duration or timeout: 12 milliseconds,Build info: version: &#39;3.4.0&#39;, revision: &#39;unknown&#39;, time: &#39;unknown&#39;,System info: host: &#39;MacBook-Pro-de-Paul.local&#39;, ip: &#39;fe80:0:0:0:1854:68a:9f2c:78b9%en0&#39;, os.name: &#39;Mac OS X&#39;, os.arch: &#39;x86_64&#39;, os.version: &#39;10.15.4&#39;, java.version: &#39;13.0.1&#39;,Driver info: org.openqa.selenium.chrome.ChromeDriver,Capabilities [{applicationCacheEnabled=false, rotatable=false, mobileEmulationEnabled=false, networkConnectionEnabled=false, chrome={chromedriverVersion=2.32.498537 (cb2f855cbc7b82e20387eaf9a43f6b99b6105061), userDataDir=/var/folders/mg/5v6c75rx19s2l9klbl5h3sl80000gn/T/.org.chromium.Chromium.KbGyeV}, takesHeapSnapshot=true, pageLoadStrategy=normal, databaseEnabled=false, handlesAlerts=true, hasTouchScreen=false, version=86.0.4240.183, platform=MAC, browserConnectionEnabled=false, nativeEvents=true, acceptSslCerts=true, locationContextEnabled=true, webStorageEnabled=true, browserName=chrome, takesScreenshot=true, javascriptEnabled=true, cssSelectorsEnabled=true, setWindowRect=true, unexpectedAlertBehaviour=}],Session ID: d688538061b72f1d432fd5ac1c238c0c; unknown error: call function result missing &#39;value&#39;
   {&#34;status&#34;:-1,&#34;state&#34;:&#34;unknown error&#34;,&#34;code&#34;:&#34;&#34;,&#34;value&#34;:{&#34;systemInformation&#34;:&#34;System info: host: &#39;MacBook-Pro-de-Paul.local&#39;, ip: &#39;fe80:0:0:0:1854:68a:9f2c:78b9%en0&#39;, os.name: &#39;Mac OS X&#39;, os.arch: &#39;x86_64&#39;, os.version: &#39;10.15.4&#39;, java.version: &#39;13.0.1&#39;&#34;,&#34;message&#34;:&#34;unknown error: call function result missing &#39;value&#39;&#34;,&#34;error&#34;:[&#34;  (Session info: chrome=86.0.4240.183)&#34;,&#34;  (Driver info: chromedriver=2.32.498537 (cb2f855cbc7b82e20387eaf9a43f6b99b6105061),platform=Mac OS X 10.15.4 x86_64) (WARNING: The server did not provide any stacktrace information)&#34;,&#34;Command duration or timeout: 12 milliseconds&#34;,&#34;Build info: version: &#39;3.4.0&#39;, revision: &#39;unknown&#39;, time: &#39;unknown&#39;&#34;,&#34;System info: host: &#39;MacBook-Pro-de-Paul.local&#39;, ip: &#39;fe80:0:0:0:1854:68a:9f2c:78b9%en0&#39;, os.name: &#39;Mac OS X&#39;, os.arch: &#39;x86_64&#39;, os.version: &#39;10.15.4&#39;, java.version: &#39;13.0.1&#39;&#34;,&#34;Driver info: org.openqa.selenium.chrome.ChromeDriver&#34;,&#34;Capabilities [{applicationCacheEnabled=false, rotatable=false, mobileEmulationEnabled=false, networkConnectionEnabled=false, chrome={chromedriverVersion=2.32.498537 (cb2f855cbc7b82e20387eaf9a43f6b99b6105061), userDataDir=/var/folders/mg/5v6c75rx19s2l9klbl5h3sl80000gn/T/.org.chromium.Chromium.KbGyeV}, takesHeapSnapshot=true, pageLoadStrategy=normal, databaseEnabled=false, handlesAlerts=true, hasTouchScreen=false, version=86.0.4240.183, platform=MAC, browserConnectionEnabled=false, nativeEvents=true, acceptSslCerts=true, locationContextEnabled=true, webStorageEnabled=true, browserName=chrome, takesScreenshot=true, javascriptEnabled=true, cssSelectorsEnabled=true, setWindowRect=true, unexpectedAlertBehaviour=}]&#34;,&#34;Session ID: d688538061b72f1d432fd5ac1c238c0c&#34;]},&#34;errorStatus&#34;:13,&#34;error&#34;:&#34;An unknown server-side error occurred while processing the command. – unknown error: call function result missing &#39;value...&#34;,&#34;httpStatusCode&#34;:500}
       at processTicksAndRejections (internal/process/task_queues.js:93:5)
  TimeoutError: An error occurred while running .clearValue() command on &lt;#add-to-cart-form input&gt;:   (Session info: chrome=86.0.4240.183),  (Driver info: chromedriver=2.32.498537 (cb2f855cbc7b82e20387eaf9a43f6b99b6105061),platform=Mac OS X 10.15.4 x86_64) (WARNING: The server did not provide any stacktrace information),Command duration or timeout: 16 milliseconds,Build info: version: &#39;3.4.0&#39;, revision: &#39;unknown&#39;, time: &#39;unknown&#39;,System info: host: &#39;MacBook-Pro-de-Paul.local&#39;, ip: &#39;fe80:0:0:0:1854:68a:9f2c:78b9%en0&#39;, os.name: &#39;Mac OS X&#39;, os.arch: &#39;x86_64&#39;, os.version: &#39;10.15.4&#39;, java.version: &#39;13.0.1&#39;,Driver info: org.openqa.selenium.chrome.ChromeDriver,Capabilities [{applicationCacheEnabled=false, rotatable=false, mobileEmulationEnabled=false, networkConnectionEnabled=false, chrome={chromedriverVersion=2.32.498537 (cb2f855cbc7b82e20387eaf9a43f6b99b6105061), userDataDir=/var/folders/mg/5v6c75rx19s2l9klbl5h3sl80000gn/T/.org.chromium.Chromium.KbGyeV}, takesHeapSnapshot=true, pageLoadStrategy=normal, databaseEnabled=false, handlesAlerts=true, hasTouchScreen=false, version=86.0.4240.183, platform=MAC, browserConnectionEnabled=false, nativeEvents=true, acceptSslCerts=true, locationContextEnabled=true, webStorageEnabled=true, browserName=chrome, takesScreenshot=true, javascriptEnabled=true, cssSelectorsEnabled=true, setWindowRect=true, unexpectedAlertBehaviour=}],Session ID: d688538061b72f1d432fd5ac1c238c0c; unknown error: call function result missing &#39;value&#39;
   {&#34;status&#34;:-1,&#34;state&#34;:&#34;unknown error&#34;,&#34;code&#34;:&#34;&#34;,&#34;value&#34;:{&#34;systemInformation&#34;:&#34;System info: host: &#39;MacBook-Pro-de-Paul.local&#39;, ip: &#39;fe80:0:0:0:1854:68a:9f2c:78b9%en0&#39;, os.name: &#39;Mac OS X&#39;, os.arch: &#39;x86_64&#39;, os.version: &#39;10.15.4&#39;, java.version: &#39;13.0.1&#39;&#34;,&#34;message&#34;:&#34;unknown error: call function result missing &#39;value&#39;&#34;,&#34;error&#34;:[&#34;  (Session info: chrome=86.0.4240.183)&#34;,&#34;  (Driver info: chromedriver=2.32.498537 (cb2f855cbc7b82e20387eaf9a43f6b99b6105061),platform=Mac OS X 10.15.4 x86_64) (WARNING: The server did not provide any stacktrace information)&#34;,&#34;Command duration or timeout: 16 milliseconds&#34;,&#34;Build info: version: &#39;3.4.0&#39;, revision: &#39;unknown&#39;, time: &#39;unknown&#39;&#34;,&#34;System info: host: &#39;MacBook-Pro-de-Paul.local&#39;, ip: &#39;fe80:0:0:0:1854:68a:9f2c:78b9%en0&#39;, os.name: &#39;Mac OS X&#39;, os.arch: &#39;x86_64&#39;, os.version: &#39;10.15.4&#39;, java.version: &#39;13.0.1&#39;&#34;,&#34;Driver info: org.openqa.selenium.chrome.ChromeDriver&#34;,&#34;Capabilities [{applicationCacheEnabled=false, rotatable=false, mobileEmulationEnabled=false, networkConnectionEnabled=false, chrome={chromedriverVersion=2.32.498537 (cb2f855cbc7b82e20387eaf9a43f6b99b6105061), userDataDir=/var/folders/mg/5v6c75rx19s2l9klbl5h3sl80000gn/T/.org.chromium.Chromium.KbGyeV}, takesHeapSnapshot=true, pageLoadStrategy=normal, databaseEnabled=false, handlesAlerts=true, hasTouchScreen=false, version=86.0.4240.183, platform=MAC, browserConnectionEnabled=false, nativeEvents=true, acceptSslCerts=true, locationContextEnabled=true, webStorageEnabled=true, browserName=chrome, takesScreenshot=true, javascriptEnabled=true, cssSelectorsEnabled=true, setWindowRect=true, unexpectedAlertBehaviour=}]&#34;,&#34;Session ID: d688538061b72f1d432fd5ac1c238c0c&#34;]},&#34;errorStatus&#34;:13,&#34;error&#34;:&#34;An unknown server-side error occurred while processing the command. – unknown error: call function result missing &#39;value...&#34;,&#34;httpStatusCode&#34;:500}
       at runMicrotasks (&lt;anonymous&gt;)
       at processTicksAndRejections (internal/process/task_queues.js:93:5)
  TimeoutError: An error occurred while running .setValue() command on &lt;#add-to-cart-form input&gt;:   (Session info: chrome=86.0.4240.183),  (Driver info: chromedriver=2.32.498537 (cb2f855cbc7b82e20387eaf9a43f6b99b6105061),platform=Mac OS X 10.15.4 x86_64) (WARNING: The server did not provide any stacktrace information),Command duration or timeout: 20 milliseconds,Build info: version: &#39;3.4.0&#39;, revision: &#39;unknown&#39;, time: &#39;unknown&#39;,System info: host: &#39;MacBook-Pro-de-Paul.local&#39;, ip: &#39;fe80:0:0:0:1854:68a:9f2c:78b9%en0&#39;, os.name: &#39;Mac OS X&#39;, os.arch: &#39;x86_64&#39;, os.version: &#39;10.15.4&#39;, java.version: &#39;13.0.1&#39;,Driver info: org.openqa.selenium.chrome.ChromeDriver,Capabilities [{applicationCacheEnabled=false, rotatable=false, mobileEmulationEnabled=false, networkConnectionEnabled=false, chrome={chromedriverVersion=2.32.498537 (cb2f855cbc7b82e20387eaf9a43f6b99b6105061), userDataDir=/var/folders/mg/5v6c75rx19s2l9klbl5h3sl80000gn/T/.org.chromium.Chromium.KbGyeV}, takesHeapSnapshot=true, pageLoadStrategy=normal, databaseEnabled=false, handlesAlerts=true, hasTouchScreen=false, version=86.0.4240.183, platform=MAC, browserConnectionEnabled=false, nativeEvents=true, acceptSslCerts=true, locationContextEnabled=true, webStorageEnabled=true, browserName=chrome, takesScreenshot=true, javascriptEnabled=true, cssSelectorsEnabled=true, setWindowRect=true, unexpectedAlertBehaviour=}],Session ID: d688538061b72f1d432fd5ac1c238c0c; unknown error: call function result missing &#39;value&#39;
   {&#34;status&#34;:-1,&#34;state&#34;:&#34;unknown error&#34;,&#34;code&#34;:&#34;&#34;,&#34;value&#34;:{&#34;systemInformation&#34;:&#34;System info: host: &#39;MacBook-Pro-de-Paul.local&#39;, ip: &#39;fe80:0:0:0:1854:68a:9f2c:78b9%en0&#39;, os.name: &#39;Mac OS X&#39;, os.arch: &#39;x86_64&#39;, os.version: &#39;10.15.4&#39;, java.version: &#39;13.0.1&#39;&#34;,&#34;message&#34;:&#34;unknown error: call function result missing &#39;value&#39;&#34;,&#34;error&#34;:[&#34;  (Session info: chrome=86.0.4240.183)&#34;,&#34;  (Driver info: chromedriver=2.32.498537 (cb2f855cbc7b82e20387eaf9a43f6b99b6105061),platform=Mac OS X 10.15.4 x86_64) (WARNING: The server did not provide any stacktrace information)&#34;,&#34;Command duration or timeout: 20 milliseconds&#34;,&#34;Build info: version: &#39;3.4.0&#39;, revision: &#39;unknown&#39;, time: &#39;unknown&#39;&#34;,&#34;System info: host: &#39;MacBook-Pro-de-Paul.local&#39;, ip: &#39;fe80:0:0:0:1854:68a:9f2c:78b9%en0&#39;, os.name: &#39;Mac OS X&#39;, os.arch: &#39;x86_64&#39;, os.version: &#39;10.15.4&#39;, java.version: &#39;13.0.1&#39;&#34;,&#34;Driver info: org.openqa.selenium.chrome.ChromeDriver&#34;,&#34;Capabilities [{applicationCacheEnabled=false, rotatable=false, mobileEmulationEnabled=false, networkConnectionEnabled=false, chrome={chromedriverVersion=2.32.498537 (cb2f855cbc7b82e20387eaf9a43f6b99b6105061), userDataDir=/var/folders/mg/5v6c75rx19s2l9klbl5h3sl80000gn/T/.org.chromium.Chromium.KbGyeV}, takesHeapSnapshot=true, pageLoadStrategy=normal, databaseEnabled=false, handlesAlerts=true, hasTouchScreen=false, version=86.0.4240.183, platform=MAC, browserConnectionEnabled=false, nativeEvents=true, acceptSslCerts=true, locationContextEnabled=true, webStorageEnabled=true, browserName=chrome, takesScreenshot=true, javascriptEnabled=true, cssSelectorsEnabled=true, setWindowRect=true, unexpectedAlertBehaviour=}]&#34;,&#34;Session ID: d688538061b72f1d432fd5ac1c238c0c&#34;]},&#34;errorStatus&#34;:13,&#34;error&#34;:&#34;An unknown server-side error occurred while processing the command. – unknown error: call function result missing &#39;value...&#34;,&#34;httpStatusCode&#34;:500}
       at runMicrotasks (&lt;anonymous&gt;)
       at processTicksAndRejections (internal/process/task_queues.js:93:5)
  TimeoutError: An error occurred while running .submitForm() command on &lt;#add-to-cart-form&gt;:   (Session info: chrome=86.0.4240.183),  (Driver info: chromedriver=2.32.498537 (cb2f855cbc7b82e20387eaf9a43f6b99b6105061),platform=Mac OS X 10.15.4 x86_64) (WARNING: The server did not provide any stacktrace information),Command duration or timeout: 13 milliseconds,Build info: version: &#39;3.4.0&#39;, revision: &#39;unknown&#39;, time: &#39;unknown&#39;,System info: host: &#39;MacBook-Pro-de-Paul.local&#39;, ip: &#39;fe80:0:0:0:1854:68a:9f2c:78b9%en0&#39;, os.name: &#39;Mac OS X&#39;, os.arch: &#39;x86_64&#39;, os.version: &#39;10.15.4&#39;, java.version: &#39;13.0.1&#39;,Driver info: org.openqa.selenium.chrome.ChromeDriver,Capabilities [{applicationCacheEnabled=false, rotatable=false, mobileEmulationEnabled=false, networkConnectionEnabled=false, chrome={chromedriverVersion=2.32.498537 (cb2f855cbc7b82e20387eaf9a43f6b99b6105061), userDataDir=/var/folders/mg/5v6c75rx19s2l9klbl5h3sl80000gn/T/.org.chromium.Chromium.KbGyeV}, takesHeapSnapshot=true, pageLoadStrategy=normal, databaseEnabled=false, handlesAlerts=true, hasTouchScreen=false, version=86.0.4240.183, platform=MAC, browserConnectionEnabled=false, nativeEvents=true, acceptSslCerts=true, locationContextEnabled=true, webStorageEnabled=true, browserName=chrome, takesScreenshot=true, javascriptEnabled=true, cssSelectorsEnabled=true, setWindowRect=true, unexpectedAlertBehaviour=}],Session ID: d688538061b72f1d432fd5ac1c238c0c; unknown error: call function result missing &#39;value&#39;
   {&#34;status&#34;:-1,&#34;state&#34;:&#34;unknown error&#34;,&#34;code&#34;:&#34;&#34;,&#34;value&#34;:{&#34;systemInformation&#34;:&#34;System info: host: &#39;MacBook-Pro-de-Paul.local&#39;, ip: &#39;fe80:0:0:0:1854:68a:9f2c:78b9%en0&#39;, os.name: &#39;Mac OS X&#39;, os.arch: &#39;x86_64&#39;, os.version: &#39;10.15.4&#39;, java.version: &#39;13.0.1&#39;&#34;,&#34;message&#34;:&#34;unknown error: call function result missing &#39;value&#39;&#34;,&#34;error&#34;:[&#34;  (Session info: chrome=86.0.4240.183)&#34;,&#34;  (Driver info: chromedriver=2.32.498537 (cb2f855cbc7b82e20387eaf9a43f6b99b6105061),platform=Mac OS X 10.15.4 x86_64) (WARNING: The server did not provide any stacktrace information)&#34;,&#34;Command duration or timeout: 13 milliseconds&#34;,&#34;Build info: version: &#39;3.4.0&#39;, revision: &#39;unknown&#39;, time: &#39;unknown&#39;&#34;,&#34;System info: host: &#39;MacBook-Pro-de-Paul.local&#39;, ip: &#39;fe80:0:0:0:1854:68a:9f2c:78b9%en0&#39;, os.name: &#39;Mac OS X&#39;, os.arch: &#39;x86_64&#39;, os.version: &#39;10.15.4&#39;, java.version: &#39;13.0.1&#39;&#34;,&#34;Driver info: org.openqa.selenium.chrome.ChromeDriver&#34;,&#34;Capabilities [{applicationCacheEnabled=false, rotatable=false, mobileEmulationEnabled=false, networkConnectionEnabled=false, chrome={chromedriverVersion=2.32.498537 (cb2f855cbc7b82e20387eaf9a43f6b99b6105061), userDataDir=/var/folders/mg/5v6c75rx19s2l9klbl5h3sl80000gn/T/.org.chromium.Chromium.KbGyeV}, takesHeapSnapshot=true, pageLoadStrategy=normal, databaseEnabled=false, handlesAlerts=true, hasTouchScreen=false, version=86.0.4240.183, platform=MAC, browserConnectionEnabled=false, nativeEvents=true, acceptSslCerts=true, locationContextEnabled=true, webStorageEnabled=true, browserName=chrome, takesScreenshot=true, javascriptEnabled=true, cssSelectorsEnabled=true, setWindowRect=true, unexpectedAlertBehaviour=}]&#34;,&#34;Session ID: d688538061b72f1d432fd5ac1c238c0c&#34;]},&#34;errorStatus&#34;:13,&#34;error&#34;:&#34;An unknown server-side error occurred while processing the command. – unknown error: call function result missing &#39;value...&#34;,&#34;httpStatusCode&#34;:500}
       at runMicrotasks (&lt;anonymous&gt;)
       at processTicksAndRejections (internal/process/task_queues.js:93:5)
  TimeoutError: An error occurred while running .submitForm() command on &lt;#order-form&gt;: 
   {&#34;status&#34;:-1,&#34;state&#34;:&#34;unknown error&#34;,&#34;code&#34;:&#34;&#34;,&#34;value&#34;:{&#34;screen&#34;:null},&#34;errorStatus&#34;:13,&#34;error&#34;:&#34;An unknown server-side error occurred while processing the command.&#34;,&#34;httpStatusCode&#34;:500}
       at runMicrotasks (&lt;anonymous&gt;)
       at processTicksAndRejections (internal/process/task_queues.js:93:5)
  TimeoutError: An error occurred while running .clearValue() command on &lt;#add-to-cart-form input&gt;:   (Session info: chrome=86.0.4240.183),  (Driver info: chromedriver=2.32.498537 (cb2f855cbc7b82e20387eaf9a43f6b99b6105061),platform=Mac OS X 10.15.4 x86_64) (WARNING: The server did not provide any stacktrace information),Command duration or timeout: 12 milliseconds,Build info: version: &#39;3.4.0&#39;, revision: &#39;unknown&#39;, time: &#39;unknown&#39;,System info: host: &#39;MacBook-Pro-de-Paul.local&#39;, ip: &#39;fe80:0:0:0:1854:68a:9f2c:78b9%en0&#39;, os.name: &#39;Mac OS X&#39;, os.arch: &#39;x86_64&#39;, os.version: &#39;10.15.4&#39;, java.version: &#39;13.0.1&#39;,Driver info: org.openqa.selenium.chrome.ChromeDriver,Capabilities [{applicationCacheEnabled=false, rotatable=false, mobileEmulationEnabled=false, networkConnectionEnabled=false, chrome={chromedriverVersion=2.32.498537 (cb2f855cbc7b82e20387eaf9a43f6b99b6105061), userDataDir=/var/folders/mg/5v6c75rx19s2l9klbl5h3sl80000gn/T/.org.chromium.Chromium.KbGyeV}, takesHeapSnapshot=true, pageLoadStrategy=normal, databaseEnabled=false, handlesAlerts=true, hasTouchScreen=false, version=86.0.4240.183, platform=MAC, browserConnectionEnabled=false, nativeEvents=true, acceptSslCerts=true, locationContextEnabled=true, webStorageEnabled=true, browserName=chrome, takesScreenshot=true, javascriptEnabled=true, cssSelectorsEnabled=true, setWindowRect=true, unexpectedAlertBehaviour=}],Session ID: d688538061b72f1d432fd5ac1c238c0c; unknown error: call function result missing &#39;value&#39;
   {&#34;status&#34;:-1,&#34;state&#34;:&#34;unknown error&#34;,&#34;code&#34;:&#34;&#34;,&#34;value&#34;:{&#34;systemInformation&#34;:&#34;System info: host: &#39;MacBook-Pro-de-Paul.local&#39;, ip: &#39;fe80:0:0:0:1854:68a:9f2c:78b9%en0&#39;, os.name: &#39;Mac OS X&#39;, os.arch: &#39;x86_64&#39;, os.version: &#39;10.15.4&#39;, java.version: &#39;13.0.1&#39;&#34;,&#34;message&#34;:&#34;unknown error: call function result missing &#39;value&#39;&#34;,&#34;error&#34;:[&#34;  (Session info: chrome=86.0.4240.183)&#34;,&#34;  (Driver info: chromedriver=2.32.498537 (cb2f855cbc7b82e20387eaf9a43f6b99b6105061),platform=Mac OS X 10.15.4 x86_64) (WARNING: The server did not provide any stacktrace information)&#34;,&#34;Command duration or timeout: 12 milliseconds&#34;,&#34;Build info: version: &#39;3.4.0&#39;, revision: &#39;unknown&#39;, time: &#39;unknown&#39;&#34;,&#34;System info: host: &#39;MacBook-Pro-de-Paul.local&#39;, ip: &#39;fe80:0:0:0:1854:68a:9f2c:78b9%en0&#39;, os.name: &#39;Mac OS X&#39;, os.arch: &#39;x86_64&#39;, os.version: &#39;10.15.4&#39;, java.version: &#39;13.0.1&#39;&#34;,&#34;Driver info: org.openqa.selenium.chrome.ChromeDriver&#34;,&#34;Capabilities [{applicationCacheEnabled=false, rotatable=false, mobileEmulationEnabled=false, networkConnectionEnabled=false, chrome={chromedriverVersion=2.32.498537 (cb2f855cbc7b82e20387eaf9a43f6b99b6105061), userDataDir=/var/folders/mg/5v6c75rx19s2l9klbl5h3sl80000gn/T/.org.chromium.Chromium.KbGyeV}, takesHeapSnapshot=true, pageLoadStrategy=normal, databaseEnabled=false, handlesAlerts=true, hasTouchScreen=false, version=86.0.4240.183, platform=MAC, browserConnectionEnabled=false, nativeEvents=true, acceptSslCerts=true, locationContextEnabled=true, webStorageEnabled=true, browserName=chrome, takesScreenshot=true, javascriptEnabled=true, cssSelectorsEnabled=true, setWindowRect=true, unexpectedAlertBehaviour=}]&#34;,&#34;Session ID: d688538061b72f1d432fd5ac1c238c0c&#34;]},&#34;errorStatus&#34;:13,&#34;error&#34;:&#34;An unknown server-side error occurred while processing the command. – unknown error: call function result missing &#39;value...&#34;,&#34;httpStatusCode&#34;:500}
       at runMicrotasks (&lt;anonymous&gt;)
       at processTicksAndRejections (internal/process/task_queues.js:93:5)
  TimeoutError: An error occurred while running .setValue() command on &lt;#add-to-cart-form input&gt;:   (Session info: chrome=86.0.4240.183),  (Driver info: chromedriver=2.32.498537 (cb2f855cbc7b82e20387eaf9a43f6b99b6105061),platform=Mac OS X 10.15.4 x86_64) (WARNING: The server did not provide any stacktrace information),Command duration or timeout: 21 milliseconds,Build info: version: &#39;3.4.0&#39;, revision: &#39;unknown&#39;, time: &#39;unknown&#39;,System info: host: &#39;MacBook-Pro-de-Paul.local&#39;, ip: &#39;fe80:0:0:0:1854:68a:9f2c:78b9%en0&#39;, os.name: &#39;Mac OS X&#39;, os.arch: &#39;x86_64&#39;, os.version: &#39;10.15.4&#39;, java.version: &#39;13.0.1&#39;,Driver info: org.openqa.selenium.chrome.ChromeDriver,Capabilities [{applicationCacheEnabled=false, rotatable=false, mobileEmulationEnabled=false, networkConnectionEnabled=false, chrome={chromedriverVersion=2.32.498537 (cb2f855cbc7b82e20387eaf9a43f6b99b6105061), userDataDir=/var/folders/mg/5v6c75rx19s2l9klbl5h3sl80000gn/T/.org.chromium.Chromium.KbGyeV}, takesHeapSnapshot=true, pageLoadStrategy=normal, databaseEnabled=false, handlesAlerts=true, hasTouchScreen=false, version=86.0.4240.183, platform=MAC, browserConnectionEnabled=false, nativeEvents=true, acceptSslCerts=true, locationContextEnabled=true, webStorageEnabled=true, browserName=chrome, takesScreenshot=true, javascriptEnabled=true, cssSelectorsEnabled=true, setWindowRect=true, unexpectedAlertBehaviour=}],Session ID: d688538061b72f1d432fd5ac1c238c0c; unknown error: call function result missing &#39;value&#39;
   {&#34;status&#34;:-1,&#34;state&#34;:&#34;unknown error&#34;,&#34;code&#34;:&#34;&#34;,&#34;value&#34;:{&#34;systemInformation&#34;:&#34;System info: host: &#39;MacBook-Pro-de-Paul.local&#39;, ip: &#39;fe80:0:0:0:1854:68a:9f2c:78b9%en0&#39;, os.name: &#39;Mac OS X&#39;, os.arch: &#39;x86_64&#39;, os.version: &#39;10.15.4&#39;, java.version: &#39;13.0.1&#39;&#34;,&#34;message&#34;:&#34;unknown error: call function result missing &#39;value&#39;&#34;,&#34;error&#34;:[&#34;  (Session info: chrome=86.0.4240.183)&#34;,&#34;  (Driver info: chromedriver=2.32.498537 (cb2f855cbc7b82e20387eaf9a43f6b99b6105061),platform=Mac OS X 10.15.4 x86_64) (WARNING: The server did not provide any stacktrace information)&#34;,&#34;Command duration or timeout: 21 milliseconds&#34;,&#34;Build info: version: &#39;3.4.0&#39;, revision: &#39;unknown&#39;, time: &#39;unknown&#39;&#34;,&#34;System info: host: &#39;MacBook-Pro-de-Paul.local&#39;, ip: &#39;fe80:0:0:0:1854:68a:9f2c:78b9%en0&#39;, os.name: &#39;Mac OS X&#39;, os.arch: &#39;x86_64&#39;, os.version: &#39;10.15.4&#39;, java.version: &#39;13.0.1&#39;&#34;,&#34;Driver info: org.openqa.selenium.chrome.ChromeDriver&#34;,&#34;Capabilities [{applicationCacheEnabled=false, rotatable=false, mobileEmulationEnabled=false, networkConnectionEnabled=false, chrome={chromedriverVersion=2.32.498537 (cb2f855cbc7b82e20387eaf9a43f6b99b6105061), userDataDir=/var/folders/mg/5v6c75rx19s2l9klbl5h3sl80000gn/T/.org.chromium.Chromium.KbGyeV}, takesHeapSnapshot=true, pageLoadStrategy=normal, databaseEnabled=false, handlesAlerts=true, hasTouchScreen=false, version=86.0.4240.183, platform=MAC, browserConnectionEnabled=false, nativeEvents=true, acceptSslCerts=true, locationContextEnabled=true, webStorageEnabled=true, browserName=chrome, takesScreenshot=true, javascriptEnabled=true, cssSelectorsEnabled=true, setWindowRect=true, unexpectedAlertBehaviour=}]&#34;,&#34;Session ID: d688538061b72f1d432fd5ac1c238c0c&#34;]},&#34;errorStatus&#34;:13,&#34;error&#34;:&#34;An unknown server-side error occurred while processing the command. – unknown error: call function result missing &#39;value...&#34;,&#34;httpStatusCode&#34;:500}
       at runMicrotasks (&lt;anonymous&gt;)
       at processTicksAndRejections (internal/process/task_queues.js:93:5)
  TimeoutError: An error occurred while running .submitForm() command on &lt;#add-to-cart-form&gt;:   (Session info: chrome=86.0.4240.183),  (Driver info: chromedriver=2.32.498537 (cb2f855cbc7b82e20387eaf9a43f6b99b6105061),platform=Mac OS X 10.15.4 x86_64) (WARNING: The server did not provide any stacktrace information),Command duration or timeout: 13 milliseconds,Build info: version: &#39;3.4.0&#39;, revision: &#39;unknown&#39;, time: &#39;unknown&#39;,System info: host: &#39;MacBook-Pro-de-Paul.local&#39;, ip: &#39;fe80:0:0:0:1854:68a:9f2c:78b9%en0&#39;, os.name: &#39;Mac OS X&#39;, os.arch: &#39;x86_64&#39;, os.version: &#39;10.15.4&#39;, java.version: &#39;13.0.1&#39;,Driver info: org.openqa.selenium.chrome.ChromeDriver,Capabilities [{applicationCacheEnabled=false, rotatable=false, mobileEmulationEnabled=false, networkConnectionEnabled=false, chrome={chromedriverVersion=2.32.498537 (cb2f855cbc7b82e20387eaf9a43f6b99b6105061), userDataDir=/var/folders/mg/5v6c75rx19s2l9klbl5h3sl80000gn/T/.org.chromium.Chromium.KbGyeV}, takesHeapSnapshot=true, pageLoadStrategy=normal, databaseEnabled=false, handlesAlerts=true, hasTouchScreen=false, version=86.0.4240.183, platform=MAC, browserConnectionEnabled=false, nativeEvents=true, acceptSslCerts=true, locationContextEnabled=true, webStorageEnabled=true, browserName=chrome, takesScreenshot=true, javascriptEnabled=true, cssSelectorsEnabled=true, setWindowRect=true, unexpectedAlertBehaviour=}],Session ID: d688538061b72f1d432fd5ac1c238c0c; unknown error: call function result missing &#39;value&#39;
   {&#34;status&#34;:-1,&#34;state&#34;:&#34;unknown error&#34;,&#34;code&#34;:&#34;&#34;,&#34;value&#34;:{&#34;systemInformation&#34;:&#34;System info: host: &#39;MacBook-Pro-de-Paul.local&#39;, ip: &#39;fe80:0:0:0:1854:68a:9f2c:78b9%en0&#39;, os.name: &#39;Mac OS X&#39;, os.arch: &#39;x86_64&#39;, os.version: &#39;10.15.4&#39;, java.version: &#39;13.0.1&#39;&#34;,&#34;message&#34;:&#34;unknown error: call function result missing &#39;value&#39;&#34;,&#34;error&#34;:[&#34;  (Session info: chrome=86.0.4240.183)&#34;,&#34;  (Driver info: chromedriver=2.32.498537 (cb2f855cbc7b82e20387eaf9a43f6b99b6105061),platform=Mac OS X 10.15.4 x86_64) (WARNING: The server did not provide any stacktrace information)&#34;,&#34;Command duration or timeout: 13 milliseconds&#34;,&#34;Build info: version: &#39;3.4.0&#39;, revision: &#39;unknown&#39;, time: &#39;unknown&#39;&#34;,&#34;System info: host: &#39;MacBook-Pro-de-Paul.local&#39;, ip: &#39;fe80:0:0:0:1854:68a:9f2c:78b9%en0&#39;, os.name: &#39;Mac OS X&#39;, os.arch: &#39;x86_64&#39;, os.version: &#39;10.15.4&#39;, java.version: &#39;13.0.1&#39;&#34;,&#34;Driver info: org.openqa.selenium.chrome.ChromeDriver&#34;,&#34;Capabilities [{applicationCacheEnabled=false, rotatable=false, mobileEmulationEnabled=false, networkConnectionEnabled=false, chrome={chromedriverVersion=2.32.498537 (cb2f855cbc7b82e20387eaf9a43f6b99b6105061), userDataDir=/var/folders/mg/5v6c75rx19s2l9klbl5h3sl80000gn/T/.org.chromium.Chromium.KbGyeV}, takesHeapSnapshot=true, pageLoadStrategy=normal, databaseEnabled=false, handlesAlerts=true, hasTouchScreen=false, version=86.0.4240.183, platform=MAC, browserConnectionEnabled=false, nativeEvents=true, acceptSslCerts=true, locationContextEnabled=true, webStorageEnabled=true, browserName=chrome, takesScreenshot=true, javascriptEnabled=true, cssSelectorsEnabled=true, setWindowRect=true, unexpectedAlertBehaviour=}]&#34;,&#34;Session ID: d688538061b72f1d432fd5ac1c238c0c&#34;]},&#34;errorStatus&#34;:13,&#34;error&#34;:&#34;An unknown server-side error occurred while processing the command. – unknown error: call function result missing &#39;value...&#34;,&#34;httpStatusCode&#34;:500}
       at runMicrotasks (&lt;anonymous&gt;)
       at processTicksAndRejections (internal/process/task_queues.js:93:5)
  TimeoutError: An error occurred while running .clearValue() command on &lt;#first-name&gt;:   (Session info: chrome=86.0.4240.183),  (Driver info: chromedriver=2.32.498537 (cb2f855cbc7b82e20387eaf9a43f6b99b6105061),platform=Mac OS X 10.15.4 x86_64) (WARNING: The server did not provide any stacktrace information),Command duration or timeout: 12 milliseconds,Build info: version: &#39;3.4.0&#39;, revision: &#39;unknown&#39;, time: &#39;unknown&#39;,System info: host: &#39;MacBook-Pro-de-Paul.local&#39;, ip: &#39;fe80:0:0:0:1854:68a:9f2c:78b9%en0&#39;, os.name: &#39;Mac OS X&#39;, os.arch: &#39;x86_64&#39;, os.version: &#39;10.15.4&#39;, java.version: &#39;13.0.1&#39;,Driver info: org.openqa.selenium.chrome.ChromeDriver,Capabilities [{applicationCacheEnabled=false, rotatable=false, mobileEmulationEnabled=false, networkConnectionEnabled=false, chrome={chromedriverVersion=2.32.498537 (cb2f855cbc7b82e20387eaf9a43f6b99b6105061), userDataDir=/var/folders/mg/5v6c75rx19s2l9klbl5h3sl80000gn/T/.org.chromium.Chromium.KbGyeV}, takesHeapSnapshot=true, pageLoadStrategy=normal, databaseEnabled=false, handlesAlerts=true, hasTouchScreen=false, version=86.0.4240.183, platform=MAC, browserConnectionEnabled=false, nativeEvents=true, acceptSslCerts=true, locationContextEnabled=true, webStorageEnabled=true, browserName=chrome, takesScreenshot=true, javascriptEnabled=true, cssSelectorsEnabled=true, setWindowRect=true, unexpectedAlertBehaviour=}],Session ID: d688538061b72f1d432fd5ac1c238c0c; unknown error: call function result missing &#39;value&#39;
   {&#34;status&#34;:-1,&#34;state&#34;:&#34;unknown error&#34;,&#34;code&#34;:&#34;&#34;,&#34;value&#34;:{&#34;systemInformation&#34;:&#34;System info: host: &#39;MacBook-Pro-de-Paul.local&#39;, ip: &#39;fe80:0:0:0:1854:68a:9f2c:78b9%en0&#39;, os.name: &#39;Mac OS X&#39;, os.arch: &#39;x86_64&#39;, os.version: &#39;10.15.4&#39;, java.version: &#39;13.0.1&#39;&#34;,&#34;message&#34;:&#34;unknown error: call function result missing &#39;value&#39;&#34;,&#34;error&#34;:[&#34;  (Session info: chrome=86.0.4240.183)&#34;,&#34;  (Driver info: chromedriver=2.32.498537 (cb2f855cbc7b82e20387eaf9a43f6b99b6105061),platform=Mac OS X 10.15.4 x86_64) (WARNING: The server did not provide any stacktrace information)&#34;,&#34;Command duration or timeout: 12 milliseconds&#34;,&#34;Build info: version: &#39;3.4.0&#39;, revision: &#39;unknown&#39;, time: &#39;unknown&#39;&#34;,&#34;System info: host: &#39;MacBook-Pro-de-Paul.local&#39;, ip: &#39;fe80:0:0:0:1854:68a:9f2c:78b9%en0&#39;, os.name: &#39;Mac OS X&#39;, os.arch: &#39;x86_64&#39;, os.version: &#39;10.15.4&#39;, java.version: &#39;13.0.1&#39;&#34;,&#34;Driver info: org.openqa.selenium.chrome.ChromeDriver&#34;,&#34;Capabilities [{applicationCacheEnabled=false, rotatable=false, mobileEmulationEnabled=false, networkConnectionEnabled=false, chrome={chromedriverVersion=2.32.498537 (cb2f855cbc7b82e20387eaf9a43f6b99b6105061), userDataDir=/var/folders/mg/5v6c75rx19s2l9klbl5h3sl80000gn/T/.org.chromium.Chromium.KbGyeV}, takesHeapSnapshot=true, pageLoadStrategy=normal, databaseEnabled=false, handlesAlerts=true, hasTouchScreen=false, version=86.0.4240.183, platform=MAC, browserConnectionEnabled=false, nativeEvents=true, acceptSslCerts=true, locationContextEnabled=true, webStorageEnabled=true, browserName=chrome, takesScreenshot=true, javascriptEnabled=true, cssSelectorsEnabled=true, setWindowRect=true, unexpectedAlertBehaviour=}]&#34;,&#34;Session ID: d688538061b72f1d432fd5ac1c238c0c&#34;]},&#34;errorStatus&#34;:13,&#34;error&#34;:&#34;An unknown server-side error occurred while processing the command. – unknown error: call function result missing &#39;value...&#34;,&#34;httpStatusCode&#34;:500}
       at runMicrotasks (&lt;anonymous&gt;)
       at processTicksAndRejections (internal/process/task_queues.js:93:5)
  TimeoutError: An error occurred while running .setValue() command on &lt;#first-name&gt;:   (Session info: chrome=86.0.4240.183),  (Driver info: chromedriver=2.32.498537 (cb2f855cbc7b82e20387eaf9a43f6b99b6105061),platform=Mac OS X 10.15.4 x86_64) (WARNING: The server did not provide any stacktrace information),Command duration or timeout: 19 milliseconds,Build info: version: &#39;3.4.0&#39;, revision: &#39;unknown&#39;, time: &#39;unknown&#39;,System info: host: &#39;MacBook-Pro-de-Paul.local&#39;, ip: &#39;fe80:0:0:0:1854:68a:9f2c:78b9%en0&#39;, os.name: &#39;Mac OS X&#39;, os.arch: &#39;x86_64&#39;, os.version: &#39;10.15.4&#39;, java.version: &#39;13.0.1&#39;,Driver info: org.openqa.selenium.chrome.ChromeDriver,Capabilities [{applicationCacheEnabled=false, rotatable=false, mobileEmulationEnabled=false, networkConnectionEnabled=false, chrome={chromedriverVersion=2.32.498537 (cb2f855cbc7b82e20387eaf9a43f6b99b6105061), userDataDir=/var/folders/mg/5v6c75rx19s2l9klbl5h3sl80000gn/T/.org.chromium.Chromium.KbGyeV}, takesHeapSnapshot=true, pageLoadStrategy=normal, databaseEnabled=false, handlesAlerts=true, hasTouchScreen=false, version=86.0.4240.183, platform=MAC, browserConnectionEnabled=false, nativeEvents=true, acceptSslCerts=true, locationContextEnabled=true, webStorageEnabled=true, browserName=chrome, takesScreenshot=true, javascriptEnabled=true, cssSelectorsEnabled=true, setWindowRect=true, unexpectedAlertBehaviour=}],Session ID: d688538061b72f1d432fd5ac1c238c0c; unknown error: call function result missing &#39;value&#39;
   {&#34;status&#34;:-1,&#34;state&#34;:&#34;unknown error&#34;,&#34;code&#34;:&#34;&#34;,&#34;value&#34;:{&#34;systemInformation&#34;:&#34;System info: host: &#39;MacBook-Pro-de-Paul.local&#39;, ip: &#39;fe80:0:0:0:1854:68a:9f2c:78b9%en0&#39;, os.name: &#39;Mac OS X&#39;, os.arch: &#39;x86_64&#39;, os.version: &#39;10.15.4&#39;, java.version: &#39;13.0.1&#39;&#34;,&#34;message&#34;:&#34;unknown error: call function result missing &#39;value&#39;&#34;,&#34;error&#34;:[&#34;  (Session info: chrome=86.0.4240.183)&#34;,&#34;  (Driver info: chromedriver=2.32.498537 (cb2f855cbc7b82e20387eaf9a43f6b99b6105061),platform=Mac OS X 10.15.4 x86_64) (WARNING: The server did not provide any stacktrace information)&#34;,&#34;Command duration or timeout: 19 milliseconds&#34;,&#34;Build info: version: &#39;3.4.0&#39;, revision: &#39;unknown&#39;, time: &#39;unknown&#39;&#34;,&#34;System info: host: &#39;MacBook-Pro-de-Paul.local&#39;, ip: &#39;fe80:0:0:0:1854:68a:9f2c:78b9%en0&#39;, os.name: &#39;Mac OS X&#39;, os.arch: &#39;x86_64&#39;, os.version: &#39;10.15.4&#39;, java.version: &#39;13.0.1&#39;&#34;,&#34;Driver info: org.openqa.selenium.chrome.ChromeDriver&#34;,&#34;Capabilities [{applicationCacheEnabled=false, rotatable=false, mobileEmulationEnabled=false, networkConnectionEnabled=false, chrome={chromedriverVersion=2.32.498537 (cb2f855cbc7b82e20387eaf9a43f6b99b6105061), userDataDir=/var/folders/mg/5v6c75rx19s2l9klbl5h3sl80000gn/T/.org.chromium.Chromium.KbGyeV}, takesHeapSnapshot=true, pageLoadStrategy=normal, databaseEnabled=false, handlesAlerts=true, hasTouchScreen=false, version=86.0.4240.183, platform=MAC, browserConnectionEnabled=false, nativeEvents=true, acceptSslCerts=true, locationContextEnabled=true, webStorageEnabled=true, browserName=chrome, takesScreenshot=true, javascriptEnabled=true, cssSelectorsEnabled=true, setWindowRect=true, unexpectedAlertBehaviour=}]&#34;,&#34;Session ID: d688538061b72f1d432fd5ac1c238c0c&#34;]},&#34;errorStatus&#34;:13,&#34;error&#34;:&#34;An unknown server-side error occurred while processing the command. – unknown error: call function result missing &#39;value...&#34;,&#34;httpStatusCode&#34;:500}
       at runMicrotasks (&lt;anonymous&gt;)
       at processTicksAndRejections (internal/process/task_queues.js:93:5)
  TimeoutError: An error occurred while running .submitForm() command on &lt;#order-form&gt;: 
   {&#34;status&#34;:-1,&#34;state&#34;:&#34;unknown error&#34;,&#34;code&#34;:&#34;&#34;,&#34;value&#34;:{&#34;screen&#34;:null},&#34;errorStatus&#34;:13,&#34;error&#34;:&#34;An unknown server-side error occurred while processing the command.&#34;,&#34;httpStatusCode&#34;:500}
       at runMicrotasks (&lt;anonymous&gt;)
       at processTicksAndRejections (internal/process/task_queues.js:93:5)
  NoSuchElementError: An error occurred while running .getText() command on &lt;#first-name-error&gt;: 
   {&#34;state&#34;:&#34;success&#34;,&#34;sessionId&#34;:&#34;254d9ef1-6373-4be4-9da8-d9547567cf69&#34;,&#34;value&#34;:[],&#34;status&#34;:0}
       at runMicrotasks (&lt;anonymous&gt;)
       at processTicksAndRejections (internal/process/task_queues.js:93:5)
  TimeoutError: An error occurred while running .clearValue() command on &lt;#add-to-cart-form input&gt;:   (Session info: chrome=86.0.4240.183),  (Driver info: chromedriver=2.32.498537 (cb2f855cbc7b82e20387eaf9a43f6b99b6105061),platform=Mac OS X 10.15.4 x86_64) (WARNING: The server did not provide any stacktrace information),Command duration or timeout: 14 milliseconds,Build info: version: &#39;3.4.0&#39;, revision: &#39;unknown&#39;, time: &#39;unknown&#39;,System info: host: &#39;MacBook-Pro-de-Paul.local&#39;, ip: &#39;fe80:0:0:0:1854:68a:9f2c:78b9%en0&#39;, os.name: &#39;Mac OS X&#39;, os.arch: &#39;x86_64&#39;, os.version: &#39;10.15.4&#39;, java.version: &#39;13.0.1&#39;,Driver info: org.openqa.selenium.chrome.ChromeDriver,Capabilities [{applicationCacheEnabled=false, rotatable=false, mobileEmulationEnabled=false, networkConnectionEnabled=false, chrome={chromedriverVersion=2.32.498537 (cb2f855cbc7b82e20387eaf9a43f6b99b6105061), userDataDir=/var/folders/mg/5v6c75rx19s2l9klbl5h3sl80000gn/T/.org.chromium.Chromium.KbGyeV}, takesHeapSnapshot=true, pageLoadStrategy=normal, databaseEnabled=false, handlesAlerts=true, hasTouchScreen=false, version=86.0.4240.183, platform=MAC, browserConnectionEnabled=false, nativeEvents=true, acceptSslCerts=true, locationContextEnabled=true, webStorageEnabled=true, browserName=chrome, takesScreenshot=true, javascriptEnabled=true, cssSelectorsEnabled=true, setWindowRect=true, unexpectedAlertBehaviour=}],Session ID: d688538061b72f1d432fd5ac1c238c0c; unknown error: call function result missing &#39;value&#39;
   {&#34;status&#34;:-1,&#34;state&#34;:&#34;unknown error&#34;,&#34;code&#34;:&#34;&#34;,&#34;value&#34;:{&#34;systemInformation&#34;:&#34;System info: host: &#39;MacBook-Pro-de-Paul.local&#39;, ip: &#39;fe80:0:0:0:1854:68a:9f2c:78b9%en0&#39;, os.name: &#39;Mac OS X&#39;, os.arch: &#39;x86_64&#39;, os.version: &#39;10.15.4&#39;, java.version: &#39;13.0.1&#39;&#34;,&#34;message&#34;:&#34;unknown error: call function result missing &#39;value&#39;&#34;,&#34;error&#34;:[&#34;  (Session info: chrome=86.0.4240.183)&#34;,&#34;  (Driver info: chromedriver=2.32.498537 (cb2f855cbc7b82e20387eaf9a43f6b99b6105061),platform=Mac OS X 10.15.4 x86_64) (WARNING: The server did not provide any stacktrace information)&#34;,&#34;Command duration or timeout: 14 milliseconds&#34;,&#34;Build info: version: &#39;3.4.0&#39;, revision: &#39;unknown&#39;, time: &#39;unknown&#39;&#34;,&#34;System info: host: &#39;MacBook-Pro-de-Paul.local&#39;, ip: &#39;fe80:0:0:0:1854:68a:9f2c:78b9%en0&#39;, os.name: &#39;Mac OS X&#39;, os.arch: &#39;x86_64&#39;, os.version: &#39;10.15.4&#39;, java.version: &#39;13.0.1&#39;&#34;,&#34;Driver info: org.openqa.selenium.chrome.ChromeDriver&#34;,&#34;Capabilities [{applicationCacheEnabled=false, rotatable=false, mobileEmulationEnabled=false, networkConnectionEnabled=false, chrome={chromedriverVersion=2.32.498537 (cb2f855cbc7b82e20387eaf9a43f6b99b6105061), userDataDir=/var/folders/mg/5v6c75rx19s2l9klbl5h3sl80000gn/T/.org.chromium.Chromium.KbGyeV}, takesHeapSnapshot=true, pageLoadStrategy=normal, databaseEnabled=false, handlesAlerts=true, hasTouchScreen=false, version=86.0.4240.183, platform=MAC, browserConnectionEnabled=false, nativeEvents=true, acceptSslCerts=true, locationContextEnabled=true, webStorageEnabled=true, browserName=chrome, takesScreenshot=true, javascriptEnabled=true, cssSelectorsEnabled=true, setWindowRect=true, unexpectedAlertBehaviour=}]&#34;,&#34;Session ID: d688538061b72f1d432fd5ac1c238c0c&#34;]},&#34;errorStatus&#34;:13,&#34;error&#34;:&#34;An unknown server-side error occurred while processing the command. – unknown error: call function result missing &#39;value...&#34;,&#34;httpStatusCode&#34;:500}
       at runMicrotasks (&lt;anonymous&gt;)
       at processTicksAndRejections (internal/process/task_queues.js:93:5)
  TimeoutError: An error occurred while running .setValue() command on &lt;#add-to-cart-form input&gt;:   (Session info: chrome=86.0.4240.183),  (Driver info: chromedriver=2.32.498537 (cb2f855cbc7b82e20387eaf9a43f6b99b6105061),platform=Mac OS X 10.15.4 x86_64) (WARNING: The server did not provide any stacktrace information),Command duration or timeout: 19 milliseconds,Build info: version: &#39;3.4.0&#39;, revision: &#39;unknown&#39;, time: &#39;unknown&#39;,System info: host: &#39;MacBook-Pro-de-Paul.local&#39;, ip: &#39;fe80:0:0:0:1854:68a:9f2c:78b9%en0&#39;, os.name: &#39;Mac OS X&#39;, os.arch: &#39;x86_64&#39;, os.version: &#39;10.15.4&#39;, java.version: &#39;13.0.1&#39;,Driver info: org.openqa.selenium.chrome.ChromeDriver,Capabilities [{applicationCacheEnabled=false, rotatable=false, mobileEmulationEnabled=false, networkConnectionEnabled=false, chrome={chromedriverVersion=2.32.498537 (cb2f855cbc7b82e20387eaf9a43f6b99b6105061), userDataDir=/var/folders/mg/5v6c75rx19s2l9klbl5h3sl80000gn/T/.org.chromium.Chromium.KbGyeV}, takesHeapSnapshot=true, pageLoadStrategy=normal, databaseEnabled=false, handlesAlerts=true, hasTouchScreen=false, version=86.0.4240.183, platform=MAC, browserConnectionEnabled=false, nativeEvents=true, acceptSslCerts=true, locationContextEnabled=true, webStorageEnabled=true, browserName=chrome, takesScreenshot=true, javascriptEnabled=true, cssSelectorsEnabled=true, setWindowRect=true, unexpectedAlertBehaviour=}],Session ID: d688538061b72f1d432fd5ac1c238c0c; unknown error: call function result missing &#39;value&#39;
   {&#34;status&#34;:-1,&#34;state&#34;:&#34;unknown error&#34;,&#34;code&#34;:&#34;&#34;,&#34;value&#34;:{&#34;systemInformation&#34;:&#34;System info: host: &#39;MacBook-Pro-de-Paul.local&#39;, ip: &#39;fe80:0:0:0:1854:68a:9f2c:78b9%en0&#39;, os.name: &#39;Mac OS X&#39;, os.arch: &#39;x86_64&#39;, os.version: &#39;10.15.4&#39;, java.version: &#39;13.0.1&#39;&#34;,&#34;message&#34;:&#34;unknown error: call function result missing &#39;value&#39;&#34;,&#34;error&#34;:[&#34;  (Session info: chrome=86.0.4240.183)&#34;,&#34;  (Driver info: chromedriver=2.32.498537 (cb2f855cbc7b82e20387eaf9a43f6b99b6105061),platform=Mac OS X 10.15.4 x86_64) (WARNING: The server did not provide any stacktrace information)&#34;,&#34;Command duration or timeout: 19 milliseconds&#34;,&#34;Build info: version: &#39;3.4.0&#39;, revision: &#39;unknown&#39;, time: &#39;unknown&#39;&#34;,&#34;System info: host: &#39;MacBook-Pro-de-Paul.local&#39;, ip: &#39;fe80:0:0:0:1854:68a:9f2c:78b9%en0&#39;, os.name: &#39;Mac OS X&#39;, os.arch: &#39;x86_64&#39;, os.version: &#39;10.15.4&#39;, java.version: &#39;13.0.1&#39;&#34;,&#34;Driver info: org.openqa.selenium.chrome.ChromeDriver&#34;,&#34;Capabilities [{applicationCacheEnabled=false, rotatable=false, mobileEmulationEnabled=false, networkConnectionEnabled=false, chrome={chromedriverVersion=2.32.498537 (cb2f855cbc7b82e20387eaf9a43f6b99b6105061), userDataDir=/var/folders/mg/5v6c75rx19s2l9klbl5h3sl80000gn/T/.org.chromium.Chromium.KbGyeV}, takesHeapSnapshot=true, pageLoadStrategy=normal, databaseEnabled=false, handlesAlerts=true, hasTouchScreen=false, version=86.0.4240.183, platform=MAC, browserConnectionEnabled=false, nativeEvents=true, acceptSslCerts=true, locationContextEnabled=true, webStorageEnabled=true, browserName=chrome, takesScreenshot=true, javascriptEnabled=true, cssSelectorsEnabled=true, setWindowRect=true, unexpectedAlertBehaviour=}]&#34;,&#34;Session ID: d688538061b72f1d432fd5ac1c238c0c&#34;]},&#34;errorStatus&#34;:13,&#34;error&#34;:&#34;An unknown server-side error occurred while processing the command. – unknown error: call function result missing &#39;value...&#34;,&#34;httpStatusCode&#34;:500}
       at runMicrotasks (&lt;anonymous&gt;)
       at processTicksAndRejections (internal/process/task_queues.js:93:5)
  TimeoutError: An error occurred while running .submitForm() command on &lt;#add-to-cart-form&gt;:   (Session info: chrome=86.0.4240.183),  (Driver info: chromedriver=2.32.498537 (cb2f855cbc7b82e20387eaf9a43f6b99b6105061),platform=Mac OS X 10.15.4 x86_64) (WARNING: The server did not provide any stacktrace information),Command duration or timeout: 9 milliseconds,Build info: version: &#39;3.4.0&#39;, revision: &#39;unknown&#39;, time: &#39;unknown&#39;,System info: host: &#39;MacBook-Pro-de-Paul.local&#39;, ip: &#39;fe80:0:0:0:1854:68a:9f2c:78b9%en0&#39;, os.name: &#39;Mac OS X&#39;, os.arch: &#39;x86_64&#39;, os.version: &#39;10.15.4&#39;, java.version: &#39;13.0.1&#39;,Driver info: org.openqa.selenium.chrome.ChromeDriver,Capabilities [{applicationCacheEnabled=false, rotatable=false, mobileEmulationEnabled=false, networkConnectionEnabled=false, chrome={chromedriverVersion=2.32.498537 (cb2f855cbc7b82e20387eaf9a43f6b99b6105061), userDataDir=/var/folders/mg/5v6c75rx19s2l9klbl5h3sl80000gn/T/.org.chromium.Chromium.KbGyeV}, takesHeapSnapshot=true, pageLoadStrategy=normal, databaseEnabled=false, handlesAlerts=true, hasTouchScreen=false, version=86.0.4240.183, platform=MAC, browserConnectionEnabled=false, nativeEvents=true, acceptSslCerts=true, locationContextEnabled=true, webStorageEnabled=true, browserName=chrome, takesScreenshot=true, javascriptEnabled=true, cssSelectorsEnabled=true, setWindowRect=true, unexpectedAlertBehaviour=}],Session ID: d688538061b72f1d432fd5ac1c238c0c; unknown error: call function result missing &#39;value&#39;
   {&#34;status&#34;:-1,&#34;state&#34;:&#34;unknown error&#34;,&#34;code&#34;:&#34;&#34;,&#34;value&#34;:{&#34;systemInformation&#34;:&#34;System info: host: &#39;MacBook-Pro-de-Paul.local&#39;, ip: &#39;fe80:0:0:0:1854:68a:9f2c:78b9%en0&#39;, os.name: &#39;Mac OS X&#39;, os.arch: &#39;x86_64&#39;, os.version: &#39;10.15.4&#39;, java.version: &#39;13.0.1&#39;&#34;,&#34;message&#34;:&#34;unknown error: call function result missing &#39;value&#39;&#34;,&#34;error&#34;:[&#34;  (Session info: chrome=86.0.4240.183)&#34;,&#34;  (Driver info: chromedriver=2.32.498537 (cb2f855cbc7b82e20387eaf9a43f6b99b6105061),platform=Mac OS X 10.15.4 x86_64) (WARNING: The server did not provide any stacktrace information)&#34;,&#34;Command duration or timeout: 9 milliseconds&#34;,&#34;Build info: version: &#39;3.4.0&#39;, revision: &#39;unknown&#39;, time: &#39;unknown&#39;&#34;,&#34;System info: host: &#39;MacBook-Pro-de-Paul.local&#39;, ip: &#39;fe80:0:0:0:1854:68a:9f2c:78b9%en0&#39;, os.name: &#39;Mac OS X&#39;, os.arch: &#39;x86_64&#39;, os.version: &#39;10.15.4&#39;, java.version: &#39;13.0.1&#39;&#34;,&#34;Driver info: org.openqa.selenium.chrome.ChromeDriver&#34;,&#34;Capabilities [{applicationCacheEnabled=false, rotatable=false, mobileEmulationEnabled=false, networkConnectionEnabled=false, chrome={chromedriverVersion=2.32.498537 (cb2f855cbc7b82e20387eaf9a43f6b99b6105061), userDataDir=/var/folders/mg/5v6c75rx19s2l9klbl5h3sl80000gn/T/.org.chromium.Chromium.KbGyeV}, takesHeapSnapshot=true, pageLoadStrategy=normal, databaseEnabled=false, handlesAlerts=true, hasTouchScreen=false, version=86.0.4240.183, platform=MAC, browserConnectionEnabled=false, nativeEvents=true, acceptSslCerts=true, locationContextEnabled=true, webStorageEnabled=true, browserName=chrome, takesScreenshot=true, javascriptEnabled=true, cssSelectorsEnabled=true, setWindowRect=true, unexpectedAlertBehaviour=}]&#34;,&#34;Session ID: d688538061b72f1d432fd5ac1c238c0c&#34;]},&#34;errorStatus&#34;:13,&#34;error&#34;:&#34;An unknown server-side error occurred while processing the command. – unknown error: call function result missing &#39;value...&#34;,&#34;httpStatusCode&#34;:500}
       at runMicrotasks (&lt;anonymous&gt;)
       at processTicksAndRejections (internal/process/task_queues.js:93:5)
  TimeoutError: An error occurred while running .clearValue() command on &lt;#first-name&gt;:   (Session info: chrome=86.0.4240.183),  (Driver info: chromedriver=2.32.498537 (cb2f855cbc7b82e20387eaf9a43f6b99b6105061),platform=Mac OS X 10.15.4 x86_64) (WARNING: The server did not provide any stacktrace information),Command duration or timeout: 11 milliseconds,Build info: version: &#39;3.4.0&#39;, revision: &#39;unknown&#39;, time: &#39;unknown&#39;,System info: host: &#39;MacBook-Pro-de-Paul.local&#39;, ip: &#39;fe80:0:0:0:1854:68a:9f2c:78b9%en0&#39;, os.name: &#39;Mac OS X&#39;, os.arch: &#39;x86_64&#39;, os.version: &#39;10.15.4&#39;, java.version: &#39;13.0.1&#39;,Driver info: org.openqa.selenium.chrome.ChromeDriver,Capabilities [{applicationCacheEnabled=false, rotatable=false, mobileEmulationEnabled=false, networkConnectionEnabled=false, chrome={chromedriverVersion=2.32.498537 (cb2f855cbc7b82e20387eaf9a43f6b99b6105061), userDataDir=/var/folders/mg/5v6c75rx19s2l9klbl5h3sl80000gn/T/.org.chromium.Chromium.KbGyeV}, takesHeapSnapshot=true, pageLoadStrategy=normal, databaseEnabled=false, handlesAlerts=true, hasTouchScreen=false, version=86.0.4240.183, platform=MAC, browserConnectionEnabled=false, nativeEvents=true, acceptSslCerts=true, locationContextEnabled=true, webStorageEnabled=true, browserName=chrome, takesScreenshot=true, javascriptEnabled=true, cssSelectorsEnabled=true, setWindowRect=true, unexpectedAlertBehaviour=}],Session ID: d688538061b72f1d432fd5ac1c238c0c; unknown error: call function result missing &#39;value&#39;
   {&#34;status&#34;:-1,&#34;state&#34;:&#34;unknown error&#34;,&#34;code&#34;:&#34;&#34;,&#34;value&#34;:{&#34;systemInformation&#34;:&#34;System info: host: &#39;MacBook-Pro-de-Paul.local&#39;, ip: &#39;fe80:0:0:0:1854:68a:9f2c:78b9%en0&#39;, os.name: &#39;Mac OS X&#39;, os.arch: &#39;x86_64&#39;, os.version: &#39;10.15.4&#39;, java.version: &#39;13.0.1&#39;&#34;,&#34;message&#34;:&#34;unknown error: call function result missing &#39;value&#39;&#34;,&#34;error&#34;:[&#34;  (Session info: chrome=86.0.4240.183)&#34;,&#34;  (Driver info: chromedriver=2.32.498537 (cb2f855cbc7b82e20387eaf9a43f6b99b6105061),platform=Mac OS X 10.15.4 x86_64) (WARNING: The server did not provide any stacktrace information)&#34;,&#34;Command duration or timeout: 11 milliseconds&#34;,&#34;Build info: version: &#39;3.4.0&#39;, revision: &#39;unknown&#39;, time: &#39;unknown&#39;&#34;,&#34;System info: host: &#39;MacBook-Pro-de-Paul.local&#39;, ip: &#39;fe80:0:0:0:1854:68a:9f2c:78b9%en0&#39;, os.name: &#39;Mac OS X&#39;, os.arch: &#39;x86_64&#39;, os.version: &#39;10.15.4&#39;, java.version: &#39;13.0.1&#39;&#34;,&#34;Driver info: org.openqa.selenium.chrome.ChromeDriver&#34;,&#34;Capabilities [{applicationCacheEnabled=false, rotatable=false, mobileEmulationEnabled=false, networkConnectionEnabled=false, chrome={chromedriverVersion=2.32.498537 (cb2f855cbc7b82e20387eaf9a43f6b99b6105061), userDataDir=/var/folders/mg/5v6c75rx19s2l9klbl5h3sl80000gn/T/.org.chromium.Chromium.KbGyeV}, takesHeapSnapshot=true, pageLoadStrategy=normal, databaseEnabled=false, handlesAlerts=true, hasTouchScreen=false, version=86.0.4240.183, platform=MAC, browserConnectionEnabled=false, nativeEvents=true, acceptSslCerts=true, locationContextEnabled=true, webStorageEnabled=true, browserName=chrome, takesScreenshot=true, javascriptEnabled=true, cssSelectorsEnabled=true, setWindowRect=true, unexpectedAlertBehaviour=}]&#34;,&#34;Session ID: d688538061b72f1d432fd5ac1c238c0c&#34;]},&#34;errorStatus&#34;:13,&#34;error&#34;:&#34;An unknown server-side error occurred while processing the command. – unknown error: call function result missing &#39;value...&#34;,&#34;httpStatusCode&#34;:500}
       at runMicrotasks (&lt;anonymous&gt;)
       at processTicksAndRejections (internal/process/task_queues.js:93:5)
  TimeoutError: An error occurred while running .setValue() command on &lt;#first-name&gt;:   (Session info: chrome=86.0.4240.183),  (Driver info: chromedriver=2.32.498537 (cb2f855cbc7b82e20387eaf9a43f6b99b6105061),platform=Mac OS X 10.15.4 x86_64) (WARNING: The server did not provide any stacktrace information),Command duration or timeout: 20 milliseconds,Build info: version: &#39;3.4.0&#39;, revision: &#39;unknown&#39;, time: &#39;unknown&#39;,System info: host: &#39;MacBook-Pro-de-Paul.local&#39;, ip: &#39;fe80:0:0:0:1854:68a:9f2c:78b9%en0&#39;, os.name: &#39;Mac OS X&#39;, os.arch: &#39;x86_64&#39;, os.version: &#39;10.15.4&#39;, java.version: &#39;13.0.1&#39;,Driver info: org.openqa.selenium.chrome.ChromeDriver,Capabilities [{applicationCacheEnabled=false, rotatable=false, mobileEmulationEnabled=false, networkConnectionEnabled=false, chrome={chromedriverVersion=2.32.498537 (cb2f855cbc7b82e20387eaf9a43f6b99b6105061), userDataDir=/var/folders/mg/5v6c75rx19s2l9klbl5h3sl80000gn/T/.org.chromium.Chromium.KbGyeV}, takesHeapSnapshot=true, pageLoadStrategy=normal, databaseEnabled=false, handlesAlerts=true, hasTouchScreen=false, version=86.0.4240.183, platform=MAC, browserConnectionEnabled=false, nativeEvents=true, acceptSslCerts=true, locationContextEnabled=true, webStorageEnabled=true, browserName=chrome, takesScreenshot=true, javascriptEnabled=true, cssSelectorsEnabled=true, setWindowRect=true, unexpectedAlertBehaviour=}],Session ID: d688538061b72f1d432fd5ac1c238c0c; unknown error: call function result missing &#39;value&#39;
   {&#34;status&#34;:-1,&#34;state&#34;:&#34;unknown error&#34;,&#34;code&#34;:&#34;&#34;,&#34;value&#34;:{&#34;systemInformation&#34;:&#34;System info: host: &#39;MacBook-Pro-de-Paul.local&#39;, ip: &#39;fe80:0:0:0:1854:68a:9f2c:78b9%en0&#39;, os.name: &#39;Mac OS X&#39;, os.arch: &#39;x86_64&#39;, os.version: &#39;10.15.4&#39;, java.version: &#39;13.0.1&#39;&#34;,&#34;message&#34;:&#34;unknown error: call function result missing &#39;value&#39;&#34;,&#34;error&#34;:[&#34;  (Session info: chrome=86.0.4240.183)&#34;,&#34;  (Driver info: chromedriver=2.32.498537 (cb2f855cbc7b82e20387eaf9a43f6b99b6105061),platform=Mac OS X 10.15.4 x86_64) (WARNING: The server did not provide any stacktrace information)&#34;,&#34;Command duration or timeout: 20 milliseconds&#34;,&#34;Build info: version: &#39;3.4.0&#39;, revision: &#39;unknown&#39;, time: &#39;unknown&#39;&#34;,&#34;System info: host: &#39;MacBook-Pro-de-Paul.local&#39;, ip: &#39;fe80:0:0:0:1854:68a:9f2c:78b9%en0&#39;, os.name: &#39;Mac OS X&#39;, os.arch: &#39;x86_64&#39;, os.version: &#39;10.15.4&#39;, java.version: &#39;13.0.1&#39;&#34;,&#34;Driver info: org.openqa.selenium.chrome.ChromeDriver&#34;,&#34;Capabilities [{applicationCacheEnabled=false, rotatable=false, mobileEmulationEnabled=false, networkConnectionEnabled=false, chrome={chromedriverVersion=2.32.498537 (cb2f855cbc7b82e20387eaf9a43f6b99b6105061), userDataDir=/var/folders/mg/5v6c75rx19s2l9klbl5h3sl80000gn/T/.org.chromium.Chromium.KbGyeV}, takesHeapSnapshot=true, pageLoadStrategy=normal, databaseEnabled=false, handlesAlerts=true, hasTouchScreen=false, version=86.0.4240.183, platform=MAC, browserConnectionEnabled=false, nativeEvents=true, acceptSslCerts=true, locationContextEnabled=true, webStorageEnabled=true, browserName=chrome, takesScreenshot=true, javascriptEnabled=true, cssSelectorsEnabled=true, setWindowRect=true, unexpectedAlertBehaviour=}]&#34;,&#34;Session ID: d688538061b72f1d432fd5ac1c238c0c&#34;]},&#34;errorStatus&#34;:13,&#34;error&#34;:&#34;An unknown server-side error occurred while processing the command. – unknown error: call function result missing &#39;value...&#34;,&#34;httpStatusCode&#34;:500}
       at runMicrotasks (&lt;anonymous&gt;)
       at processTicksAndRejections (internal/process/task_queues.js:93:5)
  TimeoutError: An error occurred while running .clearValue() command on &lt;#last-name&gt;:   (Session info: chrome=86.0.4240.183),  (Driver info: chromedriver=2.32.498537 (cb2f855cbc7b82e20387eaf9a43f6b99b6105061),platform=Mac OS X 10.15.4 x86_64) (WARNING: The server did not provide any stacktrace information),Command duration or timeout: 12 milliseconds,Build info: version: &#39;3.4.0&#39;, revision: &#39;unknown&#39;, time: &#39;unknown&#39;,System info: host: &#39;MacBook-Pro-de-Paul.local&#39;, ip: &#39;fe80:0:0:0:1854:68a:9f2c:78b9%en0&#39;, os.name: &#39;Mac OS X&#39;, os.arch: &#39;x86_64&#39;, os.version: &#39;10.15.4&#39;, java.version: &#39;13.0.1&#39;,Driver info: org.openqa.selenium.chrome.ChromeDriver,Capabilities [{applicationCacheEnabled=false, rotatable=false, mobileEmulationEnabled=false, networkConnectionEnabled=false, chrome={chromedriverVersion=2.32.498537 (cb2f855cbc7b82e20387eaf9a43f6b99b6105061), userDataDir=/var/folders/mg/5v6c75rx19s2l9klbl5h3sl80000gn/T/.org.chromium.Chromium.KbGyeV}, takesHeapSnapshot=true, pageLoadStrategy=normal, databaseEnabled=false, handlesAlerts=true, hasTouchScreen=false, version=86.0.4240.183, platform=MAC, browserConnectionEnabled=false, nativeEvents=true, acceptSslCerts=true, locationContextEnabled=true, webStorageEnabled=true, browserName=chrome, takesScreenshot=true, javascriptEnabled=true, cssSelectorsEnabled=true, setWindowRect=true, unexpectedAlertBehaviour=}],Session ID: d688538061b72f1d432fd5ac1c238c0c; unknown error: call function result missing &#39;value&#39;
   {&#34;status&#34;:-1,&#34;state&#34;:&#34;unknown error&#34;,&#34;code&#34;:&#34;&#34;,&#34;value&#34;:{&#34;systemInformation&#34;:&#34;System info: host: &#39;MacBook-Pro-de-Paul.local&#39;, ip: &#39;fe80:0:0:0:1854:68a:9f2c:78b9%en0&#39;, os.name: &#39;Mac OS X&#39;, os.arch: &#39;x86_64&#39;, os.version: &#39;10.15.4&#39;, java.version: &#39;13.0.1&#39;&#34;,&#34;message&#34;:&#34;unknown error: call function result missing &#39;value&#39;&#34;,&#34;error&#34;:[&#34;  (Session info: chrome=86.0.4240.183)&#34;,&#34;  (Driver info: chromedriver=2.32.498537 (cb2f855cbc7b82e20387eaf9a43f6b99b6105061),platform=Mac OS X 10.15.4 x86_64) (WARNING: The server did not provide any stacktrace information)&#34;,&#34;Command duration or timeout: 12 milliseconds&#34;,&#34;Build info: version: &#39;3.4.0&#39;, revision: &#39;unknown&#39;, time: &#39;unknown&#39;&#34;,&#34;System info: host: &#39;MacBook-Pro-de-Paul.local&#39;, ip: &#39;fe80:0:0:0:1854:68a:9f2c:78b9%en0&#39;, os.name: &#39;Mac OS X&#39;, os.arch: &#39;x86_64&#39;, os.version: &#39;10.15.4&#39;, java.version: &#39;13.0.1&#39;&#34;,&#34;Driver info: org.openqa.selenium.chrome.ChromeDriver&#34;,&#34;Capabilities [{applicationCacheEnabled=false, rotatable=false, mobileEmulationEnabled=false, networkConnectionEnabled=false, chrome={chromedriverVersion=2.32.498537 (cb2f855cbc7b82e20387eaf9a43f6b99b6105061), userDataDir=/var/folders/mg/5v6c75rx19s2l9klbl5h3sl80000gn/T/.org.chromium.Chromium.KbGyeV}, takesHeapSnapshot=true, pageLoadStrategy=normal, databaseEnabled=false, handlesAlerts=true, hasTouchScreen=false, version=86.0.4240.183, platform=MAC, browserConnectionEnabled=false, nativeEvents=true, acceptSslCerts=true, locationContextEnabled=true, webStorageEnabled=true, browserName=chrome, takesScreenshot=true, javascriptEnabled=true, cssSelectorsEnabled=true, setWindowRect=true, unexpectedAlertBehaviour=}]&#34;,&#34;Session ID: d688538061b72f1d432fd5ac1c238c0c&#34;]},&#34;errorStatus&#34;:13,&#34;error&#34;:&#34;An unknown server-side error occurred while processing the command. – unknown error: call function result missing &#39;value...&#34;,&#34;httpStatusCode&#34;:500}
       at runMicrotasks (&lt;anonymous&gt;)
       at processTicksAndRejections (internal/process/task_queues.js:93:5)
  TimeoutError: An error occurred while running .setValue() command on &lt;#last-name&gt;:   (Session info: chrome=86.0.4240.183),  (Driver info: chromedriver=2.32.498537 (cb2f855cbc7b82e20387eaf9a43f6b99b6105061),platform=Mac OS X 10.15.4 x86_64) (WARNING: The server did not provide any stacktrace information),Command duration or timeout: 19 milliseconds,Build info: version: &#39;3.4.0&#39;, revision: &#39;unknown&#39;, time: &#39;unknown&#39;,System info: host: &#39;MacBook-Pro-de-Paul.local&#39;, ip: &#39;fe80:0:0:0:1854:68a:9f2c:78b9%en0&#39;, os.name: &#39;Mac OS X&#39;, os.arch: &#39;x86_64&#39;, os.version: &#39;10.15.4&#39;, java.version: &#39;13.0.1&#39;,Driver info: org.openqa.selenium.chrome.ChromeDriver,Capabilities [{applicationCacheEnabled=false, rotatable=false, mobileEmulationEnabled=false, networkConnectionEnabled=false, chrome={chromedriverVersion=2.32.498537 (cb2f855cbc7b82e20387eaf9a43f6b99b6105061), userDataDir=/var/folders/mg/5v6c75rx19s2l9klbl5h3sl80000gn/T/.org.chromium.Chromium.KbGyeV}, takesHeapSnapshot=true, pageLoadStrategy=normal, databaseEnabled=false, handlesAlerts=true, hasTouchScreen=false, version=86.0.4240.183, platform=MAC, browserConnectionEnabled=false, nativeEvents=true, acceptSslCerts=true, locationContextEnabled=true, webStorageEnabled=true, browserName=chrome, takesScreenshot=true, javascriptEnabled=true, cssSelectorsEnabled=true, setWindowRect=true, unexpectedAlertBehaviour=}],Session ID: d688538061b72f1d432fd5ac1c238c0c; unknown error: call function result missing &#39;value&#39;
   {&#34;status&#34;:-1,&#34;state&#34;:&#34;unknown error&#34;,&#34;code&#34;:&#34;&#34;,&#34;value&#34;:{&#34;systemInformation&#34;:&#34;System info: host: &#39;MacBook-Pro-de-Paul.local&#39;, ip: &#39;fe80:0:0:0:1854:68a:9f2c:78b9%en0&#39;, os.name: &#39;Mac OS X&#39;, os.arch: &#39;x86_64&#39;, os.version: &#39;10.15.4&#39;, java.version: &#39;13.0.1&#39;&#34;,&#34;message&#34;:&#34;unknown error: call function result missing &#39;value&#39;&#34;,&#34;error&#34;:[&#34;  (Session info: chrome=86.0.4240.183)&#34;,&#34;  (Driver info: chromedriver=2.32.498537 (cb2f855cbc7b82e20387eaf9a43f6b99b6105061),platform=Mac OS X 10.15.4 x86_64) (WARNING: The server did not provide any stacktrace information)&#34;,&#34;Command duration or timeout: 19 milliseconds&#34;,&#34;Build info: version: &#39;3.4.0&#39;, revision: &#39;unknown&#39;, time: &#39;unknown&#39;&#34;,&#34;System info: host: &#39;MacBook-Pro-de-Paul.local&#39;, ip: &#39;fe80:0:0:0:1854:68a:9f2c:78b9%en0&#39;, os.name: &#39;Mac OS X&#39;, os.arch: &#39;x86_64&#39;, os.version: &#39;10.15.4&#39;, java.version: &#39;13.0.1&#39;&#34;,&#34;Driver info: org.openqa.selenium.chrome.ChromeDriver&#34;,&#34;Capabilities [{applicationCacheEnabled=false, rotatable=false, mobileEmulationEnabled=false, networkConnectionEnabled=false, chrome={chromedriverVersion=2.32.498537 (cb2f855cbc7b82e20387eaf9a43f6b99b6105061), userDataDir=/var/folders/mg/5v6c75rx19s2l9klbl5h3sl80000gn/T/.org.chromium.Chromium.KbGyeV}, takesHeapSnapshot=true, pageLoadStrategy=normal, databaseEnabled=false, handlesAlerts=true, hasTouchScreen=false, version=86.0.4240.183, platform=MAC, browserConnectionEnabled=false, nativeEvents=true, acceptSslCerts=true, locationContextEnabled=true, webStorageEnabled=true, browserName=chrome, takesScreenshot=true, javascriptEnabled=true, cssSelectorsEnabled=true, setWindowRect=true, unexpectedAlertBehaviour=}]&#34;,&#34;Session ID: d688538061b72f1d432fd5ac1c238c0c&#34;]},&#34;errorStatus&#34;:13,&#34;error&#34;:&#34;An unknown server-side error occurred while processing the command. – unknown error: call function result missing &#39;value...&#34;,&#34;httpStatusCode&#34;:500}
       at runMicrotasks (&lt;anonymous&gt;)
       at processTicksAndRejections (internal/process/task_queues.js:93:5)
  TimeoutError: An error occurred while running .clearValue() command on &lt;#email&gt;:   (Session info: chrome=86.0.4240.183),  (Driver info: chromedriver=2.32.498537 (cb2f855cbc7b82e20387eaf9a43f6b99b6105061),platform=Mac OS X 10.15.4 x86_64) (WARNING: The server did not provide any stacktrace information),Command duration or timeout: 12 milliseconds,Build info: version: &#39;3.4.0&#39;, revision: &#39;unknown&#39;, time: &#39;unknown&#39;,System info: host: &#39;MacBook-Pro-de-Paul.local&#39;, ip: &#39;fe80:0:0:0:1854:68a:9f2c:78b9%en0&#39;, os.name: &#39;Mac OS X&#39;, os.arch: &#39;x86_64&#39;, os.version: &#39;10.15.4&#39;, java.version: &#39;13.0.1&#39;,Driver info: org.openqa.selenium.chrome.ChromeDriver,Capabilities [{applicationCacheEnabled=false, rotatable=false, mobileEmulationEnabled=false, networkConnectionEnabled=false, chrome={chromedriverVersion=2.32.498537 (cb2f855cbc7b82e20387eaf9a43f6b99b6105061), userDataDir=/var/folders/mg/5v6c75rx19s2l9klbl5h3sl80000gn/T/.org.chromium.Chromium.KbGyeV}, takesHeapSnapshot=true, pageLoadStrategy=normal, databaseEnabled=false, handlesAlerts=true, hasTouchScreen=false, version=86.0.4240.183, platform=MAC, browserConnectionEnabled=false, nativeEvents=true, acceptSslCerts=true, locationContextEnabled=true, webStorageEnabled=true, browserName=chrome, takesScreenshot=true, javascriptEnabled=true, cssSelectorsEnabled=true, setWindowRect=true, unexpectedAlertBehaviour=}],Session ID: d688538061b72f1d432fd5ac1c238c0c; unknown error: call function result missing &#39;value&#39;
   {&#34;status&#34;:-1,&#34;state&#34;:&#34;unknown error&#34;,&#34;code&#34;:&#34;&#34;,&#34;value&#34;:{&#34;systemInformation&#34;:&#34;System info: host: &#39;MacBook-Pro-de-Paul.local&#39;, ip: &#39;fe80:0:0:0:1854:68a:9f2c:78b9%en0&#39;, os.name: &#39;Mac OS X&#39;, os.arch: &#39;x86_64&#39;, os.version: &#39;10.15.4&#39;, java.version: &#39;13.0.1&#39;&#34;,&#34;message&#34;:&#34;unknown error: call function result missing &#39;value&#39;&#34;,&#34;error&#34;:[&#34;  (Session info: chrome=86.0.4240.183)&#34;,&#34;  (Driver info: chromedriver=2.32.498537 (cb2f855cbc7b82e20387eaf9a43f6b99b6105061),platform=Mac OS X 10.15.4 x86_64) (WARNING: The server did not provide any stacktrace information)&#34;,&#34;Command duration or timeout: 12 milliseconds&#34;,&#34;Build info: version: &#39;3.4.0&#39;, revision: &#39;unknown&#39;, time: &#39;unknown&#39;&#34;,&#34;System info: host: &#39;MacBook-Pro-de-Paul.local&#39;, ip: &#39;fe80:0:0:0:1854:68a:9f2c:78b9%en0&#39;, os.name: &#39;Mac OS X&#39;, os.arch: &#39;x86_64&#39;, os.version: &#39;10.15.4&#39;, java.version: &#39;13.0.1&#39;&#34;,&#34;Driver info: org.openqa.selenium.chrome.ChromeDriver&#34;,&#34;Capabilities [{applicationCacheEnabled=false, rotatable=false, mobileEmulationEnabled=false, networkConnectionEnabled=false, chrome={chromedriverVersion=2.32.498537 (cb2f855cbc7b82e20387eaf9a43f6b99b6105061), userDataDir=/var/folders/mg/5v6c75rx19s2l9klbl5h3sl80000gn/T/.org.chromium.Chromium.KbGyeV}, takesHeapSnapshot=true, pageLoadStrategy=normal, databaseEnabled=false, handlesAlerts=true, hasTouchScreen=false, version=86.0.4240.183, platform=MAC, browserConnectionEnabled=false, nativeEvents=true, acceptSslCerts=true, locationContextEnabled=true, webStorageEnabled=true, browserName=chrome, takesScreenshot=true, javascriptEnabled=true, cssSelectorsEnabled=true, setWindowRect=true, unexpectedAlertBehaviour=}]&#34;,&#34;Session ID: d688538061b72f1d432fd5ac1c238c0c&#34;]},&#34;errorStatus&#34;:13,&#34;error&#34;:&#34;An unknown server-side error occurred while processing the command. – unknown error: call function result missing &#39;value...&#34;,&#34;httpStatusCode&#34;:500}
       at runMicrotasks (&lt;anonymous&gt;)
       at processTicksAndRejections (internal/process/task_queues.js:93:5)
  TimeoutError: An error occurred while running .setValue() command on &lt;#email&gt;:   (Session info: chrome=86.0.4240.183),  (Driver info: chromedriver=2.32.498537 (cb2f855cbc7b82e20387eaf9a43f6b99b6105061),platform=Mac OS X 10.15.4 x86_64) (WARNING: The server did not provide any stacktrace information),Command duration or timeout: 19 milliseconds,Build info: version: &#39;3.4.0&#39;, revision: &#39;unknown&#39;, time: &#39;unknown&#39;,System info: host: &#39;MacBook-Pro-de-Paul.local&#39;, ip: &#39;fe80:0:0:0:1854:68a:9f2c:78b9%en0&#39;, os.name: &#39;Mac OS X&#39;, os.arch: &#39;x86_64&#39;, os.version: &#39;10.15.4&#39;, java.version: &#39;13.0.1&#39;,Driver info: org.openqa.selenium.chrome.ChromeDriver,Capabilities [{applicationCacheEnabled=false, rotatable=false, mobileEmulationEnabled=false, networkConnectionEnabled=false, chrome={chromedriverVersion=2.32.498537 (cb2f855cbc7b82e20387eaf9a43f6b99b6105061), userDataDir=/var/folders/mg/5v6c75rx19s2l9klbl5h3sl80000gn/T/.org.chromium.Chromium.KbGyeV}, takesHeapSnapshot=true, pageLoadStrategy=normal, databaseEnabled=false, handlesAlerts=true, hasTouchScreen=false, version=86.0.4240.183, platform=MAC, browserConnectionEnabled=false, nativeEvents=true, acceptSslCerts=true, locationContextEnabled=true, webStorageEnabled=true, browserName=chrome, takesScreenshot=true, javascriptEnabled=true, cssSelectorsEnabled=true, setWindowRect=true, unexpectedAlertBehaviour=}],Session ID: d688538061b72f1d432fd5ac1c238c0c; unknown error: call function result missing &#39;value&#39;
   {&#34;status&#34;:-1,&#34;state&#34;:&#34;unknown error&#34;,&#34;code&#34;:&#34;&#34;,&#34;value&#34;:{&#34;systemInformation&#34;:&#34;System info: host: &#39;MacBook-Pro-de-Paul.local&#39;, ip: &#39;fe80:0:0:0:1854:68a:9f2c:78b9%en0&#39;, os.name: &#39;Mac OS X&#39;, os.arch: &#39;x86_64&#39;, os.version: &#39;10.15.4&#39;, java.version: &#39;13.0.1&#39;&#34;,&#34;message&#34;:&#34;unknown error: call function result missing &#39;value&#39;&#34;,&#34;error&#34;:[&#34;  (Session info: chrome=86.0.4240.183)&#34;,&#34;  (Driver info: chromedriver=2.32.498537 (cb2f855cbc7b82e20387eaf9a43f6b99b6105061),platform=Mac OS X 10.15.4 x86_64) (WARNING: The server did not provide any stacktrace information)&#34;,&#34;Command duration or timeout: 19 milliseconds&#34;,&#34;Build info: version: &#39;3.4.0&#39;, revision: &#39;unknown&#39;, time: &#39;unknown&#39;&#34;,&#34;System info: host: &#39;MacBook-Pro-de-Paul.local&#39;, ip: &#39;fe80:0:0:0:1854:68a:9f2c:78b9%en0&#39;, os.name: &#39;Mac OS X&#39;, os.arch: &#39;x86_64&#39;, os.version: &#39;10.15.4&#39;, java.version: &#39;13.0.1&#39;&#34;,&#34;Driver info: org.openqa.selenium.chrome.ChromeDriver&#34;,&#34;Capabilities [{applicationCacheEnabled=false, rotatable=false, mobileEmulationEnabled=false, networkConnectionEnabled=false, chrome={chromedriverVersion=2.32.498537 (cb2f855cbc7b82e20387eaf9a43f6b99b6105061), userDataDir=/var/folders/mg/5v6c75rx19s2l9klbl5h3sl80000gn/T/.org.chromium.Chromium.KbGyeV}, takesHeapSnapshot=true, pageLoadStrategy=normal, databaseEnabled=false, handlesAlerts=true, hasTouchScreen=false, version=86.0.4240.183, platform=MAC, browserConnectionEnabled=false, nativeEvents=true, acceptSslCerts=true, locationContextEnabled=true, webStorageEnabled=true, browserName=chrome, takesScreenshot=true, javascriptEnabled=true, cssSelectorsEnabled=true, setWindowRect=true, unexpectedAlertBehaviour=}]&#34;,&#34;Session ID: d688538061b72f1d432fd5ac1c238c0c&#34;]},&#34;errorStatus&#34;:13,&#34;error&#34;:&#34;An unknown server-side error occurred while processing the command. – unknown error: call function result missing &#39;value...&#34;,&#34;httpStatusCode&#34;:500}
       at runMicrotasks (&lt;anonymous&gt;)
       at processTicksAndRejections (internal/process/task_queues.js:93:5)
  TimeoutError: An error occurred while running .clearValue() command on &lt;#phone&gt;:   (Session info: chrome=86.0.4240.183),  (Driver info: chromedriver=2.32.498537 (cb2f855cbc7b82e20387eaf9a43f6b99b6105061),platform=Mac OS X 10.15.4 x86_64) (WARNING: The server did not provide any stacktrace information),Command duration or timeout: 11 milliseconds,Build info: version: &#39;3.4.0&#39;, revision: &#39;unknown&#39;, time: &#39;unknown&#39;,System info: host: &#39;MacBook-Pro-de-Paul.local&#39;, ip: &#39;fe80:0:0:0:1854:68a:9f2c:78b9%en0&#39;, os.name: &#39;Mac OS X&#39;, os.arch: &#39;x86_64&#39;, os.version: &#39;10.15.4&#39;, java.version: &#39;13.0.1&#39;,Driver info: org.openqa.selenium.chrome.ChromeDriver,Capabilities [{applicationCacheEnabled=false, rotatable=false, mobileEmulationEnabled=false, networkConnectionEnabled=false, chrome={chromedriverVersion=2.32.498537 (cb2f855cbc7b82e20387eaf9a43f6b99b6105061), userDataDir=/var/folders/mg/5v6c75rx19s2l9klbl5h3sl80000gn/T/.org.chromium.Chromium.KbGyeV}, takesHeapSnapshot=true, pageLoadStrategy=normal, databaseEnabled=false, handlesAlerts=true, hasTouchScreen=false, version=86.0.4240.183, platform=MAC, browserConnectionEnabled=false, nativeEvents=true, acceptSslCerts=true, locationContextEnabled=true, webStorageEnabled=true, browserName=chrome, takesScreenshot=true, javascriptEnabled=true, cssSelectorsEnabled=true, setWindowRect=true, unexpectedAlertBehaviour=}],Session ID: d688538061b72f1d432fd5ac1c238c0c; unknown error: call function result missing &#39;value&#39;
   {&#34;status&#34;:-1,&#34;state&#34;:&#34;unknown error&#34;,&#34;code&#34;:&#34;&#34;,&#34;value&#34;:{&#34;systemInformation&#34;:&#34;System info: host: &#39;MacBook-Pro-de-Paul.local&#39;, ip: &#39;fe80:0:0:0:1854:68a:9f2c:78b9%en0&#39;, os.name: &#39;Mac OS X&#39;, os.arch: &#39;x86_64&#39;, os.version: &#39;10.15.4&#39;, java.version: &#39;13.0.1&#39;&#34;,&#34;message&#34;:&#34;unknown error: call function result missing &#39;value&#39;&#34;,&#34;error&#34;:[&#34;  (Session info: chrome=86.0.4240.183)&#34;,&#34;  (Driver info: chromedriver=2.32.498537 (cb2f855cbc7b82e20387eaf9a43f6b99b6105061),platform=Mac OS X 10.15.4 x86_64) (WARNING: The server did not provide any stacktrace information)&#34;,&#34;Command duration or timeout: 11 milliseconds&#34;,&#34;Build info: version: &#39;3.4.0&#39;, revision: &#39;unknown&#39;, time: &#39;unknown&#39;&#34;,&#34;System info: host: &#39;MacBook-Pro-de-Paul.local&#39;, ip: &#39;fe80:0:0:0:1854:68a:9f2c:78b9%en0&#39;, os.name: &#39;Mac OS X&#39;, os.arch: &#39;x86_64&#39;, os.version: &#39;10.15.4&#39;, java.version: &#39;13.0.1&#39;&#34;,&#34;Driver info: org.openqa.selenium.chrome.ChromeDriver&#34;,&#34;Capabilities [{applicationCacheEnabled=false, rotatable=false, mobileEmulationEnabled=false, networkConnectionEnabled=false, chrome={chromedriverVersion=2.32.498537 (cb2f855cbc7b82e20387eaf9a43f6b99b6105061), userDataDir=/var/folders/mg/5v6c75rx19s2l9klbl5h3sl80000gn/T/.org.chromium.Chromium.KbGyeV}, takesHeapSnapshot=true, pageLoadStrategy=normal, databaseEnabled=false, handlesAlerts=true, hasTouchScreen=false, version=86.0.4240.183, platform=MAC, browserConnectionEnabled=false, nativeEvents=true, acceptSslCerts=true, locationContextEnabled=true, webStorageEnabled=true, browserName=chrome, takesScreenshot=true, javascriptEnabled=true, cssSelectorsEnabled=true, setWindowRect=true, unexpectedAlertBehaviour=}]&#34;,&#34;Session ID: d688538061b72f1d432fd5ac1c238c0c&#34;]},&#34;errorStatus&#34;:13,&#34;error&#34;:&#34;An unknown server-side error occurred while processing the command. – unknown error: call function result missing &#39;value...&#34;,&#34;httpStatusCode&#34;:500}
       at runMicrotasks (&lt;anonymous&gt;)
       at processTicksAndRejections (internal/process/task_queues.js:93:5)
  TimeoutError: An error occurred while running .setValue() command on &lt;#phone&gt;:   (Session info: chrome=86.0.4240.183),  (Driver info: chromedriver=2.32.498537 (cb2f855cbc7b82e20387eaf9a43f6b99b6105061),platform=Mac OS X 10.15.4 x86_64) (WARNING: The server did not provide any stacktrace information),Command duration or timeout: 20 milliseconds,Build info: version: &#39;3.4.0&#39;, revision: &#39;unknown&#39;, time: &#39;unknown&#39;,System info: host: &#39;MacBook-Pro-de-Paul.local&#39;, ip: &#39;fe80:0:0:0:1854:68a:9f2c:78b9%en0&#39;, os.name: &#39;Mac OS X&#39;, os.arch: &#39;x86_64&#39;, os.version: &#39;10.15.4&#39;, java.version: &#39;13.0.1&#39;,Driver info: org.openqa.selenium.chrome.ChromeDriver,Capabilities [{applicationCacheEnabled=false, rotatable=false, mobileEmulationEnabled=false, networkConnectionEnabled=false, chrome={chromedriverVersion=2.32.498537 (cb2f855cbc7b82e20387eaf9a43f6b99b6105061), userDataDir=/var/folders/mg/5v6c75rx19s2l9klbl5h3sl80000gn/T/.org.chromium.Chromium.KbGyeV}, takesHeapSnapshot=true, pageLoadStrategy=normal, databaseEnabled=false, handlesAlerts=true, hasTouchScreen=false, version=86.0.4240.183, platform=MAC, browserConnectionEnabled=false, nativeEvents=true, acceptSslCerts=true, locationContextEnabled=true, webStorageEnabled=true, browserName=chrome, takesScreenshot=true, javascriptEnabled=true, cssSelectorsEnabled=true, setWindowRect=true, unexpectedAlertBehaviour=}],Session ID: d688538061b72f1d432fd5ac1c238c0c; unknown error: call function result missing &#39;value&#39;
   {&#34;status&#34;:-1,&#34;state&#34;:&#34;unknown error&#34;,&#34;code&#34;:&#34;&#34;,&#34;value&#34;:{&#34;systemInformation&#34;:&#34;System info: host: &#39;MacBook-Pro-de-Paul.local&#39;, ip: &#39;fe80:0:0:0:1854:68a:9f2c:78b9%en0&#39;, os.name: &#39;Mac OS X&#39;, os.arch: &#39;x86_64&#39;, os.version: &#39;10.15.4&#39;, java.version: &#39;13.0.1&#39;&#34;,&#34;message&#34;:&#34;unknown error: call function result missing &#39;value&#39;&#34;,&#34;error&#34;:[&#34;  (Session info: chrome=86.0.4240.183)&#34;,&#34;  (Driver info: chromedriver=2.32.498537 (cb2f855cbc7b82e20387eaf9a43f6b99b6105061),platform=Mac OS X 10.15.4 x86_64) (WARNING: The server did not provide any stacktrace information)&#34;,&#34;Command duration or timeout: 20 milliseconds&#34;,&#34;Build info: version: &#39;3.4.0&#39;, revision: &#39;unknown&#39;, time: &#39;unknown&#39;&#34;,&#34;System info: host: &#39;MacBook-Pro-de-Paul.local&#39;, ip: &#39;fe80:0:0:0:1854:68a:9f2c:78b9%en0&#39;, os.name: &#39;Mac OS X&#39;, os.arch: &#39;x86_64&#39;, os.version: &#39;10.15.4&#39;, java.version: &#39;13.0.1&#39;&#34;,&#34;Driver info: org.openqa.selenium.chrome.ChromeDriver&#34;,&#34;Capabilities [{applicationCacheEnabled=false, rotatable=false, mobileEmulationEnabled=false, networkConnectionEnabled=false, chrome={chromedriverVersion=2.32.498537 (cb2f855cbc7b82e20387eaf9a43f6b99b6105061), userDataDir=/var/folders/mg/5v6c75rx19s2l9klbl5h3sl80000gn/T/.org.chromium.Chromium.KbGyeV}, takesHeapSnapshot=true, pageLoadStrategy=normal, databaseEnabled=false, handlesAlerts=true, hasTouchScreen=false, version=86.0.4240.183, platform=MAC, browserConnectionEnabled=false, nativeEvents=true, acceptSslCerts=true, locationContextEnabled=true, webStorageEnabled=true, browserName=chrome, takesScreenshot=true, javascriptEnabled=true, cssSelectorsEnabled=true, setWindowRect=true, unexpectedAlertBehaviour=}]&#34;,&#34;Session ID: d688538061b72f1d432fd5ac1c238c0c&#34;]},&#34;errorStatus&#34;:13,&#34;error&#34;:&#34;An unknown server-side error occurred while processing the command. – unknown error: call function result missing &#39;value...&#34;,&#34;httpStatusCode&#34;:500}
       at runMicrotasks (&lt;anonymous&gt;)
       at processTicksAndRejections (internal/process/task_queues.js:93:5)
  TimeoutError: An error occurred while running .clearValue() command on &lt;#credit-card&gt;:   (Session info: chrome=86.0.4240.183),  (Driver info: chromedriver=2.32.498537 (cb2f855cbc7b82e20387eaf9a43f6b99b6105061),platform=Mac OS X 10.15.4 x86_64) (WARNING: The server did not provide any stacktrace information),Command duration or timeout: 12 milliseconds,Build info: version: &#39;3.4.0&#39;, revision: &#39;unknown&#39;, time: &#39;unknown&#39;,System info: host: &#39;MacBook-Pro-de-Paul.local&#39;, ip: &#39;fe80:0:0:0:1854:68a:9f2c:78b9%en0&#39;, os.name: &#39;Mac OS X&#39;, os.arch: &#39;x86_64&#39;, os.version: &#39;10.15.4&#39;, java.version: &#39;13.0.1&#39;,Driver info: org.openqa.selenium.chrome.ChromeDriver,Capabilities [{applicationCacheEnabled=false, rotatable=false, mobileEmulationEnabled=false, networkConnectionEnabled=false, chrome={chromedriverVersion=2.32.498537 (cb2f855cbc7b82e20387eaf9a43f6b99b6105061), userDataDir=/var/folders/mg/5v6c75rx19s2l9klbl5h3sl80000gn/T/.org.chromium.Chromium.KbGyeV}, takesHeapSnapshot=true, pageLoadStrategy=normal, databaseEnabled=false, handlesAlerts=true, hasTouchScreen=false, version=86.0.4240.183, platform=MAC, browserConnectionEnabled=false, nativeEvents=true, acceptSslCerts=true, locationContextEnabled=true, webStorageEnabled=true, browserName=chrome, takesScreenshot=true, javascriptEnabled=true, cssSelectorsEnabled=true, setWindowRect=true, unexpectedAlertBehaviour=}],Session ID: d688538061b72f1d432fd5ac1c238c0c; unknown error: call function result missing &#39;value&#39;
   {&#34;status&#34;:-1,&#34;state&#34;:&#34;unknown error&#34;,&#34;code&#34;:&#34;&#34;,&#34;value&#34;:{&#34;systemInformation&#34;:&#34;System info: host: &#39;MacBook-Pro-de-Paul.local&#39;, ip: &#39;fe80:0:0:0:1854:68a:9f2c:78b9%en0&#39;, os.name: &#39;Mac OS X&#39;, os.arch: &#39;x86_64&#39;, os.version: &#39;10.15.4&#39;, java.version: &#39;13.0.1&#39;&#34;,&#34;message&#34;:&#34;unknown error: call function result missing &#39;value&#39;&#34;,&#34;error&#34;:[&#34;  (Session info: chrome=86.0.4240.183)&#34;,&#34;  (Driver info: chromedriver=2.32.498537 (cb2f855cbc7b82e20387eaf9a43f6b99b6105061),platform=Mac OS X 10.15.4 x86_64) (WARNING: The server did not provide any stacktrace information)&#34;,&#34;Command duration or timeout: 12 milliseconds&#34;,&#34;Build info: version: &#39;3.4.0&#39;, revision: &#39;unknown&#39;, time: &#39;unknown&#39;&#34;,&#34;System info: host: &#39;MacBook-Pro-de-Paul.local&#39;, ip: &#39;fe80:0:0:0:1854:68a:9f2c:78b9%en0&#39;, os.name: &#39;Mac OS X&#39;, os.arch: &#39;x86_64&#39;, os.version: &#39;10.15.4&#39;, java.version: &#39;13.0.1&#39;&#34;,&#34;Driver info: org.openqa.selenium.chrome.ChromeDriver&#34;,&#34;Capabilities [{applicationCacheEnabled=false, rotatable=false, mobileEmulationEnabled=false, networkConnectionEnabled=false, chrome={chromedriverVersion=2.32.498537 (cb2f855cbc7b82e20387eaf9a43f6b99b6105061), userDataDir=/var/folders/mg/5v6c75rx19s2l9klbl5h3sl80000gn/T/.org.chromium.Chromium.KbGyeV}, takesHeapSnapshot=true, pageLoadStrategy=normal, databaseEnabled=false, handlesAlerts=true, hasTouchScreen=false, version=86.0.4240.183, platform=MAC, browserConnectionEnabled=false, nativeEvents=true, acceptSslCerts=true, locationContextEnabled=true, webStorageEnabled=true, browserName=chrome, takesScreenshot=true, javascriptEnabled=true, cssSelectorsEnabled=true, setWindowRect=true, unexpectedAlertBehaviour=}]&#34;,&#34;Session ID: d688538061b72f1d432fd5ac1c238c0c&#34;]},&#34;errorStatus&#34;:13,&#34;error&#34;:&#34;An unknown server-side error occurred while processing the command. – unknown error: call function result missing &#39;value...&#34;,&#34;httpStatusCode&#34;:500}
       at runMicrotasks (&lt;anonymous&gt;)
       at processTicksAndRejections (internal/process/task_queues.js:93:5)
  TimeoutError: An error occurred while running .setValue() command on &lt;#credit-card&gt;:   (Session info: chrome=86.0.4240.183),  (Driver info: chromedriver=2.32.498537 (cb2f855cbc7b82e20387eaf9a43f6b99b6105061),platform=Mac OS X 10.15.4 x86_64) (WARNING: The server did not provide any stacktrace information),Command duration or timeout: 18 milliseconds,Build info: version: &#39;3.4.0&#39;, revision: &#39;unknown&#39;, time: &#39;unknown&#39;,System info: host: &#39;MacBook-Pro-de-Paul.local&#39;, ip: &#39;fe80:0:0:0:1854:68a:9f2c:78b9%en0&#39;, os.name: &#39;Mac OS X&#39;, os.arch: &#39;x86_64&#39;, os.version: &#39;10.15.4&#39;, java.version: &#39;13.0.1&#39;,Driver info: org.openqa.selenium.chrome.ChromeDriver,Capabilities [{applicationCacheEnabled=false, rotatable=false, mobileEmulationEnabled=false, networkConnectionEnabled=false, chrome={chromedriverVersion=2.32.498537 (cb2f855cbc7b82e20387eaf9a43f6b99b6105061), userDataDir=/var/folders/mg/5v6c75rx19s2l9klbl5h3sl80000gn/T/.org.chromium.Chromium.KbGyeV}, takesHeapSnapshot=true, pageLoadStrategy=normal, databaseEnabled=false, handlesAlerts=true, hasTouchScreen=false, version=86.0.4240.183, platform=MAC, browserConnectionEnabled=false, nativeEvents=true, acceptSslCerts=true, locationContextEnabled=true, webStorageEnabled=true, browserName=chrome, takesScreenshot=true, javascriptEnabled=true, cssSelectorsEnabled=true, setWindowRect=true, unexpectedAlertBehaviour=}],Session ID: d688538061b72f1d432fd5ac1c238c0c; unknown error: call function result missing &#39;value&#39;
   {&#34;status&#34;:-1,&#34;state&#34;:&#34;unknown error&#34;,&#34;code&#34;:&#34;&#34;,&#34;value&#34;:{&#34;systemInformation&#34;:&#34;System info: host: &#39;MacBook-Pro-de-Paul.local&#39;, ip: &#39;fe80:0:0:0:1854:68a:9f2c:78b9%en0&#39;, os.name: &#39;Mac OS X&#39;, os.arch: &#39;x86_64&#39;, os.version: &#39;10.15.4&#39;, java.version: &#39;13.0.1&#39;&#34;,&#34;message&#34;:&#34;unknown error: call function result missing &#39;value&#39;&#34;,&#34;error&#34;:[&#34;  (Session info: chrome=86.0.4240.183)&#34;,&#34;  (Driver info: chromedriver=2.32.498537 (cb2f855cbc7b82e20387eaf9a43f6b99b6105061),platform=Mac OS X 10.15.4 x86_64) (WARNING: The server did not provide any stacktrace information)&#34;,&#34;Command duration or timeout: 18 milliseconds&#34;,&#34;Build info: version: &#39;3.4.0&#39;, revision: &#39;unknown&#39;, time: &#39;unknown&#39;&#34;,&#34;System info: host: &#39;MacBook-Pro-de-Paul.local&#39;, ip: &#39;fe80:0:0:0:1854:68a:9f2c:78b9%en0&#39;, os.name: &#39;Mac OS X&#39;, os.arch: &#39;x86_64&#39;, os.version: &#39;10.15.4&#39;, java.version: &#39;13.0.1&#39;&#34;,&#34;Driver info: org.openqa.selenium.chrome.ChromeDriver&#34;,&#34;Capabilities [{applicationCacheEnabled=false, rotatable=false, mobileEmulationEnabled=false, networkConnectionEnabled=false, chrome={chromedriverVersion=2.32.498537 (cb2f855cbc7b82e20387eaf9a43f6b99b6105061), userDataDir=/var/folders/mg/5v6c75rx19s2l9klbl5h3sl80000gn/T/.org.chromium.Chromium.KbGyeV}, takesHeapSnapshot=true, pageLoadStrategy=normal, databaseEnabled=false, handlesAlerts=true, hasTouchScreen=false, version=86.0.4240.183, platform=MAC, browserConnectionEnabled=false, nativeEvents=true, acceptSslCerts=true, locationContextEnabled=true, webStorageEnabled=true, browserName=chrome, takesScreenshot=true, javascriptEnabled=true, cssSelectorsEnabled=true, setWindowRect=true, unexpectedAlertBehaviour=}]&#34;,&#34;Session ID: d688538061b72f1d432fd5ac1c238c0c&#34;]},&#34;errorStatus&#34;:13,&#34;error&#34;:&#34;An unknown server-side error occurred while processing the command. – unknown error: call function result missing &#39;value...&#34;,&#34;httpStatusCode&#34;:500}
       at runMicrotasks (&lt;anonymous&gt;)
       at processTicksAndRejections (internal/process/task_queues.js:93:5)
  TimeoutError: An error occurred while running .clearValue() command on &lt;#credit-card-expiry&gt;:   (Session info: chrome=86.0.4240.183),  (Driver info: chromedriver=2.32.498537 (cb2f855cbc7b82e20387eaf9a43f6b99b6105061),platform=Mac OS X 10.15.4 x86_64) (WARNING: The server did not provide any stacktrace information),Command duration or timeout: 11 milliseconds,Build info: version: &#39;3.4.0&#39;, revision: &#39;unknown&#39;, time: &#39;unknown&#39;,System info: host: &#39;MacBook-Pro-de-Paul.local&#39;, ip: &#39;fe80:0:0:0:1854:68a:9f2c:78b9%en0&#39;, os.name: &#39;Mac OS X&#39;, os.arch: &#39;x86_64&#39;, os.version: &#39;10.15.4&#39;, java.version: &#39;13.0.1&#39;,Driver info: org.openqa.selenium.chrome.ChromeDriver,Capabilities [{applicationCacheEnabled=false, rotatable=false, mobileEmulationEnabled=false, networkConnectionEnabled=false, chrome={chromedriverVersion=2.32.498537 (cb2f855cbc7b82e20387eaf9a43f6b99b6105061), userDataDir=/var/folders/mg/5v6c75rx19s2l9klbl5h3sl80000gn/T/.org.chromium.Chromium.KbGyeV}, takesHeapSnapshot=true, pageLoadStrategy=normal, databaseEnabled=false, handlesAlerts=true, hasTouchScreen=false, version=86.0.4240.183, platform=MAC, browserConnectionEnabled=false, nativeEvents=true, acceptSslCerts=true, locationContextEnabled=true, webStorageEnabled=true, browserName=chrome, takesScreenshot=true, javascriptEnabled=true, cssSelectorsEnabled=true, setWindowRect=true, unexpectedAlertBehaviour=}],Session ID: d688538061b72f1d432fd5ac1c238c0c; unknown error: call function result missing &#39;value&#39;
   {&#34;status&#34;:-1,&#34;state&#34;:&#34;unknown error&#34;,&#34;code&#34;:&#34;&#34;,&#34;value&#34;:{&#34;systemInformation&#34;:&#34;System info: host: &#39;MacBook-Pro-de-Paul.local&#39;, ip: &#39;fe80:0:0:0:1854:68a:9f2c:78b9%en0&#39;, os.name: &#39;Mac OS X&#39;, os.arch: &#39;x86_64&#39;, os.version: &#39;10.15.4&#39;, java.version: &#39;13.0.1&#39;&#34;,&#34;message&#34;:&#34;unknown error: call function result missing &#39;value&#39;&#34;,&#34;error&#34;:[&#34;  (Session info: chrome=86.0.4240.183)&#34;,&#34;  (Driver info: chromedriver=2.32.498537 (cb2f855cbc7b82e20387eaf9a43f6b99b6105061),platform=Mac OS X 10.15.4 x86_64) (WARNING: The server did not provide any stacktrace information)&#34;,&#34;Command duration or timeout: 11 milliseconds&#34;,&#34;Build info: version: &#39;3.4.0&#39;, revision: &#39;unknown&#39;, time: &#39;unknown&#39;&#34;,&#34;System info: host: &#39;MacBook-Pro-de-Paul.local&#39;, ip: &#39;fe80:0:0:0:1854:68a:9f2c:78b9%en0&#39;, os.name: &#39;Mac OS X&#39;, os.arch: &#39;x86_64&#39;, os.version: &#39;10.15.4&#39;, java.version: &#39;13.0.1&#39;&#34;,&#34;Driver info: org.openqa.selenium.chrome.ChromeDriver&#34;,&#34;Capabilities [{applicationCacheEnabled=false, rotatable=false, mobileEmulationEnabled=false, networkConnectionEnabled=false, chrome={chromedriverVersion=2.32.498537 (cb2f855cbc7b82e20387eaf9a43f6b99b6105061), userDataDir=/var/folders/mg/5v6c75rx19s2l9klbl5h3sl80000gn/T/.org.chromium.Chromium.KbGyeV}, takesHeapSnapshot=true, pageLoadStrategy=normal, databaseEnabled=false, handlesAlerts=true, hasTouchScreen=false, version=86.0.4240.183, platform=MAC, browserConnectionEnabled=false, nativeEvents=true, acceptSslCerts=true, locationContextEnabled=true, webStorageEnabled=true, browserName=chrome, takesScreenshot=true, javascriptEnabled=true, cssSelectorsEnabled=true, setWindowRect=true, unexpectedAlertBehaviour=}]&#34;,&#34;Session ID: d688538061b72f1d432fd5ac1c238c0c&#34;]},&#34;errorStatus&#34;:13,&#34;error&#34;:&#34;An unknown server-side error occurred while processing the command. – unknown error: call function result missing &#39;value...&#34;,&#34;httpStatusCode&#34;:500}
       at runMicrotasks (&lt;anonymous&gt;)
       at processTicksAndRejections (internal/process/task_queues.js:93:5)
  TimeoutError: An error occurred while running .setValue() command on &lt;#credit-card-expiry&gt;:   (Session info: chrome=86.0.4240.183),  (Driver info: chromedriver=2.32.498537 (cb2f855cbc7b82e20387eaf9a43f6b99b6105061),platform=Mac OS X 10.15.4 x86_64) (WARNING: The server did not provide any stacktrace information),Command duration or timeout: 20 milliseconds,Build info: version: &#39;3.4.0&#39;, revision: &#39;unknown&#39;, time: &#39;unknown&#39;,System info: host: &#39;MacBook-Pro-de-Paul.local&#39;, ip: &#39;fe80:0:0:0:1854:68a:9f2c:78b9%en0&#39;, os.name: &#39;Mac OS X&#39;, os.arch: &#39;x86_64&#39;, os.version: &#39;10.15.4&#39;, java.version: &#39;13.0.1&#39;,Driver info: org.openqa.selenium.chrome.ChromeDriver,Capabilities [{applicationCacheEnabled=false, rotatable=false, mobileEmulationEnabled=false, networkConnectionEnabled=false, chrome={chromedriverVersion=2.32.498537 (cb2f855cbc7b82e20387eaf9a43f6b99b6105061), userDataDir=/var/folders/mg/5v6c75rx19s2l9klbl5h3sl80000gn/T/.org.chromium.Chromium.KbGyeV}, takesHeapSnapshot=true, pageLoadStrategy=normal, databaseEnabled=false, handlesAlerts=true, hasTouchScreen=false, version=86.0.4240.183, platform=MAC, browserConnectionEnabled=false, nativeEvents=true, acceptSslCerts=true, locationContextEnabled=true, webStorageEnabled=true, browserName=chrome, takesScreenshot=true, javascriptEnabled=true, cssSelectorsEnabled=true, setWindowRect=true, unexpectedAlertBehaviour=}],Session ID: d688538061b72f1d432fd5ac1c238c0c; unknown error: call function result missing &#39;value&#39;
   {&#34;status&#34;:-1,&#34;state&#34;:&#34;unknown error&#34;,&#34;code&#34;:&#34;&#34;,&#34;value&#34;:{&#34;systemInformation&#34;:&#34;System info: host: &#39;MacBook-Pro-de-Paul.local&#39;, ip: &#39;fe80:0:0:0:1854:68a:9f2c:78b9%en0&#39;, os.name: &#39;Mac OS X&#39;, os.arch: &#39;x86_64&#39;, os.version: &#39;10.15.4&#39;, java.version: &#39;13.0.1&#39;&#34;,&#34;message&#34;:&#34;unknown error: call function result missing &#39;value&#39;&#34;,&#34;error&#34;:[&#34;  (Session info: chrome=86.0.4240.183)&#34;,&#34;  (Driver info: chromedriver=2.32.498537 (cb2f855cbc7b82e20387eaf9a43f6b99b6105061),platform=Mac OS X 10.15.4 x86_64) (WARNING: The server did not provide any stacktrace information)&#34;,&#34;Command duration or timeout: 20 milliseconds&#34;,&#34;Build info: version: &#39;3.4.0&#39;, revision: &#39;unknown&#39;, time: &#39;unknown&#39;&#34;,&#34;System info: host: &#39;MacBook-Pro-de-Paul.local&#39;, ip: &#39;fe80:0:0:0:1854:68a:9f2c:78b9%en0&#39;, os.name: &#39;Mac OS X&#39;, os.arch: &#39;x86_64&#39;, os.version: &#39;10.15.4&#39;, java.version: &#39;13.0.1&#39;&#34;,&#34;Driver info: org.openqa.selenium.chrome.ChromeDriver&#34;,&#34;Capabilities [{applicationCacheEnabled=false, rotatable=false, mobileEmulationEnabled=false, networkConnectionEnabled=false, chrome={chromedriverVersion=2.32.498537 (cb2f855cbc7b82e20387eaf9a43f6b99b6105061), userDataDir=/var/folders/mg/5v6c75rx19s2l9klbl5h3sl80000gn/T/.org.chromium.Chromium.KbGyeV}, takesHeapSnapshot=true, pageLoadStrategy=normal, databaseEnabled=false, handlesAlerts=true, hasTouchScreen=false, version=86.0.4240.183, platform=MAC, browserConnectionEnabled=false, nativeEvents=true, acceptSslCerts=true, locationContextEnabled=true, webStorageEnabled=true, browserName=chrome, takesScreenshot=true, javascriptEnabled=true, cssSelectorsEnabled=true, setWindowRect=true, unexpectedAlertBehaviour=}]&#34;,&#34;Session ID: d688538061b72f1d432fd5ac1c238c0c&#34;]},&#34;errorStatus&#34;:13,&#34;error&#34;:&#34;An unknown server-side error occurred while processing the command. – unknown error: call function result missing &#39;value...&#34;,&#34;httpStatusCode&#34;:500}
       at runMicrotasks (&lt;anonymous&gt;)
       at processTicksAndRejections (internal/process/task_queues.js:93:5)
  TimeoutError: An error occurred while running .submitForm() command on &lt;#order-form&gt;:   (Session info: chrome=86.0.4240.183),  (Driver info: chromedriver=2.32.498537 (cb2f855cbc7b82e20387eaf9a43f6b99b6105061),platform=Mac OS X 10.15.4 x86_64) (WARNING: The server did not provide any stacktrace information),Command duration or timeout: 25 milliseconds,Build info: version: &#39;3.4.0&#39;, revision: &#39;unknown&#39;, time: &#39;unknown&#39;,System info: host: &#39;MacBook-Pro-de-Paul.local&#39;, ip: &#39;fe80:0:0:0:1854:68a:9f2c:78b9%en0&#39;, os.name: &#39;Mac OS X&#39;, os.arch: &#39;x86_64&#39;, os.version: &#39;10.15.4&#39;, java.version: &#39;13.0.1&#39;,Driver info: org.openqa.selenium.chrome.ChromeDriver,Capabilities [{applicationCacheEnabled=false, rotatable=false, mobileEmulationEnabled=false, networkConnectionEnabled=false, chrome={chromedriverVersion=2.32.498537 (cb2f855cbc7b82e20387eaf9a43f6b99b6105061), userDataDir=/var/folders/mg/5v6c75rx19s2l9klbl5h3sl80000gn/T/.org.chromium.Chromium.KbGyeV}, takesHeapSnapshot=true, pageLoadStrategy=normal, databaseEnabled=false, handlesAlerts=true, hasTouchScreen=false, version=86.0.4240.183, platform=MAC, browserConnectionEnabled=false, nativeEvents=true, acceptSslCerts=true, locationContextEnabled=true, webStorageEnabled=true, browserName=chrome, takesScreenshot=true, javascriptEnabled=true, cssSelectorsEnabled=true, setWindowRect=true, unexpectedAlertBehaviour=}],Session ID: d688538061b72f1d432fd5ac1c238c0c; unknown error: call function result missing &#39;value&#39;
   {&#34;status&#34;:-1,&#34;state&#34;:&#34;unknown error&#34;,&#34;code&#34;:&#34;&#34;,&#34;value&#34;:{&#34;systemInformation&#34;:&#34;System info: host: &#39;MacBook-Pro-de-Paul.local&#39;, ip: &#39;fe80:0:0:0:1854:68a:9f2c:78b9%en0&#39;, os.name: &#39;Mac OS X&#39;, os.arch: &#39;x86_64&#39;, os.version: &#39;10.15.4&#39;, java.version: &#39;13.0.1&#39;&#34;,&#34;message&#34;:&#34;unknown error: call function result missing &#39;value&#39;&#34;,&#34;error&#34;:[&#34;  (Session info: chrome=86.0.4240.183)&#34;,&#34;  (Driver info: chromedriver=2.32.498537 (cb2f855cbc7b82e20387eaf9a43f6b99b6105061),platform=Mac OS X 10.15.4 x86_64) (WARNING: The server did not provide any stacktrace information)&#34;,&#34;Command duration or timeout: 25 milliseconds&#34;,&#34;Build info: version: &#39;3.4.0&#39;, revision: &#39;unknown&#39;, time: &#39;unknown&#39;&#34;,&#34;System info: host: &#39;MacBook-Pro-de-Paul.local&#39;, ip: &#39;fe80:0:0:0:1854:68a:9f2c:78b9%en0&#39;, os.name: &#39;Mac OS X&#39;, os.arch: &#39;x86_64&#39;, os.version: &#39;10.15.4&#39;, java.version: &#39;13.0.1&#39;&#34;,&#34;Driver info: org.openqa.selenium.chrome.ChromeDriver&#34;,&#34;Capabilities [{applicationCacheEnabled=false, rotatable=false, mobileEmulationEnabled=false, networkConnectionEnabled=false, chrome={chromedriverVersion=2.32.498537 (cb2f855cbc7b82e20387eaf9a43f6b99b6105061), userDataDir=/var/folders/mg/5v6c75rx19s2l9klbl5h3sl80000gn/T/.org.chromium.Chromium.KbGyeV}, takesHeapSnapshot=true, pageLoadStrategy=normal, databaseEnabled=false, handlesAlerts=true, hasTouchScreen=false, version=86.0.4240.183, platform=MAC, browserConnectionEnabled=false, nativeEvents=true, acceptSslCerts=true, locationContextEnabled=true, webStorageEnabled=true, browserName=chrome, takesScreenshot=true, javascriptEnabled=true, cssSelectorsEnabled=true, setWindowRect=true, unexpectedAlertBehaviour=}]&#34;,&#34;Session ID: d688538061b72f1d432fd5ac1c238c0c&#34;]},&#34;errorStatus&#34;:13,&#34;error&#34;:&#34;An unknown server-side error occurred while processing the command. – unknown error: call function result missing &#39;value...&#34;,&#34;httpStatusCode&#34;:500}
       at runMicrotasks (&lt;anonymous&gt;)
       at processTicksAndRejections (internal/process/task_queues.js:93:5)
    </system-err>
  

    

  
  </testsuite>
</testsuites>
